# Server version 0.08 running on localhost:8123
# Game ID: 68
# Board class: Saboteur.SaboteurBoard
# Timeout: 20000
# First Move Timeout: 30000
# Date: Sun Mar 22 21:24:00 EDT 2020
# Player 1: Player-0, 'xxxxxxxxx', running on localhost
# Player 2: Player-1, 'RandomPlayer', running on localhost
START Player-0 xxxxxxxxx
START Player-1 RandomPlayer
BoardInit:Tile:13,Tile:6,Tile:9,Bonus,Tile:10,Map,Map,Bonus,Bonus,Tile:0,Tile:5,Tile:14,Tile:9,Map,Malus,Tile:8,Tile:11,Tile:8,Tile:7,Tile:6,Tile:15,Tile:7,Tile:5,Destroy,Tile:6,Tile:4,Tile:8,Destroy,Tile:8,Tile:0,Malus,Tile:9,Tile:9,Tile:2,Tile:5,Tile:6,Tile:0,Tile:7,Tile:0-Destroy,Tile:12,Tile:8,Tile:3,Tile:1,Bonus,Tile:9-Tile:10,Tile:7,Map,Tile:6,Tile:5,Tile:10,Tile:7-Tile:nugget,Tile:hidden2,Tile:hidden1
Drop 2 0 1
Map 12 7 0
Tile:3_flip 4 5 1
Tile:7 6 5 0
Tile:9_flip 5 6 1
Tile:10 6 6 0
Destroy 5 6 1
Map 12 7 0
Tile:9_flip 5 4 1
Tile:6 6 7 0
Drop 1 0 1
Tile:5_flip 7 7 0
Drop 0 0 1
Tile:10 7 6 0
Tile:10 5 3 1
Map 12 7 0
Tile:5 5 2 1
Tile:14_flip 7 5 0
Tile:11 4 4 1
Tile:7 8 5 0
Drop 4 0 1
Tile:6 6 2 0
Tile:15 4 3 1
Tile:7_flip 8 6 0
Tile:7 7 2 1
Tile:0 9 6 0
Tile:6 10 6 1
Tile:8 11 6 0
Tile:13 10 5 1
Tile:8 12 6 0
Map 12 3 1
Destroy 12 6 0
Malus 0 0 1
Destroy 11 6 0
Tile:5_flip 11 5 1
Drop 6 0 0
Drop 6 0 1
Drop 6 0 0
Tile:8 11 4 1
Drop 6 0 0
Tile:9_flip 11 3 1
Drop 5 0 0
Tile:0 5 7 1
Drop 4 0 0
Drop 0 0 1
Drop 3 0 0
Tile:0 12 4 1
Drop 2 0 0
Malus 0 0 1
Drop 1 0 0
Tile:8 7 3 1
Bonus 0 0 0
Drop 0 0 1
GAMEOVER DRAW
# Game ended: Sun Mar 22 21:24:01 EDT 2020
