# Server version 0.08 running on localhost:8123
# Game ID: 65
# Board class: Saboteur.SaboteurBoard
# Timeout: 20000
# First Move Timeout: 30000
# Date: Sun Mar 22 21:16:15 EDT 2020
# Player 1: Player-0, 'xxxxxxxxx', running on localhost
# Player 2: Player-1, 'RandomPlayer', running on localhost
START Player-0 xxxxxxxxx
START Player-1 RandomPlayer
BoardInit:Tile:8,Map,Tile:8,Tile:7,Map,Tile:9,Tile:6,Tile:3,Destroy,Tile:0,Tile:11,Tile:5,Tile:0,Tile:8,Destroy,Tile:9,Tile:10,Tile:5,Destroy,Bonus,Tile:7,Malus,Tile:8,Map,Tile:4,Tile:6,Tile:9,Bonus,Tile:10,Tile:14,Tile:1,Tile:2,Tile:9,Tile:7,Bonus,Tile:6,Tile:0,Tile:13,Tile:10-Map,Tile:5,Bonus,Tile:15,Tile:9,Tile:7,Tile:12-Tile:6,Tile:0,Tile:5,Tile:7,Tile:6,Malus,Tile:8-Tile:hidden2,Tile:hidden1,Tile:nugget
Drop 3 0 1
Tile:6 6 5 0
Tile:9_flip 7 5 1
Map 12 7 0
Tile:8 6 4 1
Tile:5_flip 7 6 0
Map 12 5 1
Tile:7 7 4 0
Tile:12_flip 6 6 1
Tile:6_flip 6 3 0
Tile:7_flip 5 3 1
Tile:0 7 3 0
Tile:6_flip 8 3 1
Tile:8 9 3 0
Tile:8 9 2 1
Tile:7 10 3 0
Destroy 9 3 1
Tile:9 10 4 0
Tile:10 5 2 1
Tile:3 11 4 0
Tile:11 9 1 1
Tile:5_flip 11 5 0
Destroy 6 5 1
Tile:8 10 5 0
Tile:8 9 0 1
Map 12 7 0
Tile:4_flip 5 6 1
Tile:9 10 6 0
Tile:7_flip 8 4 1
Tile:0 11 6 0
Tile:5_flip 9 4 1
Tile:5_flip 12 6 0
Tile:9_flip 10 7 1
Tile:6_flip 9 5 0
Destroy 9 0 1
Tile:14 9 6 0
Tile:10 5 1 1
Tile:2_flip 10 2 0
Tile:1 8 2 1
Tile:7 11 2 0
Drop 4 0 1
Tile:6 10 8 0
Map 12 5 1
Tile:13 11 8 0
Tile:0 4 5 1
Drop 3 0 0
Tile:0 9 8 1
Drop 2 0 0
Tile:9_flip 9 0 1
Drop 1 0 0
Tile:10 11 9 1
Malus 0 0 0
Drop 0 0 1
GAMEOVER DRAW
# Game ended: Sun Mar 22 21:16:15 EDT 2020
