# Server version 0.08 running on localhost:8123
# Game ID: 105
# Board class: Saboteur.SaboteurBoard
# Timeout: 20000
# First Move Timeout: 30000
# Date: Mon Mar 23 16:56:14 EDT 2020
# Player 1: Player-0, 'xxxxxxxxx', running on localhost
# Player 2: Player-1, 'RandomPlayer', running on localhost
START Player-0 xxxxxxxxx
START Player-1 RandomPlayer
BoardInit:Tile:9,Tile:7,Tile:8,Malus,Tile:8,Tile:5,Bonus,Malus,Tile:7,Tile:8,Destroy,Tile:0,Tile:7,Tile:6,Bonus,Map,Tile:9,Tile:1,Tile:6,Bonus,Tile:7,Tile:10,Tile:8,Map,Tile:11,Tile:10,Tile:7,Bonus,Destroy,Tile:9,Tile:6,Map,Tile:0,Tile:2,Tile:4,Tile:0,Tile:14,Destroy,Tile:8-Tile:15,Tile:6,Tile:5,Tile:6,Tile:5,Tile:3,Tile:13-Tile:10,Tile:12,Tile:0,Tile:5,Map,Tile:9,Tile:9-Tile:hidden1,Tile:nugget,Tile:hidden2
Tile:5 4 5 1
Map 12 3 0
Tile:13 4 6 1
Tile:12 6 5 0
Drop 1 0 1
Tile:10 5 4 0
Tile:9_flip 5 3 1
Tile:5_flip 5 6 0
Tile:3_flip 3 6 1
Tile:9 5 2 0
Tile:6 4 7 1
Tile:0 6 2 0
Tile:8 7 2 1
Tile:9_flip 8 2 0
Tile:7_flip 8 3 1
Tile:7 9 3 0
Destroy 7 2 1
Map 12 3 0
Drop 1 0 1
Tile:5_flip 9 4 0
Tile:7 3 5 1
Tile:0 8 4 0
Tile:7 5 7 1
Tile:8 7 4 0
Tile:8 8 1 1
Map 12 3 0
Tile:11_flip 5 8 1
Tile:6 9 1 0
Tile:6_flip 8 0 1
Tile:1 10 1 0
Destroy 5 3 1
Tile:9_flip 11 1 0
Tile:9_flip 11 0 1
Map 12 3 0
Tile:6_flip 4 8 1
Tile:10 11 2 0
Tile:15 7 5 1
Tile:10 11 3 0
Tile:4 5 1 1
Tile:2_flip 11 4 0
Tile:8 2 5 1
Tile:0 12 4 0
Tile:0 3 7 1
Destroy 12 4 0
Tile:7_flip 10 0 1
Malus 0 0 0
Drop 2 0 1
Malus 0 0 0
Drop 1 0 1
Drop 0 0 0
Bonus 0 0 1
Drop 0 0 0
Drop 0 0 1
GAMEOVER DRAW
# Game ended: Mon Mar 23 16:56:17 EDT 2020
