# Server version 0.08 running on 192.168.2.11:8123
# Game ID: 158
# Board class: Saboteur.SaboteurBoard
# Timeout: 20000
# First Move Timeout: 30000
# Date: Mon Mar 23 23:32:49 EDT 2020
# Player 1: Player-0, 'xxxxxxxxx', running on 192.168.2.11
# Player 2: Player-1, 'RandomPlayer', running on 192.168.2.11
START Player-0 xxxxxxxxx
START Player-1 RandomPlayer
BoardInit:Tile:2,Malus,Tile:7,Tile:8,Tile:6,Tile:10,Tile:5,Tile:0,Tile:6,Bonus,Map,Tile:9,Tile:9,Map,Tile:10,Tile:1,Tile:0,Map,Tile:0,Tile:5,Tile:6,Tile:13,Tile:10,Tile:8,Tile:7,Map,Tile:9,Tile:7,Tile:8,Tile:3,Tile:7,Tile:5,Destroy,Tile:5,Tile:8,Destroy,Bonus,Tile:7,Tile:9-Tile:0,Tile:9,Tile:6,Tile:11,Tile:6,Tile:14,Bonus-Tile:15,Tile:4,Tile:8,Bonus,Malus,Destroy,Tile:12-Tile:nugget,Tile:hidden2,Tile:hidden1
Tile:6 6 5 1
Tile:8 7 5 0
Tile:6_flip 5 4 1
Tile:12 8 5 0
Tile:11 7 4 1
Destroy 8 5 0
Drop 5 0 1
Tile:8 8 5 0
Tile:5 4 5 1
Tile:0 9 5 0
Tile:9_flip 6 4 1
Tile:15 8 6 0
Tile:14 7 6 1
Tile:9_flip 10 5 0
Drop 5 0 1
Map 12 3 0
Tile:2 6 6 1
Tile:4_flip 10 6 0
Tile:0 4 4 1
Map 12 3 0
Tile:9 7 3 1
Tile:10 10 4 0
Tile:6_flip 8 4 1
Tile:5 10 3 0
Tile:0 11 3 1
GAMEOVER WINNER 1
# Game ended: Mon Mar 23 23:32:49 EDT 2020
