# Server version 0.08 running on localhost:8123
# Game ID: 181
# Board class: Saboteur.SaboteurBoard
# Timeout: 20000
# First Move Timeout: 30000
# Date: Tue Mar 24 00:39:44 EDT 2020
# Player 1: Player-0, 'xxxxxxxxx', running on localhost
# Player 2: Player-1, 'RandomPlayer', running on localhost
START Player-0 xxxxxxxxx
START Player-1 RandomPlayer
BoardInit:Bonus,Tile:14,Tile:6,Tile:7,Tile:5,Tile:10,Tile:0,Map,Tile:13,Map,Tile:8,Tile:7,Tile:8,Tile:7,Tile:9,Tile:12,Map,Tile:11,Tile:8,Tile:6,Bonus,Tile:0,Tile:4,Tile:6,Tile:3,Tile:6,Tile:2,Tile:10,Tile:5,Tile:9,Tile:1,Tile:9,Bonus,Bonus,Tile:10,Tile:15,Destroy,Destroy,Tile:5-Malus,Tile:9,Tile:8,Tile:0,Tile:6,Map,Tile:5-Malus,Tile:0,Tile:9,Tile:8,Destroy,Tile:7,Tile:7-Tile:hidden2,Tile:nugget,Tile:hidden1
Map 12 3 1
Tile:0 6 5 0
Malus 0 0 1
Destroy 6 5 0
Tile:6_flip 5 4 1
Malus 0 0 0
Drop 3 0 1
Drop 0 0 0
Drop 5 0 1
Map 12 3 0
Bonus 0 0 1
Map 12 3 0
Tile:13 4 5 1
Drop 0 0 0
Tile:8 3 5 1
Drop 0 0 0
Tile:9_flip 5 6 1
Drop 0 0 0
Tile:9 3 6 1
Drop 0 0 0
Tile:8 6 4 1
Drop 0 0 0
Tile:6_flip 2 5 1
Drop 0 0 0
Drop 2 0 1
Drop 0 0 0
Tile:8 7 4 1
Drop 0 0 0
Drop 6 0 1
Drop 0 0 0
Drop 3 0 1
Drop 0 0 0
Tile:5 4 4 1
Drop 0 0 0
Tile:3_flip 7 5 1
Bonus 0 0 0
Tile:4 3 4 1
Tile:0 8 4 0
Tile:1 1 5 1
Tile:6 9 4 0
Drop 4 0 1
Tile:6 10 4 0
Tile:5_flip 6 5 1
Tile:9_flip 11 4 0
Drop 1 0 1
Tile:10 11 3 0
Destroy 1 5 1
Destroy 11 3 0
Drop 2 0 1
Tile:9 11 3 0
Tile:0 13 3 1
Tile:15 12 4 0
Map 12 5 1
GAMEOVER DRAW
# Game ended: Tue Mar 24 00:39:44 EDT 2020
