# Server version 0.08 running on localhost:8123
# Game ID: 54
# Board class: Saboteur.SaboteurBoard
# Timeout: 20000
# First Move Timeout: 30000
# Date: Sun Mar 22 18:14:44 EDT 2020
# Player 1: Player-0, 'xxxxxxxxx', running on localhost
# Player 2: Player-1, 'RandomPlayer', running on localhost
START Player-0 xxxxxxxxx
START Player-1 RandomPlayer
BoardInit:Tile:5,Tile:6,Tile:8,Tile:15,Tile:9,Tile:5,Map,Tile:7,Tile:13,Map,Tile:8,Destroy,Tile:6,Tile:6,Tile:11,Tile:7,Map,Tile:5,Malus,Tile:2,Bonus,Tile:7,Tile:4,Tile:10,Tile:10,Tile:3,Tile:10,Tile:0,Destroy,Bonus,Tile:0,Destroy,Map,Tile:8,Tile:7,Tile:5,Tile:7,Tile:8,Tile:0-Malus,Tile:8,Tile:1,Bonus,Tile:9,Tile:9,Tile:6-Tile:9,Tile:14,Tile:12,Tile:9,Tile:6,Bonus,Tile:0-Tile:hidden2,Tile:nugget,Tile:hidden1
Tile:6 5 6 1
Tile:9_flip 6 5 0
Tile:9 4 5 1
Tile:14_flip 6 4 0
Tile:5_flip 7 4 1
Tile:9 7 3 0
Tile:9_flip 5 4 1
Tile:12 8 3 0
Drop 2 0 1
Tile:6_flip 7 2 0
Tile:8 6 2 1
Map 12 7 0
Tile:8 5 3 1
Destroy 8 3 0
Tile:6_flip 5 2 1
Tile:0 8 3 0
Tile:11_flip 9 3 1
Tile:6 9 4 0
Tile:9_flip 6 1 1
Tile:5_flip 10 4 0
Map 12 5 1
Tile:15 10 3 0
Tile:13 9 2 1
Tile:7 10 2 0
Tile:8 4 4 1
Tile:5 8 4 0
Drop 5 0 1
Tile:6 8 5 0
Drop 5 0 1
Tile:7 9 5 0
Destroy 5 4 1
Tile:2_flip 9 6 0
Tile:0 5 1 1
Tile:7 10 6 0
Tile:10 9 1 1
Destroy 10 4 0
Tile:7 6 0 1
Tile:8 10 4 0
Drop 6 0 1
Tile:3 11 4 0
Drop 1 0 1
Tile:10 11 5 0
Map 12 3 1
Tile:5_flip 10 7 0
Drop 3 0 1
Tile:0 9 7 0
Tile:0 3 4 1
Tile:8 8 7 0
Drop 1 0 1
Drop 1 0 0
Malus 0 0 1
Bonus 0 0 0
Drop 0 0 1
GAMEOVER DRAW
# Game ended: Sun Mar 22 18:14:44 EDT 2020
