# Server version 0.08 running on localhost:8123
# Game ID: 66
# Board class: Saboteur.SaboteurBoard
# Timeout: 20000
# First Move Timeout: 30000
# Date: Sun Mar 22 21:20:12 EDT 2020
# Player 1: Player-0, 'xxxxxxxxx', running on localhost
# Player 2: Player-1, 'RandomPlayer', running on localhost
START Player-0 xxxxxxxxx
START Player-1 RandomPlayer
BoardInit:Tile:9,Tile:6,Tile:11,Tile:6,Tile:6,Malus,Tile:5,Tile:15,Tile:4,Tile:5,Tile:9,Tile:7,Tile:8,Tile:2,Malus,Tile:0,Tile:10,Tile:9,Tile:9,Destroy,Bonus,Tile:0,Tile:6,Tile:6,Destroy,Tile:10,Tile:0,Tile:8,Tile:3,Tile:7,Tile:8,Tile:8,Map,Map,Tile:7,Tile:7,Tile:14,Tile:13,Map-Destroy,Bonus,Tile:5,Tile:10,Bonus,Tile:8,Bonus-Tile:9,Map,Tile:0,Tile:1,Tile:12,Tile:7,Tile:5-Tile:nugget,Tile:hidden2,Tile:hidden1
Tile:10 5 6 1
Map 12 7 0
Drop 5 0 1
Drop 4 0 0
Tile:9 5 7 1
Drop 4 0 0
Drop 2 0 1
Drop 4 0 0
Tile:11_flip 6 5 1
Drop 4 0 0
Tile:8 5 4 1
Drop 4 0 0
Drop 2 0 1
Drop 4 0 0
Tile:5 4 5 1
Drop 4 0 0
Destroy 4 5 1
Drop 4 0 0
Tile:9 5 3 1
Drop 4 0 0
Tile:9 4 4 1
Drop 4 0 0
Tile:4 4 3 1
Drop 4 0 0
Drop 4 0 1
Drop 4 0 0
Tile:8 6 3 1
Drop 4 0 0
Drop 2 0 1
Drop 4 0 0
Drop 3 0 1
Drop 4 0 0
Tile:8 6 4 1
Drop 4 0 0
Tile:6 7 4 1
Map 12 7 0
Map 12 7 1
Drop 4 0 0
Tile:7_flip 6 6 1
Drop 4 0 0
Destroy 4 4 1
Drop 4 0 0
Map 12 7 1
Drop 4 0 0
Drop 3 0 1
Drop 3 0 0
Tile:14 8 4 1
Tile:9 5 2 0
Tile:0 6 7 1
Drop 1 0 0
Drop 0 0 1
Tile:0 4 5 0
Drop 0 0 1
GAMEOVER DRAW
# Game ended: Sun Mar 22 21:20:12 EDT 2020
