# Server version 0.08 running on localhost:8123
# Game ID: 186
# Board class: Saboteur.SaboteurBoard
# Timeout: 20000
# First Move Timeout: 30000
# Date: Tue Mar 24 00:42:01 EDT 2020
# Player 1: Player-0, 'xxxxxxxxx', running on localhost
# Player 2: Player-1, 'RandomPlayer', running on localhost
START Player-0 xxxxxxxxx
START Player-1 RandomPlayer
BoardInit:Tile:9,Tile:5,Tile:8,Bonus,Tile:3,Tile:0,Tile:8,Malus,Tile:9,Tile:8,Tile:6,Tile:15,Map,Map,Tile:5,Map,Tile:11,Tile:0,Tile:0,Tile:9,Tile:7,Tile:9,Bonus,Tile:8,Tile:7,Tile:6,Tile:13,Tile:8,Tile:10,Tile:12,Tile:7,Malus,Destroy,Tile:7,Tile:4,Tile:10,Bonus,Tile:6,Tile:0-Bonus,Destroy,Tile:2,Tile:5,Tile:5,Tile:7,Tile:6-Destroy,Tile:9,Map,Tile:1,Tile:14,Tile:6,Tile:10-Tile:hidden2,Tile:hidden1,Tile:nugget
Tile:6 4 5 1
Map 12 3 0
Tile:7 4 4 1
Tile:9_flip 6 5 0
Tile:2_flip 3 5 1
Tile:14 6 6 0
Tile:9_flip 6 4 1
Destroy 6 6 0
Tile:5 6 3 1
Tile:1 7 3 0
Tile:9 5 4 1
Malus 0 0 0
Bonus 0 0 1
Tile:6 2 5 0
Destroy 2 5 1
Tile:5 2 5 0
Tile:5_flip 8 3 1
Tile:10 2 6 0
Drop 1 0 1
Tile:8 2 7 0
Tile:11 6 6 1
Tile:0 1 7 0
Tile:5_flip 2 8 1
Tile:15 5 3 0
Tile:6 3 7 1
Map 12 3 0
Tile:8 5 2 1
Map 12 3 0
Tile:13 3 4 1
Tile:0 0 7 0
Tile:8 3 3 1
Tile:6_flip 1 8 0
Tile:7_flip 2 3 1
Malus 0 0 0
Destroy 6 6 1
Tile:12_flip 0 8 0
Bonus 0 0 1
Tile:9 1 9 0
Tile:7 2 2 1
Tile:9 1 10 0
Tile:4_flip 1 11 1
Tile:8 1 2 0
Tile:0 4 7 1
Tile:8 0 2 0
Tile:7 2 10 1
Tile:7 0 1 0
Tile:0 5 7 1
Tile:10 0 3 0
Drop 2 0 1
Tile:6 0 4 0
Map 12 3 1
Drop 0 0 0
Tile:10 1 3 1
GAMEOVER DRAW
# Game ended: Tue Mar 24 00:42:02 EDT 2020
