# Server version 0.08 running on localhost:8123
# Game ID: 177
# Board class: Saboteur.SaboteurBoard
# Timeout: 20000
# First Move Timeout: 30000
# Date: Tue Mar 24 00:37:02 EDT 2020
# Player 1: Player-0, 'xxxxxxxxx', running on localhost
# Player 2: Player-1, 'RandomPlayer', running on localhost
START Player-0 xxxxxxxxx
START Player-1 RandomPlayer
BoardInit:Tile:7,Tile:0,Tile:8,Tile:8,Tile:6,Tile:13,Map,Destroy,Tile:9,Malus,Bonus,Map,Tile:7,Destroy,Tile:9,Tile:10,Tile:5,Tile:9,Tile:6,Tile:8,Tile:10,Tile:7,Tile:6,Tile:11,Tile:9,Bonus,Tile:7,Tile:8,Bonus,Tile:8,Tile:5,Malus,Tile:3,Tile:5,Tile:0,Map,Destroy,Tile:4,Tile:6-Tile:6,Tile:1,Tile:12,Bonus,Tile:7,Tile:15,Tile:0-Tile:2,Map,Tile:5,Tile:10,Tile:9,Tile:0,Tile:14-Tile:nugget,Tile:hidden2,Tile:hidden1
Drop 2 0 1
Map 12 3 0
Tile:7_flip 5 6 1
Tile:2 6 5 0
Tile:6 6 6 1
Tile:5 4 5 0
Drop 3 0 1
Tile:10 4 6 0
Tile:6_flip 5 4 1
Tile:9 4 7 0
Drop 1 0 1
Malus 0 0 0
Drop 6 0 1
Tile:14 4 8 0
Map 12 7 1
Tile:0 3 8 0
Drop 5 0 1
Tile:0 2 8 0
Drop 3 0 1
Tile:8 1 8 0
Drop 2 0 1
Tile:13 0 8 0
Drop 0 0 1
Map 12 3 0
Drop 2 0 1
Tile:10 0 9 0
Drop 0 0 1
Tile:9 0 10 0
Drop 5 0 1
Tile:8 0 11 0
Drop 1 0 1
Tile:7_flip 0 12 0
Drop 4 0 1
Destroy 0 12 0
Drop 0 0 1
Tile:11 0 12 0
Drop 4 0 1
Tile:8 0 13 0
Drop 3 0 1
Destroy 0 13 0
Drop 6 0 1
Tile:8 0 13 0
Destroy 0 10 1
Tile:5_flip 1 13 0
Drop 3 0 1
Malus 0 0 0
Drop 0 0 1
Map 12 3 0
Drop 2 0 1
Tile:4 0 7 0
Drop 0 0 1
Drop 0 0 0
Drop 0 0 1
GAMEOVER DRAW
# Game ended: Tue Mar 24 00:37:03 EDT 2020
