# Server version 0.08 running on localhost:8123
# Game ID: 142
# Board class: Saboteur.SaboteurBoard
# Timeout: 20000
# First Move Timeout: 30000
# Date: Mon Mar 23 23:23:40 EDT 2020
# Player 1: Player-0, 'xxxxxxxxx', running on localhost
# Player 2: Player-1, 'RandomPlayer', running on localhost
START Player-0 xxxxxxxxx
START Player-1 RandomPlayer
BoardInit:Tile:2,Tile:11,Tile:6,Tile:0,Tile:6,Tile:5,Tile:8,Map,Map,Tile:8,Destroy,Tile:3,Tile:9,Tile:0,Tile:10,Tile:6,Tile:10,Tile:6,Tile:7,Tile:4,Bonus,Bonus,Tile:12,Tile:1,Tile:7,Tile:14,Tile:9,Tile:10,Tile:6,Tile:0,Destroy,Malus,Tile:15,Tile:9,Tile:7,Tile:5,Bonus,Tile:7,Tile:13-Bonus,Tile:8,Tile:8,Malus,Tile:5,Tile:8,Tile:5-Tile:9,Tile:0,Tile:7,Map,Tile:9,Map,Destroy-Tile:nugget,Tile:hidden1,Tile:hidden2
Drop 3 0 1
Map 12 3 0
Tile:5 4 5 1
Map 12 3 0
Tile:8 5 6 1
Tile:9_flip 6 6 0
Tile:5_flip 6 7 1
Destroy 6 6 0
Tile:2_flip 6 5 1
Map 12 3 0
Map 12 7 1
Tile:0 7 5 0
Tile:6_flip 6 4 1
Tile:7 8 5 0
Tile:8 5 7 1
Tile:9 8 6 0
Tile:9 5 4 1
Tile:11_flip 9 6 0
Tile:8 5 3 1
Tile:5 9 5 0
Tile:6_flip 10 5 1
Tile:0 11 5 0
Destroy 5 7 1
Tile:3_flip 10 6 0
Tile:8 9 7 1
Tile:0 11 6 0
Tile:7_flip 9 8 1
Tile:8 12 6 0
Drop 6 0 1
Tile:6 13 6 0
Tile:7 6 6 1
Tile:6_flip 13 5 0
Destroy 13 6 1
Tile:14 13 6 0
Drop 3 0 1
Tile:1 10 7 0
Tile:6 6 3 1
Tile:0 11 7 0
Tile:10 6 2 1
Tile:7 10 8 0
Tile:10 6 1 1
Tile:4_flip 10 9 0
Tile:13 8 7 1
Tile:10 8 8 0
Tile:12_flip 7 7 1
Tile:9 8 9 0
Tile:7_flip 5 7 1
Tile:5_flip 7 4 0
Tile:15 5 2 1
Malus 0 0 0
Bonus 0 0 1
Drop 0 0 0
Drop 0 0 1
GAMEOVER DRAW
# Game ended: Mon Mar 23 23:23:40 EDT 2020
