# Server version 0.08 running on localhost:8123
# Game ID: 14
# Board class: Saboteur.SaboteurBoard
# Timeout: 20000
# First Move Timeout: 30000
# Date: Sat Mar 21 20:32:15 EDT 2020
# Player 1: Player-0, 'RandomPlayer', running on localhost
# Player 2: Player-1, 'RandomPlayer', running on localhost
START Player-0 RandomPlayer
START Player-1 RandomPlayer
BoardInit:Bonus,Tile:9,Malus,Tile:15,Destroy,Tile:8,Tile:12,Tile:10,Map,Tile:10,Tile:6,Tile:9,Tile:6,Tile:6,Tile:4,Tile:8,Bonus,Tile:9,Tile:2,Tile:7,Destroy,Tile:6,Malus,Tile:14,Tile:9,Tile:0,Tile:5,Map,Map,Tile:10,Tile:0,Tile:11,Bonus,Tile:3,Tile:6,Tile:5,Tile:7,Tile:5,Tile:0-Tile:0,Tile:5,Tile:8,Tile:7,Tile:1,Tile:8,Destroy-Tile:7,Map,Tile:8,Tile:13,Tile:7,Bonus,Tile:9-Tile:hidden1,Tile:nugget,Tile:hidden2
Tile:8 5 6 1
Tile:8 6 5 0
Tile:5_flip 7 5 1
Tile:7 6 4 0
Tile:8 5 4 1
Tile:9_flip 6 6 0
Malus 0 0 1
Drop 2 0 0
Tile:1 4 6 1
Map 12 7 0
Tile:7_flip 5 7 1
Bonus 0 0 0
Destroy 6 6 1
Tile:10 7 4 0
Destroy 5 7 1
Tile:6 4 4 0
Tile:0 4 5 1
Tile:8 7 3 0
Drop 1 0 1
Tile:13 3 6 0
Tile:2_flip 6 6 1
Tile:9 3 5 0
Tile:4 5 3 1
Tile:7 4 3 0
Destroy 7 3 1
Tile:8 5 7 0
Tile:6_flip 3 4 1
Tile:14_flip 2 6 0
Tile:9_flip 7 3 1
Drop 4 0 0
Map 12 3 1
Tile:0 3 3 0
Tile:6 2 3 1
Tile:15 2 2 0
Tile:5 4 7 1
Tile:9 5 8 0
Tile:6 5 9 1
Tile:3 6 9 0
Tile:0 4 9 1
Drop 2 0 0
Drop 4 0 1
Tile:5 2 1 0
Tile:0 7 6 1
Tile:5_flip 6 8 0
Drop 3 0 1
Tile:11 1 3 0
Tile:7 3 1 1
Tile:10 2 7 0
Malus 0 0 1
Drop 0 0 0
Drop 0 0 1
Drop 0 0 0
Drop 0 0 1
GAMEOVER DRAW
# Game ended: Sat Mar 21 20:32:15 EDT 2020
