# Server version 0.08 running on localhost:8123
# Game ID: 145
# Board class: Saboteur.SaboteurBoard
# Timeout: 20000
# First Move Timeout: 30000
# Date: Mon Mar 23 23:24:15 EDT 2020
# Player 1: Player-0, 'xxxxxxxxx', running on localhost
# Player 2: Player-1, 'RandomPlayer', running on localhost
START Player-0 xxxxxxxxx
START Player-1 RandomPlayer
BoardInit:Tile:3,Tile:0,Bonus,Tile:7,Map,Tile:10,Tile:0,Tile:5,Destroy,Tile:8,Map,Map,Tile:7,Tile:12,Tile:13,Tile:0,Tile:7,Tile:2,Tile:6,Tile:6,Tile:15,Tile:6,Tile:11,Malus,Destroy,Tile:9,Tile:0,Tile:8,Tile:10,Tile:5,Malus,Tile:6,Tile:9,Tile:14,Tile:9,Tile:7,Tile:1,Tile:9,Tile:8-Tile:9,Bonus,Bonus,Tile:4,Tile:10,Tile:7,Bonus-Map,Destroy,Tile:6,Tile:5,Tile:8,Tile:8,Tile:5-Tile:nugget,Tile:hidden1,Tile:hidden2
Tile:7 5 4 1
Map 12 3 0
Tile:9 4 4 1
Tile:6 6 5 0
Drop 2 0 1
Tile:5_flip 7 5 0
Tile:10 6 4 1
Destroy 7 5 0
Drop 1 0 1
Tile:8 7 5 0
Destroy 7 5 1
Tile:8 7 5 0
Drop 0 0 1
Map 12 3 0
Tile:3 4 3 1
Tile:5_flip 8 5 0
Tile:7_flip 4 5 1
Tile:7 8 4 0
Tile:7_flip 7 6 1
Tile:0 8 6 0
Map 12 7 1
Tile:5_flip 9 6 0
Tile:15 6 3 1
Tile:10 9 5 0
Tile:6_flip 3 3 1
Tile:8 5 6 0
Destroy 4 5 1
Tile:9 9 4 0
Tile:13 4 5 1
Tile:12 10 4 0
Tile:10 5 7 1
Tile:2 9 3 0
Map 12 7 1
Tile:0 10 3 0
Tile:11_flip 3 4 1
Tile:6 11 3 0
Tile:9 6 2 1
Tile:6_flip 11 2 0
Tile:0 2 3 1
Tile:8 12 2 0
Tile:9 7 4 1
Tile:5_flip 13 2 0
Tile:8 12 1 1
Tile:6 10 2 0
Tile:0 2 4 1
Tile:7_flip 9 2 0
Drop 2 0 1
Tile:9_flip 13 1 0
Drop 1 0 1
Tile:14_flip 10 1 0
Tile:1 7 2 1
Malus 0 0 0
Drop 0 0 1
GAMEOVER DRAW
# Game ended: Mon Mar 23 23:24:15 EDT 2020
