# Server version 0.08 running on localhost:8123
# Game ID: 215
# Board class: Saboteur.SaboteurBoard
# Timeout: 20000
# First Move Timeout: 30000
# Date: Tue Mar 24 01:01:20 EDT 2020
# Player 1: Player-0, 'xxxxxxxxx', running on localhost
# Player 2: Player-1, 'RandomPlayer', running on localhost
START Player-0 xxxxxxxxx
START Player-1 RandomPlayer
BoardInit:Tile:11,Map,Tile:9,Tile:6,Tile:7,Tile:4,Tile:8,Tile:7,Tile:12,Destroy,Tile:2,Tile:6,Tile:10,Tile:7,Tile:13,Tile:0,Tile:0,Tile:9,Malus,Bonus,Tile:9,Tile:8,Malus,Tile:15,Bonus,Tile:7,Tile:5,Tile:8,Tile:9,Tile:14,Tile:5,Map,Tile:5,Map,Tile:9,Tile:6,Tile:10,Destroy,Bonus-Destroy,Tile:5,Tile:7,Tile:8,Tile:0,Bonus,Tile:1-Tile:10,Tile:8,Tile:6,Tile:6,Map,Tile:0,Tile:3-Tile:hidden1,Tile:nugget,Tile:hidden2
Tile:8 4 5 1
Map 12 3 0
Tile:11 4 6 1
Map 12 3 0
Tile:9_flip 5 4 1
Tile:10 5 3 0
Destroy 4 6 1
Tile:8 6 5 0
Tile:8 3 5 1
Tile:7 7 5 0
Tile:5 3 4 1
Destroy 7 5 0
Tile:7 5 2 1
Tile:6 7 5 0
Tile:2 7 4 1
Tile:7 8 5 0
Tile:12_flip 2 5 1
Tile:6 8 6 0
Tile:7_flip 4 6 1
Tile:9_flip 9 6 0
Tile:10 9 5 1
Tile:6 9 7 0
Tile:9 4 2 1
Tile:8 10 7 0
Tile:1 7 6 1
Tile:6 11 7 0
Tile:0 8 7 1
Tile:7 12 6 0
Tile:5_flip 5 6 1
Tile:8 11 6 0
Tile:13 4 4 1
Tile:3 11 5 0
Tile:0 8 4 1
Map 12 3 0
Tile:5 6 4 1
Map 12 3 0
Tile:9 12 8 1
Tile:6 13 7 0
Tile:9 12 9 1
Destroy 11 5 0
Tile:5_flip 12 10 1
Tile:4 11 5 0
Tile:10 13 6 1
Tile:15 13 5 0
Drop 3 0 1
Tile:14_flip 10 6 0
Drop 2 0 1
Tile:0 13 8 0
Malus 0 0 1
Bonus 0 0 0
Drop 0 0 1
Tile:0 13 9 0
Drop 0 0 1
GAMEOVER DRAW
# Game ended: Tue Mar 24 01:01:21 EDT 2020
