# Server version 0.08 running on 192.168.2.11:8123
# Game ID: 154
# Board class: Saboteur.SaboteurBoard
# Timeout: 20000
# First Move Timeout: 30000
# Date: Mon Mar 23 23:31:53 EDT 2020
# Player 1: Player-0, 'xxxxxxxxx', running on 192.168.2.11
# Player 2: Player-1, 'RandomPlayer', running on 192.168.2.11
START Player-0 xxxxxxxxx
START Player-1 RandomPlayer
BoardInit:Destroy,Tile:6,Tile:9,Tile:5,Tile:7,Tile:7,Destroy,Tile:6,Tile:10,Tile:8,Map,Tile:6,Map,Tile:1,Tile:12,Tile:9,Tile:0,Tile:3,Bonus,Tile:0,Tile:10,Tile:9,Tile:7,Tile:2,Tile:4,Tile:9,Tile:13,Tile:9,Tile:6,Tile:5,Tile:15,Tile:11,Bonus,Map,Tile:7,Tile:0,Tile:5,Tile:7,Destroy-Tile:0,Tile:14,Tile:8,Malus,Map,Bonus,Malus-Bonus,Tile:5,Tile:8,Tile:6,Tile:8,Tile:8,Tile:10-Tile:nugget,Tile:hidden1,Tile:hidden2
Tile:8 6 5 1
Tile:5_flip 7 5 0
Drop 1 0 1
Tile:8 7 4 0
Destroy 7 4 1
Tile:6_flip 7 4 0
Tile:9_flip 8 4 1
Tile:10 8 5 0
Tile:7_flip 8 6 1
Tile:8 9 6 0
Map 12 5 1
Tile:8 10 6 0
Tile:10 9 7 1
Tile:6 11 6 0
Destroy 9 7 1
Tile:5_flip 12 6 0
Tile:12_flip 4 5 1
Tile:7 12 4 0
Malus 0 0 1
Bonus 0 0 0
Tile:0 11 4 1
Tile:6 13 5 0
Drop 5 0 1
Tile:6_flip 11 5 0
Tile:7 8 3 1
Tile:9 13 4 0
Tile:10 9 7 1
Tile:8 13 3 0
GAMEOVER WINNER 0
# Game ended: Mon Mar 23 23:31:53 EDT 2020
