# Server version 0.08 running on localhost:8123
# Game ID: 188
# Board class: Saboteur.SaboteurBoard
# Timeout: 20000
# First Move Timeout: 30000
# Date: Tue Mar 24 00:43:48 EDT 2020
# Player 1: Player-0, 'xxxxxxxxx', running on localhost
# Player 2: Player-1, 'RandomPlayer', running on localhost
START Player-0 xxxxxxxxx
START Player-1 RandomPlayer
BoardInit:Tile:15,Tile:7,Tile:10,Bonus,Bonus,Tile:6,Tile:0,Tile:7,Tile:0,Tile:10,Tile:13,Tile:6,Map,Tile:9,Tile:9,Destroy,Bonus,Tile:8,Tile:0,Tile:8,Tile:5,Tile:8,Tile:1,Tile:14,Tile:7,Destroy,Map,Tile:9,Tile:2,Tile:6,Malus,Bonus,Tile:8,Tile:7,Tile:9,Map,Tile:0,Tile:3,Tile:10-Map,Tile:5,Tile:5,Tile:6,Malus,Tile:9,Tile:4-Tile:8,Tile:5,Tile:7,Tile:11,Destroy,Tile:12,Tile:6-Tile:nugget,Tile:hidden2,Tile:hidden1
Tile:9 5 6 1
Tile:8 6 5 0
Tile:5 5 4 1
Tile:5_flip 7 5 0
Tile:5_flip 5 7 1
Destroy 7 5 0
Drop 5 0 1
Tile:7 7 5 0
Tile:6_flip 6 4 1
Tile:11 7 6 0
Tile:0 8 6 1
Tile:12_flip 4 7 0
Drop 4 0 1
Tile:6 4 5 0
Drop 2 0 1
Tile:7_flip 3 5 0
Tile:9_flip 9 6 1
Tile:6_flip 3 4 0
Drop 5 0 1
Tile:7_flip 2 4 0
Tile:0 7 4 1
Tile:10 2 3 0
Tile:15 7 7 1
Tile:6_flip 2 2 0
Drop 0 0 1
Tile:9 1 2 0
Tile:5 9 5 1
Tile:8 1 1 0
Tile:13 9 7 1
Tile:8 0 1 0
Malus 0 0 1
Bonus 0 0 0
Tile:2_flip 2 1 1
Tile:8 0 0 0
Tile:1 10 5 1
Destroy 0 0 0
Tile:7 11 5 1
Tile:14_flip 0 0 0
Tile:9_flip 10 7 1
Destroy 0 0 0
Drop 2 0 1
Tile:9 0 0 0
Tile:10 11 6 1
Tile:6_flip 1 0 0
Drop 3 0 1
Tile:7 2 0 0
Malus 0 0 1
Map 12 3 0
Drop 2 0 1
Bonus 0 0 0
Tile:0 8 4 1
Tile:3 3 1 0
Drop 0 0 1
GAMEOVER DRAW
# Game ended: Tue Mar 24 00:43:48 EDT 2020
