# Server version 0.08 running on localhost:8123
# Game ID: 208
# Board class: Saboteur.SaboteurBoard
# Timeout: 20000
# First Move Timeout: 30000
# Date: Tue Mar 24 00:49:56 EDT 2020
# Player 1: Player-0, 'xxxxxxxxx', running on localhost
# Player 2: Player-1, 'RandomPlayer', running on localhost
START Player-0 xxxxxxxxx
START Player-1 RandomPlayer
BoardInit:Tile:8,Map,Tile:10,Map,Tile:4,Tile:7,Bonus,Tile:10,Bonus,Tile:5,Tile:10,Bonus,Destroy,Tile:6,Tile:6,Tile:3,Tile:13,Tile:2,Tile:0,Destroy,Tile:0,Tile:5,Tile:9,Tile:6,Tile:5,Tile:9,Tile:6,Destroy,Tile:6,Tile:7,Tile:8,Tile:7,Tile:9,Tile:8,Malus,Tile:9,Tile:15,Tile:9,Tile:14-Tile:1,Bonus,Tile:7,Tile:5,Map,Tile:11,Tile:12-Tile:8,Tile:7,Map,Malus,Tile:0,Tile:8,Tile:0-Tile:hidden2,Tile:hidden1,Tile:nugget
Drop 3 0 1
Map 12 3 0
Drop 1 0 1
Map 12 3 0
Tile:7_flip 4 5 1
Map 12 3 0
Tile:10 4 4 1
Malus 0 0 0
Map 12 7 1
Tile:10 5 6 0
Drop 4 0 1
Tile:8 6 5 0
Drop 3 0 1
Tile:8 7 5 0
Bonus 0 0 1
Tile:7 8 5 0
Tile:10 5 4 1
Tile:7 7 4 0
Tile:11 6 6 1
Tile:6 8 6 0
Tile:6 7 6 1
Destroy 8 6 0
Tile:13 5 3 1
Tile:5_flip 8 6 0
Destroy 4 4 1
Tile:6 5 7 0
Tile:9 6 4 1
Tile:9_flip 6 7 0
Drop 2 0 1
Destroy 8 6 0
Drop 3 0 1
Tile:7 6 3 0
Tile:1 4 7 1
Tile:7 4 4 0
Tile:9 3 7 1
Tile:8 8 6 0
Tile:8 3 6 1
Tile:9_flip 9 6 0
Tile:15 9 5 1
Tile:9_flip 9 7 0
Tile:6 9 8 1
Tile:0 10 8 0
Tile:14_flip 9 4 1
Tile:0 11 8 0
Tile:12 10 4 1
Tile:3 12 8 0
Tile:6 4 3 1
Tile:2_flip 8 7 0
Tile:0 2 6 1
Tile:5 8 8 0
Malus 0 0 1
Bonus 0 0 0
Tile:5 3 4 1
GAMEOVER DRAW
# Game ended: Tue Mar 24 00:49:56 EDT 2020
