# Server version 0.08 running on localhost:8123
# Game ID: 209
# Board class: Saboteur.SaboteurBoard
# Timeout: 20000
# First Move Timeout: 30000
# Date: Tue Mar 24 00:52:31 EDT 2020
# Player 1: Player-0, 'xxxxxxxxx', running on localhost
# Player 2: Player-1, 'RandomPlayer', running on localhost
START Player-0 xxxxxxxxx
START Player-1 RandomPlayer
BoardInit:Tile:9,Tile:8,Destroy,Bonus,Tile:0,Destroy,Tile:10,Tile:0,Tile:7,Tile:0,Bonus,Tile:8,Tile:7,Tile:5,Malus,Tile:3,Tile:6,Map,Tile:2,Tile:7,Tile:9,Tile:6,Map,Tile:6,Tile:8,Tile:6,Tile:7,Map,Tile:0,Tile:4,Map,Tile:8,Tile:9,Tile:5,Tile:14,Tile:5,Bonus,Tile:6,Tile:9-Tile:12,Tile:10,Destroy,Tile:1,Bonus,Tile:9,Tile:7-Tile:15,Tile:5,Tile:10,Tile:8,Malus,Tile:13,Tile:11-Tile:hidden1,Tile:hidden2,Tile:nugget
Tile:9_flip 6 5 1
Tile:10 6 4 0
Tile:9 6 3 1
Malus 0 0 0
Drop 4 0 1
Tile:8 7 3 0
Destroy 6 4 1
Destroy 6 5 0
Drop 0 0 1
Tile:8 6 5 0
Drop 1 0 1
Tile:5_flip 7 5 0
Drop 0 0 1
Tile:8 7 4 0
Drop 2 0 1
Tile:13 8 4 0
Destroy 7 3 1
Tile:11_flip 7 3 0
Drop 2 0 1
Map 12 3 0
Drop 4 0 1
Tile:7 5 4 0
Drop 3 0 1
Tile:6 6 6 0
Drop 5 0 1
Tile:6 5 6 0
Map 12 5 1
Tile:6 4 4 0
Drop 6 0 1
Map 12 3 0
Drop 1 0 1
Tile:0 7 6 0
Map 12 7 1
Tile:8 8 6 0
Drop 0 0 1
Tile:0 9 6 0
Drop 4 0 1
Tile:5_flip 10 6 0
Bonus 0 0 1
Tile:6 8 7 0
Tile:6_flip 4 5 1
Tile:15 10 5 0
Tile:2_flip 3 5 1
Tile:3 9 7 0
Tile:9 6 4 1
Tile:4 6 2 0
Tile:9 3 4 1
Tile:5 7 7 0
Tile:14_flip 2 5 1
Tile:5_flip 7 8 0
Tile:8 3 3 1
Drop 0 0 0
Drop 0 0 1
GAMEOVER DRAW
# Game ended: Tue Mar 24 00:52:34 EDT 2020
