# Server version 0.08 running on 192.168.2.11:8123
# Game ID: 195
# Board class: Saboteur.SaboteurBoard
# Timeout: 20000
# First Move Timeout: 30000
# Date: Tue Mar 24 00:45:56 EDT 2020
# Player 1: Player-0, 'xxxxxxxxx', running on 192.168.2.11
# Player 2: Player-1, 'RandomPlayer', running on 192.168.2.11
START Player-0 xxxxxxxxx
START Player-1 RandomPlayer
BoardInit:Tile:11,Tile:8,Tile:6,Tile:6,Tile:7,Map,Tile:8,Tile:12,Tile:2,Tile:8,Bonus,Tile:5,Tile:6,Malus,Tile:7,Tile:13,Tile:6,Tile:0,Tile:4,Destroy,Tile:0,Map,Tile:8,Tile:9,Destroy,Tile:7,Tile:9,Tile:0,Tile:9,Bonus,Bonus,Tile:8,Bonus,Tile:7,Tile:14,Tile:9,Tile:9,Tile:10,Tile:3-Tile:10,Tile:6,Tile:1,Map,Tile:5,Tile:15,Destroy-Tile:7,Tile:5,Tile:5,Map,Tile:10,Tile:0,Malus-Tile:hidden1,Tile:nugget,Tile:hidden2
Tile:6 5 6 1
Map 12 3 0
Drop 1 0 1
Tile:10 5 4 0
Tile:6 4 5 1
Malus 0 0 0
Drop 1 0 1
Map 12 3 0
Destroy 5 4 1
Tile:8 6 6 0
Drop 4 0 1
Tile:8 7 6 0
Bonus 0 0 1
Tile:7 8 6 0
Drop 3 0 1
Malus 0 0 0
Drop 5 0 1
Tile:6 8 7 0
Drop 3 0 1
Tile:5_flip 9 7 0
Drop 2 0 1
Destroy 9 7 0
Drop 0 0 1
Map 12 3 0
Drop 2 0 1
Tile:9_flip 9 7 0
Destroy 4 5 1
Tile:7 7 5 0
Drop 5 0 1
Tile:5 9 6 0
Drop 0 0 1
Tile:0 10 6 0
Drop 4 0 1
Tile:8 11 6 0
Drop 4 0 1
Tile:7 12 6 0
Drop 3 0 1
Tile:9_flip 11 5 0
Bonus 0 0 1
Tile:10 11 4 0
Tile:3 13 7 1
Tile:12_flip 10 5 0
Tile:6 12 8 1
Tile:5 11 3 0
Tile:9 12 2 1
Tile:13 11 7 0
Tile:4 12 1 1
Tile:0 13 3 0
Tile:2_flip 9 8 1
Tile:0 13 2 0
Drop 0 0 1
Drop 0 0 0
Tile:14 13 8 1
GAMEOVER DRAW
# Game ended: Tue Mar 24 00:45:56 EDT 2020
