# Server version 0.08 running on localhost:8123
# Game ID: 213
# Board class: Saboteur.SaboteurBoard
# Timeout: 20000
# First Move Timeout: 30000
# Date: Tue Mar 24 00:55:03 EDT 2020
# Player 1: Player-0, 'xxxxxxxxx', running on localhost
# Player 2: Player-1, 'RandomPlayer', running on localhost
START Player-0 xxxxxxxxx
START Player-1 RandomPlayer
BoardInit:Tile:5,Tile:9,Tile:7,Malus,Tile:7,Tile:8,Bonus,Tile:0,Destroy,Tile:8,Tile:9,Tile:0,Map,Tile:0,Map,Tile:6,Tile:9,Tile:15,Tile:5,Tile:13,Map,Bonus,Tile:8,Map,Tile:2,Tile:6,Tile:4,Tile:7,Tile:9,Tile:5,Malus,Bonus,Tile:11,Tile:3,Tile:7,Tile:10,Bonus,Destroy,Tile:12-Tile:1,Tile:0,Tile:6,Tile:10,Tile:9,Destroy,Tile:6-Tile:5,Tile:10,Tile:7,Tile:8,Tile:8,Tile:6,Tile:14-Tile:hidden2,Tile:nugget,Tile:hidden1
Tile:6 4 5 1
Tile:10 5 4 0
Tile:9_flip 6 5 1
Tile:9_flip 6 6 0
Tile:7_flip 5 6 1
Malus 0 0 0
Destroy 5 4 1
Tile:8 6 4 0
Drop 5 0 1
Tile:8 7 4 0
Destroy 6 5 1
Tile:8 6 5 0
Bonus 0 0 1
Tile:8 8 4 0
Tile:9_flip 8 5 1
Tile:7 9 4 0
Tile:6_flip 3 5 1
Tile:6 8 6 0
Tile:1 9 6 1
Tile:6 7 5 0
Tile:5 8 3 1
Tile:5_flip 9 3 0
Tile:5 5 4 1
Tile:14_flip 9 2 0
Tile:0 10 6 1
Map 12 3 0
Tile:9_flip 7 3 1
Tile:6 6 7 0
Map 12 5 1
Tile:7 7 7 0
Tile:10 3 6 1
Tile:15 7 8 0
Malus 0 0 1
Bonus 0 0 0
Tile:2_flip 7 9 1
Tile:3_flip 9 5 0
Drop 3 0 1
Tile:10 7 2 0
Tile:11 6 9 1
Destroy 9 6 0
Tile:7_flip 3 7 1
Tile:0 9 6 0
Tile:9 7 1 1
Tile:0 11 6 0
Tile:8 8 9 1
Tile:0 12 6 0
Drop 2 0 1
Tile:13 13 6 0
Map 12 3 1
Tile:5_flip 8 1 0
Map 12 3 1
Drop 0 0 0
Tile:12 10 5 1
GAMEOVER DRAW
# Game ended: Tue Mar 24 00:55:03 EDT 2020
