# Server version 0.08 running on localhost:8123
# Game ID: 25
# Board class: Saboteur.SaboteurBoard
# Timeout: 20000
# First Move Timeout: 30000
# Date: Sun Mar 22 00:50:42 EDT 2020
# Player 1: Player-0, 'RandomPlayer', running on localhost
# Player 2: Player-1, 'RandomPlayer', running on localhost
START Player-0 RandomPlayer
START Player-1 RandomPlayer
BoardInit:Tile:8,Bonus,Tile:10,Tile:0,Tile:12,Tile:8,Tile:9,Tile:6,Tile:6,Tile:6,Tile:6,Malus,Tile:0,Tile:7,Destroy,Map,Tile:13,Tile:2,Tile:10,Tile:7,Tile:11,Tile:10,Tile:8,Tile:4,Map,Tile:15,Tile:3,Tile:7,Tile:5,Tile:9,Tile:9,Tile:14,Tile:6,Malus,Bonus,Map,Tile:9,Bonus,Tile:1-Tile:8,Tile:9,Tile:8,Tile:5,Destroy,Tile:7,Tile:5-Tile:7,Tile:5,Destroy,Map,Bonus,Tile:0,Tile:0-Tile:hidden1,Tile:nugget,Tile:hidden2
Tile:7 6 5 1
Map 12 5 0
Tile:5 5 4 1
Tile:5_flip 6 4 0
Tile:8 5 6 1
Tile:0 4 6 0
Tile:8 3 6 1
Drop 2 0 0
Tile:9_flip 3 5 1
Destroy 4 6 0
Tile:5_flip 6 6 1
Drop 1 0 0
Drop 6 0 1
Tile:6 4 6 0
Tile:8 5 7 1
Tile:8 3 7 0
Destroy 5 6 1
Malus 0 0 0
Destroy 6 6 1
Drop 0 0 0
Drop 2 0 1
Drop 3 0 0
Drop 0 0 1
Tile:6 2 5 0
Drop 2 0 1
Tile:10 2 4 0
Drop 3 0 1
Tile:0 2 6 0
Drop 4 0 1
Tile:7_flip 5 8 0
Map 12 3 1
Drop 3 0 0
Drop 6 0 1
Tile:15 2 3 0
Drop 3 0 1
Tile:2_flip 6 7 0
Drop 4 0 1
Malus 0 0 0
Drop 0 0 1
Map 12 5 0
Drop 4 0 1
Drop 3 0 0
Drop 1 0 1
Tile:7_flip 1 6 0
Drop 3 0 1
Drop 2 0 0
Drop 0 0 1
Drop 1 0 0
Drop 2 0 1
Drop 0 0 0
Drop 0 0 1
Drop 0 0 0
Drop 0 0 1
GAMEOVER DRAW
# Game ended: Sun Mar 22 00:50:42 EDT 2020
