# Server version 0.08 running on localhost:8123
# Game ID: 113
# Board class: Saboteur.SaboteurBoard
# Timeout: 20000
# First Move Timeout: 30000
# Date: Mon Mar 23 17:06:46 EDT 2020
# Player 1: Player-0, 'xxxxxxxxx', running on localhost
# Player 2: Player-1, 'xxxxxxxxx', running on localhost
START Player-0 xxxxxxxxx
START Player-1 xxxxxxxxx
BoardInit:Map,Tile:6,Map,Tile:14,Tile:8,Tile:10,Bonus,Tile:7,Bonus,Tile:10,Bonus,Map,Tile:9,Tile:8,Map,Tile:8,Destroy,Tile:4,Tile:15,Tile:11,Tile:0,Tile:5,Tile:6,Tile:2,Tile:0,Tile:12,Tile:9,Tile:7,Tile:7,Malus,Destroy,Tile:13,Tile:9,Tile:10,Tile:1,Tile:5,Tile:0,Tile:9,Tile:9-Tile:3,Bonus,Tile:5,Destroy,Tile:8,Tile:8,Tile:6-Tile:7,Tile:7,Malus,Tile:0,Tile:6,Tile:5,Tile:6-Tile:hidden1,Tile:hidden2,Tile:nugget
Tile:3 6 5 1
Tile:7_flip 6 6 0
Map 12 3 1
Tile:7 7 6 0
Map 12 3 1
Tile:6 7 7 0
Tile:5_flip 8 7 1
Tile:5 8 6 0
Tile:8 9 6 1
Tile:0 10 6 0
Tile:8 11 6 1
Tile:6 12 6 0
Tile:8 5 4 1
Tile:14_flip 5 3 0
Tile:9_flip 5 6 1
Tile:7_flip 4 5 0
Tile:6_flip 9 5 1
Tile:10 11 5 0
Map 12 3 1
Tile:6_flip 4 4 0
Destroy 12 6 1
Map 12 3 0
Tile:0 12 6 1
Drop 6 0 0
Tile:6 11 7 1
Tile:2 6 7 0
Destroy 7 7 1
Tile:12 6 4 0
Tile:0 8 5 1
Drop 5 0 0
Tile:7_flip 9 7 1
Tile:8 7 7 0
Tile:15 11 4 1
Tile:13 11 3 0
Destroy 6 5 1
Tile:8 11 2 0
Tile:1 10 2 1
Drop 3 0 0
Tile:0 7 5 1
Tile:9 11 1 0
Tile:9 9 2 1
Drop 0 0 0
Tile:9 7 8 1
Drop 1 0 0
Drop 1 0 1
Tile:10 6 8 0
Tile:9_flip 6 9 1
Tile:5_flip 10 5 0
Drop 0 0 1
Tile:10 10 4 0
Drop 0 0 1
Malus 0 0 0
Bonus 0 0 1
GAMEOVER DRAW
# Game ended: Mon Mar 23 17:06:50 EDT 2020
