# Server version 0.08 running on localhost:8123
# Game ID: 183
# Board class: Saboteur.SaboteurBoard
# Timeout: 20000
# First Move Timeout: 30000
# Date: Tue Mar 24 00:40:37 EDT 2020
# Player 1: Player-0, 'xxxxxxxxx', running on localhost
# Player 2: Player-1, 'RandomPlayer', running on localhost
START Player-0 xxxxxxxxx
START Player-1 RandomPlayer
BoardInit:Tile:6,Tile:7,Tile:8,Tile:6,Tile:8,Tile:9,Tile:0,Tile:11,Tile:7,Tile:0,Tile:8,Tile:10,Tile:12,Destroy,Tile:14,Tile:5,Tile:9,Malus,Tile:0,Tile:7,Map,Bonus,Tile:9,Tile:5,Tile:4,Malus,Tile:9,Tile:9,Destroy,Tile:0,Tile:5,Destroy,Tile:3,Map,Map,Bonus,Tile:5,Bonus,Bonus-Tile:15,Tile:7,Tile:10,Tile:2,Tile:13,Tile:6,Tile:8-Tile:6,Tile:6,Tile:10,Map,Tile:8,Tile:1,Tile:7-Tile:hidden1,Tile:hidden2,Tile:nugget
Tile:2 4 5 1
Map 12 3 0
Drop 1 0 1
Tile:6 6 5 0
Tile:8 5 6 1
Tile:6 7 5 0
Drop 5 0 1
Tile:8 8 5 0
Tile:13 8 6 1
Tile:1 9 5 0
Tile:6_flip 6 4 1
Tile:7_flip 3 5 0
Tile:15 8 4 1
Tile:10 3 4 0
Tile:8 4 6 1
Tile:6_flip 3 6 0
Tile:14 8 7 1
Tile:7_flip 2 6 0
Tile:12 9 6 1
Malus 0 0 0
Drop 2 0 1
Destroy 2 6 0
Map 12 7 1
Tile:9 2 6 0
Drop 2 0 1
Tile:11 2 7 0
Drop 0 0 1
Malus 0 0 0
Drop 5 0 1
Tile:10 2 8 0
Destroy 2 6 1
Tile:5_flip 2 9 0
Drop 6 0 1
Tile:0 1 9 0
Drop 3 0 1
Tile:7_flip 0 9 0
Drop 2 0 1
Destroy 0 9 0
Map 12 5 1
Tile:5 0 9 0
Drop 4 0 1
Tile:9 0 10 0
Bonus 0 0 1
Tile:0 1 10 0
Drop 3 0 1
Map 12 3 0
Drop 0 0 1
Drop 0 0 0
Drop 2 0 1
Drop 0 0 0
Drop 0 0 1
Drop 0 0 0
Drop 0 0 1
GAMEOVER DRAW
# Game ended: Tue Mar 24 00:40:37 EDT 2020
