# Server version 0.08 running on localhost:8123
# Game ID: 75
# Board class: Saboteur.SaboteurBoard
# Timeout: 20000
# First Move Timeout: 30000
# Date: Sun Mar 22 21:46:55 EDT 2020
# Player 1: Player-0, 'xxxxxxxxx', running on localhost
# Player 2: Player-1, 'RandomPlayer', running on localhost
START Player-0 xxxxxxxxx
START Player-1 RandomPlayer
BoardInit:Bonus,Tile:6,Tile:5,Tile:0,Tile:6,Malus,Tile:5,Tile:9,Tile:15,Tile:13,Tile:9,Tile:7,Tile:10,Destroy,Tile:8,Tile:11,Tile:14,Tile:10,Bonus,Tile:8,Tile:8,Map,Tile:0,Tile:8,Destroy,Bonus,Tile:3,Malus,Map,Tile:0,Tile:6,Tile:2,Tile:12,Bonus,Tile:4,Map,Destroy,Tile:10,Tile:9-Tile:7,Tile:7,Map,Tile:6,Tile:5,Tile:7,Tile:5-Tile:8,Tile:0,Tile:1,Tile:9,Tile:7,Tile:9,Tile:6-Tile:nugget,Tile:hidden2,Tile:hidden1
Tile:6_flip 4 5 1
Tile:8 6 5 0
Tile:7 5 4 1
Tile:0 7 5 0
Tile:7_flip 3 5 1
Tile:1 8 5 0
Drop 6 0 1
Tile:9_flip 9 5 0
Tile:5_flip 4 6 1
Tile:7 9 4 0
Tile:5 6 4 1
Tile:9 9 6 0
Tile:5_flip 9 7 1
Tile:6 10 6 0
Tile:7_flip 5 6 1
Tile:6 11 6 0
Tile:9_flip 12 6 1
Destroy 12 6 0
Drop 1 0 1
Tile:0 12 6 0
Tile:15 11 5 1
Tile:9 11 4 0
Tile:8 13 6 1
Map 12 3 0
Tile:0 8 4 1
Tile:13 12 4 0
Destroy 8 4 1
Tile:7 13 5 0
Drop 0 0 1
Tile:11 11 3 0
Tile:10 11 2 1
Tile:0 13 4 0
Tile:6 7 4 1
Tile:10 13 7 0
Tile:3 11 1 1
Tile:8 13 8 0
Tile:8 7 3 1
Map 12 3 0
Tile:5_flip 13 9 1
Tile:10 10 5 0
Tile:14 6 6 1
Tile:8 12 8 0
Destroy 5 4 1
Tile:2 11 8 0
Tile:9 10 1 1
Malus 0 0 0
Map 12 3 1
Malus 0 0 0
Bonus 0 0 1
Drop 0 0 0
Drop 0 0 1
Drop 0 0 0
Drop 0 0 1
GAMEOVER DRAW
# Game ended: Sun Mar 22 21:46:55 EDT 2020
