# Server version 0.08 running on localhost:8123
# Game ID: 135
# Board class: Saboteur.SaboteurBoard
# Timeout: 20000
# First Move Timeout: 30000
# Date: Mon Mar 23 21:45:11 EDT 2020
# Player 1: Player-0, 'xxxxxxxxx', running on localhost
# Player 2: Player-1, 'RandomPlayer', running on localhost
START Player-0 xxxxxxxxx
START Player-1 RandomPlayer
BoardInit:Tile:7,Tile:5,Map,Tile:0,Bonus,Tile:7,Tile:9,Tile:0,Tile:6,Tile:9,Tile:8,Tile:6,Tile:6,Tile:2,Tile:15,Tile:5,Tile:8,Destroy,Tile:8,Bonus,Tile:13,Tile:3,Map,Tile:7,Tile:11,Destroy,Tile:4,Tile:6,Tile:7,Tile:0,Bonus,Tile:8,Tile:6,Tile:7,Tile:9,Destroy,Map,Tile:1,Tile:9-Tile:14,Tile:9,Bonus,Tile:5,Tile:10,Malus,Tile:5-Map,Tile:10,Tile:8,Tile:10,Tile:12,Tile:0,Malus-Tile:nugget,Tile:hidden1,Tile:hidden2
Drop 3 0 1
Map 12 3 0
Drop 1 0 1
Tile:8 6 5 0
Tile:14 7 5 1
Tile:10 7 4 0
Tile:7_flip 5 6 1
Tile:10 7 3 0
Tile:9_flip 6 4 1
Tile:5 7 2 0
Drop 4 0 1
Tile:12 8 2 0
Tile:6_flip 5 4 1
Tile:9_flip 6 6 0
Tile:10 6 3 1
Tile:7_flip 6 7 0
Tile:8 4 4 1
Tile:0 7 7 0
Drop 1 0 1
Tile:0 8 7 0
Tile:15 6 2 1
Tile:0 9 7 0
Tile:6_flip 6 1 1
Tile:6 10 7 0
Tile:8 11 7 1
Tile:2 12 6 0
Tile:11 3 4 1
Destroy 12 6 0
Tile:5 4 3 1
Tile:5 12 6 0
Tile:8 3 5 1
Destroy 12 6 0
Drop 1 0 1
Tile:3 12 6 0
Drop 5 0 1
Tile:6_flip 11 6 0
Tile:9 2 5 1
Destroy 12 6 0
Tile:13 10 6 1
Tile:7 12 6 0
Tile:7_flip 5 1 1
Tile:0 13 7 0
Tile:9_flip 12 8 1
Tile:8 10 5 0
Tile:4 2 4 1
Tile:1 11 5 0
Drop 2 0 1
Tile:7 10 4 0
Map 12 3 1
Malus 0 0 0
Map 12 5 1
Drop 0 0 0
Drop 0 0 1
GAMEOVER DRAW
# Game ended: Mon Mar 23 21:45:12 EDT 2020
