# Server version 0.08 running on localhost:8123
# Game ID: 39
# Board class: Saboteur.SaboteurBoard
# Timeout: 20000
# First Move Timeout: 30000
# Date: Sun Mar 22 02:10:02 EDT 2020
# Player 1: Player-0, 'xxxxxxxxx', running on localhost
# Player 2: Player-1, 'RandomPlayer', running on localhost
START Player-0 xxxxxxxxx
START Player-1 RandomPlayer
BoardInit:Tile:0,Tile:7,Tile:8,Tile:8,Tile:13,Tile:6,Tile:0,Tile:5,Tile:0,Tile:6,Tile:9,Map,Tile:8,Tile:7,Tile:14,Tile:5,Tile:10,Tile:4,Bonus,Map,Tile:11,Tile:7,Bonus,Bonus,Map,Tile:8,Tile:6,Tile:10,Tile:6,Tile:9,Tile:6,Tile:10,Tile:0,Destroy,Tile:5,Tile:12,Tile:3,Bonus,Map-Malus,Malus,Tile:9,Destroy,Tile:8,Tile:2,Tile:5-Destroy,Tile:15,Tile:9,Tile:7,Tile:9,Tile:7,Tile:1-Tile:hidden2,Tile:hidden1,Tile:nugget
Malus 0 0 1
Drop 3 0 0
Malus 0 0 1
Drop 1 0 0
Tile:9 4 5 1
Drop 4 0 0
Tile:13 5 6 1
Drop 5 0 0
Tile:8 6 5 1
Destroy 5 6 0
Drop 1 0 1
Drop 4 0 0
Tile:8 4 6 1
Drop 4 0 0
Tile:0 3 6 1
Map 12 7 0
Tile:14 4 7 1
Drop 5 0 0
Tile:8 6 4 1
Drop 3 0 0
Tile:0 3 7 1
Map 12 7 0
Tile:9 2 6 1
Drop 0 0 0
Tile:5_flip 7 4 1
Drop 5 0 0
Tile:11_flip 5 6 1
Drop 0 0 0
Destroy 6 4 1
Drop 6 0 0
Tile:0 7 5 1
Drop 1 0 0
Tile:6 2 7 1
Drop 4 0 0
Tile:6_flip 5 4 1
Drop 3 0 0
Tile:6 8 5 1
Destroy 4 6 0
Tile:3_flip 6 6 1
Drop 0 0 0
Tile:0 1 7 1
Drop 1 0 0
Drop 5 0 1
Drop 0 0 0
Drop 3 0 1
Drop 2 0 0
Tile:10 8 4 1
Bonus 0 0 0
Drop 1 0 1
Drop 0 0 0
Tile:5 0 7 1
Drop 0 0 0
Drop 0 0 1
GAMEOVER DRAW
# Game ended: Sun Mar 22 02:10:02 EDT 2020
