# Server version 0.08 running on localhost:8123
# Game ID: 103
# Board class: Saboteur.SaboteurBoard
# Timeout: 20000
# First Move Timeout: 30000
# Date: Mon Mar 23 16:54:34 EDT 2020
# Player 1: Player-0, 'xxxxxxxxx', running on localhost
# Player 2: Player-1, 'RandomPlayer', running on localhost
START Player-0 xxxxxxxxx
START Player-1 RandomPlayer
BoardInit:Tile:6,Tile:2,Tile:9,Tile:0,Map,Tile:7,Tile:8,Map,Tile:8,Tile:13,Tile:0,Bonus,Map,Tile:7,Bonus,Tile:7,Tile:15,Tile:14,Tile:0,Tile:5,Tile:6,Tile:10,Malus,Tile:5,Destroy,Tile:9,Tile:1,Destroy,Tile:12,Tile:11,Tile:9,Tile:8,Tile:7,Tile:8,Bonus,Tile:3,Tile:5,Tile:6,Tile:9-Tile:9,Tile:0,Tile:7,Destroy,Map,Tile:8,Tile:5-Tile:6,Tile:4,Tile:10,Tile:10,Bonus,Malus,Tile:6-Tile:hidden2,Tile:hidden1,Tile:nugget
Tile:7_flip 5 6 1
Tile:6 6 5 0
Tile:8 7 5 1
Tile:6 8 5 0
Tile:6_flip 6 6 1
Tile:2 9 5 0
Drop 5 0 1
Tile:0 10 5 0
Tile:8 4 5 1
Map 12 3 0
Drop 5 0 1
Tile:7 11 5 0
Drop 6 0 1
Tile:4_flip 11 6 0
Tile:8 5 4 1
Tile:10 9 6 0
Map 12 3 1
Tile:10 9 7 0
Tile:5_flip 4 6 1
Tile:13 9 8 0
Tile:15 5 3 1
Tile:7 10 8 0
Drop 5 0 1
Tile:7 8 4 0
Map 12 5 1
Tile:14 10 9 0
Destroy 8 4 1
Tile:5 8 4 0
Tile:6 9 9 1
Destroy 11 5 0
Tile:0 9 4 1
Tile:9_flip 11 5 0
Tile:9_flip 11 4 1
Tile:10 11 3 0
Destroy 10 5 1
Tile:8 10 5 0
Tile:12_flip 3 5 1
Tile:8 10 4 0
Tile:7_flip 6 7 1
Tile:11_flip 10 3 0
Tile:9 8 9 1
Tile:5 11 2 0
Tile:9 8 10 1
Tile:3 12 2 0
Tile:5 3 6 1
Tile:6 9 3 0
Tile:1 8 3 1
Malus 0 0 0
Bonus 0 0 1
Drop 0 0 0
Malus 0 0 1
Bonus 0 0 0
Drop 0 0 1
GAMEOVER DRAW
# Game ended: Mon Mar 23 16:54:34 EDT 2020
