# Server version 0.08 running on localhost:8123
# Game ID: 62
# Board class: Saboteur.SaboteurBoard
# Timeout: 20000
# First Move Timeout: 30000
# Date: Sun Mar 22 21:10:08 EDT 2020
# Player 1: Player-0, 'xxxxxxxxx', running on localhost
# Player 2: Player-1, 'RandomPlayer', running on localhost
START Player-0 xxxxxxxxx
START Player-1 RandomPlayer
BoardInit:Tile:15,Map,Tile:4,Bonus,Tile:12,Tile:14,Tile:6,Tile:6,Tile:5,Malus,Tile:10,Destroy,Destroy,Tile:9,Tile:5,Tile:13,Tile:8,Tile:0,Tile:6,Tile:7,Tile:9,Map,Destroy,Map,Tile:9,Tile:1,Tile:7,Bonus,Tile:11,Tile:10,Tile:3,Tile:7,Map,Tile:0,Malus,Tile:5,Tile:8,Tile:10,Tile:0-Tile:9,Tile:8,Tile:5,Tile:2,Tile:7,Tile:9,Bonus-Tile:7,Tile:6,Tile:0,Tile:8,Tile:8,Tile:6,Bonus-Tile:nugget,Tile:hidden2,Tile:hidden1
Tile:8 4 5 1
Tile:7 6 5 0
Tile:9_flip 4 4 1
Map 12 7 0
Tile:5_flip 6 6 1
Tile:6 5 6 0
Tile:12_flip 3 4 1
Tile:14_flip 5 4 0
Tile:9 4 6 1
Tile:0 6 4 0
Drop 2 0 1
Tile:8 7 4 0
Tile:2_flip 4 7 1
Tile:8 8 4 0
Tile:7 5 7 1
Tile:6 9 4 0
Tile:6_flip 9 3 1
Tile:6 10 4 0
Destroy 5 7 1
Tile:9_flip 11 4 0
Tile:5 3 7 1
Tile:13 11 5 0
Tile:6_flip 11 3 1
Map 12 7 0
Tile:4 4 3 1
Map 12 7 0
Tile:15 3 8 1
Destroy 11 5 0
Tile:9 11 5 1
Tile:7_flip 11 6 0
Destroy 3 8 1
Tile:0 12 6 0
Tile:8 3 8 1
Tile:1 13 6 0
Tile:11 7 5 1
Tile:10 7 6 0
Tile:9 8 3 1
Tile:5_flip 8 5 0
Tile:8 10 3 1
Tile:7 10 2 0
Tile:0 3 5 1
Tile:0 9 2 0
Tile:7_flip 3 9 1
Tile:10 7 3 0
Tile:5 7 2 1
Drop 3 0 0
Tile:3 4 9 1
Drop 2 0 0
Drop 2 0 1
Drop 1 0 0
Drop 0 0 1
Drop 0 0 0
Map 12 7 1
GAMEOVER DRAW
# Game ended: Sun Mar 22 21:10:08 EDT 2020
