# Server version 0.08 running on localhost:8123
# Game ID: 214
# Board class: Saboteur.SaboteurBoard
# Timeout: 20000
# First Move Timeout: 30000
# Date: Tue Mar 24 01:01:07 EDT 2020
# Player 1: Player-0, 'xxxxxxxxx', running on localhost
# Player 2: Player-1, 'RandomPlayer', running on localhost
START Player-0 xxxxxxxxx
START Player-1 RandomPlayer
BoardInit:Tile:0,Malus,Tile:0,Tile:7,Destroy,Tile:6,Tile:0,Tile:8,Map,Tile:4,Bonus,Bonus,Tile:5,Tile:7,Map,Tile:7,Map,Tile:14,Tile:9,Tile:2,Tile:8,Tile:15,Tile:9,Tile:8,Bonus,Tile:13,Tile:6,Bonus,Tile:9,Tile:5,Tile:6,Tile:11,Tile:8,Map,Tile:7,Tile:6,Tile:10,Tile:1,Tile:9-Tile:6,Destroy,Tile:9,Tile:10,Tile:0,Tile:5,Tile:8-Tile:3,Tile:5,Tile:12,Malus,Destroy,Tile:7,Tile:10-Tile:hidden2,Tile:hidden1,Tile:nugget
Tile:8 5 4 1
Destroy 5 4 0
Tile:6 6 5 1
Malus 0 0 0
Drop 4 0 1
Malus 0 0 0
Drop 5 0 1
Tile:10 6 4 0
Destroy 6 4 1
Tile:8 7 5 0
Destroy 6 5 1
Tile:7 5 4 0
Drop 6 0 1
Tile:7 8 5 0
Map 12 7 1
Tile:7 7 4 0
Map 12 7 1
Tile:7_flip 5 6 0
Drop 3 0 1
Tile:6 6 5 0
Map 12 7 1
Tile:3_flip 8 6 0
Drop 0 0 1
Tile:5_flip 7 6 0
Drop 2 0 1
Tile:8 4 5 0
Drop 0 0 1
Tile:14_flip 6 4 0
Drop 6 0 1
Tile:2 6 6 0
Drop 1 0 1
Tile:4_flip 4 6 0
Drop 4 0 1
Tile:13 4 4 0
Drop 3 0 1
Map 12 3 0
Drop 3 0 1
Tile:6 9 6 0
Drop 6 0 1
Tile:12 10 6 0
Drop 2 0 1
Tile:15 9 5 0
Drop 1 0 1
Tile:5 9 4 0
Drop 3 0 1
Tile:11_flip 10 4 0
Drop 0 0 1
Tile:1 3 5 0
Drop 2 0 1
Drop 0 0 0
Drop 0 0 1
Drop 0 0 0
Drop 0 0 1
GAMEOVER DRAW
# Game ended: Tue Mar 24 01:01:07 EDT 2020
