# Server version 0.08 running on localhost:8123
# Game ID: 201
# Board class: Saboteur.SaboteurBoard
# Timeout: 20000
# First Move Timeout: 30000
# Date: Tue Mar 24 00:46:51 EDT 2020
# Player 1: Player-0, 'xxxxxxxxx', running on localhost
# Player 2: Player-1, 'RandomPlayer', running on localhost
START Player-0 xxxxxxxxx
START Player-1 RandomPlayer
BoardInit:Bonus,Bonus,Tile:9,Map,Tile:0,Map,Tile:4,Tile:10,Tile:6,Destroy,Tile:10,Tile:5,Bonus,Tile:11,Tile:0,Tile:5,Map,Tile:14,Destroy,Tile:2,Map,Tile:0,Tile:7,Tile:3,Malus,Malus,Tile:7,Tile:6,Tile:9,Tile:6,Tile:12,Tile:8,Tile:5,Tile:13,Tile:8,Bonus,Tile:8,Tile:15,Tile:7-Tile:1,Tile:6,Tile:9,Tile:8,Tile:5,Tile:9,Destroy-Tile:8,Tile:6,Tile:7,Tile:10,Tile:7,Tile:0,Tile:9-Tile:hidden2,Tile:hidden1,Tile:nugget
Tile:9 4 5 1
Tile:10 5 4 0
Tile:5 5 3 1
Tile:9_flip 6 5 0
Tile:9_flip 6 6 1
Map 12 3 0
Tile:9_flip 6 3 1
Map 12 3 0
Destroy 6 6 1
Tile:10 6 6 0
Tile:6_flip 6 2 1
Destroy 6 6 0
Tile:0 5 2 1
Tile:8 6 6 0
Drop 3 0 1
Tile:7 7 6 0
Tile:6 7 2 1
Tile:7 8 2 0
Tile:10 7 1 1
Tile:6 8 3 0
Tile:8 4 6 1
Tile:0 9 3 0
Destroy 4 6 1
Tile:5_flip 10 3 0
Tile:7_flip 7 7 1
Tile:11_flip 8 7 0
Map 12 3 1
Malus 0 0 0
Drop 5 0 1
Tile:6 5 6 0
Bonus 0 0 1
Tile:6 4 6 0
Drop 1 0 1
Tile:8 10 2 0
Tile:9 3 6 1
Tile:5_flip 11 2 0
Tile:7_flip 9 2 1
Tile:14_flip 11 1 0
Tile:8 9 1 1
Tile:3 10 1 0
Tile:5 4 2 1
Tile:15 6 7 0
Tile:12_flip 7 3 1
Tile:2 9 0 0
Drop 3 0 1
Tile:13 7 0 0
Map 12 7 1
Tile:0 12 1 0
Tile:7_flip 3 7 1
Drop 0 0 0
Tile:1 4 7 1
Drop 0 0 0
Drop 0 0 1
GAMEOVER DRAW
# Game ended: Tue Mar 24 00:46:51 EDT 2020
