# Server version 0.08 running on localhost:8123
# Game ID: 101
# Board class: Saboteur.SaboteurBoard
# Timeout: 20000
# First Move Timeout: 30000
# Date: Mon Mar 23 16:52:00 EDT 2020
# Player 1: Player-0, 'xxxxxxxxx', running on localhost
# Player 2: Player-1, 'RandomPlayer', running on localhost
START Player-0 xxxxxxxxx
START Player-1 RandomPlayer
BoardInit:Map,Tile:6,Bonus,Destroy,Tile:9,Tile:9,Tile:8,Tile:0,Tile:7,Tile:2,Tile:6,Tile:7,Bonus,Tile:11,Tile:7,Bonus,Tile:10,Tile:13,Tile:7,Tile:9,Tile:8,Tile:14,Malus,Map,Tile:12,Tile:6,Tile:8,Tile:1,Tile:5,Destroy,Tile:3,Tile:5,Tile:10,Tile:9,Tile:9,Malus,Map,Tile:8,Tile:10-Tile:15,Destroy,Map,Tile:0,Tile:6,Tile:6,Tile:7-Tile:8,Bonus,Tile:5,Tile:0,Tile:0,Tile:4,Tile:5-Tile:hidden1,Tile:hidden2,Tile:nugget
Tile:6_flip 5 4 1
Tile:8 6 5 0
Tile:6 4 4 1
Tile:5_flip 7 5 0
Drop 4 0 1
Destroy 7 5 0
Drop 2 0 1
Tile:0 7 5 0
Tile:9_flip 6 4 1
Tile:0 8 5 0
Tile:7 6 3 1
Tile:5_flip 9 5 0
Drop 0 0 1
Tile:4 9 4 0
Tile:6 5 3 1
Tile:6 6 6 0
Drop 1 0 1
Tile:0 7 6 0
Drop 3 0 1
Tile:2 8 6 0
Destroy 6 3 1
Tile:7 9 6 0
Tile:7_flip 5 6 1
Tile:9 9 7 0
Malus 0 0 1
Map 12 3 0
Tile:10 8 7 1
Bonus 0 0 0
Drop 5 0 1
Tile:11_flip 10 7 0
Tile:5 3 4 1
Tile:9 10 6 0
Tile:8 6 3 1
Tile:13 11 6 0
Tile:8 5 2 1
Tile:14 12 6 0
Tile:9_flip 10 8 1
Destroy 12 6 0
Map 12 5 1
Tile:6 12 6 0
Map 12 3 1
Tile:8 13 6 0
Tile:10 11 7 1
Tile:9 3 5 0
Drop 3 0 1
Tile:1 4 5 0
Tile:10 10 5 1
Drop 2 0 0
Drop 2 0 1
Tile:5 4 3 0
Drop 0 0 1
Drop 0 0 0
Drop 0 0 1
GAMEOVER DRAW
# Game ended: Mon Mar 23 16:52:00 EDT 2020
