# Server version 0.08 running on localhost:8123
# Game ID: 140
# Board class: Saboteur.SaboteurBoard
# Timeout: 20000
# First Move Timeout: 30000
# Date: Mon Mar 23 23:22:39 EDT 2020
# Player 1: Player-0, 'xxxxxxxxx', running on localhost
# Player 2: Player-1, 'RandomPlayer', running on localhost
START Player-0 xxxxxxxxx
START Player-1 RandomPlayer
BoardInit:Tile:4,Tile:5,Tile:13,Bonus,Tile:0,Tile:7,Tile:9,Tile:8,Tile:0,Map,Tile:15,Tile:7,Tile:11,Map,Tile:8,Tile:0,Tile:14,Malus,Tile:8,Map,Tile:3,Destroy,Malus,Tile:10,Tile:5,Tile:6,Tile:5,Tile:7,Map,Destroy,Tile:6,Bonus,Tile:1,Tile:6,Tile:8,Tile:7,Tile:9,Bonus,Tile:10-Tile:2,Destroy,Tile:7,Tile:0,Bonus,Tile:5,Tile:10-Tile:6,Tile:9,Tile:6,Tile:12,Tile:8,Tile:9,Tile:9-Tile:hidden2,Tile:nugget,Tile:hidden1
Drop 2 0 1
Tile:6 6 5 0
Drop 1 0 1
Tile:9_flip 7 5 0
Tile:13 7 6 1
Tile:6 8 6 0
Drop 2 0 1
Tile:12 9 6 0
Tile:0 6 6 1
Tile:9 8 5 0
Drop 1 0 1
Map 12 3 0
Tile:0 4 5 1
Tile:5_flip 9 5 0
Tile:11 5 6 1
Map 12 3 0
Tile:9_flip 6 4 1
Tile:8 9 4 0
Tile:14_flip 5 4 1
Tile:9_flip 10 4 0
Tile:8 9 3 1
Map 12 3 0
Tile:2 10 3 1
Tile:7_flip 10 5 0
Tile:4_flip 7 7 1
Tile:8 11 5 0
Tile:15 9 2 1
Tile:7_flip 11 6 0
Tile:5 7 4 1
Tile:0 12 6 0
Tile:10 5 7 1
Destroy 12 6 0
Drop 4 0 1
Tile:6 12 6 0
Malus 0 0 1
Destroy 12 6 0
Tile:6_flip 9 1 1
Bonus 0 0 0
Tile:3 6 3 1
Tile:7 12 6 0
Tile:0 11 3 1
Tile:6_flip 8 4 0
GAMEOVER WINNER 0
# Game ended: Mon Mar 23 23:22:39 EDT 2020
