# Server version 0.08 running on localhost:8123
# Game ID: 141
# Board class: Saboteur.SaboteurBoard
# Timeout: 20000
# First Move Timeout: 30000
# Date: Mon Mar 23 23:22:48 EDT 2020
# Player 1: Player-0, 'xxxxxxxxx', running on localhost
# Player 2: Player-1, 'RandomPlayer', running on localhost
START Player-0 xxxxxxxxx
START Player-1 RandomPlayer
BoardInit:Malus,Tile:9,Bonus,Malus,Bonus,Tile:8,Tile:14,Tile:3,Tile:7,Map,Tile:6,Tile:9,Tile:5,Map,Tile:8,Destroy,Tile:7,Destroy,Bonus,Tile:0,Tile:2,Tile:7,Tile:0,Tile:8,Tile:0,Tile:10,Bonus,Tile:9,Tile:6,Tile:8,Tile:15,Tile:6,Tile:10,Tile:13,Tile:7,Tile:9,Tile:5,Tile:10,Tile:6-Tile:6,Tile:5,Tile:11,Map,Tile:12,Tile:7,Tile:8-Destroy,Map,Tile:5,Tile:4,Tile:9,Tile:1,Tile:0-Tile:hidden1,Tile:nugget,Tile:hidden2
Map 12 3 1
Map 12 3 0
Tile:7 5 4 1
Tile:9 4 5 0
Tile:8 4 4 1
Tile:0 6 5 0
Tile:6 4 6 1
Tile:5 4 3 0
Drop 0 0 1
Tile:1 3 6 0
Tile:11_flip 7 5 1
Destroy 4 5 0
Tile:6 2 6 1
Tile:9 7 6 0
Drop 2 0 1
Tile:8 3 4 0
Tile:5_flip 5 3 1
Destroy 6 5 0
Tile:7 7 4 1
Map 12 7 0
Tile:12_flip 2 4 1
Tile:3 2 5 0
Tile:8 4 5 1
Drop 5 0 0
Drop 2 0 1
Tile:4 3 3 0
Tile:2 1 5 1
Tile:9 6 4 0
Drop 6 0 1
Map 12 3 0
Malus 0 0 1
Destroy 7 6 0
Tile:6 5 6 1
Malus 0 0 0
Drop 4 0 1
Drop 4 0 0
Drop 3 0 1
Drop 2 0 0
Bonus 0 0 1
Drop 3 0 0
Tile:7 6 6 1
Drop 2 0 0
Tile:5 6 3 1
Drop 4 0 0
Tile:6 6 5 1
Drop 3 0 0
Drop 0 0 1
Drop 0 0 0
Tile:15 5 2 1
Drop 0 0 0
Tile:10 5 1 1
Drop 0 0 0
Tile:7_flip 3 5 1
GAMEOVER DRAW
# Game ended: Mon Mar 23 23:22:48 EDT 2020
