# Server version 0.08 running on localhost:8123
# Game ID: 161
# Board class: Saboteur.SaboteurBoard
# Timeout: 20000
# First Move Timeout: 30000
# Date: Tue Mar 24 00:18:34 EDT 2020
# Player 1: Player-0, 'xxxxxxxxx', running on localhost
# Player 2: Player-1, 'RandomPlayer', running on localhost
START Player-0 xxxxxxxxx
START Player-1 RandomPlayer
BoardInit:Tile:7,Tile:3,Tile:0,Tile:6,Destroy,Tile:9,Tile:6,Malus,Tile:6,Bonus,Tile:5,Tile:7,Tile:0,Tile:8,Tile:8,Tile:7,Tile:0,Tile:9,Destroy,Tile:11,Tile:9,Tile:10,Bonus,Bonus,Tile:5,Destroy,Tile:6,Tile:10,Tile:5,Tile:8,Tile:8,Tile:7,Map,Map,Tile:8,Bonus,Map,Tile:15,Tile:0-Tile:10,Map,Tile:1,Tile:14,Tile:13,Tile:12,Malus-Tile:9,Tile:7,Tile:2,Tile:6,Tile:5,Tile:4,Tile:9-Tile:hidden1,Tile:nugget,Tile:hidden2
Drop 2 0 1
Tile:9 5 6 0
Tile:12_flip 4 5 1
Tile:2_flip 6 5 0
Drop 4 0 1
Tile:3 6 4 0
Map 12 3 1
Tile:9_flip 7 5 0
Tile:0 6 6 1
Tile:6 5 7 0
Tile:6_flip 4 7 1
Tile:5 7 4 0
Tile:14_flip 3 7 1
Tile:9 5 4 0
Tile:7_flip 3 8 1
Tile:6_flip 5 3 0
Tile:5_flip 7 6 1
Tile:7 6 7 0
Tile:6 6 8 1
Tile:7_flip 4 3 0
Tile:0 8 4 1
Tile:8 4 2 0
Destroy 4 3 1
Tile:7 4 1 0
Tile:0 5 2 1
Malus 0 0 0
Destroy 3 7 1
Tile:9 4 3 0
Drop 6 0 1
Tile:11_flip 4 8 0
Drop 1 0 1
Destroy 7 5 0
Drop 4 0 1
Drop 1 0 0
Drop 4 0 1
Map 12 3 0
Map 12 7 1
Tile:8 4 9 0
Map 12 5 1
Tile:7_flip 3 2 0
Drop 4 0 1
Drop 0 0 0
Bonus 0 0 1
Drop 4 0 0
Tile:0 6 3 1
Drop 0 0 0
Tile:8 3 7 1
Tile:10 4 10 0
Tile:10 3 6 1
Drop 0 0 0
Tile:9_flip 9 4 1
Drop 0 0 0
Tile:8 5 9 1
GAMEOVER DRAW
# Game ended: Tue Mar 24 00:18:34 EDT 2020
