# Server version 0.08 running on localhost:8123
# Game ID: 205
# Board class: Saboteur.SaboteurBoard
# Timeout: 20000
# First Move Timeout: 30000
# Date: Tue Mar 24 00:49:05 EDT 2020
# Player 1: Player-0, 'xxxxxxxxx', running on localhost
# Player 2: Player-1, 'RandomPlayer', running on localhost
START Player-0 xxxxxxxxx
START Player-1 RandomPlayer
BoardInit:Bonus,Tile:7,Tile:6,Malus,Tile:12,Tile:10,Tile:0,Tile:6,Tile:0,Tile:4,Map,Destroy,Tile:7,Tile:14,Tile:10,Bonus,Tile:0,Tile:5,Tile:6,Tile:9,Tile:2,Tile:15,Tile:7,Tile:8,Map,Tile:5,Tile:10,Malus,Destroy,Tile:13,Map,Tile:8,Map,Tile:9,Tile:11,Tile:7,Tile:8,Tile:8,Bonus-Tile:8,Tile:1,Tile:6,Destroy,Tile:9,Bonus,Tile:5-Tile:9,Tile:0,Tile:6,Tile:9,Tile:3,Tile:5,Tile:7-Tile:hidden2,Tile:hidden1,Tile:nugget
Tile:8 5 6 1
Tile:9_flip 6 5 0
Tile:6_flip 6 4 1
Tile:9_flip 7 4 0
Tile:5 4 6 1
Malus 0 0 0
Bonus 0 0 1
Tile:10 7 5 0
Tile:6_flip 5 4 1
Tile:7 7 3 0
Tile:9 7 6 1
Tile:7 8 6 0
Drop 4 0 1
Destroy 8 6 0
Drop 5 0 1
Tile:6 8 6 0
Drop 5 0 1
Tile:6 9 6 0
Drop 5 0 1
Tile:0 10 6 0
Tile:0 4 5 1
Tile:9_flip 11 6 0
Tile:6 4 4 1
Tile:3 11 5 0
Tile:2_flip 5 7 1
Tile:8 11 7 0
GAMEOVER WINNER 0
# Game ended: Tue Mar 24 00:49:06 EDT 2020
