# Server version 0.08 running on localhost:8123
# Game ID: 200
# Board class: Saboteur.SaboteurBoard
# Timeout: 20000
# First Move Timeout: 30000
# Date: Tue Mar 24 00:46:46 EDT 2020
# Player 1: Player-0, 'xxxxxxxxx', running on localhost
# Player 2: Player-1, 'xxxxxxxxx', running on localhost
START Player-0 xxxxxxxxx
START Player-1 xxxxxxxxx
BoardInit:Tile:0,Tile:2,Tile:10,Map,Bonus,Tile:5,Tile:6,Destroy,Tile:9,Tile:5,Tile:1,Tile:7,Destroy,Tile:3,Tile:7,Tile:5,Tile:11,Tile:15,Tile:9,Tile:7,Tile:8,Tile:7,Map,Tile:8,Tile:0,Tile:7,Tile:5,Tile:13,Map,Bonus,Tile:9,Bonus,Malus,Tile:4,Tile:10,Destroy,Tile:0,Tile:8,Malus-Tile:10,Tile:0,Tile:6,Tile:9,Tile:8,Tile:6,Tile:14-Tile:6,Tile:8,Tile:12,Bonus,Map,Tile:6,Tile:9-Tile:hidden2,Tile:hidden1,Tile:nugget
Tile:10 5 4 1
Map 12 3 0
Tile:9_flip 6 5 1
Tile:9_flip 6 6 0
Tile:10 6 4 1
Map 12 3 0
Tile:8 6 3 1
Tile:8 7 3 0
Tile:6 8 3 1
Destroy 8 3 0
Tile:9_flip 8 3 1
Tile:6 8 4 0
Tile:6 9 4 1
Tile:7 10 4 0
Destroy 10 4 1
Tile:6 10 4 0
Tile:7 11 4 1
Tile:2_flip 11 5 0
Tile:6 6 7 1
Tile:5 10 3 0
Tile:9_flip 8 2 1
Tile:7 7 7 0
Tile:8 8 1 1
Tile:7 9 1 0
Map 12 3 1
Tile:8 7 8 0
Tile:0 11 3 1
Tile:7 13 3 0
Tile:11 12 4 1
Tile:5_flip 13 4 0
Map 12 5 1
Tile:3 12 2 0
Tile:9_flip 8 8 1
Tile:5 8 7 0
Malus 0 0 1
Bonus 0 0 0
Tile:10 9 3 1
Destroy 11 5 0
Tile:14 11 5 1
Tile:8 9 7 0
Malus 0 0 1
Bonus 0 0 0
Tile:0 10 7 1
Tile:12 11 7 0
Tile:5 9 6 1
Tile:15 9 8 0
Tile:1 10 6 1
Tile:13 8 9 0
Tile:0 7 1 1
Tile:4 8 0 0
Tile:0 11 6 1
Drop 0 0 0
Drop 0 0 1
GAMEOVER DRAW
# Game ended: Tue Mar 24 00:46:46 EDT 2020
