# Server version 0.08 running on localhost:8123
# Game ID: 173
# Board class: Saboteur.SaboteurBoard
# Timeout: 20000
# First Move Timeout: 30000
# Date: Tue Mar 24 00:30:35 EDT 2020
# Player 1: Player-0, 'xxxxxxxxx', running on localhost
# Player 2: Player-1, 'RandomPlayer', running on localhost
START Player-0 xxxxxxxxx
START Player-1 RandomPlayer
BoardInit:Tile:2,Tile:6,Tile:9,Tile:3,Tile:8,Tile:9,Map,Map,Malus,Destroy,Tile:0,Tile:6,Destroy,Bonus,Tile:1,Bonus,Map,Tile:0,Tile:8,Tile:7,Tile:6,Tile:11,Tile:10,Tile:4,Tile:9,Tile:7,Destroy,Tile:9,Bonus,Tile:0,Tile:5,Tile:5,Tile:5,Tile:0,Tile:6,Tile:10,Tile:14,Tile:10,Malus-Tile:8,Tile:7,Tile:13,Tile:5,Tile:8,Tile:9,Tile:15-Tile:7,Bonus,Tile:7,Map,Tile:6,Tile:8,Tile:12-Tile:nugget,Tile:hidden2,Tile:hidden1
Tile:13 6 5 1
Map 12 3 0
Tile:15 6 4 1
Tile:7 7 5 0
Drop 3 0 1
Tile:7_flip 7 6 0
Tile:5 6 3 1
Tile:6 7 3 0
Tile:9_flip 7 2 1
Map 12 3 0
Drop 1 0 1
Tile:8 8 3 0
Tile:8 9 3 1
Tile:12 10 3 0
Tile:9_flip 8 4 1
Destroy 10 3 0
Tile:2_flip 6 2 1
Tile:6 10 3 0
Tile:8 5 6 1
Tile:3 11 3 0
Destroy 5 6 1
Tile:9 11 4 0
Tile:6 5 2 1
Tile:6 12 4 0
Tile:10 9 4 1
Tile:0 13 4 0
Tile:9_flip 5 1 1
Tile:7 10 2 0
Drop 2 0 1
Tile:11 11 5 0
Map 12 3 1
Tile:4_flip 11 6 0
Drop 6 0 1
Tile:9 9 2 0
Destroy 11 5 1
Tile:7 9 1 0
Tile:5 4 5 1
Tile:10 11 5 0
Tile:6 8 6 1
Tile:5_flip 9 5 0
Tile:8 4 6 1
Tile:10 8 2 0
Map 12 5 1
Tile:0 9 6 0
Malus 0 0 1
Bonus 0 0 0
Drop 2 0 1
Tile:0 4 2 0
Tile:1 4 1 1
Drop 0 0 0
Malus 0 0 1
Bonus 0 0 0
Drop 0 0 1
GAMEOVER DRAW
# Game ended: Tue Mar 24 00:30:35 EDT 2020
