# Server version 0.08 running on localhost:8123
# Game ID: 58
# Board class: Saboteur.SaboteurBoard
# Timeout: 20000
# First Move Timeout: 30000
# Date: Sun Mar 22 18:33:33 EDT 2020
# Player 1: Player-0, 'xxxxxxxxx', running on localhost
# Player 2: Player-1, 'RandomPlayer', running on localhost
START Player-0 xxxxxxxxx
START Player-1 RandomPlayer
BoardInit:Tile:1,Tile:6,Map,Tile:7,Tile:10,Tile:0,Tile:0,Tile:4,Tile:6,Tile:8,Tile:13,Tile:11,Tile:7,Tile:7,Tile:6,Tile:7,Tile:0,Malus,Tile:8,Tile:15,Bonus,Destroy,Tile:5,Bonus,Tile:6,Tile:5,Tile:5,Malus,Map,Bonus,Tile:10,Bonus,Tile:9,Tile:14,Destroy,Tile:9,Tile:9,Tile:9,Tile:6-Tile:7,Tile:3,Tile:8,Tile:0,Tile:9,Tile:12,Tile:8-Tile:10,Map,Map,Tile:8,Tile:5,Destroy,Tile:2-Tile:hidden2,Tile:nugget,Tile:hidden1
Tile:9_flip 6 5 1
Map 12 7 0
Tile:7 5 4 1
Map 12 7 0
Tile:12_flip 4 5 1
Destroy 6 5 0
Drop 3 0 1
Tile:8 6 5 0
Map 12 3 1
Tile:5_flip 7 5 0
Drop 2 0 1
Tile:10 7 4 0
Drop 6 0 1
Tile:2 7 3 0
Tile:6 4 4 1
Tile:6 8 3 0
Tile:0 9 3 1
Tile:7 10 3 0
Tile:8 6 6 1
Tile:4_flip 10 4 0
Tile:3 4 3 1
Tile:8 8 2 0
Tile:6 9 2 1
Destroy 10 4 0
Tile:1 7 6 1
Tile:11 10 4 0
Tile:6 8 6 1
Tile:0 11 4 0
Tile:7_flip 7 2 1
Tile:7 12 4 0
Tile:5 7 1 1
Tile:7_flip 10 5 0
Tile:8 9 6 1
Tile:15 9 5 0
Tile:9 3 4 1
Tile:5_flip 10 2 0
Destroy 10 5 1
Tile:9 10 5 0
Tile:9 3 3 1
Tile:14 10 6 0
Tile:10 9 1 1
Tile:9 9 7 0
Tile:5 10 1 1
Drop 4 0 0
Drop 3 0 1
Drop 3 0 0
Tile:6_flip 10 7 1
Drop 2 0 0
Tile:0 11 1 1
Drop 1 0 0
Map 12 7 1
Malus 0 0 0
Drop 0 0 1
GAMEOVER DRAW
# Game ended: Sun Mar 22 18:33:33 EDT 2020
