# Server version 0.08 running on localhost:8123
# Game ID: 191
# Board class: Saboteur.SaboteurBoard
# Timeout: 20000
# First Move Timeout: 30000
# Date: Tue Mar 24 00:44:59 EDT 2020
# Player 1: Player-0, 'xxxxxxxxx', running on localhost
# Player 2: Player-1, 'RandomPlayer', running on localhost
START Player-0 xxxxxxxxx
START Player-1 RandomPlayer
BoardInit:Tile:7,Malus,Tile:15,Tile:9,Tile:5,Tile:8,Tile:8,Bonus,Tile:6,Tile:8,Tile:7,Tile:11,Tile:9,Tile:0,Tile:9,Destroy,Tile:9,Tile:14,Destroy,Tile:6,Tile:7,Tile:13,Map,Map,Tile:8,Tile:0,Tile:0,Malus,Tile:10,Tile:10,Tile:12,Tile:2,Map,Tile:1,Bonus,Tile:5,Destroy,Tile:5,Tile:7-Tile:0,Bonus,Tile:7,Tile:4,Tile:6,Tile:5,Tile:6-Tile:9,Bonus,Tile:10,Tile:8,Map,Tile:6,Tile:3-Tile:hidden2,Tile:hidden1,Tile:nugget
Tile:6 4 5 1
Map 12 3 0
Tile:6_flip 4 4 1
Tile:10 5 6 0
Tile:5 3 5 1
Tile:3_flip 3 4 0
Tile:7 3 3 1
Tile:6_flip 2 3 0
Tile:0 6 5 1
Tile:8 1 3 0
Tile:6_flip 7 5 1
Tile:8 0 3 0
Tile:5_flip 8 5 1
Tile:11 0 2 0
Tile:8 3 6 1
Tile:0 2 6 0
Tile:9 1 6 1
Destroy 8 5 0
Tile:15 2 4 1
Tile:14_flip 0 1 0
Tile:9_flip 1 5 1
Tile:6_flip 1 1 0
Destroy 3 4 1
Tile:13 0 4 0
Tile:9 7 6 1
Tile:8 1 2 0
Tile:7_flip 0 5 1
Tile:9_flip 2 1 0
Tile:7 8 5 1
Tile:9 2 0 0
Tile:8 5 7 1
Malus 0 0 0
Map 12 7 1
Map 12 3 0
Drop 4 0 1
Tile:10 7 7 0
Drop 0 0 1
Tile:0 3 0 0
Destroy 2 6 1
Tile:2_flip 1 7 0
Drop 2 0 1
Tile:1 0 7 0
Drop 3 0 1
Tile:5_flip 2 2 0
Drop 3 0 1
Tile:5_flip 2 7 0
Drop 0 0 1
Malus 0 0 0
Drop 2 0 1
Drop 0 0 0
Drop 0 0 1
Drop 0 0 0
Drop 0 0 1
GAMEOVER DRAW
# Game ended: Tue Mar 24 00:44:59 EDT 2020
