# Server version 0.08 running on localhost:8123
# Game ID: 88
# Board class: Saboteur.SaboteurBoard
# Timeout: 20000
# First Move Timeout: 30000
# Date: Mon Mar 23 16:29:28 EDT 2020
# Player 1: Player-0, 'xxxxxxxxx', running on localhost
# Player 2: Player-1, 'RandomPlayer', running on localhost
START Player-0 xxxxxxxxx
START Player-1 RandomPlayer
BoardInit:Tile:4,Tile:0,Destroy,Tile:2,Tile:8,Tile:0,Tile:9,Tile:12,Tile:8,Tile:11,Tile:0,Tile:10,Tile:8,Tile:7,Tile:6,Tile:10,Tile:7,Destroy,Tile:9,Tile:13,Tile:14,Tile:8,Tile:6,Tile:8,Tile:7,Tile:6,Tile:6,Map,Map,Tile:9,Tile:15,Map,Tile:7,Malus,Tile:9,Tile:5,Tile:9,Tile:5,Bonus-Destroy,Tile:3,Tile:1,Tile:5,Tile:6,Tile:7,Map-Tile:0,Bonus,Tile:5,Malus,Tile:10,Bonus,Bonus-Tile:hidden2,Tile:nugget,Tile:hidden1
Tile:6 5 6 1
Tile:0 6 5 0
Tile:7 6 6 1
Tile:5_flip 7 5 0
Destroy 6 6 1
Tile:10 7 4 0
Drop 2 0 1
Tile:2 7 3 0
Tile:1 8 3 1
Tile:0 9 3 0
Drop 0 0 1
Tile:0 10 3 0
Tile:0 6 6 1
Tile:12 11 3 0
Drop 3 0 1
Tile:7 7 6 0
Destroy 7 3 1
Tile:11 7 3 0
Tile:8 7 7 1
Destroy 11 3 0
Tile:9_flip 7 2 1
Tile:13 11 3 0
Tile:9_flip 8 7 1
Tile:10 11 4 0
Tile:6 6 2 1
Tile:10 11 5 0
Tile:6_flip 7 1 1
Tile:8 11 6 0
Drop 2 0 1
Map 12 3 0
Tile:7 12 6 1
Tile:8 11 7 0
Tile:14_flip 6 1 1
Map 12 3 0
Tile:6 8 1 1
Tile:6 10 6 0
Tile:7_flip 4 5 1
Tile:9_flip 10 5 0
Tile:7_flip 5 2 1
Tile:5 10 7 0
Tile:15 5 4 1
Tile:5 11 2 0
Tile:4 4 4 1
Malus 0 0 0
Drop 3 0 1
Malus 0 0 0
Map 12 3 1
Drop 0 0 0
Map 12 7 1
Drop 0 0 0
Bonus 0 0 1
Drop 0 0 0
Drop 0 0 1
GAMEOVER DRAW
# Game ended: Mon Mar 23 16:29:28 EDT 2020
