# Server version 0.08 running on localhost:8123
# Game ID: 83
# Board class: Saboteur.SaboteurBoard
# Timeout: 20000
# First Move Timeout: 30000
# Date: Sun Mar 22 23:55:27 EDT 2020
# Player 1: Player-0, 'xxxxxxxxx', running on localhost
# Player 2: Player-1, 'RandomPlayer', running on localhost
START Player-0 xxxxxxxxx
START Player-1 RandomPlayer
BoardInit:Destroy,Map,Tile:9,Tile:7,Tile:4,Tile:6,Destroy,Bonus,Tile:10,Tile:8,Map,Tile:3,Tile:9,Map,Tile:0,Tile:1,Tile:8,Tile:8,Tile:0,Tile:8,Tile:6,Tile:6,Tile:0,Tile:11,Tile:14,Tile:7,Bonus,Tile:5,Tile:10,Tile:9,Tile:6,Tile:7,Tile:6,Tile:12,Tile:7,Tile:9,Map,Tile:5,Tile:13-Malus,Tile:0,Destroy,Tile:2,Tile:15,Tile:9,Tile:10-Bonus,Malus,Tile:7,Tile:8,Tile:5,Tile:5,Bonus-Tile:hidden1,Tile:hidden2,Tile:nugget
Tile:0 4 5 1
Drop 1 0 0
Tile:15 5 4 1
Tile:8 6 5 0
Tile:2_flip 3 5 1
Tile:7 3 4 0
Tile:10 6 6 1
Tile:5 6 4 0
Destroy 3 5 1
Tile:5_flip 5 6 0
Destroy 6 6 1
Tile:7_flip 2 4 0
Destroy 5 6 1
Tile:8 5 3 0
Tile:9 4 3 1
Map 12 3 0
Tile:9 2 3 1
Map 12 7 0
Drop 1 0 1
Tile:8 3 5 0
Tile:9_flip 4 2 1
Tile:8 7 5 0
Map 12 5 1
Tile:6_flip 8 5 0
Tile:10 3 6 1
Tile:11 8 6 0
Tile:14 6 6 1
Tile:6_flip 7 4 0
Tile:8 5 6 1
Tile:1 6 3 0
Tile:6 9 5 1
Tile:7_flip 5 7 0
Drop 4 0 1
Tile:9_flip 3 7 0
Drop 4 0 1
Tile:5_flip 8 7 0
Tile:0 6 7 1
Tile:9_flip 4 1 0
Tile:0 2 5 1
Tile:12 10 5 0
Malus 0 0 1
Drop 3 0 0
Tile:6_flip 3 1 1
Drop 4 0 0
Tile:7_flip 2 1 1
Drop 3 0 0
Tile:6 2 7 1
Bonus 0 0 0
Tile:13 1 5 1
Drop 0 0 0
Map 12 7 1
Drop 0 0 0
Tile:0 7 3 1
GAMEOVER DRAW
# Game ended: Sun Mar 22 23:55:27 EDT 2020
