# Server version 0.08 running on 192.168.2.11:8123
# Game ID: 22
# Board class: Saboteur.SaboteurBoard
# Timeout: 20000
# First Move Timeout: 30000
# Date: Sat Mar 21 23:37:29 EDT 2020
# Player 1: Player-0, 'RandomPlayer', running on 192.168.2.11
# Player 2: Player-1, 'RandomPlayer', running on 192.168.2.11
START Player-0 RandomPlayer
START Player-1 RandomPlayer
BoardInit:Tile:6,Tile:0,Destroy,Tile:9,Tile:6,Tile:10,Tile:0,Tile:4,Tile:11,Tile:7,Tile:15,Map,Tile:8,Tile:7,Destroy,Malus,Tile:0,Tile:7,Tile:8,Tile:10,Tile:5,Tile:9,Tile:0,Map,Map,Tile:10,Tile:2,Tile:6,Destroy,Tile:8,Tile:7,Tile:7,Tile:8,Tile:13,Tile:6,Tile:9,Malus,Tile:9,Tile:14-Tile:3,Bonus,Bonus,Tile:9,Tile:1,Tile:8,Map-Tile:6,Tile:5,Tile:12,Tile:5,Tile:5,Bonus,Bonus-Tile:hidden1,Tile:hidden2,Tile:nugget
Tile:9_flip 5 6 1
Tile:5 4 5 0
Tile:6 5 7 1
Tile:6 6 5 0
Drop 2 0 1
Tile:5 5 4 0
Tile:6 4 7 1
Tile:9_flip 7 5 0
Destroy 5 4 1
Tile:12_flip 3 7 0
Tile:8 6 7 1
Drop 5 0 0
Tile:11 6 8 1
Tile:7_flip 6 9 0
Tile:3 7 8 1
Drop 2 0 0
Destroy 5 7 1
Tile:5_flip 7 7 0
Drop 6 0 1
Tile:7 6 4 0
Tile:8 7 6 1
Drop 0 0 0
Tile:5 6 6 1
Tile:9 4 6 0
Drop 5 0 1
Tile:10 7 4 0
Tile:0 8 6 1
Map 12 3 0
Drop 2 0 1
Drop 2 0 0
Drop 0 0 1
Drop 0 0 0
Destroy 4 6 1
Tile:7 7 3 0
Tile:2_flip 5 7 1
Tile:6_flip 5 4 0
Drop 2 0 1
Drop 4 0 0
Tile:7_flip 6 3 1
Map 12 3 0
Drop 4 0 1
Drop 2 0 0
Drop 2 0 1
Tile:10 6 2 0
Drop 4 0 1
Tile:13 7 9 0
Drop 0 0 1
Malus 0 0 0
Malus 0 0 1
Drop 0 0 0
Drop 0 0 1
Drop 0 0 0
Drop 0 0 1
GAMEOVER DRAW
# Game ended: Sat Mar 21 23:37:29 EDT 2020
