# Server version 0.08 running on localhost:8123
# Game ID: 18
# Board class: Saboteur.SaboteurBoard
# Timeout: 20000
# First Move Timeout: 30000
# Date: Sat Mar 21 20:56:56 EDT 2020
# Player 1: Player-0, 'RandomPlayer', running on localhost
# Player 2: Player-1, 'RandomPlayer', running on localhost
START Player-0 RandomPlayer
START Player-1 RandomPlayer
BoardInit:Tile:7,Tile:14,Destroy,Tile:6,Tile:0,Bonus,Tile:7,Tile:5,Tile:8,Tile:10,Tile:6,Tile:2,Tile:9,Tile:0,Tile:5,Map,Tile:7,Bonus,Tile:9,Tile:8,Tile:1,Tile:9,Tile:11,Tile:8,Tile:6,Tile:13,Bonus,Destroy,Tile:7,Tile:15,Tile:0,Tile:7,Tile:8,Malus,Malus,Tile:9,Tile:5,Map,Tile:10-Tile:5,Map,Destroy,Tile:10,Map,Tile:9,Tile:3-Tile:12,Bonus,Tile:4,Tile:6,Tile:8,Tile:6,Tile:0-Tile:hidden1,Tile:hidden2,Tile:nugget
Tile:5 4 5 1
Tile:4_flip 4 6 0
Tile:3 6 5 1
Tile:6 6 6 0
Map 12 7 1
Drop 3 0 0
Destroy 4 6 1
Drop 6 0 0
Map 12 3 1
Tile:14 4 6 0
Tile:7_flip 5 6 1
Tile:10 5 4 0
Tile:8 7 6 1
Drop 6 0 0
Drop 5 0 1
Tile:6_flip 8 6 0
Tile:7 9 6 1
Tile:5_flip 8 7 0
Destroy 6 6 1
Tile:8 6 6 0
Tile:10 6 7 1
Tile:8 5 3 0
Drop 5 0 1
Tile:12_flip 3 6 0
Tile:9 7 5 1
Drop 0 0 0
Tile:6_flip 6 3 1
Tile:0 4 3 0
Tile:11 9 7 1
Map 12 7 0
Tile:9_flip 10 7 1
Drop 3 0 0
Tile:0 8 5 1
Tile:13 5 2 0
Drop 0 0 1
Tile:7_flip 10 8 0
Tile:7_flip 3 3 1
Destroy 10 7 0
Tile:5_flip 11 8 1
Map 12 5 0
Drop 2 0 1
Tile:9 6 8 0
Tile:0 4 2 1
Tile:9 7 7 0
Drop 3 0 1
Tile:15 9 8 0
Tile:8 3 2 1
Tile:0 6 2 0
Tile:10 7 4 1
Drop 1 0 0
Tile:1 2 2 1
Drop 0 0 0
Drop 0 0 1
GAMEOVER DRAW
# Game ended: Sat Mar 21 20:56:56 EDT 2020
