# Server version 0.08 running on localhost:8123
# Game ID: 82
# Board class: Saboteur.SaboteurBoard
# Timeout: 20000
# First Move Timeout: 30000
# Date: Sun Mar 22 23:54:47 EDT 2020
# Player 1: Player-0, 'xxxxxxxxx', running on localhost
# Player 2: Player-1, 'RandomPlayer', running on localhost
START Player-0 xxxxxxxxx
START Player-1 RandomPlayer
BoardInit:Tile:10,Tile:0,Malus,Tile:6,Tile:0,Tile:4,Tile:2,Tile:13,Tile:10,Map,Tile:0,Tile:5,Tile:8,Tile:5,Tile:12,Bonus,Map,Tile:7,Tile:15,Tile:7,Tile:7,Tile:9,Tile:1,Tile:8,Tile:9,Tile:9,Tile:5,Tile:9,Destroy,Destroy,Tile:14,Tile:9,Malus,Map,Tile:8,Tile:3,Tile:10,Tile:6,Tile:7-Tile:6,Tile:8,Map,Tile:5,Tile:6,Tile:8,Tile:11-Tile:6,Tile:7,Tile:0,Bonus,Bonus,Bonus,Destroy-Tile:hidden2,Tile:hidden1,Tile:nugget
Tile:6_flip 5 4 1
Tile:6_flip 4 5 0
Drop 5 0 1
Tile:0 4 4 0
Drop 1 0 1
Drop 1 0 0
Tile:6_flip 3 5 1
Drop 3 0 0
Tile:5_flip 6 5 1
Tile:4_flip 5 6 0
Tile:8 6 4 1
Tile:6_flip 6 3 0
Tile:2_flip 3 4 1
Tile:0 5 3 0
Tile:8 7 4 1
Tile:7 3 3 0
Tile:12_flip 4 3 1
Drop 2 0 0
Tile:8 2 5 1
Tile:5_flip 4 6 0
Tile:15 2 6 1
Tile:7_flip 3 6 0
Drop 5 0 1
Tile:9_flip 8 4 0
Tile:7_flip 2 3 1
Map 12 3 0
Tile:9 2 2 1
Drop 1 0 0
Drop 5 0 1
Tile:9_flip 7 3 0
Destroy 3 6 1
Tile:8 1 5 0
Tile:0 3 2 1
Tile:9_flip 2 7 0
Tile:10 7 5 1
Destroy 2 2 0
Tile:8 1 4 1
Tile:5_flip 2 8 0
Tile:5_flip 1 6 1
Tile:3_flip 3 6 0
Tile:10 1 3 1
Tile:9 8 5 0
Tile:7_flip 8 6 1
Tile:6_flip 2 4 0
Tile:14_flip 1 2 1
Tile:7_flip 1 8 0
Tile:0 4 2 1
Map 12 7 0
Drop 1 0 1
Drop 0 0 0
Tile:10 7 6 1
Drop 0 0 0
Drop 0 0 1
GAMEOVER DRAW
# Game ended: Sun Mar 22 23:54:47 EDT 2020
