# Server version 0.08 running on 192.168.2.11:8123
# Game ID: 155
# Board class: Saboteur.SaboteurBoard
# Timeout: 20000
# First Move Timeout: 30000
# Date: Mon Mar 23 23:32:01 EDT 2020
# Player 1: Player-0, 'xxxxxxxxx', running on 192.168.2.11
# Player 2: Player-1, 'RandomPlayer', running on 192.168.2.11
START Player-0 xxxxxxxxx
START Player-1 RandomPlayer
BoardInit:Tile:7,Tile:9,Map,Tile:12,Tile:10,Map,Tile:8,Tile:9,Tile:8,Tile:10,Tile:0,Tile:9,Tile:6,Map,Bonus,Destroy,Bonus,Tile:1,Tile:8,Malus,Malus,Map,Tile:3,Tile:5,Tile:11,Tile:5,Tile:6,Tile:13,Tile:9,Bonus,Tile:14,Tile:6,Tile:6,Destroy,Tile:0,Tile:4,Tile:7,Tile:0,Tile:9-Tile:7,Tile:0,Tile:8,Tile:5,Tile:15,Tile:10,Tile:8-Tile:2,Bonus,Tile:6,Tile:7,Tile:7,Destroy,Tile:5-Tile:hidden1,Tile:nugget,Tile:hidden2
Tile:7 6 5 1
Destroy 6 5 0
Tile:0 4 5 1
Tile:2 6 5 0
Tile:15 5 6 1
Tile:6 7 5 0
Tile:8 8 5 1
Map 12 3 0
Drop 0 0 1
Tile:7 9 5 0
Tile:10 8 4 1
Tile:7 8 3 0
Tile:8 9 6 1
Tile:5_flip 10 6 0
Tile:7 7 4 1
Map 12 3 0
Tile:8 5 4 1
Tile:9 10 5 0
Tile:6 11 5 1
Tile:9 11 4 0
Tile:8 12 4 1
Tile:10 11 3 0
Drop 5 0 1
Map 12 3 0
Tile:10 11 2 1
Destroy 11 3 0
Drop 3 0 1
Tile:9 11 3 0
Tile:6 5 7 1
Tile:12 13 4 0
Drop 3 0 1
Tile:5 11 1 0
Map 12 3 1
Tile:1 12 1 0
Tile:11_flip 6 7 1
Destroy 11 3 0
Tile:0 6 4 1
GAMEOVER WINNER 1
# Game ended: Mon Mar 23 23:32:01 EDT 2020
