# Server version 0.08 running on localhost:8123
# Game ID: 132
# Board class: Saboteur.SaboteurBoard
# Timeout: 20000
# First Move Timeout: 30000
# Date: Mon Mar 23 21:23:12 EDT 2020
# Player 1: Player-0, 'xxxxxxxxx', running on localhost
# Player 2: Player-1, 'RandomPlayer', running on localhost
START Player-0 xxxxxxxxx
START Player-1 RandomPlayer
BoardInit:Map,Tile:8,Tile:9,Tile:5,Tile:7,Tile:0,Tile:6,Tile:9,Map,Tile:0,Bonus,Map,Tile:6,Destroy,Destroy,Tile:10,Tile:8,Tile:8,Tile:0,Tile:2,Tile:9,Tile:6,Tile:8,Destroy,Tile:12,Tile:15,Tile:5,Tile:13,Tile:11,Tile:8,Tile:1,Tile:4,Tile:5,Tile:7,Tile:5,Tile:7,Tile:14,Malus,Tile:3-Bonus,Tile:0,Tile:7,Bonus,Tile:10,Bonus,Tile:6-Tile:10,Tile:7,Tile:9,Tile:9,Map,Malus,Tile:6-Tile:hidden1,Tile:nugget,Tile:hidden2
Tile:6 4 5 1
Map 12 3 0
Map 12 3 1
Tile:7 6 5 0
Tile:10 5 4 1
Tile:10 6 6 0
Tile:7 5 3 1
Tile:9 6 7 0
Drop 0 0 1
Tile:9_flip 7 7 0
Tile:6_flip 3 5 1
Tile:5 7 6 0
Tile:7 4 4 1
Map 12 3 0
Tile:6 4 3 1
Tile:6 8 6 0
Destroy 4 5 1
Tile:8 9 6 0
Tile:8 8 5 1
Tile:0 10 6 0
Tile:0 3 4 1
Tile:9_flip 11 6 0
Tile:9 3 6 1
Tile:10 11 5 0
Tile:9_flip 9 7 1
Destroy 11 5 0
Tile:8 11 5 1
GAMEOVER WINNER 1
# Game ended: Mon Mar 23 21:23:13 EDT 2020
