# Server version 0.08 running on localhost:8123
# Game ID: 175
# Board class: Saboteur.SaboteurBoard
# Timeout: 20000
# First Move Timeout: 30000
# Date: Tue Mar 24 00:31:11 EDT 2020
# Player 1: Player-0, 'xxxxxxxxx', running on localhost
# Player 2: Player-1, 'RandomPlayer', running on localhost
START Player-0 xxxxxxxxx
START Player-1 RandomPlayer
BoardInit:Tile:6,Tile:7,Tile:13,Tile:10,Tile:11,Tile:6,Tile:9,Tile:9,Tile:0,Tile:9,Tile:0,Destroy,Malus,Tile:8,Tile:9,Tile:0,Tile:8,Tile:7,Tile:9,Tile:1,Tile:10,Tile:8,Tile:8,Tile:6,Tile:7,Tile:6,Tile:5,Tile:6,Bonus,Tile:15,Tile:5,Map,Tile:2,Bonus,Map,Tile:10,Map,Destroy,Destroy-Bonus,Tile:14,Tile:5,Tile:5,Tile:7,Tile:4,Bonus-Tile:3,Malus,Map,Tile:7,Tile:12,Tile:0,Tile:8-Tile:nugget,Tile:hidden1,Tile:hidden2
Drop 2 0 1
Map 12 3 0
Tile:6_flip 6 5 1
Tile:3 7 5 0
Drop 4 0 1
Tile:7_flip 7 6 0
Tile:11_flip 8 6 1
Tile:8 8 7 0
Tile:5 5 4 1
Tile:12 9 7 0
Tile:14 6 4 1
Tile:10 8 5 0
Tile:9_flip 6 6 1
Destroy 9 7 0
Drop 1 0 1
Tile:0 9 7 0
Tile:0 4 5 1
Tile:7 10 7 0
Tile:13 8 8 1
Tile:6 10 8 0
Tile:9_flip 6 7 1
Tile:9_flip 11 8 0
Tile:9_flip 8 4 1
Tile:9 11 7 0
Tile:10 11 9 1
Tile:8 11 6 0
Tile:7 12 6 1
Tile:7 11 5 0
Tile:8 5 6 1
Tile:0 10 6 0
Tile:8 6 3 1
Tile:1 10 5 0
Tile:5 8 3 1
Map 12 3 0
Drop 5 0 1
Tile:6_flip 9 8 0
Tile:2 4 6 1
Tile:8 11 10 0
Map 12 5 1
Destroy 12 6 0
Drop 4 0 1
Tile:6 12 6 0
Destroy 12 6 1
Tile:6 12 6 0
Tile:0 9 3 1
Tile:15 9 9 0
Map 12 3 1
Tile:10 9 10 0
Malus 0 0 1
Malus 0 0 0
Bonus 0 0 1
Bonus 0 0 0
Drop 0 0 1
GAMEOVER DRAW
# Game ended: Tue Mar 24 00:31:11 EDT 2020
