# Server version 0.08 running on localhost:8123
# Game ID: 176
# Board class: Saboteur.SaboteurBoard
# Timeout: 20000
# First Move Timeout: 30000
# Date: Tue Mar 24 00:36:40 EDT 2020
# Player 1: Player-0, 'xxxxxxxxx', running on localhost
# Player 2: Player-1, 'RandomPlayer', running on localhost
START Player-0 xxxxxxxxx
START Player-1 RandomPlayer
BoardInit:Tile:6,Bonus,Tile:9,Bonus,Tile:2,Malus,Tile:7,Tile:0,Bonus,Tile:6,Tile:6,Tile:1,Tile:9,Tile:11,Tile:7,Tile:7,Tile:15,Tile:5,Bonus,Tile:14,Tile:3,Tile:9,Tile:5,Tile:8,Tile:5,Tile:5,Tile:4,Tile:6,Tile:10,Tile:8,Map,Tile:8,Tile:10,Tile:0,Tile:0,Tile:7,Map,Malus,Tile:10-Map,Destroy,Tile:0,Tile:12,Tile:13,Tile:9,Destroy-Destroy,Tile:8,Tile:9,Tile:7,Tile:6,Tile:8,Map-Tile:hidden1,Tile:nugget,Tile:hidden2
Tile:0 4 5 1
Map 12 3 0
Map 12 3 1
Tile:8 6 5 0
Tile:13 5 6 1
Tile:9_flip 7 5 0
Drop 2 0 1
Tile:7_flip 7 6 0
Destroy 6 5 1
Malus 0 0 0
Destroy 4 5 1
Tile:6 4 5 0
Bonus 0 0 1
Tile:8 3 5 0
Tile:6 8 6 1
Tile:0 2 5 0
Tile:9 1 5 1
Tile:6_flip 1 4 0
Tile:6 9 6 1
Tile:1 0 4 0
Tile:9_flip 6 6 1
Destroy 0 4 0
Tile:15 8 5 1
Tile:11 0 4 0
Tile:7 0 3 1
Tile:5_flip 0 5 0
Tile:12 2 4 1
Tile:7_flip 1 6 0
Tile:4 5 4 1
Tile:6_flip 2 6 0
Tile:2_flip 6 7 1
Tile:14 2 7 0
Map 12 3 1
Tile:5 1 7 0
Tile:5 7 4 1
Tile:9 1 8 0
Tile:10 3 4 1
Tile:8 1 9 0
Tile:5 3 3 1
Malus 0 0 0
Drop 2 0 1
Tile:8 0 9 0
Drop 3 0 1
Tile:8 0 10 0
Drop 0 0 1
Tile:7_flip 0 11 0
Map 12 3 1
Tile:0 1 11 0
Bonus 0 0 1
Drop 0 0 0
Tile:10 0 8 1
Drop 0 0 0
Tile:10 9 5 1
GAMEOVER DRAW
# Game ended: Tue Mar 24 00:36:41 EDT 2020
