# Server version 0.08 running on localhost:8123
# Game ID: 133
# Board class: Saboteur.SaboteurBoard
# Timeout: 20000
# First Move Timeout: 30000
# Date: Mon Mar 23 21:42:55 EDT 2020
# Player 1: Player-0, 'xxxxxxxxx', running on localhost
# Player 2: Player-1, 'RandomPlayer', running on localhost
START Player-0 xxxxxxxxx
START Player-1 RandomPlayer
BoardInit:Destroy,Tile:10,Tile:7,Tile:4,Tile:7,Tile:8,Tile:6,Tile:8,Tile:13,Tile:2,Tile:6,Tile:10,Tile:14,Map,Tile:12,Tile:0,Tile:5,Destroy,Bonus,Bonus,Tile:7,Tile:9,Tile:9,Tile:5,Bonus,Tile:7,Tile:3,Tile:11,Tile:9,Tile:6,Destroy,Tile:6,Tile:0,Malus,Tile:0,Bonus,Tile:10,Map,Tile:15-Tile:8,Tile:5,Map,Malus,Tile:9,Tile:9,Tile:6-Tile:7,Tile:8,Tile:0,Tile:5,Tile:1,Tile:8,Map-Tile:nugget,Tile:hidden2,Tile:hidden1
Map 12 5 1
Map 12 3 0
Tile:9_flip 5 4 1
Tile:7 6 5 0
Drop 2 0 1
Tile:8 6 6 0
Tile:8 5 6 1
Tile:0 7 6 0
Tile:7_flip 6 7 1
Tile:5_flip 8 6 0
Destroy 5 4 1
Tile:8 8 5 0
Tile:6 4 6 1
Tile:1 9 5 0
Drop 3 0 1
Map 12 3 0
Tile:13 10 5 1
Tile:8 11 5 0
Tile:5 8 4 1
Destroy 11 5 0
Tile:5 3 6 1
Tile:8 11 5 0
Tile:9_flip 5 7 1
Tile:10 11 4 0
Tile:12_flip 4 7 1
Tile:4_flip 11 6 0
Tile:9_flip 10 4 1
Tile:2 11 3 0
Tile:7_flip 7 5 1
Tile:10 10 6 0
Tile:6 5 8 1
Tile:9 10 3 0
Tile:3_flip 10 7 1
Tile:0 11 7 0
Tile:9_flip 3 7 1
Tile:6 9 4 0
Tile:7 9 3 1
Tile:5 10 2 0
Tile:0 8 3 1
Map 12 3 0
Destroy 6 7 1
Tile:6 11 2 0
Tile:10 11 1 1
Tile:7 12 2 0
GAMEOVER WINNER 0
# Game ended: Mon Mar 23 21:42:55 EDT 2020
