# Server version 0.08 running on 192.168.2.11:8123
# Game ID: 156
# Board class: Saboteur.SaboteurBoard
# Timeout: 20000
# First Move Timeout: 30000
# Date: Mon Mar 23 23:32:27 EDT 2020
# Player 1: Player-0, 'xxxxxxxxx', running on 192.168.2.11
# Player 2: Player-1, 'xxxxxxxxx', running on 192.168.2.11
START Player-0 xxxxxxxxx
START Player-1 xxxxxxxxx
BoardInit:Tile:6,Tile:10,Bonus,Tile:2,Tile:10,Destroy,Tile:6,Tile:9,Tile:7,Map,Tile:9,Tile:0,Map,Tile:14,Malus,Tile:0,Tile:11,Tile:7,Tile:5,Tile:1,Tile:6,Tile:6,Tile:7,Tile:5,Map,Tile:5,Tile:9,Bonus,Map,Tile:8,Tile:6,Tile:12,Bonus,Tile:13,Tile:3,Destroy,Bonus,Tile:0,Tile:8-Tile:8,Tile:9,Tile:10,Tile:9,Destroy,Tile:8,Tile:7-Tile:15,Tile:8,Tile:4,Tile:0,Tile:5,Tile:7,Malus-Tile:hidden2,Tile:hidden1,Tile:nugget
Tile:8 6 5 1
Tile:8 7 5 0
Tile:9_flip 8 5 1
Tile:15 8 4 0
Destroy 8 5 1
Tile:5_flip 8 5 0
Tile:10 8 3 1
Destroy 8 5 0
Tile:9_flip 8 5 1
Tile:4_flip 8 6 0
Tile:8 8 2 1
Map 12 3 0
Tile:7 9 2 1
Tile:7_flip 9 3 0
Map 12 3 1
Tile:0 10 3 0
Tile:6 11 3 1
Tile:10 11 2 0
Tile:10 7 6 1
Tile:2 11 1 0
Tile:6 12 1 1
Tile:9_flip 13 1 0
Tile:7_flip 13 2 1
Tile:14 7 7 0
Tile:9 10 1 1
Tile:7 7 4 0
Map 12 3 1
Tile:6_flip 12 0 0
Tile:11_flip 6 6 1
Tile:0 11 0 0
Map 12 3 1
Tile:8 13 0 0
Tile:6 6 7 1
Tile:5 10 0 0
Tile:5 6 4 1
Tile:5 8 1 0
Tile:7_flip 7 2 1
Destroy 11 3 0
Tile:9_flip 11 3 1
Tile:13 11 4 0
Tile:6 11 5 1
Tile:0 12 4 0
Tile:3 13 4 1
Tile:1 10 5 0
Tile:8 13 5 1
Tile:12_flip 10 4 0
Malus 0 0 1
Malus 0 0 0
Bonus 0 0 1
Bonus 0 0 0
Drop 0 0 1
Tile:0 5 7 0
Drop 0 0 1
GAMEOVER DRAW
# Game ended: Mon Mar 23 23:32:27 EDT 2020
