# Server version 0.08 running on localhost:8123
# Game ID: 48
# Board class: Saboteur.SaboteurBoard
# Timeout: 20000
# First Move Timeout: 30000
# Date: Sun Mar 22 15:26:21 EDT 2020
# Player 1: Player-0, 'xxxxxxxxx', running on localhost
# Player 2: Player-1, 'RandomPlayer', running on localhost
START Player-0 xxxxxxxxx
START Player-1 RandomPlayer
BoardInit:Destroy,Bonus,Bonus,Tile:2,Tile:8,Tile:7,Bonus,Tile:9,Tile:5,Destroy,Tile:4,Map,Tile:0,Tile:8,Tile:10,Malus,Tile:13,Tile:6,Tile:15,Tile:11,Tile:6,Tile:6,Tile:9,Tile:0,Tile:3,Bonus,Tile:5,Tile:7,Tile:0,Tile:0,Tile:6,Tile:7,Map,Tile:8,Malus,Tile:1,Tile:12,Tile:9,Tile:8-Tile:14,Tile:7,Destroy,Tile:9,Tile:7,Tile:5,Map-Tile:5,Tile:9,Tile:10,Map,Tile:10,Tile:6,Tile:8-Tile:hidden1,Tile:hidden2,Tile:nugget
Tile:5 4 5 1
Map 12 5 0
Tile:7 6 5 1
Tile:5_flip 6 6 0
Tile:7 5 4 1
Tile:9 5 6 0
Destroy 5 6 1
Tile:6 5 6 0
Tile:9 4 6 1
Drop 6 0 0
Tile:14 4 7 1
Destroy 6 5 0
Drop 4 0 1
Map 12 5 0
Drop 5 0 1
Tile:8 6 5 0
Destroy 5 6 1
Tile:2 7 5 0
Tile:10 6 4 1
Tile:7 8 5 0
Tile:0 4 4 1
Tile:10 8 6 0
Tile:6 3 7 1
Tile:10 8 7 0
Tile:8 6 3 1
Tile:8 8 8 0
Map 12 3 1
Tile:6 9 8 0
Tile:9_flip 8 9 1
Tile:11_flip 10 8 0
Tile:15 3 6 1
Tile:6_flip 10 7 0
Tile:5 3 4 1
Tile:0 11 7 0
Tile:0 5 3 1
Tile:7_flip 10 9 0
Drop 6 0 1
Tile:0 11 9 0
Tile:5_flip 8 10 1
Tile:9 9 7 0
Tile:6 2 7 1
Tile:7 12 9 0
Tile:3_flip 7 9 1
Tile:8 12 10 0
Tile:13 5 6 1
Tile:1 11 10 0
Drop 0 0 1
Drop 2 0 0
Map 12 3 1
Drop 1 0 0
Tile:12 7 3 1
Drop 0 0 0
Drop 0 0 1
GAMEOVER DRAW
# Game ended: Sun Mar 22 15:26:21 EDT 2020
