# Server version 0.08 running on localhost:8123
# Game ID: 174
# Board class: Saboteur.SaboteurBoard
# Timeout: 20000
# First Move Timeout: 30000
# Date: Tue Mar 24 00:30:43 EDT 2020
# Player 1: Player-0, 'xxxxxxxxx', running on localhost
# Player 2: Player-1, 'RandomPlayer', running on localhost
START Player-0 xxxxxxxxx
START Player-1 RandomPlayer
BoardInit:Tile:6,Bonus,Map,Tile:0,Destroy,Tile:5,Bonus,Tile:8,Tile:6,Tile:13,Tile:7,Tile:9,Malus,Tile:6,Tile:0,Map,Tile:6,Tile:0,Tile:9,Tile:12,Tile:15,Tile:10,Tile:14,Map,Tile:1,Tile:5,Destroy,Tile:4,Tile:9,Tile:8,Malus,Tile:5,Tile:7,Tile:9,Tile:11,Tile:6,Tile:10,Bonus,Tile:9-Tile:8,Tile:7,Tile:10,Tile:7,Tile:8,Bonus,Tile:2-Tile:7,Tile:5,Tile:8,Destroy,Tile:3,Tile:0,Map-Tile:hidden1,Tile:hidden2,Tile:nugget
Tile:2 4 5 1
Map 12 3 0
Tile:10 4 6 1
Tile:7 6 5 0
Map 12 3 1
Tile:5_flip 6 6 0
Drop 2 0 1
Destroy 6 6 0
Destroy 6 5 1
Tile:8 6 5 0
Tile:8 3 5 1
Tile:3 7 5 0
Tile:7_flip 5 6 1
Tile:5_flip 7 6 0
Drop 2 0 1
Tile:8 6 6 0
Tile:6_flip 6 4 1
Map 12 3 0
Tile:6 7 4 1
Tile:0 8 4 0
Tile:8 3 4 1
Tile:0 9 4 0
Tile:7_flip 6 7 1
Tile:13 10 4 0
Tile:14_flip 7 3 1
Map 12 3 0
Tile:0 8 3 1
Tile:9_flip 11 4 0
Destroy 4 5 1
Tile:6 11 5 0
Malus 0 0 1
Bonus 0 0 0
Tile:15 3 6 1
Tile:8 10 5 0
Tile:1 2 4 1
Tile:10 10 6 0
Tile:11 11 3 1
Tile:5_flip 10 7 0
Tile:10 11 2 1
Tile:0 9 5 0
Tile:9 3 3 1
Tile:12_flip 9 7 0
Tile:9 3 2 1
Tile:4 10 3 0
Drop 3 0 1
Tile:5 8 5 0
Tile:9_flip 4 4 1
Tile:9 8 6 0
Malus 0 0 1
Bonus 0 0 0
Drop 0 0 1
Tile:6_flip 11 1 0
Drop 0 0 1
GAMEOVER DRAW
# Game ended: Tue Mar 24 00:30:44 EDT 2020
