# Server version 0.08 running on localhost:8123
# Game ID: 79
# Board class: Saboteur.SaboteurBoard
# Timeout: 20000
# First Move Timeout: 30000
# Date: Sun Mar 22 23:08:51 EDT 2020
# Player 1: Player-0, 'xxxxxxxxx', running on localhost
# Player 2: Player-1, 'RandomPlayer', running on localhost
START Player-0 xxxxxxxxx
START Player-1 RandomPlayer
BoardInit:Tile:7,Destroy,Tile:5,Map,Tile:3,Tile:7,Tile:9,Tile:0,Tile:13,Tile:9,Tile:10,Tile:7,Tile:5,Tile:5,Bonus,Tile:9,Tile:0,Malus,Tile:10,Tile:8,Map,Tile:6,Tile:2,Tile:9,Tile:6,Bonus,Tile:1,Tile:8,Destroy,Tile:6,Tile:0,Tile:6,Tile:4,Tile:11,Map,Tile:15,Tile:8,Tile:7,Tile:12-Tile:7,Bonus,Destroy,Tile:14,Tile:5,Bonus,Map-Tile:9,Tile:0,Tile:8,Tile:10,Tile:8,Tile:6,Malus-Tile:nugget,Tile:hidden1,Tile:hidden2
Tile:5 5 4 1
Tile:9_flip 6 5 0
Destroy 5 4 1
Destroy 6 5 0
Tile:14_flip 4 5 1
Map 12 3 0
Tile:7 5 4 1
Tile:0 6 5 0
Tile:3_flip 5 6 1
Tile:8 7 5 0
Tile:7 6 6 1
Tile:8 8 5 0
Tile:9_flip 6 7 1
Tile:6 9 5 0
Tile:10 6 8 1
Tile:7 10 5 0
Tile:5_flip 4 6 1
Tile:10 10 6 0
Tile:13 10 7 1
Tile:0 11 7 0
Tile:0 9 7 1
Tile:9 9 4 0
Map 12 5 1
Tile:5_flip 10 4 0
Tile:5_flip 10 8 1
Tile:7 10 3 0
Tile:10 8 4 1
Tile:9 9 3 0
Drop 6 0 1
Tile:6_flip 9 8 0
Destroy 11 7 1
Tile:8 11 7 0
Tile:0 5 7 1
Tile:9 11 6 0
Tile:6_flip 4 7 1
Tile:8 12 6 0
Tile:4_flip 7 6 1
Tile:6 13 6 0
Tile:2_flip 8 8 1
Tile:11_flip 8 3 0
Tile:12_flip 4 4 1
Tile:15 11 5 0
Map 12 5 1
Tile:7 13 5 0
Tile:8 4 8 1
Tile:6_flip 9 2 0
Drop 3 0 1
Malus 0 0 0
Bonus 0 0 1
Malus 0 0 0
Bonus 0 0 1
Drop 0 0 0
Drop 0 0 1
GAMEOVER DRAW
# Game ended: Sun Mar 22 23:08:51 EDT 2020
