# Server version 0.08 running on localhost:8123
# Game ID: 207
# Board class: Saboteur.SaboteurBoard
# Timeout: 20000
# First Move Timeout: 30000
# Date: Tue Mar 24 00:49:46 EDT 2020
# Player 1: Player-0, 'xxxxxxxxx', running on localhost
# Player 2: Player-1, 'RandomPlayer', running on localhost
START Player-0 xxxxxxxxx
START Player-1 RandomPlayer
BoardInit:Tile:3,Tile:10,Bonus,Bonus,Tile:9,Tile:2,Destroy,Tile:7,Tile:0,Tile:7,Tile:15,Destroy,Tile:4,Map,Tile:8,Tile:6,Tile:8,Tile:8,Tile:0,Tile:5,Destroy,Tile:0,Tile:8,Bonus,Tile:6,Tile:9,Tile:10,Tile:1,Malus,Tile:6,Tile:10,Tile:9,Map,Tile:11,Tile:14,Map,Malus,Tile:13,Tile:5-Tile:5,Tile:0,Tile:5,Tile:7,Tile:7,Tile:7,Tile:8-Tile:6,Map,Tile:9,Tile:6,Bonus,Tile:12,Tile:9-Tile:hidden1,Tile:nugget,Tile:hidden2
Tile:7 6 5 1
Map 12 3 0
Tile:7_flip 5 6 1
Tile:10 5 4 0
Tile:8 5 3 1
Tile:9_flip 6 3 0
Tile:3_flip 4 5 1
Tile:9_flip 6 2 0
Tile:7_flip 6 4 1
Tile:7 7 4 0
Drop 0 0 1
Tile:7 6 1 0
Drop 2 0 1
Destroy 7 4 0
Tile:0 4 3 1
Map 12 3 0
Tile:5_flip 6 6 1
Tile:6 7 4 0
Tile:9 3 3 1
Tile:8 8 4 0
Tile:4_flip 8 5 1
Tile:6 9 4 0
Destroy 6 2 1
Tile:6 10 4 0
Destroy 6 4 1
Tile:12 11 4 0
Tile:8 6 2 1
Tile:9_flip 7 2 0
Drop 2 0 1
Tile:5 7 1 0
Tile:0 5 1 1
Tile:6 8 1 0
Tile:15 3 2 1
Tile:9_flip 9 1 0
Tile:10 3 4 1
Tile:2_flip 9 2 0
Drop 3 0 1
Map 12 3 0
Tile:10 9 0 1
Tile:11 7 3 0
Tile:5 3 1 1
Tile:13 10 3 0
Tile:6_flip 9 3 1
Tile:0 11 3 0
Tile:0 4 1 1
Drop 0 0 0
Tile:14_flip 8 2 1
Drop 0 0 0
Tile:8 8 3 1
Drop 0 0 0
Map 12 3 1
Drop 0 0 0
Drop 0 0 1
GAMEOVER DRAW
# Game ended: Tue Mar 24 00:49:48 EDT 2020
