# Server version 0.08 running on localhost:8123
# Game ID: 210
# Board class: Saboteur.SaboteurBoard
# Timeout: 20000
# First Move Timeout: 30000
# Date: Tue Mar 24 00:54:35 EDT 2020
# Player 1: Player-0, 'xxxxxxxxx', running on localhost
# Player 2: Player-1, 'RandomPlayer', running on localhost
START Player-0 xxxxxxxxx
START Player-1 RandomPlayer
BoardInit:Bonus,Tile:4,Map,Tile:14,Tile:8,Tile:7,Tile:7,Destroy,Tile:5,Tile:15,Tile:8,Destroy,Tile:3,Tile:8,Tile:9,Tile:11,Tile:7,Tile:5,Tile:5,Tile:6,Bonus,Tile:0,Map,Tile:10,Tile:13,Tile:10,Bonus,Tile:0,Tile:6,Tile:6,Tile:5,Destroy,Malus,Tile:9,Map,Tile:0,Tile:6,Bonus,Tile:8-Map,Malus,Tile:2,Tile:8,Tile:12,Tile:9,Tile:7-Tile:6,Tile:1,Tile:9,Tile:9,Tile:10,Tile:7,Tile:0-Tile:hidden1,Tile:hidden2,Tile:nugget
Tile:9_flip 5 4 1
Tile:10 5 6 0
Tile:2_flip 4 5 1
Tile:9_flip 6 5 0
Map 12 3 1
Tile:9_flip 5 3 0
Tile:8 4 4 1
Tile:7 5 2 0
Drop 0 0 1
Destroy 6 5 0
Tile:12 6 5 1
Tile:7_flip 5 7 0
Map 12 5 1
Destroy 6 5 0
Tile:3 6 5 1
Tile:8 6 7 0
Drop 5 0 1
Tile:6 7 7 0
Tile:9_flip 8 7 1
Tile:4 8 6 0
Tile:5 3 5 1
Tile:6 8 8 0
Tile:7_flip 6 8 1
Tile:1 9 8 0
Drop 4 0 1
Tile:10 7 6 0
Map 12 5 1
Tile:10 7 5 0
Tile:7_flip 3 6 1
Tile:14_flip 7 4 0
Tile:7_flip 4 2 1
Tile:6 10 8 0
Tile:6 3 4 1
Destroy 9 8 0
Drop 4 0 1
Tile:9_flip 10 7 0
Drop 6 0 1
Tile:0 9 8 0
Tile:6_flip 10 6 1
Tile:11_flip 11 6 0
Tile:8 2 4 1
Tile:5_flip 11 8 0
Tile:5 2 3 1
Tile:15 11 7 0
Drop 3 0 1
Tile:0 7 8 0
Tile:13 8 4 1
Tile:0 9 4 0
Tile:8 3 3 1
Tile:0 10 4 0
Drop 0 0 1
Drop 0 0 0
Drop 0 0 1
GAMEOVER DRAW
# Game ended: Tue Mar 24 00:54:35 EDT 2020
