# Server version 0.08 running on localhost:8123
# Game ID: 112
# Board class: Saboteur.SaboteurBoard
# Timeout: 20000
# First Move Timeout: 30000
# Date: Mon Mar 23 17:05:47 EDT 2020
# Player 1: Player-0, 'xxxxxxxxx', running on localhost
# Player 2: Player-1, 'RandomPlayer', running on localhost
START Player-0 xxxxxxxxx
START Player-1 RandomPlayer
BoardInit:Tile:4,Tile:8,Tile:12,Tile:5,Tile:10,Tile:5,Tile:9,Bonus,Tile:0,Bonus,Tile:1,Tile:10,Map,Tile:5,Tile:0,Tile:6,Tile:7,Tile:7,Map,Tile:11,Map,Tile:10,Tile:8,Tile:7,Tile:8,Tile:14,Tile:7,Tile:5,Tile:9,Tile:6,Malus,Destroy,Destroy,Tile:9,Destroy,Tile:8,Map,Tile:2,Tile:0-Tile:6,Tile:3,Tile:0,Tile:13,Bonus,Bonus,Tile:6-Malus,Tile:9,Tile:7,Tile:8,Tile:15,Tile:6,Tile:9-Tile:hidden2,Tile:hidden1,Tile:nugget
Tile:6 6 5 1
Tile:9_flip 7 5 0
Tile:13 6 4 1
Tile:7 7 4 0
Tile:6 7 6 1
Tile:8 8 6 0
Tile:3 9 6 1
Tile:15 9 7 0
Tile:12_flip 6 6 1
Tile:9 8 5 0
Tile:10 8 7 1
Tile:6 9 5 0
Tile:4_flip 9 8 1
Tile:8 10 5 0
Drop 3 0 1
Tile:5_flip 11 5 0
Drop 5 0 1
Tile:5 11 4 0
Tile:7_flip 10 6 1
Tile:5_flip 12 4 0
Tile:0 11 6 1
Tile:6 12 6 0
Tile:1 11 3 1
Tile:7 13 5 0
Tile:8 13 6 1
Tile:10 13 7 0
Tile:8 13 8 1
Tile:11_flip 13 3 0
Tile:7 13 2 1
Tile:7_flip 13 4 0
Tile:9 8 4 1
Tile:10 10 4 0
Drop 2 0 1
Destroy 12 4 0
Destroy 11 4 1
Tile:9_flip 12 4 0
Destroy 9 6 1
Tile:14_flip 11 4 0
Drop 6 0 1
Tile:5 12 2 0
Drop 1 0 1
Tile:6 12 8 0
GAMEOVER WINNER 0
# Game ended: Mon Mar 23 17:05:52 EDT 2020
