# Server version 0.08 running on localhost:8123
# Game ID: 122
# Board class: Saboteur.SaboteurBoard
# Timeout: 20000
# First Move Timeout: 30000
# Date: Mon Mar 23 17:29:32 EDT 2020
# Player 1: Player-0, 'xxxxxxxxx', running on localhost
# Player 2: Player-1, 'RandomPlayer', running on localhost
START Player-0 xxxxxxxxx
START Player-1 RandomPlayer
BoardInit:Tile:6,Destroy,Tile:7,Tile:14,Tile:7,Map,Tile:10,Tile:5,Tile:6,Tile:12,Tile:0,Tile:0,Tile:10,Tile:6,Bonus,Tile:10,Tile:1,Tile:5,Tile:8,Tile:6,Bonus,Tile:9,Tile:7,Tile:7,Map,Tile:15,Map,Tile:5,Destroy,Tile:6,Tile:0,Tile:4,Tile:9,Tile:8,Tile:13,Malus,Tile:9,Tile:3,Tile:9-Tile:11,Tile:5,Tile:7,Tile:8,Bonus,Tile:8,Tile:9-Tile:0,Destroy,Tile:8,Map,Bonus,Tile:2,Malus-Tile:nugget,Tile:hidden2,Tile:hidden1
Tile:7 5 4 1
Map 12 3 0
Tile:9 5 6 1
Tile:0 6 5 0
Tile:6 7 5 1
Tile:8 8 5 0
Tile:5_flip 8 6 1
Map 12 3 0
Tile:7 6 6 1
Tile:2 9 5 0
Tile:11_flip 6 7 1
Tile:14 10 5 0
Tile:7 8 4 1
Destroy 10 5 0
Tile:0 4 5 1
Tile:5_flip 10 5 0
Drop 0 0 1
Destroy 10 5 0
Drop 3 0 1
Tile:12 10 5 0
Tile:8 6 8 1
Tile:10 9 6 0
Tile:1 7 8 1
Tile:6 9 7 0
Tile:7 8 8 1
Tile:0 10 7 0
Map 12 7 1
Tile:5_flip 11 7 0
Tile:8 7 4 1
Tile:6_flip 11 6 0
Tile:10 6 9 1
Tile:9_flip 12 6 0
Drop 1 0 1
Tile:5 7 6 0
Destroy 11 6 1
Tile:6_flip 11 6 0
Tile:9_flip 6 10 1
Tile:7 7 3 0
Tile:0 8 7 1
Tile:3_flip 7 7 0
Drop 2 0 1
Tile:15 8 9 0
Tile:13 5 8 1
Tile:4_flip 8 10 0
Drop 3 0 1
Tile:8 6 3 0
Tile:9_flip 6 2 1
Malus 0 0 0
Bonus 0 0 1
Malus 0 0 0
Bonus 0 0 1
Drop 0 0 0
Map 12 7 1
GAMEOVER DRAW
# Game ended: Mon Mar 23 17:29:32 EDT 2020
