# Server version 0.08 running on localhost:8123
# Game ID: 111
# Board class: Saboteur.SaboteurBoard
# Timeout: 20000
# First Move Timeout: 30000
# Date: Mon Mar 23 17:05:03 EDT 2020
# Player 1: Player-0, 'xxxxxxxxx', running on localhost
# Player 2: Player-1, 'RandomPlayer', running on localhost
START Player-0 xxxxxxxxx
START Player-1 RandomPlayer
BoardInit:Map,Tile:13,Tile:1,Tile:15,Tile:7,Bonus,Malus,Malus,Tile:8,Tile:9,Map,Tile:10,Map,Tile:6,Tile:9,Tile:7,Tile:0,Tile:9,Tile:0,Destroy,Tile:14,Tile:3,Tile:5,Destroy,Tile:11,Tile:10,Tile:6,Map,Tile:6,Tile:0,Tile:10,Tile:7,Tile:5,Tile:7,Tile:5,Tile:8,Bonus,Tile:9,Tile:6-Destroy,Tile:7,Bonus,Tile:6,Tile:0,Tile:2,Bonus-Tile:8,Tile:12,Tile:4,Tile:8,Tile:8,Tile:9,Tile:5-Tile:hidden1,Tile:hidden2,Tile:nugget
Drop 2 0 1
Tile:8 6 5 0
Tile:0 4 5 1
Tile:12 7 5 0
Drop 4 0 1
Tile:4 6 4 0
Drop 2 0 1
Tile:8 6 6 0
Tile:7 7 6 1
Tile:8 7 7 0
Tile:7_flip 3 5 1
Tile:9_flip 8 7 0
Tile:2 3 4 1
Tile:5 8 6 0
Map 12 7 1
Tile:13 9 6 0
Tile:9 6 7 1
Tile:9_flip 10 6 0
Tile:8 2 4 1
Tile:15 10 5 0
Destroy 4 5 1
Destroy 10 5 0
Map 12 7 1
Tile:10 10 5 0
Map 12 7 1
Destroy 10 5 0
Tile:11 10 7 1
Tile:6 11 7 0
Tile:6 4 4 1
Map 12 3 0
Tile:6_flip 10 5 1
Tile:7 11 5 0
Tile:10 11 6 1
Tile:9 9 5 0
Tile:14 7 8 1
Tile:3 9 4 0
Tile:5 4 3 1
Tile:10 10 8 0
Tile:0 4 5 1
Tile:0 8 4 0
Drop 4 0 1
Tile:7_flip 10 9 0
Tile:5 2 3 1
Tile:7 11 9 0
Tile:0 1 4 1
Tile:8 11 10 0
Drop 0 0 1
Tile:9_flip 12 10 0
Malus 0 0 1
Bonus 0 0 0
Drop 0 0 1
Malus 0 0 0
Drop 0 0 1
GAMEOVER DRAW
# Game ended: Mon Mar 23 17:05:09 EDT 2020
