# Server version 0.08 running on localhost:8123
# Game ID: 104
# Board class: Saboteur.SaboteurBoard
# Timeout: 20000
# First Move Timeout: 30000
# Date: Mon Mar 23 16:55:41 EDT 2020
# Player 1: Player-0, 'xxxxxxxxx', running on localhost
# Player 2: Player-1, 'RandomPlayer', running on localhost
START Player-0 xxxxxxxxx
START Player-1 RandomPlayer
BoardInit:Tile:6,Tile:7,Tile:5,Destroy,Tile:6,Tile:10,Malus,Tile:5,Tile:7,Tile:8,Bonus,Tile:2,Tile:6,Tile:12,Tile:7,Tile:8,Tile:15,Tile:8,Tile:5,Malus,Tile:7,Map,Tile:6,Tile:9,Tile:0,Destroy,Map,Tile:8,Map,Tile:9,Map,Bonus,Tile:10,Tile:6,Tile:4,Tile:7,Tile:0,Bonus,Tile:11-Bonus,Tile:10,Tile:9,Tile:13,Tile:0,Tile:0,Tile:1-Tile:9,Tile:5,Tile:8,Destroy,Tile:3,Tile:9,Tile:14-Tile:hidden1,Tile:nugget,Tile:hidden2
Drop 2 0 1
Tile:9_flip 6 5 0
Tile:13 5 6 1
Destroy 6 5 0
Tile:5_flip 6 6 1
Tile:8 6 5 0
Tile:6_flip 7 5 1
Tile:5_flip 8 5 0
Tile:6_flip 5 4 1
Destroy 8 5 0
Tile:0 4 4 1
Tile:3 8 5 0
Drop 0 0 1
Tile:9 8 6 0
Tile:6_flip 4 5 1
Tile:14 9 6 0
Tile:7 6 4 1
Tile:10 9 5 0
Tile:1 3 5 1
Tile:7 9 4 0
Tile:10 7 6 1
Tile:2_flip 8 4 0
Tile:7_flip 7 7 1
Map 12 3 0
Tile:6_flip 2 5 1
Tile:5 8 3 0
Tile:7_flip 1 5 1
Destroy 9 5 0
Drop 3 0 1
Tile:9 9 5 0
Tile:5_flip 9 3 1
Tile:8 10 5 0
Tile:0 3 4 1
Tile:12 11 5 0
Tile:10 9 2 1
Tile:9 10 4 0
Tile:4_flip 5 7 1
Tile:6 11 4 0
Malus 0 0 1
Malus 0 0 0
Drop 4 0 1
Bonus 0 0 0
Drop 5 0 1
Tile:8 12 4 0
Drop 3 0 1
Tile:8 8 7 0
Map 12 3 1
Tile:7 9 7 0
Bonus 0 0 1
Tile:8 4 6 0
Tile:0 2 4 1
Drop 0 0 0
Tile:0 13 4 1
GAMEOVER DRAW
# Game ended: Mon Mar 23 16:55:41 EDT 2020
