# Server version 0.08 running on localhost:8123
# Game ID: 130
# Board class: Saboteur.SaboteurBoard
# Timeout: 20000
# First Move Timeout: 30000
# Date: Mon Mar 23 21:19:55 EDT 2020
# Player 1: Player-0, 'xxxxxxxxx', running on localhost
# Player 2: Player-1, 'RandomPlayer', running on localhost
START Player-0 xxxxxxxxx
START Player-1 RandomPlayer
BoardInit:Malus,Tile:0,Tile:12,Tile:5,Tile:7,Tile:8,Tile:15,Tile:8,Tile:6,Tile:1,Map,Tile:8,Tile:7,Tile:6,Tile:14,Tile:5,Tile:6,Tile:4,Tile:7,Tile:9,Tile:6,Tile:5,Tile:5,Tile:10,Destroy,Tile:10,Tile:7,Tile:13,Tile:11,Bonus,Bonus,Tile:8,Tile:10,Tile:2,Tile:9,Map,Tile:0,Tile:9,Destroy-Map,Malus,Bonus,Map,Tile:3,Tile:0,Tile:9-Tile:7,Tile:6,Destroy,Tile:0,Tile:8,Tile:9,Bonus-Tile:nugget,Tile:hidden1,Tile:hidden2
Map 12 7 1
Tile:7_flip 4 5 0
Drop 1 0 1
Tile:6_flip 4 4 0
Map 12 5 1
Tile:0 3 4 0
Tile:12_flip 2 4 1
Destroy 2 4 0
Tile:7 5 4 1
Tile:8 2 4 0
Drop 1 0 1
Tile:9 1 4 0
Tile:9 2 5 1
Tile:5 1 3 0
Tile:15 1 5 1
Tile:8 1 6 0
Drop 0 0 1
Tile:0 0 6 0
Drop 1 0 1
Tile:8 1 7 0
Tile:14 2 6 1
Tile:1 0 7 0
Tile:6_flip 6 5 1
Tile:8 1 8 0
Tile:7 3 5 1
Tile:6_flip 0 8 0
Tile:6_flip 2 3 1
Tile:5_flip 0 9 0
Tile:5_flip 3 3 1
Tile:4_flip 1 9 0
Drop 6 0 1
Tile:9_flip 2 8 0
Destroy 5 4 1
Tile:10 2 9 0
Tile:7_flip 3 6 1
Tile:5_flip 2 10 0
Tile:9 5 6 1
Tile:2 1 10 0
Tile:0 0 10 1
Tile:10 1 11 0
Drop 0 0 1
Tile:13 1 12 0
Tile:6 2 12 1
Tile:8 0 12 0
Drop 3 0 1
Map 12 3 0
Destroy 1 7 1
Tile:9 0 13 0
Drop 2 0 1
Drop 0 0 0
Tile:7 4 6 1
Drop 0 0 0
Drop 0 0 1
GAMEOVER DRAW
# Game ended: Mon Mar 23 21:19:56 EDT 2020
