# Server version 0.08 running on 192.168.2.11:8123
# Game ID: 194
# Board class: Saboteur.SaboteurBoard
# Timeout: 20000
# First Move Timeout: 30000
# Date: Tue Mar 24 00:45:48 EDT 2020
# Player 1: Player-0, 'xxxxxxxxx', running on 192.168.2.11
# Player 2: Player-1, 'RandomPlayer', running on 192.168.2.11
START Player-0 xxxxxxxxx
START Player-1 RandomPlayer
BoardInit:Tile:3,Destroy,Tile:7,Tile:8,Tile:10,Tile:9,Destroy,Tile:6,Tile:6,Tile:7,Tile:5,Tile:6,Bonus,Tile:8,Tile:5,Bonus,Tile:10,Map,Tile:5,Tile:9,Tile:12,Tile:11,Tile:6,Tile:0,Tile:10,Tile:15,Map,Bonus,Tile:9,Tile:8,Tile:7,Tile:8,Tile:0,Tile:9,Tile:7,Tile:1,Tile:13,Map,Tile:14-Tile:9,Tile:6,Tile:7,Malus,Tile:0,Bonus,Destroy-Tile:0,Map,Tile:2,Tile:8,Tile:5,Malus,Tile:4-Tile:nugget,Tile:hidden1,Tile:hidden2
Tile:9 4 5 1
Map 12 3 0
Tile:7 6 5 1
Destroy 6 5 0
Tile:0 6 5 1
Malus 0 0 0
Drop 2 0 1
Tile:9_flip 7 5 0
Destroy 4 5 1
Tile:8 7 6 0
Drop 1 0 1
Tile:8 8 6 0
Drop 6 0 1
Tile:7 9 6 0
Drop 2 0 1
Tile:8 9 7 0
Drop 5 0 1
Tile:6 10 7 0
Drop 3 0 1
Map 12 3 0
Drop 2 0 1
Tile:9_flip 11 7 0
Drop 0 0 1
Tile:6 11 8 0
Drop 2 0 1
Tile:2 11 6 0
Drop 0 0 1
Tile:0 12 8 0
Drop 4 0 1
Tile:5 10 6 0
Map 12 3 1
Tile:8 13 8 0
Drop 6 0 1
Tile:8 13 7 0
Drop 3 0 1
Tile:9_flip 12 6 0
Drop 3 0 1
Tile:4 12 4 0
Drop 6 0 1
Map 12 3 0
Drop 2 0 1
Tile:11_flip 13 5 0
Drop 1 0 1
Tile:0 11 5 0
Drop 3 0 1
Tile:15 13 6 0
Drop 0 0 1
Tile:1 10 5 0
Drop 2 0 1
Drop 0 0 0
Drop 0 0 1
Drop 0 0 0
Drop 0 0 1
GAMEOVER DRAW
# Game ended: Tue Mar 24 00:45:49 EDT 2020
