# Server version 0.08 running on localhost:8123
# Game ID: 123
# Board class: Saboteur.SaboteurBoard
# Timeout: 20000
# First Move Timeout: 30000
# Date: Mon Mar 23 17:32:32 EDT 2020
# Player 1: Player-0, 'xxxxxxxxx', running on localhost
# Player 2: Player-1, 'RandomPlayer', running on localhost
START Player-0 xxxxxxxxx
START Player-1 RandomPlayer
BoardInit:Tile:0,Tile:5,Tile:7,Tile:5,Tile:0,Tile:9,Tile:15,Bonus,Tile:0,Tile:5,Tile:13,Tile:12,Bonus,Tile:0,Tile:6,Tile:8,Bonus,Tile:7,Tile:4,Tile:11,Bonus,Tile:1,Tile:9,Tile:7,Tile:7,Malus,Tile:3,Tile:2,Tile:10,Tile:8,Destroy,Tile:8,Tile:6,Tile:7,Tile:10,Map,Tile:14,Tile:10,Tile:5-Tile:9,Destroy,Map,Tile:8,Tile:6,Tile:9,Tile:8-Destroy,Tile:6,Tile:6,Malus,Map,Tile:9,Map-Tile:nugget,Tile:hidden2,Tile:hidden1
Tile:6_flip 5 4 1
Map 12 3 0
Tile:8 6 4 1
Map 12 3 0
Tile:9_flip 6 3 1
Tile:6 7 4 0
Map 12 5 1
Tile:6 8 4 0
Tile:0 9 4 1
Tile:9_flip 10 4 0
Drop 4 0 1
Tile:5_flip 10 5 0
Tile:7_flip 5 3 1
Destroy 10 5 0
Tile:13 6 5 1
Tile:5_flip 10 5 0
Tile:9 4 4 1
Tile:9 10 3 0
Tile:6_flip 9 5 1
Tile:5_flip 11 3 0
Destroy 5 4 1
Tile:8 11 2 0
Tile:15 9 6 1
Tile:12 12 2 0
Tile:9_flip 5 6 1
Tile:11 10 2 0
Tile:4 10 1 1
Tile:7_flip 9 7 0
Tile:8 6 2 1
Tile:0 10 7 0
Tile:0 4 6 1
Tile:1 11 7 0
Tile:3 8 3 1
Tile:2 8 5 0
Destroy 5 6 1
Tile:7 7 2 0
Drop 3 0 1
Map 12 3 0
Tile:10 8 6 1
Tile:10 11 1 0
Tile:6 3 6 1
Tile:8 11 0 0
Tile:14 5 6 1
Tile:8 12 0 0
Drop 3 0 1
Tile:7_flip 12 1 0
Tile:5 5 2 1
Malus 0 0 0
Bonus 0 0 1
Malus 0 0 0
Bonus 0 0 1
Drop 0 0 0
Drop 0 0 1
GAMEOVER DRAW
# Game ended: Mon Mar 23 17:32:32 EDT 2020
