# Server version 0.08 running on localhost:8123
# Game ID: 50
# Board class: Saboteur.SaboteurBoard
# Timeout: 20000
# First Move Timeout: 30000
# Date: Sun Mar 22 15:40:26 EDT 2020
# Player 1: Player-0, 'xxxxxxxxx', running on localhost
# Player 2: Player-1, 'RandomPlayer', running on localhost
START Player-0 xxxxxxxxx
START Player-1 RandomPlayer
BoardInit:Tile:5,Tile:7,Tile:9,Tile:0,Tile:10,Tile:5,Destroy,Tile:7,Tile:10,Tile:1,Destroy,Tile:8,Tile:15,Tile:13,Tile:6,Bonus,Tile:8,Tile:6,Tile:8,Tile:0,Map,Map,Malus,Tile:12,Destroy,Map,Tile:5,Tile:11,Map,Bonus,Bonus,Tile:3,Tile:9,Tile:0,Tile:6,Malus,Tile:9,Tile:7,Tile:8-Tile:6,Tile:7,Tile:14,Tile:7,Tile:8,Tile:10,Tile:4-Tile:9,Bonus,Tile:9,Tile:0,Tile:5,Tile:6,Tile:2-Tile:nugget,Tile:hidden1,Tile:hidden2
Tile:8 5 6 1
Tile:9_flip 6 5 0
Tile:6 6 6 1
Tile:9_flip 7 6 0
Drop 4 0 1
Tile:5 7 5 0
Tile:10 5 4 1
Tile:0 8 5 0
Tile:5 6 4 1
Tile:6 9 5 0
Tile:10 9 4 1
Tile:2 10 5 0
Tile:7 9 3 1
Tile:7 11 5 0
Tile:9 7 7 1
Tile:5_flip 11 6 0
Destroy 11 6 1
Tile:7_flip 11 6 0
