# Server version 0.08 running on localhost:8123
# Game ID: 96
# Board class: Saboteur.SaboteurBoard
# Timeout: 20000
# First Move Timeout: 30000
# Date: Mon Mar 23 16:43:07 EDT 2020
# Player 1: Player-0, 'xxxxxxxxx', running on localhost
# Player 2: Player-1, 'RandomPlayer', running on localhost
START Player-0 xxxxxxxxx
START Player-1 RandomPlayer
BoardInit:Tile:0,Bonus,Tile:14,Destroy,Tile:5,Bonus,Tile:0,Tile:5,Tile:7,Map,Tile:15,Tile:6,Tile:10,Tile:11,Tile:9,Tile:2,Tile:10,Tile:8,Tile:13,Tile:8,Tile:7,Bonus,Tile:9,Tile:4,Tile:8,Tile:5,Destroy,Bonus,Map,Malus,Tile:7,Tile:0,Tile:8,Tile:9,Tile:9,Tile:1,Tile:6,Destroy,Tile:6-Tile:9,Tile:3,Map,Tile:7,Malus,Map,Tile:7-Tile:12,Tile:0,Tile:8,Tile:10,Tile:5,Tile:6,Tile:6-Tile:hidden1,Tile:hidden2,Tile:nugget
Map 12 5 1
Tile:12 6 5 0
Tile:7 5 4 1
Tile:8 5 6 0
Tile:14_flip 4 6 1
Destroy 6 5 0
Tile:7 6 6 1
Tile:0 6 5 0
Tile:0 4 4 1
Tile:5_flip 7 5 0
Tile:3 7 4 1
Map 12 3 0
Tile:9_flip 5 7 1
Tile:10 6 7 0
Tile:10 6 8 1
Tile:6 6 9 0
Drop 0 0 1
Tile:6 7 9 0
Drop 5 0 1
Tile:5_flip 8 9 0
Drop 4 0 1
Tile:6_flip 8 8 0
Tile:7_flip 4 7 1
Tile:11_flip 9 8 0
Tile:10 5 8 1
Tile:2 9 7 0
Tile:13 5 9 1
Tile:8 10 7 0
Tile:7 11 7 1
Tile:8 10 6 0
Tile:5 7 8 1
Tile:5_flip 11 6 0
Tile:7_flip 11 8 1
Tile:4 11 5 0
Tile:9 9 9 1
Tile:9_flip 10 5 0
Map 12 3 1
Tile:0 12 8 0
Tile:6 8 7 1
Destroy 8 9 0
Destroy 4 4 1
Drop 1 0 0
Tile:0 9 6 1
Tile:1 4 4 0
Tile:9 9 10 1
Malus 0 0 0
Drop 3 0 1
Drop 0 0 0
Map 12 7 1
Drop 0 0 0
Drop 0 0 1
Drop 0 0 0
Drop 0 0 1
GAMEOVER DRAW
# Game ended: Mon Mar 23 16:43:10 EDT 2020
