# Server version 0.08 running on localhost:8123
# Game ID: 106
# Board class: Saboteur.SaboteurBoard
# Timeout: 20000
# First Move Timeout: 30000
# Date: Mon Mar 23 16:57:37 EDT 2020
# Player 1: Player-0, 'xxxxxxxxx', running on localhost
# Player 2: Player-1, 'RandomPlayer', running on localhost
START Player-0 xxxxxxxxx
START Player-1 RandomPlayer
BoardInit:Malus,Tile:7,Map,Tile:3,Tile:6,Tile:9,Tile:5,Tile:9,Tile:8,Tile:4,Map,Tile:5,Tile:9,Tile:13,Tile:11,Tile:7,Tile:15,Tile:8,Tile:7,Tile:0,Tile:9,Bonus,Tile:10,Tile:2,Tile:5,Tile:0,Destroy,Bonus,Tile:6,Tile:7,Tile:14,Tile:5,Tile:0,Tile:6,Tile:10,Tile:6,Tile:12,Tile:8,Bonus-Tile:6,Tile:8,Tile:9,Tile:8,Malus,Tile:7,Tile:10-Map,Tile:0,Bonus,Destroy,Destroy,Tile:1,Map-Tile:nugget,Tile:hidden2,Tile:hidden1
Tile:7 6 5 1
Map 12 3 0
Tile:9 5 6 1
Map 12 3 0
Tile:6_flip 4 5 1
Destroy 6 5 0
Drop 2 0 1
Tile:0 6 5 0
Drop 2 0 1
Tile:1 7 5 0
Tile:6 8 5 1
Tile:7 9 5 0
Tile:8 3 5 1
Destroy 9 5 0
Tile:5 5 4 1
Tile:3 9 5 0
Tile:11 3 4 1
Tile:9 9 6 0
Map 12 7 1
Tile:9_flip 10 6 0
Malus 0 0 1
Bonus 0 0 0
Tile:9 5 7 1
Tile:4 10 5 0
Drop 4 0 1
Tile:5_flip 10 7 0
Tile:8 9 7 1
Tile:13 9 8 0
Tile:9 5 8 1
Tile:7 10 8 0
Destroy 8 5 1
Tile:8 8 5 0
Tile:5 8 7 1
Tile:2 8 4 0
Tile:14 4 4 1
Tile:0 9 4 0
Map 12 3 1
Tile:0 10 4 0
Tile:10 9 9 1
Tile:7 11 4 0
Tile:0 6 8 1
Tile:5_flip 8 6 0
Tile:8 3 6 1
Tile:6 8 8 0
Drop 3 0 1
Tile:6 7 4 0
Tile:6 2 6 1
Tile:8 7 3 0
Tile:10 4 3 1
Drop 0 0 0
Drop 0 0 1
Drop 0 0 0
Drop 0 0 1
GAMEOVER DRAW
# Game ended: Mon Mar 23 16:57:44 EDT 2020
