# Server version 0.08 running on localhost:8123
# Game ID: 91
# Board class: Saboteur.SaboteurBoard
# Timeout: 20000
# First Move Timeout: 30000
# Date: Mon Mar 23 16:35:01 EDT 2020
# Player 1: Player-0, 'xxxxxxxxx', running on localhost
# Player 2: Player-1, 'RandomPlayer', running on localhost
START Player-0 xxxxxxxxx
START Player-1 RandomPlayer
BoardInit:Tile:10,Tile:4,Map,Bonus,Bonus,Tile:6,Tile:0,Tile:7,Tile:8,Tile:7,Tile:6,Tile:11,Tile:6,Tile:13,Map,Tile:5,Tile:8,Tile:14,Tile:1,Malus,Bonus,Tile:9,Tile:7,Tile:9,Tile:9,Map,Tile:8,Tile:12,Tile:7,Bonus,Destroy,Tile:10,Tile:6,Tile:10,Tile:15,Tile:8,Tile:0,Tile:5,Tile:9-Tile:5,Tile:0,Tile:5,Tile:2,Tile:8,Destroy,Tile:7-Tile:0,Malus,Map,Tile:6,Tile:9,Tile:3,Destroy-Tile:nugget,Tile:hidden2,Tile:hidden1
Tile:7 5 4 1
Map 12 3 0
Tile:2_flip 4 5 1
Tile:0 6 5 0
Drop 4 0 1
Tile:6 7 5 0
Tile:8 7 4 1
Tile:9_flip 8 5 0
Drop 0 0 1
Destroy 8 5 0
Tile:5 4 4 1
Tile:3 8 5 0
Tile:6 5 6 1
Tile:4_flip 8 6 0
Tile:0 6 6 1
Tile:6 8 4 0
Tile:10 7 3 1
Tile:7 9 4 0
Map 12 5 1
Tile:7_flip 9 5 0
Map 12 5 1
Tile:11_flip 10 5 0
Tile:6 10 6 1
Tile:13 11 6 0
Drop 2 0 1
Tile:5_flip 12 6 0
Tile:0 4 6 1
Map 12 3 0
Tile:9 8 3 1
Tile:14_flip 11 5 0
Tile:7_flip 6 4 1
Tile:9 11 7 0
Destroy 11 6 1
Tile:9 10 4 0
Tile:8 11 8 1
Tile:12 11 4 0
Drop 3 0 1
Tile:8 11 6 0
Tile:6_flip 10 3 1
Tile:5_flip 11 3 0
Tile:0 3 6 1
Tile:10 11 2 0
Tile:1 10 8 1
Tile:10 11 1 0
Tile:15 8 2 1
Malus 0 0 0
Drop 2 0 1
Malus 0 0 0
Drop 1 0 1
Drop 0 0 0
Bonus 0 0 1
Drop 0 0 0
Drop 0 0 1
GAMEOVER DRAW
# Game ended: Mon Mar 23 16:35:01 EDT 2020
