# Server version 0.08 running on localhost:8123
# Game ID: 76
# Board class: Saboteur.SaboteurBoard
# Timeout: 20000
# First Move Timeout: 30000
# Date: Sun Mar 22 22:30:20 EDT 2020
# Player 1: Player-0, 'xxxxxxxxx', running on localhost
# Player 2: Player-1, 'RandomPlayer', running on localhost
START Player-0 xxxxxxxxx
START Player-1 RandomPlayer
BoardInit:Tile:8,Tile:8,Tile:12,Tile:0,Tile:7,Tile:8,Bonus,Tile:0,Tile:14,Tile:4,Tile:5,Tile:6,Destroy,Tile:5,Tile:9,Destroy,Tile:1,Map,Map,Tile:13,Tile:7,Tile:9,Destroy,Malus,Tile:9,Tile:6,Tile:11,Tile:0,Tile:10,Tile:5,Tile:7,Map,Tile:6,Tile:0,Tile:10,Tile:7,Malus,Tile:8,Tile:3-Tile:6,Bonus,Tile:10,Tile:2,Tile:9,Tile:6,Tile:15-Bonus,Tile:9,Tile:8,Bonus,Tile:7,Tile:5,Map-Tile:hidden2,Tile:hidden1,Tile:nugget
Tile:2 4 5 1
Tile:8 3 5 0
Tile:9 5 4 1
Tile:8 3 6 0
Drop 3 0 1
Tile:0 6 5 0
Tile:15 5 6 1
Tile:9_flip 4 6 0
Tile:8 2 5 1
Tile:5_flip 3 7 0
Drop 3 0 1
Tile:7_flip 2 6 0
Tile:10 5 7 1
Map 12 3 0
Tile:6 1 5 1
Tile:6_flip 2 4 0
Tile:9 0 5 1
Drop 5 0 0
Destroy 3 7 1
Tile:0 6 4 0
Tile:7 5 3 1
Tile:4 0 4 0
Tile:14_flip 1 4 1
Tile:8 7 4 0
Tile:5_flip 5 8 1
Destroy 5 4 0
Tile:7_flip 0 6 1
Tile:6_flip 3 4 0
Tile:9_flip 7 5 1
Tile:13 5 4 0
Tile:10 3 7 1
Map 12 3 0
Destroy 3 7 1
Tile:5_flip 8 4 0
Tile:7_flip 4 8 1
Tile:9 7 6 0
Tile:6_flip 8 3 1
Map 12 7 0
Tile:11 3 7 1
Tile:8 4 3 0
Drop 2 0 1
Malus 0 0 0
Bonus 0 0 1
Drop 4 0 0
Drop 3 0 1
Tile:0 8 6 0
Map 12 7 1
Drop 0 0 0
Tile:10 3 8 1
Drop 0 0 0
Tile:3_flip 3 3 1
Drop 0 0 0
Drop 0 0 1
GAMEOVER DRAW
# Game ended: Sun Mar 22 22:30:20 EDT 2020
