# Server version 0.08 running on localhost:8123
# Game ID: 203
# Board class: Saboteur.SaboteurBoard
# Timeout: 20000
# First Move Timeout: 30000
# Date: Tue Mar 24 00:47:04 EDT 2020
# Player 1: Player-0, 'xxxxxxxxx', running on localhost
# Player 2: Player-1, 'RandomPlayer', running on localhost
START Player-0 xxxxxxxxx
START Player-1 RandomPlayer
BoardInit:Tile:9,Tile:0,Tile:6,Tile:5,Tile:7,Bonus,Tile:11,Tile:8,Tile:5,Bonus,Bonus,Tile:5,Destroy,Bonus,Tile:12,Tile:6,Tile:0,Tile:10,Tile:9,Destroy,Map,Tile:6,Tile:15,Destroy,Tile:3,Tile:7,Map,Tile:9,Tile:8,Tile:8,Tile:5,Tile:9,Tile:6,Tile:6,Tile:7,Tile:7,Tile:1,Malus,Tile:7-Tile:0,Tile:0,Tile:10,Tile:2,Map,Malus,Tile:10-Tile:14,Map,Tile:8,Tile:13,Tile:8,Tile:9,Tile:4-Tile:hidden1,Tile:hidden2,Tile:nugget
Drop 2 0 1
Map 12 3 0
Tile:0 4 5 1
Tile:9_flip 6 5 0
Tile:6_flip 6 4 1
Tile:8 7 4 0
Drop 6 0 1
Tile:8 8 4 0
Tile:9 7 5 1
Tile:8 9 4 0
Tile:11 3 5 1
Tile:14 10 4 0
Tile:5_flip 3 6 1
Tile:13 9 3 0
Tile:2 10 3 1
Tile:4_flip 9 5 0
Tile:10 5 6 1
Tile:6 7 6 0
Destroy 9 5 1
Tile:10 9 5 0
Tile:9 8 3 1
Destroy 10 4 0
Drop 1 0 1
Tile:6 10 4 0
Tile:15 5 7 1
Destroy 10 3 0
Tile:3 11 4 1
Tile:7 10 3 0
Map 12 3 1
Tile:9_flip 8 2 0
Drop 2 0 1
Tile:8 9 6 0
Tile:8 7 2 1
Tile:9_flip 10 6 0
Tile:6 10 7 1
Tile:6 11 7 0
GAMEOVER WINNER 0
# Game ended: Tue Mar 24 00:47:04 EDT 2020
