# Server version 0.08 running on localhost:8123
# Game ID: 92
# Board class: Saboteur.SaboteurBoard
# Timeout: 20000
# First Move Timeout: 30000
# Date: Mon Mar 23 16:37:22 EDT 2020
# Player 1: Player-0, 'xxxxxxxxx', running on localhost
# Player 2: Player-1, 'RandomPlayer', running on localhost
START Player-0 xxxxxxxxx
START Player-1 RandomPlayer
BoardInit:Tile:8,Tile:5,Tile:12,Tile:7,Destroy,Tile:3,Destroy,Bonus,Map,Tile:8,Tile:9,Tile:0,Map,Map,Tile:8,Tile:10,Tile:6,Malus,Map,Tile:11,Tile:0,Tile:0,Tile:0,Tile:6,Tile:2,Tile:6,Tile:5,Tile:7,Tile:1,Tile:9,Tile:5,Tile:6,Tile:7,Tile:8,Tile:6,Bonus,Tile:9,Malus,Tile:10-Bonus,Tile:5,Tile:7,Bonus,Tile:4,Tile:7,Tile:10-Tile:13,Tile:9,Tile:15,Tile:9,Destroy,Tile:14,Tile:8-Tile:nugget,Tile:hidden2,Tile:hidden1
Tile:7 6 5 1
Destroy 6 5 0
Tile:4 5 4 1
Tile:13 6 5 0
Tile:5 6 4 1
Tile:9_flip 7 5 0
Destroy 5 4 1
Tile:15 7 6 0
Tile:10 7 7 1
Tile:9_flip 7 4 0
Drop 4 0 1
Tile:14_flip 7 3 0
Tile:8 7 8 1
Tile:8 8 3 0
Tile:9_flip 7 9 1
Map 12 3 0
Tile:7 5 4 1
Tile:5_flip 9 3 0
Drop 5 0 1
Tile:7 9 2 0
Destroy 7 3 1
Tile:3_flip 8 4 0
Tile:6 4 4 1
Tile:0 9 4 0
Tile:0 3 4 1
Tile:8 10 4 0
Tile:0 8 8 1
Tile:11_flip 11 4 0
Map 12 5 1
Tile:10 11 5 0
Tile:1 9 8 1
Tile:6 11 6 0
Tile:5_flip 12 6 1
Tile:6_flip 11 3 0
Tile:5 6 8 1
Tile:9_flip 10 5 0
Map 12 7 1
Tile:7_flip 10 6 0
Tile:6_flip 9 5 1
Tile:0 10 8 0
Tile:9_flip 5 6 1
Tile:6 11 8 0
Tile:2 7 3 1
Tile:8 12 8 0
Drop 1 0 1
Malus 0 0 0
Map 12 3 1
Malus 0 0 0
Bonus 0 0 1
Drop 0 0 0
Drop 0 0 1
Drop 0 0 0
Drop 0 0 1
GAMEOVER DRAW
# Game ended: Mon Mar 23 16:37:22 EDT 2020
