# Server version 0.08 running on localhost:8123
# Game ID: 110
# Board class: Saboteur.SaboteurBoard
# Timeout: 20000
# First Move Timeout: 30000
# Date: Mon Mar 23 17:03:49 EDT 2020
# Player 1: Player-0, 'xxxxxxxxx', running on localhost
# Player 2: Player-1, 'RandomPlayer', running on localhost
START Player-0 xxxxxxxxx
START Player-1 RandomPlayer
BoardInit:Map,Tile:9,Destroy,Bonus,Tile:7,Bonus,Tile:0,Map,Tile:12,Tile:8,Tile:9,Tile:9,Tile:10,Tile:5,Tile:6,Tile:5,Tile:0,Tile:10,Tile:9,Tile:9,Tile:7,Map,Destroy,Tile:5,Map,Tile:6,Tile:11,Tile:6,Tile:3,Tile:13,Tile:7,Tile:0,Tile:10,Bonus,Tile:7,Tile:8,Tile:6,Bonus,Tile:14-Tile:1,Tile:7,Tile:2,Destroy,Tile:4,Tile:8,Malus-Tile:15,Malus,Tile:6,Tile:8,Tile:0,Tile:5,Tile:8-Tile:hidden2,Tile:nugget,Tile:hidden1
Tile:7 5 4 1
Tile:6 6 5 0
Tile:1 4 4 1
Tile:8 7 5 0
Tile:4 7 4 1
Tile:0 8 5 0
Tile:2_flip 9 5 1
Tile:5_flip 10 5 0
Tile:8 9 4 1
Map 12 3 0
Tile:7_flip 8 4 1
Tile:8 10 4 0
Destroy 6 5 1
Tile:9_flip 11 4 0
Tile:10 7 6 1
Tile:15 11 5 0
Tile:9 11 6 1
Tile:8 12 6 0
Tile:0 3 4 1
Tile:10 10 3 0
Destroy 12 6 1
Tile:9_flip 12 6 0
Tile:0 4 5 1
Map 12 3 0
Tile:6 11 7 1
Tile:5 11 3 0
Drop 3 0 1
Tile:5 10 7 0
Drop 4 0 1
Tile:9 10 2 0
Malus 0 0 1
Malus 0 0 0
Map 12 7 1
Bonus 0 0 0
Drop 3 0 1
Tile:5_flip 11 2 0
Drop 2 0 1
Tile:6 10 8 0
Drop 6 0 1
Tile:6_flip 11 8 0
Drop 2 0 1
Tile:13 12 8 0
Drop 1 0 1
Drop 3 0 0
Drop 3 0 1
Tile:0 2 4 0
Drop 0 0 1
Drop 0 0 0
Drop 2 0 1
Drop 0 0 0
Drop 0 0 1
Drop 0 0 0
Drop 0 0 1
GAMEOVER DRAW
# Game ended: Mon Mar 23 17:03:53 EDT 2020
