# Server version 0.08 running on localhost:8123
# Game ID: 84
# Board class: Saboteur.SaboteurBoard
# Timeout: 20000
# First Move Timeout: 30000
# Date: Mon Mar 23 16:21:33 EDT 2020
# Player 1: Player-0, 'xxxxxxxxx', running on localhost
# Player 2: Player-1, 'RandomPlayer', running on localhost
START Player-0 xxxxxxxxx
START Player-1 RandomPlayer
BoardInit:Map,Tile:12,Tile:5,Tile:6,Tile:6,Tile:4,Destroy,Bonus,Destroy,Tile:10,Tile:3,Tile:0,Tile:13,Tile:5,Tile:9,Malus,Tile:7,Bonus,Tile:1,Tile:15,Malus,Tile:9,Tile:8,Tile:5,Tile:10,Tile:6,Tile:11,Tile:6,Bonus,Tile:9,Tile:7,Tile:14,Tile:6,Tile:8,Tile:8,Map,Map,Tile:9,Tile:8-Destroy,Tile:10,Tile:7,Tile:9,Tile:0,Tile:0,Tile:7-Tile:2,Tile:8,Bonus,Map,Tile:5,Tile:7,Tile:0-Tile:hidden1,Tile:hidden2,Tile:nugget
Tile:9 5 6 1
Tile:5_flip 6 5 0
Tile:7_flip 4 5 1
Tile:2 5 4 0
Destroy 5 6 1
Tile:6_flip 6 4 0
Tile:6 7 4 1
Tile:8 5 6 0
Tile:0 8 4 1
Tile:12 6 6 0
Drop 0 0 1
Map 12 7 0
Drop 0 0 1
Drop 3 0 0
Destroy 6 4 1
Tile:7 7 3 0
Destroy 6 6 1
Drop 3 0 0
Tile:7 6 6 1
Tile:0 9 4 0
Tile:9 6 7 1
Drop 6 0 0
Tile:5_flip 6 8 1
Tile:5 4 4 0
Map 12 7 1
Drop 5 0 0
Tile:13 10 4 1
Tile:6_flip 6 4 0
Drop 6 0 1
Drop 0 0 0
Tile:7_flip 6 3 1
Drop 0 0 0
Tile:1 7 7 1
Drop 6 0 0
Tile:6 5 8 1
Tile:6_flip 11 4 0
Tile:8 12 4 1
Tile:5 10 3 0
Tile:7_flip 4 8 1
Map 12 5 0
Tile:8 10 5 1
Tile:9_flip 11 5 0
Tile:3 13 4 1
Tile:9_flip 5 7 0
Drop 3 0 1
Drop 3 0 0
Tile:10 13 5 1
Tile:0 8 7 0
Malus 0 0 1
Malus 0 0 0
Bonus 0 0 1
Bonus 0 0 0
Tile:8 11 6 1
GAMEOVER DRAW
# Game ended: Mon Mar 23 16:21:34 EDT 2020
