# Server version 0.08 running on localhost:8123
# Game ID: 129
# Board class: Saboteur.SaboteurBoard
# Timeout: 20000
# First Move Timeout: 30000
# Date: Mon Mar 23 21:18:56 EDT 2020
# Player 1: Player-0, 'xxxxxxxxx', running on localhost
# Player 2: Player-1, 'RandomPlayer', running on localhost
START Player-0 xxxxxxxxx
START Player-1 RandomPlayer
BoardInit:Tile:3,Tile:2,Tile:6,Tile:8,Tile:8,Tile:8,Malus,Tile:5,Tile:10,Map,Tile:8,Tile:7,Tile:5,Tile:8,Bonus,Tile:5,Tile:6,Tile:9,Bonus,Bonus,Tile:6,Tile:13,Tile:1,Tile:6,Map,Map,Tile:7,Tile:4,Malus,Tile:9,Tile:7,Tile:6,Bonus,Tile:14,Destroy,Tile:11,Tile:0,Tile:9,Destroy-Tile:0,Tile:10,Tile:12,Tile:9,Tile:15,Tile:0,Tile:10-Tile:9,Destroy,Tile:7,Tile:7,Map,Tile:5,Tile:0-Tile:nugget,Tile:hidden1,Tile:hidden2
Drop 2 0 1
Tile:9 4 5 0
Tile:15 4 6 1
Tile:7_flip 4 7 0
Tile:3 4 4 1
Tile:7_flip 3 4 0
Tile:8 6 5 1
Destroy 3 4 0
Tile:9 5 6 1
Map 12 3 0
Drop 1 0 1
Tile:5 3 4 0
Drop 6 0 1
Tile:5_flip 3 5 0
Tile:10 5 4 1
Tile:0 2 5 0
Drop 0 0 1
Tile:2 1 5 0
Tile:10 5 3 1
Tile:8 0 5 0
Tile:5_flip 7 5 1
Tile:8 0 4 0
Tile:6 6 6 1
Map 12 3 0
Tile:1 7 6 1
Tile:7 0 3 0
Tile:6_flip 7 4 1
Tile:8 0 6 0
Tile:6_flip 8 4 1
Tile:5_flip 0 7 0
Tile:0 1 4 1
Tile:9_flip 1 6 0
Map 12 5 1
Tile:13 5 2 0
Tile:7_flip 1 7 1
Tile:6 2 7 0
Tile:7 6 2 1
Map 12 3 0
Destroy 2 5 1
Tile:4 2 6 0
Destroy 4 6 1
Tile:9_flip 2 4 0
Tile:0 8 6 1
Tile:6_flip 2 3 0
Drop 3 0 1
Tile:14 3 3 0
Drop 1 0 1
Tile:11 3 2 0
Malus 0 0 1
Bonus 0 0 0
Drop 0 0 1
Tile:9 3 1 0
Drop 0 0 1
GAMEOVER DRAW
# Game ended: Mon Mar 23 21:18:56 EDT 2020
