# Server version 0.08 running on 192.168.2.11:8123
# Game ID: 114
# Board class: Saboteur.SaboteurBoard
# Timeout: 20000
# First Move Timeout: 30000
# Date: Mon Mar 23 17:08:22 EDT 2020
# Player 1: Player-0, 'xxxxxxxxx', running on 192.168.2.11
# Player 2: Player-1, 'RandomPlayer', running on 192.168.2.11
START Player-0 xxxxxxxxx
START Player-1 RandomPlayer
BoardInit:Malus,Tile:7,Tile:11,Tile:7,Tile:12,Tile:6,Tile:14,Tile:1,Tile:9,Tile:10,Bonus,Map,Tile:6,Malus,Tile:13,Bonus,Map,Tile:9,Tile:6,Tile:7,Tile:0,Tile:7,Tile:10,Tile:7,Destroy,Bonus,Tile:0,Map,Bonus,Tile:5,Tile:5,Tile:0,Tile:0,Tile:15,Tile:8,Tile:8,Tile:9,Tile:8,Tile:6-Map,Tile:4,Tile:10,Destroy,Tile:6,Tile:5,Tile:8-Tile:9,Tile:9,Tile:2,Tile:8,Tile:5,Tile:3,Destroy-Tile:hidden1,Tile:hidden2,Tile:nugget
Drop 3 0 1
Tile:9_flip 6 5 0
Tile:6_flip 4 5 1
Destroy 6 5 0
Tile:11_flip 5 4 1
Tile:9_flip 6 5 0
Drop 4 0 1
Tile:5 6 4 0
Map 12 5 1
Tile:2 7 4 0
Tile:14 5 6 1
Tile:8 8 4 0
Tile:9 8 3 1
Map 12 3 0
Drop 5 0 1
Tile:3 9 4 0
Tile:6 9 5 1
Tile:7 10 5 0
Tile:5 3 5 1
Tile:7_flip 10 6 0
Tile:12_flip 4 4 1
Tile:6 11 6 0
Tile:6 8 5 1
Tile:1 12 6 0
Tile:10 5 3 1
Tile:7_flip 7 5 0
Destroy 11 6 1
Tile:10 3 6 0
Tile:4_flip 3 7 1
Tile:7_flip 4 6 0
Malus 0 0 1
Map 12 3 0
Tile:5_flip 13 6 1
Malus 0 0 0
Drop 4 0 1
Bonus 0 0 0
Bonus 0 0 1
Tile:7 13 5 0
Tile:9_flip 5 2 1
Tile:0 11 6 0
Tile:6 9 3 1
Tile:9_flip 10 3 0
Tile:8 9 2 1
Tile:8 10 2 0
Tile:0 4 2 1
Tile:5_flip 11 2 0
Tile:10 9 1 1
Tile:15 11 1 0
Tile:13 5 1 1
Tile:8 11 0 0
Map 12 5 1
Drop 0 0 0
Drop 0 0 1
GAMEOVER DRAW
# Game ended: Mon Mar 23 17:08:26 EDT 2020
