# Server version 0.08 running on localhost:8123
# Game ID: 139
# Board class: Saboteur.SaboteurBoard
# Timeout: 20000
# First Move Timeout: 30000
# Date: Mon Mar 23 22:10:26 EDT 2020
# Player 1: Player-0, 'xxxxxxxxx', running on localhost
# Player 2: Player-1, 'RandomPlayer', running on localhost
START Player-0 xxxxxxxxx
START Player-1 RandomPlayer
BoardInit:Tile:0,Bonus,Destroy,Tile:13,Tile:8,Tile:2,Bonus,Tile:0,Tile:6,Tile:10,Tile:5,Tile:8,Tile:6,Tile:9,Tile:6,Tile:9,Tile:6,Map,Map,Tile:9,Bonus,Tile:7,Tile:5,Tile:8,Tile:7,Destroy,Tile:6,Malus,Bonus,Tile:11,Tile:10,Tile:5,Malus,Tile:7,Tile:8,Tile:10,Tile:0,Tile:9,Tile:15-Map,Tile:7,Tile:7,Map,Tile:12,Tile:8,Tile:5-Destroy,Tile:9,Tile:14,Tile:4,Tile:1,Tile:3,Tile:0-Tile:hidden1,Tile:nugget,Tile:hidden2
Tile:5 5 4 1
Tile:9_flip 6 5 0
Map 12 3 1
Destroy 6 5 0
Map 12 3 1
Tile:14 6 5 0
Tile:8 6 4 1
Tile:1 7 4 0
Drop 0 0 1
Tile:3 8 4 0
Drop 4 0 1
Tile:4_flip 8 5 0
Tile:7_flip 4 5 1
Tile:13 6 3 0
Drop 2 0 1
Tile:0 7 3 0
Tile:6_flip 6 2 1
Tile:2_flip 8 3 0
Tile:6_flip 8 2 1
Map 12 3 0
Tile:6 5 6 1
Tile:0 9 3 0
Tile:6 9 2 1
Tile:8 10 3 0
Tile:12 11 3 1
Tile:10 10 4 0
Tile:0 4 6 1
Tile:9 10 5 0
Tile:6 5 2 1
Tile:9_flip 11 5 0
Tile:5 3 6 1
Tile:9 11 6 0
Tile:10 3 7 1
Tile:7 12 6 0
Tile:7_flip 11 7 1
Destroy 12 6 0
Tile:8 12 6 1
Tile:8 13 6 0
Tile:0 7 2 1
Tile:11 13 5 0
Tile:5 11 4 1
Tile:5_flip 13 7 0
Map 12 5 1
Tile:7 12 4 0
Drop 3 0 1
Tile:10 10 6 0
Tile:15 9 1 1
Tile:9 13 4 0
Drop 2 0 1
Malus 0 0 0
Bonus 0 0 1
Drop 0 0 0
Drop 0 0 1
GAMEOVER DRAW
# Game ended: Mon Mar 23 22:10:26 EDT 2020
