# Server version 0.08 running on localhost:8123
# Game ID: 167
# Board class: Saboteur.SaboteurBoard
# Timeout: 20000
# First Move Timeout: 30000
# Date: Tue Mar 24 00:25:49 EDT 2020
# Player 1: Player-0, 'xxxxxxxxx', running on localhost
# Player 2: Player-1, 'RandomPlayer', running on localhost
START Player-0 xxxxxxxxx
START Player-1 RandomPlayer
BoardInit:Tile:7,Malus,Tile:7,Tile:6,Tile:9,Tile:10,Tile:0,Tile:7,Map,Bonus,Tile:13,Tile:12,Tile:10,Tile:7,Tile:0,Map,Tile:9,Destroy,Tile:6,Tile:8,Tile:5,Destroy,Malus,Tile:15,Tile:5,Tile:8,Bonus,Tile:1,Tile:9,Tile:0,Tile:5,Tile:3,Tile:0,Tile:8,Tile:9,Tile:2,Bonus,Bonus,Map-Map,Tile:9,Tile:6,Tile:14,Tile:8,Tile:7,Tile:5-Destroy,Tile:10,Tile:8,Tile:4,Tile:6,Tile:11,Tile:6-Tile:nugget,Tile:hidden1,Tile:hidden2
Tile:7_flip 4 5 1
Tile:8 6 5 0
Tile:5 5 4 1
Tile:6 7 5 0
Tile:8 7 4 1
Tile:11_flip 8 5 0
Drop 5 0 1
Destroy 8 5 0
Drop 0 0 1
Tile:6 8 5 0
Drop 1 0 1
Tile:6 9 5 0
Tile:7 8 4 1
Tile:7 10 5 0
Tile:9 7 3 1
Tile:10 10 6 0
Drop 5 0 1
Map 12 3 0
Tile:14 8 3 1
Drop 4 0 0
Tile:13 10 7 1
Tile:10 9 4 0
Tile:9_flip 5 6 1
Destroy 5 6 0
Tile:9_flip 7 2 1
Destroy 10 5 0
Tile:6 9 7 1
Tile:4 9 3 0
Drop 5 0 1
Tile:8 7 1 0
Tile:9_flip 6 6 1
Tile:15 4 4 0
Tile:5 8 2 1
Tile:7_flip 6 2 0
Tile:0 11 7 1
Tile:8 6 4 0
Drop 6 0 1
Tile:3 9 6 0
Drop 2 0 1
Tile:2 8 7 0
Map 12 5 1
Tile:8 6 1 0
Tile:0 8 6 1
Tile:1 9 2 0
Tile:5 7 0 1
Drop 0 0 0
Tile:0 7 7 1
Drop 2 0 0
Map 12 7 1
Tile:0 8 0 0
Drop 0 0 1
Drop 0 0 0
Drop 0 0 1
GAMEOVER DRAW
# Game ended: Tue Mar 24 00:25:49 EDT 2020
