# Server version 0.08 running on localhost:8123
# Game ID: 160
# Board class: Saboteur.SaboteurBoard
# Timeout: 20000
# First Move Timeout: 30000
# Date: Mon Mar 23 23:33:46 EDT 2020
# Player 1: Player-0, 'xxxxxxxxx', running on localhost
# Player 2: Player-1, 'RandomPlayer', running on localhost
START Player-0 xxxxxxxxx
START Player-1 RandomPlayer
BoardInit:Malus,Tile:15,Tile:11,Tile:5,Destroy,Tile:7,Tile:8,Bonus,Tile:10,Tile:6,Tile:13,Tile:0,Destroy,Tile:0,Tile:6,Tile:9,Tile:7,Tile:7,Tile:8,Tile:5,Map,Tile:8,Tile:4,Tile:9,Tile:8,Tile:3,Tile:2,Bonus,Tile:6,Tile:10,Tile:5,Tile:9,Tile:7,Tile:0,Tile:12,Tile:9,Tile:6,Tile:14,Malus-Bonus,Tile:5,Map,Tile:8,Map,Tile:0,Tile:7-Tile:1,Tile:10,Map,Destroy,Tile:9,Bonus,Tile:6-Tile:hidden1,Tile:nugget,Tile:hidden2
Tile:8 5 4 1
Map 12 3 0
Tile:5 5 3 1
Tile:1 6 3 0
Map 12 7 1
Tile:9_flip 7 3 0
Destroy 7 3 1
Tile:6 7 3 0
Tile:11 4 5 1
Tile:5_flip 8 3 0
Tile:0 6 4 1
Destroy 8 3 0
Tile:8 8 3 1
Tile:7 9 3 0
Destroy 6 3 1
Tile:10 9 4 0
Tile:7 8 2 1
Tile:15 9 5 0
Tile:13 7 2 1
Tile:9_flip 8 4 0
Tile:7 6 5 1
Tile:6 9 6 0
Tile:8 6 2 1
Tile:0 10 6 0
Tile:10 5 6 1
Tile:0 11 6 0
Tile:6_flip 4 4 1
Tile:7 12 6 0
Drop 6 0 1
Tile:5_flip 8 5 0
Drop 3 0 1
Tile:8 7 1 0
Tile:5_flip 4 6 1
Tile:9 7 5 0
Tile:7_flip 3 6 1
Tile:0 8 1 0
Tile:6_flip 8 6 1
Tile:3 9 1 0
Tile:4_flip 6 6 1
Tile:10 8 7 0
Drop 2 0 1
Tile:9 7 6 0
Map 12 5 1
Tile:9 7 0 0
Tile:6_flip 7 4 1
Tile:14 13 7 0
Tile:8 8 8 1
Drop 0 0 0
Tile:12 8 0 1
Drop 0 0 0
Malus 0 0 1
Bonus 0 0 0
Drop 0 0 1
GAMEOVER DRAW
# Game ended: Mon Mar 23 23:33:46 EDT 2020
