# Server version 0.08 running on localhost:8123
# Game ID: 219
# Board class: Saboteur.SaboteurBoard
# Timeout: 20000
# First Move Timeout: 30000
# Date: Tue Mar 24 01:02:30 EDT 2020
# Player 1: Player-0, 'xxxxxxxxx', running on localhost
# Player 2: Player-1, 'RandomPlayer', running on localhost
START Player-0 xxxxxxxxx
START Player-1 RandomPlayer
BoardInit:Tile:10,Tile:7,Tile:15,Tile:5,Tile:7,Tile:3,Tile:7,Destroy,Tile:0,Tile:8,Tile:9,Tile:5,Tile:12,Map,Bonus,Tile:7,Malus,Tile:13,Bonus,Destroy,Tile:6,Destroy,Tile:9,Malus,Tile:11,Tile:9,Tile:7,Tile:8,Map,Tile:6,Map,Tile:6,Tile:0,Tile:14,Tile:10,Tile:8,Tile:5,Tile:1,Tile:0-Tile:6,Bonus,Tile:5,Tile:6,Tile:2,Tile:10,Bonus-Tile:9,Tile:0,Tile:9,Tile:8,Tile:4,Tile:8,Map-Tile:hidden1,Tile:hidden2,Tile:nugget
Tile:2_flip 6 5 1
Map 12 3 0
Tile:5_flip 5 6 1
Tile:9_flip 5 4 0
Tile:10 6 4 1
Tile:9_flip 5 3 0
Tile:6 4 6 1
Tile:8 5 2 0
Tile:7 6 2 1
Destroy 6 5 0
Tile:10 6 3 1
Tile:8 6 5 0
Tile:9 6 6 1
Tile:8 7 6 0
Tile:6_flip 3 6 1
Map 12 3 0
Tile:7_flip 3 7 1
Tile:7 8 6 0
Drop 5 0 1
Tile:7 7 5 0
Tile:0 4 7 1
Destroy 8 6 0
Tile:12_flip 4 2 1
Destroy 7 6 0
Drop 4 0 1
Malus 0 0 0
Drop 3 0 1
Tile:9_flip 7 6 0
Drop 2 0 1
Tile:8 7 7 0
Bonus 0 0 1
Tile:6 8 7 0
Tile:7 5 7 1
Tile:6 9 7 0
Tile:9 6 7 1
Tile:0 10 7 0
Drop 3 0 1
Tile:8 11 7 0
GAMEOVER WINNER 0
# Game ended: Tue Mar 24 01:02:30 EDT 2020
