# Server version 0.08 running on localhost:8123
# Game ID: 218
# Board class: Saboteur.SaboteurBoard
# Timeout: 20000
# First Move Timeout: 30000
# Date: Tue Mar 24 01:02:13 EDT 2020
# Player 1: Player-0, 'xxxxxxxxx', running on localhost
# Player 2: Player-1, 'RandomPlayer', running on localhost
START Player-0 xxxxxxxxx
START Player-1 RandomPlayer
BoardInit:Bonus,Bonus,Map,Tile:6,Tile:12,Tile:15,Tile:9,Tile:11,Tile:9,Tile:5,Tile:9,Tile:8,Tile:7,Tile:6,Bonus,Tile:2,Tile:5,Tile:8,Tile:3,Bonus,Tile:10,Tile:13,Tile:7,Tile:6,Tile:5,Tile:7,Tile:6,Destroy,Map,Tile:0,Map,Tile:0,Tile:10,Destroy,Tile:6,Tile:1,Tile:8,Tile:7,Tile:8-Tile:8,Tile:9,Malus,Tile:14,Tile:0,Malus,Destroy-Tile:5,Tile:0,Tile:7,Tile:9,Tile:4,Tile:10,Map-Tile:nugget,Tile:hidden2,Tile:hidden1
Drop 2 0 1
Map 12 3 0
Drop 1 0 1
Tile:10 5 4 0
Map 12 5 1
Tile:9_flip 6 5 0
Drop 2 0 1
Tile:7 5 3 0
Tile:12_flip 4 3 1
Tile:6 6 6 0
Drop 1 0 1
Tile:5_flip 7 6 0
Tile:9 6 4 1
Tile:8 7 4 0
Tile:9 4 5 1
Tile:6 8 4 0
Tile:8 9 4 1
Tile:0 10 4 0
Destroy 4 3 1
Tile:8 11 4 0
Tile:5 9 3 1
Tile:4 11 3 0
Tile:10 4 4 1
Tile:11_flip 12 4 0
Tile:3_flip 9 5 1
Tile:6 11 5 0
Drop 3 0 1
Tile:7 13 5 0
Tile:9_flip 4 6 1
Destroy 11 3 0
Drop 2 0 1
Tile:15 11 3 0
Tile:5_flip 13 6 1
Tile:5_flip 10 3 0
Tile:6 12 6 1
Destroy 11 3 0
Tile:6_flip 4 3 1
Tile:2 10 2 0
Tile:10 7 5 1
Tile:7 8 3 0
Tile:7_flip 5 6 1
Tile:0 10 5 0
Map 12 7 1
Tile:0 11 6 0
Drop 3 0 1
Tile:1 10 6 0
Tile:8 4 7 1
Tile:13 7 3 0
Map 12 7 1
Drop 0 0 0
Malus 0 0 1
Bonus 0 0 0
Drop 0 0 1
GAMEOVER DRAW
# Game ended: Tue Mar 24 01:02:16 EDT 2020
