# Server version 0.08 running on localhost:8123
# Game ID: 212
# Board class: Saboteur.SaboteurBoard
# Timeout: 20000
# First Move Timeout: 30000
# Date: Tue Mar 24 00:54:58 EDT 2020
# Player 1: Player-0, 'xxxxxxxxx', running on localhost
# Player 2: Player-1, 'RandomPlayer', running on localhost
START Player-0 xxxxxxxxx
START Player-1 RandomPlayer
BoardInit:Tile:9,Tile:3,Tile:0,Tile:6,Map,Bonus,Tile:7,Tile:6,Bonus,Tile:7,Tile:7,Tile:9,Tile:14,Tile:7,Tile:8,Tile:5,Destroy,Tile:0,Bonus,Destroy,Tile:9,Tile:6,Tile:9,Tile:8,Malus,Tile:9,Map,Tile:5,Tile:11,Tile:2,Map,Tile:12,Tile:4,Tile:7,Tile:6,Tile:13,Destroy,Tile:6,Tile:1-Map,Tile:8,Tile:8,Tile:15,Tile:8,Tile:5,Tile:10-Tile:0,Bonus,Tile:0,Malus,Tile:5,Tile:10,Tile:10-Tile:nugget,Tile:hidden2,Tile:hidden1
Tile:8 4 5 1
Tile:10 5 4 0
Map 12 3 1
Tile:10 5 6 0
Tile:10 4 4 1
Malus 0 0 0
Map 12 5 1
Tile:6 6 5 0
Drop 1 0 1
Tile:6 7 5 0
Bonus 0 0 1
Tile:7 8 5 0
Tile:9_flip 5 3 1
Tile:9_flip 8 6 0
Tile:14_flip 7 6 1
Tile:7 7 4 0
Tile:0 3 5 1
Tile:5_flip 8 7 0
Destroy 7 5 1
Tile:5 6 4 0
Drop 4 0 1
Destroy 7 4 0
Tile:8 5 2 1
Tile:6 7 5 0
Tile:8 7 7 1
Tile:8 7 4 0
Tile:7 7 3 1
Tile:9_flip 7 8 0
Tile:9_flip 4 6 1
Tile:0 8 4 0
Tile:9 4 2 1
Tile:0 9 4 0
Tile:8 5 7 1
Tile:3 10 4 0
Tile:11_flip 5 1 1
Tile:7 6 2 0
Tile:6_flip 2 5 1
Tile:0 6 7 0
Drop 6 0 1
Tile:6 7 9 0
Drop 2 0 1
Tile:5_flip 8 9 0
Map 12 7 1
Tile:2 6 8 0
Drop 3 0 1
Tile:13 6 9 0
Drop 2 0 1
Tile:12_flip 3 6 0
Drop 0 0 1
Drop 0 0 0
Tile:1 5 9 1
Drop 0 0 0
Drop 0 0 1
GAMEOVER DRAW
# Game ended: Tue Mar 24 00:54:58 EDT 2020
