# Server version 0.08 running on localhost:8123
# Game ID: 23
# Board class: Saboteur.SaboteurBoard
# Timeout: 20000
# First Move Timeout: 30000
# Date: Sun Mar 22 00:47:17 EDT 2020
# Player 1: Player-0, 'RandomPlayer', running on localhost
# Player 2: Player-1, 'RandomPlayer', running on localhost
START Player-0 RandomPlayer
START Player-1 RandomPlayer
BoardInit:Tile:5,Tile:6,Tile:9,Map,Tile:0,Tile:2,Bonus,Destroy,Malus,Tile:13,Tile:7,Tile:6,Tile:9,Map,Tile:9,Tile:8,Tile:3,Destroy,Tile:6,Tile:0,Tile:7,Tile:8,Destroy,Tile:7,Tile:11,Tile:6,Tile:7,Tile:7,Tile:5,Tile:15,Tile:10,Bonus,Tile:10,Tile:1,Tile:0,Tile:10,Tile:0,Map,Tile:12-Tile:4,Malus,Map,Tile:14,Tile:8,Tile:8,Bonus-Tile:9,Tile:8,Bonus,Tile:5,Tile:5,Tile:6,Tile:9-Tile:nugget,Tile:hidden2,Tile:hidden1
Drop 2 0 1
Tile:8 4 5 0
Tile:8 4 6 1
Tile:6_flip 6 5 0
Tile:14 5 6 1
Tile:9_flip 4 4 0
Tile:5 3 6 1
Tile:2_flip 3 4 0
Tile:9_flip 7 5 1
Tile:5_flip 7 6 0
Drop 3 0 1
Map 12 5 0
Malus 0 0 1
Bonus 0 0 0
Tile:8 7 4 1
Destroy 3 4 0
Tile:9 3 7 1
Tile:8 3 8 0
Tile:3_flip 6 6 1
Destroy 4 6 0
Drop 3 0 1
Tile:9 5 4 0
Tile:6 3 5 1
Tile:6_flip 3 4 0
Drop 4 0 1
Tile:0 4 7 0
Drop 3 0 1
Tile:5 2 4 0
Destroy 4 4 1
Tile:13 2 8 0
Tile:7 4 4 1
Tile:6_flip 5 7 0
Tile:10 7 3 1
Map 12 7 0
Tile:11_flip 2 7 1
Tile:8 5 3 0
Tile:0 6 7 1
Tile:7_flip 1 8 0
Tile:5_flip 6 3 1
Drop 2 0 0
Tile:0 4 3 1
Map 12 7 0
Drop 4 0 1
Tile:7 7 7 0
Drop 3 0 1
Tile:6 3 3 0
Tile:7_flip 2 3 1
Tile:10 5 2 0
Tile:4_flip 2 9 1
Drop 1 0 0
Tile:12 8 4 1
Drop 0 0 0
Drop 0 0 1
GAMEOVER DRAW
# Game ended: Sun Mar 22 00:47:17 EDT 2020
