# Server version 0.08 running on localhost:8123
# Game ID: 180
# Board class: Saboteur.SaboteurBoard
# Timeout: 20000
# First Move Timeout: 30000
# Date: Tue Mar 24 00:39:37 EDT 2020
# Player 1: Player-0, 'xxxxxxxxx', running on localhost
# Player 2: Player-1, 'RandomPlayer', running on localhost
START Player-0 xxxxxxxxx
START Player-1 RandomPlayer
BoardInit:Malus,Malus,Map,Tile:6,Bonus,Destroy,Tile:8,Tile:10,Tile:7,Tile:6,Tile:11,Tile:8,Tile:9,Tile:6,Destroy,Tile:5,Tile:7,Bonus,Tile:9,Map,Tile:0,Tile:6,Map,Tile:1,Tile:7,Tile:0,Tile:10,Tile:3,Bonus,Tile:15,Tile:5,Tile:4,Tile:8,Tile:13,Tile:2,Tile:14,Tile:5,Tile:5,Tile:9-Tile:12,Tile:7,Tile:8,Destroy,Tile:6,Tile:0,Tile:9-Tile:7,Tile:10,Bonus,Tile:0,Tile:8,Map,Tile:9-Tile:hidden1,Tile:hidden2,Tile:nugget
Tile:9 4 5 1
Map 12 3 0
Tile:0 6 5 1
Tile:7 7 5 0
Tile:8 5 6 1
Tile:10 7 6 0
Drop 2 0 1
Destroy 7 6 0
Tile:12 6 6 1
Tile:9 7 6 0
Tile:8 7 7 1
Tile:0 8 6 0
Tile:11 5 7 1
Tile:8 9 6 0
Tile:9_flip 4 4 1
Tile:6 10 6 0
Tile:6 7 8 1
Tile:6 11 6 0
Tile:7 11 5 1
Tile:8 12 6 0
GAMEOVER WINNER 0
# Game ended: Tue Mar 24 00:39:37 EDT 2020
