# Server version 0.08 running on localhost:8123
# Game ID: 125
# Board class: Saboteur.SaboteurBoard
# Timeout: 20000
# First Move Timeout: 30000
# Date: Mon Mar 23 21:11:45 EDT 2020
# Player 1: Player-0, 'xxxxxxxxx', running on localhost
# Player 2: Player-1, 'RandomPlayer', running on localhost
START Player-0 xxxxxxxxx
START Player-1 RandomPlayer
BoardInit:Tile:7,Bonus,Tile:6,Tile:4,Tile:10,Tile:0,Tile:5,Tile:5,Tile:5,Tile:9,Tile:0,Destroy,Destroy,Tile:13,Tile:7,Map,Tile:8,Map,Tile:14,Bonus,Map,Tile:6,Tile:0,Tile:9,Bonus,Tile:7,Tile:2,Tile:5,Tile:12,Tile:8,Tile:7,Malus,Tile:9,Tile:10,Tile:15,Tile:6,Tile:0,Tile:11,Tile:6-Tile:8,Map,Tile:9,Bonus,Tile:9,Tile:3,Tile:8-Tile:1,Malus,Tile:10,Tile:8,Tile:6,Destroy,Tile:7-Tile:hidden2,Tile:hidden1,Tile:nugget
Tile:3_flip 4 5 1
Malus 0 0 0
Drop 5 0 1
Tile:10 4 4 0
Map 12 7 1
Tile:8 4 3 0
Drop 3 0 1
Tile:1 3 3 0
Drop 5 0 1
Tile:6 2 3 0
Bonus 0 0 1
Tile:7_flip 1 3 0
Tile:5 1 2 1
Destroy 1 2 0
Tile:8 4 2 1
Tile:4 1 2 0
Tile:7_flip 3 2 1
Destroy 1 2 0
Tile:9 4 1 1
Tile:5 1 2 0
Destroy 4 2 1
Tile:9_flip 2 2 0
Tile:5 5 4 1
Tile:13 2 1 0
Tile:6 5 1 1
Tile:0 1 1 0
Tile:7_flip 5 6 1
Map 12 3 0
Tile:8 0 1 1
Map 12 3 0
Tile:12 6 1 1
Tile:6_flip 0 0 0
Tile:0 1 0 1
Malus 0 0 0
Drop 4 0 1
Tile:9_flip 0 2 0
Bonus 0 0 1
Tile:5_flip 0 3 0
Tile:9_flip 2 0 1
Tile:7 3 1 0
Drop 2 0 1
Tile:8 4 0 0
Map 12 5 1
Tile:6_flip 5 0 0
Drop 3 0 1
Tile:11_flip 4 2 0
Tile:6 5 3 1
Drop 0 0 0
Drop 2 0 1
Drop 0 0 0
Tile:14 6 0 1
Drop 0 0 0
Tile:7_flip 3 0 1
GAMEOVER DRAW
# Game ended: Mon Mar 23 21:11:45 EDT 2020
