# Server version 0.08 running on localhost:8123
# Game ID: 90
# Board class: Saboteur.SaboteurBoard
# Timeout: 20000
# First Move Timeout: 30000
# Date: Mon Mar 23 16:31:39 EDT 2020
# Player 1: Player-0, 'xxxxxxxxx', running on localhost
# Player 2: Player-1, 'RandomPlayer', running on localhost
START Player-0 xxxxxxxxx
START Player-1 RandomPlayer
BoardInit:Bonus,Tile:8,Map,Tile:9,Tile:9,Tile:9,Destroy,Tile:6,Map,Tile:0,Tile:5,Tile:7,Tile:0,Malus,Tile:2,Bonus,Tile:7,Tile:8,Tile:10,Tile:9,Tile:6,Bonus,Tile:7,Tile:6,Tile:9,Tile:14,Tile:7,Destroy,Tile:1,Destroy,Tile:15,Tile:13,Malus,Tile:3,Map,Tile:12,Tile:6,Tile:4,Tile:5-Map,Bonus,Tile:10,Tile:8,Tile:10,Tile:7,Tile:8-Tile:8,Tile:0,Tile:0,Tile:5,Tile:5,Tile:6,Tile:11-Tile:hidden2,Tile:nugget,Tile:hidden1
Map 12 7 1
Tile:8 6 5 0
Tile:8 7 5 1
Tile:0 8 5 0
Tile:7 9 5 1
Tile:5_flip 9 6 0
Map 12 3 1
Tile:0 8 6 0
Destroy 9 5 1
Tile:6_flip 9 5 0
Tile:8 6 6 1
Tile:5_flip 10 5 0
Tile:9 5 6 1
Tile:11 10 4 0
Drop 1 0 1
Tile:8 11 4 0
Tile:2_flip 4 5 1
Tile:9_flip 12 4 0
Tile:10 4 4 1
Tile:9 11 5 0
Tile:5 11 3 1
Tile:6 11 6 0
Tile:6 7 6 1
Tile:0 12 6 0
Map 12 7 1
Tile:8 6 7 0
Tile:9_flip 7 4 1
Tile:7 4 3 0
Tile:7 7 7 1
Destroy 11 4 0
Tile:0 3 3 1
Tile:9 7 3 0
Tile:7 7 2 1
Tile:14_flip 6 4 0
Tile:15 5 4 1
Destroy 10 5 0
Tile:7_flip 2 3 1
Drop 1 0 0
Tile:10 10 3 1
Tile:6 5 7 0
Drop 6 0 1
Tile:13 13 6 0
Map 12 7 1
Tile:4_flip 13 7 0
Tile:6 7 8 1
Drop 3 0 0
Tile:1 6 2 1
Tile:3 2 2 0
Malus 0 0 1
Malus 0 0 0
Bonus 0 0 1
Bonus 0 0 0
Drop 0 0 1
GAMEOVER DRAW
# Game ended: Mon Mar 23 16:31:39 EDT 2020
