# Server version 0.08 running on localhost:8123
# Game ID: 119
# Board class: Saboteur.SaboteurBoard
# Timeout: 20000
# First Move Timeout: 30000
# Date: Mon Mar 23 17:19:12 EDT 2020
# Player 1: Player-0, 'xxxxxxxxx', running on localhost
# Player 2: Player-1, 'RandomPlayer', running on localhost
START Player-0 xxxxxxxxx
START Player-1 RandomPlayer
BoardInit:Tile:6,Tile:12,Malus,Tile:2,Tile:9,Tile:9,Tile:15,Tile:7,Tile:0,Tile:14,Tile:6,Destroy,Tile:10,Tile:5,Destroy,Tile:1,Tile:11,Tile:3,Tile:9,Tile:6,Tile:8,Tile:8,Destroy,Map,Tile:0,Tile:7,Tile:9,Bonus,Bonus,Tile:8,Tile:5,Tile:7,Tile:7,Map,Tile:13,Tile:9,Tile:0,Tile:10,Malus-Bonus,Tile:4,Tile:10,Map,Tile:5,Tile:5,Map-Tile:8,Tile:8,Tile:6,Bonus,Tile:6,Tile:7,Tile:0-Tile:nugget,Tile:hidden1,Tile:hidden2
Drop 2 0 1
Tile:8 6 5 0
Tile:5_flip 5 6 1
Tile:8 7 5 0
Malus 0 0 1
Bonus 0 0 0
Tile:4_flip 7 6 1
Tile:6 8 5 0
Tile:15 6 6 1
Tile:6 9 5 0
Drop 3 0 1
Tile:7 10 5 0
Tile:5_flip 10 6 1
Destroy 10 5 0
Tile:10 6 4 1
Tile:2 10 5 0
Tile:6_flip 9 4 1
Tile:0 11 5 0
Tile:6_flip 9 6 1
Tile:12 10 4 0
Tile:0 4 6 1
Tile:9 9 7 0
Tile:11_flip 6 3 1
Tile:7 10 7 0
Tile:9 6 7 1
Map 12 3 0
Destroy 9 6 1
Tile:14_flip 9 6 0
Destroy 9 4 1
Tile:5 9 4 0
Tile:9_flip 6 8 1
Tile:3_flip 10 8 0
Tile:9_flip 9 8 1
Tile:1 11 8 0
Tile:5 5 3 1
Map 12 3 0
Drop 3 0 1
Tile:6 12 8 0
Tile:0 8 8 1
Drop 1 0 0
Tile:7 7 7 1
Drop 4 0 0
Tile:8 3 6 1
Tile:10 3 7 0
Tile:13 9 9 1
Tile:8 3 8 0
Map 12 5 1
Tile:7 4 8 0
Malus 0 0 1
Bonus 0 0 0
Drop 0 0 1
Tile:8 2 8 0
Drop 0 0 1
GAMEOVER DRAW
# Game ended: Mon Mar 23 17:19:16 EDT 2020
