# Server version 0.08 running on localhost:8123
# Game ID: 81
# Board class: Saboteur.SaboteurBoard
# Timeout: 20000
# First Move Timeout: 30000
# Date: Sun Mar 22 23:39:40 EDT 2020
# Player 1: Player-0, 'xxxxxxxxx', running on localhost
# Player 2: Player-1, 'RandomPlayer', running on localhost
START Player-0 xxxxxxxxx
START Player-1 RandomPlayer
BoardInit:Tile:6,Tile:5,Tile:10,Tile:10,Tile:6,Malus,Tile:8,Tile:15,Tile:0,Map,Tile:14,Destroy,Bonus,Bonus,Tile:0,Bonus,Tile:3,Map,Tile:5,Tile:8,Tile:13,Tile:6,Tile:9,Tile:9,Tile:7,Tile:6,Tile:6,Tile:9,Tile:11,Tile:5,Tile:0,Map,Tile:5,Tile:4,Destroy,Tile:12,Destroy,Tile:8,Map-Bonus,Tile:0,Tile:7,Tile:1,Tile:8,Tile:7,Tile:10-Tile:9,Tile:7,Tile:9,Malus,Tile:7,Tile:2,Tile:8-Tile:hidden2,Tile:nugget,Tile:hidden1
Drop 2 0 1
Tile:9_flip 6 5 0
Tile:1 4 5 1
Tile:7 6 4 0
Tile:7_flip 5 6 1
Tile:9_flip 6 6 0
Tile:6 6 7 1
Tile:7 7 7 0
Drop 0 0 1
Tile:2_flip 7 8 0
Tile:6_flip 5 7 1
Map 12 3 0
Tile:10 5 8 1
Tile:8 8 8 0
Tile:14_flip 5 4 1
Tile:5_flip 9 8 0
Tile:8 3 5 1
Tile:10 9 7 0
Drop 3 0 1
Map 12 3 0
Tile:10 3 6 1
Tile:15 9 6 0
Tile:13 3 4 1
Tile:8 9 5 0
Drop 4 0 1
Tile:6 10 5 0
Tile:5_flip 3 7 1
Tile:9_flip 11 5 0
Tile:7 3 3 1
Destroy 11 5 0
Tile:0 2 3 1
Tile:6 11 5 0
Tile:8 9 4 1
Map 12 3 0
Tile:6 1 3 1
Tile:9 11 4 0
Destroy 2 3 1
Tile:5_flip 12 4 0
Tile:11 1 2 1
Tile:4 11 3 0
Tile:9_flip 10 4 1
Tile:8 9 3 0
Tile:0 8 3 1
Tile:12_flip 8 5 0
Drop 3 0 1
Malus 0 0 0
Map 12 3 1
Malus 0 0 0
Bonus 0 0 1
Drop 0 0 0
Drop 0 0 1
Drop 0 0 0
Drop 0 0 1
GAMEOVER DRAW
# Game ended: Sun Mar 22 23:39:40 EDT 2020
