# Server version 0.08 running on 192.168.2.11:8123
# Game ID: 150
# Board class: Saboteur.SaboteurBoard
# Timeout: 20000
# First Move Timeout: 30000
# Date: Mon Mar 23 23:30:57 EDT 2020
# Player 1: Player-0, 'xxxxxxxxx', running on 192.168.2.11
# Player 2: Player-1, 'xxxxxxxxx', running on 192.168.2.11
START Player-0 xxxxxxxxx
START Player-1 xxxxxxxxx
BoardInit:Tile:0,Tile:10,Tile:9,Tile:3,Destroy,Tile:5,Bonus,Tile:10,Malus,Tile:6,Tile:2,Tile:1,Tile:11,Map,Malus,Tile:0,Tile:5,Destroy,Bonus,Map,Tile:9,Tile:13,Tile:8,Tile:6,Tile:9,Map,Tile:0,Tile:7,Tile:8,Tile:15,Tile:14,Tile:8,Bonus,Tile:8,Tile:7,Map,Tile:12,Tile:7,Tile:7-Tile:5,Tile:8,Tile:9,Tile:4,Tile:6,Tile:5,Tile:7-Tile:0,Tile:9,Bonus,Tile:6,Tile:6,Destroy,Tile:10-Tile:hidden1,Tile:hidden2,Tile:nugget
Tile:5_flip 6 5 1
Destroy 6 5 0
Tile:8 6 5 1
Tile:0 7 5 0
Tile:9_flip 8 5 1
Tile:9 8 4 0
Tile:6 9 4 1
Tile:6 10 4 0
Tile:5_flip 11 4 1
Tile:6_flip 11 3 0
Tile:4_flip 12 4 1
Tile:3 13 3 0
Destroy 12 4 1
Tile:10 12 4 0
Tile:7 13 5 1
Map 12 7 0
Tile:0 11 5 1
Tile:10 12 6 0
GAMEOVER WINNER 0
# Game ended: Mon Mar 23 23:30:57 EDT 2020
