# Server version 0.08 running on localhost:8123
# Game ID: 178
# Board class: Saboteur.SaboteurBoard
# Timeout: 20000
# First Move Timeout: 30000
# Date: Tue Mar 24 00:37:13 EDT 2020
# Player 1: Player-0, 'xxxxxxxxx', running on localhost
# Player 2: Player-1, 'RandomPlayer', running on localhost
START Player-0 xxxxxxxxx
START Player-1 RandomPlayer
BoardInit:Tile:5,Tile:6,Bonus,Bonus,Map,Tile:7,Tile:6,Destroy,Tile:5,Tile:9,Tile:0,Tile:9,Tile:7,Tile:0,Tile:5,Tile:13,Tile:5,Tile:10,Tile:11,Map,Tile:8,Tile:12,Tile:8,Tile:7,Tile:3,Malus,Bonus,Tile:15,Tile:9,Destroy,Map,Tile:14,Tile:9,Tile:1,Tile:8,Tile:0,Tile:6,Tile:4,Tile:7-Tile:6,Tile:6,Tile:10,Bonus,Map,Destroy,Tile:10-Tile:8,Tile:0,Tile:2,Malus,Tile:7,Tile:8,Tile:9-Tile:hidden1,Tile:nugget,Tile:hidden2
Tile:6 4 5 1
Tile:8 6 5 0
Destroy 6 5 1
Tile:0 6 5 0
Map 12 5 1
Tile:2 7 5 0
Tile:5 5 4 1
Malus 0 0 0
Drop 6 0 1
Tile:7_flip 3 5 0
Bonus 0 0 1
Tile:8 3 4 0
Tile:6 8 5 1
Tile:9 2 4 0
Drop 5 0 1
Tile:6_flip 2 3 0
Tile:10 7 6 1
Tile:7_flip 1 3 0
Tile:10 2 5 1
Tile:9 1 2 0
Drop 3 0 1
Tile:9 1 1 0
Tile:5_flip 7 7 1
Tile:13 1 0 0
Tile:11_flip 4 4 1
Tile:0 0 0 0
Tile:5_flip 2 2 1
Destroy 0 0 0
Tile:3_flip 5 6 1
Tile:10 2 6 0
Tile:9_flip 2 1 1
Map 12 3 0
Map 12 5 1
Tile:12_flip 0 0 0
Map 12 7 1
Malus 0 0 0
Drop 3 0 1
Destroy 0 0 0
Bonus 0 0 1
Tile:7_flip 0 0 0
Tile:6_flip 3 3 1
Tile:15 2 7 0
Tile:7_flip 6 7 1
Tile:14 2 8 0
Tile:8 4 3 1
Tile:1 1 8 0
Tile:5_flip 5 3 1
Tile:0 0 8 0
Tile:9_flip 9 5 1
Tile:4 4 2 0
Drop 0 0 1
Drop 0 0 0
Tile:8 9 4 1
GAMEOVER DRAW
# Game ended: Tue Mar 24 00:37:13 EDT 2020
