# Server version 0.08 running on localhost:8123
# Game ID: 8
# Board class: Saboteur.SaboteurBoard
# Timeout: 20000
# First Move Timeout: 30000
# Date: Sat Mar 21 18:49:05 EDT 2020
# Player 1: Player-0, 'RandomPlayer', running on localhost
# Player 2: Player-1, 'RandomPlayer', running on localhost
START Player-0 RandomPlayer
START Player-1 RandomPlayer
BoardInit:Map,Tile:9,Tile:0,Tile:5,Destroy,Tile:8,Malus,Tile:15,Map,Tile:2,Tile:9,Map,Tile:6,Tile:7,Tile:6,Tile:3,Tile:5,Tile:7,Tile:5,Tile:8,Map,Tile:9,Tile:1,Tile:0,Bonus,Tile:8,Tile:5,Tile:10,Bonus,Tile:8,Tile:9,Malus,Tile:12,Tile:11,Tile:14,Tile:6,Bonus,Tile:9,Tile:4-Tile:8,Bonus,Destroy,Tile:10,Tile:0,Tile:6,Tile:6-Tile:13,Tile:7,Destroy,Tile:0,Tile:7,Tile:7,Tile:10-Tile:nugget,Tile:hidden2,Tile:hidden1
Tile:0 4 5 1
Drop 3 0 0
Tile:8 5 4 1
Drop 5 0 0
Tile:6_flip 3 5 1
Tile:9 5 3 0
Map 12 5 1
Tile:5_flip 3 6 0
Destroy 3 5 1
Tile:8 6 3 0
Tile:6 6 4 1
Tile:7_flip 4 4 0
Drop 2 0 1
Destroy 6 4 0
Map 12 3 1
Tile:2 6 2 0
Tile:10 4 3 1
Tile:13 7 2 0
Drop 1 0 1
Tile:7 4 2 0
Tile:6 8 2 1
Tile:3_flip 2 6 0
Tile:9 2 5 1
Tile:7 8 1 0
Tile:5 7 1 1
Tile:7_flip 5 6 0
Tile:6_flip 3 2 1
Tile:0 6 6 0
Tile:5 5 2 1
Tile:8 7 6 0
Malus 0 0 1
Map 12 3 0
Tile:9_flip 9 2 1
Drop 4 0 0
Tile:12 6 5 1
Drop 0 0 0
Tile:14 7 3 1
Drop 4 0 0
Tile:5 2 4 1
Drop 6 0 0
Drop 6 0 1
Drop 3 0 0
Tile:1 2 2 1
Drop 2 0 0
Drop 2 0 1
Drop 2 0 0
Drop 3 0 1
Drop 1 0 0
Map 12 7 1
Drop 0 0 0
Drop 0 0 1
Drop 0 0 0
Drop 0 0 1
GAMEOVER DRAW
# Game ended: Sat Mar 21 18:49:05 EDT 2020
