# Server version 0.08 running on localhost:8123
# Game ID: 45
# Board class: Saboteur.SaboteurBoard
# Timeout: 20000
# First Move Timeout: 30000
# Date: Sun Mar 22 15:12:58 EDT 2020
# Player 1: Player-0, 'xxxxxxxxx', running on localhost
# Player 2: Player-1, 'RandomPlayer', running on localhost
START Player-0 xxxxxxxxx
START Player-1 RandomPlayer
BoardInit:Bonus,Tile:7,Tile:9,Tile:7,Map,Tile:10,Bonus,Tile:0,Tile:10,Tile:0,Tile:6,Map,Tile:11,Tile:7,Tile:6,Map,Bonus,Tile:8,Tile:9,Tile:8,Tile:13,Tile:5,Tile:7,Tile:5,Tile:5,Destroy,Tile:10,Tile:14,Destroy,Tile:3,Tile:6,Tile:1,Tile:15,Tile:8,Tile:4,Malus,Tile:0,Tile:0,Malus-Tile:6,Tile:12,Tile:6,Map,Tile:8,Tile:7,Destroy-Bonus,Tile:2,Tile:5,Tile:9,Tile:9,Tile:8,Tile:9-Tile:hidden1,Tile:hidden2,Tile:nugget
Tile:8 6 5 1
Drop 0 0 0
Tile:6_flip 4 5 1
Drop 0 0 0
Map 12 3 1
Drop 0 0 0
Destroy 6 5 1
Drop 0 0 0
Drop 0 0 1
Drop 0 0 0
Drop 1 0 1
Drop 0 0 0
Tile:9 4 6 1
Drop 0 0 0
Tile:6 6 5 1
Drop 0 0 0
Tile:11 5 4 1
Drop 0 0 0
Tile:6 4 7 1
Drop 0 0 0
Tile:9 3 7 1
Drop 0 0 0
Tile:6 3 8 1
Drop 0 0 0
Tile:7 5 3 1
Drop 0 0 0
Map 12 3 1
Drop 0 0 0
Drop 2 0 1
Drop 0 0 0
Destroy 3 7 1
Drop 0 0 0
Tile:6_flip 6 4 1
Drop 0 0 0
Tile:5_flip 5 6 1
Drop 0 0 0
Tile:13 3 7 1
Malus 0 0 0
Bonus 0 0 1
Drop 0 0 0
Tile:15 3 6 1
Drop 0 0 0
Drop 2 0 1
Drop 0 0 0
Drop 3 0 1
Drop 0 0 0
Drop 1 0 1
Drop 0 0 0
Malus 0 0 1
Drop 0 0 0
Drop 0 0 1
Drop 0 0 0
Drop 0 0 1
GAMEOVER DRAW
# Game ended: Sun Mar 22 15:12:58 EDT 2020
