# Server version 0.08 running on localhost:8123
# Game ID: 193
# Board class: Saboteur.SaboteurBoard
# Timeout: 20000
# First Move Timeout: 30000
# Date: Tue Mar 24 00:45:12 EDT 2020
# Player 1: Player-0, 'xxxxxxxxx', running on localhost
# Player 2: Player-1, 'RandomPlayer', running on localhost
START Player-0 xxxxxxxxx
START Player-1 RandomPlayer
BoardInit:Tile:2,Tile:8,Bonus,Bonus,Tile:5,Tile:6,Tile:6,Malus,Tile:3,Tile:7,Tile:9,Map,Tile:6,Destroy,Tile:7,Malus,Tile:14,Tile:5,Map,Tile:10,Bonus,Tile:7,Tile:1,Tile:8,Tile:9,Tile:0,Tile:0,Tile:11,Tile:0,Tile:7,Map,Tile:10,Tile:6,Tile:7,Tile:4,Tile:8,Bonus,Tile:12,Tile:5-Tile:13,Tile:9,Tile:8,Destroy,Tile:5,Tile:9,Tile:8-Tile:0,Tile:10,Tile:15,Map,Destroy,Tile:9,Tile:6-Tile:hidden1,Tile:hidden2,Tile:nugget
Tile:8 5 4 1
Map 12 3 0
Tile:8 4 5 1
Destroy 5 4 0
Tile:2 5 4 1
Tile:10 5 6 0
Tile:5_flip 4 6 1
Tile:9_flip 6 5 0
Tile:6_flip 4 4 1
Tile:0 3 4 0
Tile:5 2 4 1
Tile:15 2 5 0
Tile:3 6 4 1
Tile:6 2 6 0
Tile:9_flip 5 7 1
Tile:6_flip 1 6 0
Tile:9 0 6 1
Tile:7_flip 0 7 0
Drop 1 0 1
Tile:8 0 5 0
Tile:13 1 7 1
Malus 0 0 0
Drop 5 0 1
Map 12 3 0
Drop 0 0 1
Destroy 6 5 0
Drop 0 0 1
Tile:10 5 8 0
Drop 6 0 1
Tile:5 0 4 0
Drop 1 0 1
Tile:11 1 8 0
Map 12 7 1
Tile:10 5 9 0
Drop 0 0 1
Tile:0 2 8 0
Drop 4 0 1
Tile:7_flip 1 9 0
Bonus 0 0 1
Tile:12 1 4 0
Tile:1 3 8 1
Tile:7 2 9 0
Tile:14 4 8 1
Tile:7_flip 2 10 0
Drop 3 0 1
Tile:8 3 10 0
Tile:5_flip 5 10 1
Tile:8 3 11 0
Tile:6 4 11 1
Malus 0 0 0
Drop 0 0 1
Drop 0 0 0
Drop 0 0 1
GAMEOVER DRAW
# Game ended: Tue Mar 24 00:45:12 EDT 2020
