# Server version 0.08 running on localhost:8123
# Game ID: 148
# Board class: Saboteur.SaboteurBoard
# Timeout: 20000
# First Move Timeout: 30000
# Date: Mon Mar 23 23:27:32 EDT 2020
# Player 1: Player-0, 'xxxxxxxxx', running on localhost
# Player 2: Player-1, 'RandomPlayer', running on localhost
START Player-0 xxxxxxxxx
START Player-1 RandomPlayer
BoardInit:Malus,Bonus,Map,Tile:11,Bonus,Map,Tile:7,Tile:10,Tile:5,Destroy,Tile:7,Tile:12,Tile:2,Tile:8,Tile:10,Tile:5,Destroy,Map,Destroy,Tile:5,Map,Tile:14,Tile:8,Tile:6,Tile:0,Tile:6,Tile:9,Tile:9,Tile:3,Tile:0,Tile:1,Tile:6,Tile:7,Bonus,Tile:0,Tile:9,Tile:7,Tile:9,Tile:13-Tile:4,Tile:0,Tile:7,Tile:8,Tile:6,Tile:10,Tile:8-Bonus,Malus,Tile:9,Tile:6,Tile:5,Tile:8,Tile:15-Tile:nugget,Tile:hidden2,Tile:hidden1
Tile:8 5 4 1
Tile:9_flip 6 5 0
Tile:10 5 3 1
Tile:6_flip 6 4 0
Tile:6 7 4 1
Tile:5_flip 8 4 0
Tile:8 6 6 1
Map 12 3 0
Tile:7_flip 4 4 1
Tile:8 8 3 0
Tile:4 4 3 1
Tile:11_flip 9 3 0
Drop 2 0 1
Destroy 9 3 0
Tile:5 8 2 1
Tile:12 9 3 0
Tile:2_flip 6 7 1
Tile:5_flip 9 2 0
Tile:7_flip 5 6 1
Map 12 3 0
Tile:0 5 7 1
Tile:15 9 1 0
Drop 1 0 1
Tile:10 9 0 0
Destroy 9 1 1
Tile:8 9 1 0
Tile:8 7 6 1
Tile:5_flip 10 1 0
Tile:0 4 5 1
Tile:14_flip 10 0 0
Destroy 8 2 1
Tile:6 11 0 0
Tile:9_flip 7 7 1
Tile:6 12 0 0
Drop 4 0 1
Tile:9_flip 13 0 0
Tile:7_flip 7 8 1
Tile:6 13 1 0
Drop 2 0 1
Tile:0 12 1 0
Tile:10 5 2 1
Tile:9 8 2 0
Tile:13 8 1 1
Tile:9 7 3 0
Tile:7 7 2 1
Malus 0 0 0
Drop 1 0 1
Drop 0 0 0
Malus 0 0 1
Bonus 0 0 0
Drop 0 0 1
Drop 0 0 0
Drop 0 0 1
GAMEOVER DRAW
# Game ended: Mon Mar 23 23:27:32 EDT 2020
