# Server version 0.08 running on localhost:8123
# Game ID: 64
# Board class: Saboteur.SaboteurBoard
# Timeout: 20000
# First Move Timeout: 30000
# Date: Sun Mar 22 21:13:32 EDT 2020
# Player 1: Player-0, 'xxxxxxxxx', running on localhost
# Player 2: Player-1, 'RandomPlayer', running on localhost
START Player-0 xxxxxxxxx
START Player-1 RandomPlayer
BoardInit:Tile:8,Tile:7,Tile:0,Map,Map,Tile:0,Bonus,Tile:5,Tile:8,Tile:10,Destroy,Tile:8,Destroy,Map,Tile:6,Bonus,Tile:0,Tile:8,Tile:9,Tile:7,Tile:10,Tile:6,Tile:6,Tile:6,Tile:13,Tile:7,Tile:6,Tile:1,Tile:3,Tile:7,Tile:15,Tile:0,Tile:4,Tile:7,Tile:9,Tile:14,Tile:5,Tile:5,Tile:11-Tile:9,Tile:9,Tile:12,Malus,Tile:5,Tile:9,Tile:10-Malus,Bonus,Tile:2,Bonus,Tile:8,Map,Destroy-Tile:hidden1,Tile:hidden2,Tile:nugget
Tile:9_flip 5 4 1
Map 12 7 0
Malus 0 0 1
Destroy 5 4 0
Tile:9 4 5 1
Map 12 7 0
Map 12 5 1
Drop 6 0 0
Drop 0 0 1
Drop 6 0 0
Tile:8 4 4 1
Drop 6 0 0
Tile:9 4 3 1
Drop 6 0 0
Tile:8 5 3 1
Map 12 7 0
Drop 0 0 1
Drop 6 0 0
Drop 3 0 1
Drop 6 0 0
Drop 4 0 1
Drop 6 0 0
Destroy 4 3 1
Drop 6 0 0
Tile:9 4 3 1
Drop 6 0 0
Tile:10 4 2 1
Drop 6 0 0
Tile:13 3 4 1
Drop 6 0 0
Tile:0 2 4 1
Drop 6 0 0
Tile:15 3 5 1
Drop 6 0 0
Tile:4 4 1 1
Drop 6 0 0
Tile:10 5 2 1
Drop 6 0 0
Tile:5_flip 5 6 1
Drop 6 0 0
Tile:11 1 4 1
Drop 5 0 0
Tile:3_flip 1 5 1
Drop 4 0 0
Tile:9 5 1 1
Drop 3 0 0
Tile:6 4 6 1
Drop 2 0 0
Tile:0 6 1 1
Drop 1 0 0
Tile:6_flip 5 0 1
Malus 0 0 0
Drop 0 0 1
GAMEOVER DRAW
# Game ended: Sun Mar 22 21:13:32 EDT 2020
