# Server version 0.08 running on localhost:8123
# Game ID: 164
# Board class: Saboteur.SaboteurBoard
# Timeout: 20000
# First Move Timeout: 30000
# Date: Tue Mar 24 00:23:18 EDT 2020
# Player 1: Player-0, 'xxxxxxxxx', running on localhost
# Player 2: Player-1, 'RandomPlayer', running on localhost
START Player-0 xxxxxxxxx
START Player-1 RandomPlayer
BoardInit:Tile:7,Tile:12,Tile:0,Tile:7,Tile:9,Tile:4,Tile:8,Tile:9,Tile:0,Malus,Tile:8,Bonus,Tile:6,Tile:10,Tile:7,Tile:7,Tile:6,Tile:8,Tile:6,Tile:9,Tile:11,Tile:10,Map,Bonus,Map,Tile:5,Bonus,Destroy,Tile:15,Tile:9,Tile:10,Tile:0,Tile:13,Tile:5,Destroy,Tile:1,Map,Map,Tile:14-Tile:7,Tile:8,Tile:6,Malus,Tile:9,Tile:3,Tile:0-Tile:2,Tile:6,Tile:8,Bonus,Tile:5,Destroy,Tile:5-Tile:nugget,Tile:hidden2,Tile:hidden1
Tile:3 6 5 1
Destroy 6 5 0
Tile:9_flip 5 4 1
Tile:2 6 5 0
Drop 1 0 1
Tile:6 7 5 0
Tile:7_flip 4 5 1
Tile:8 8 5 0
Tile:0 9 5 1
Tile:5_flip 10 5 0
Tile:9 10 4 1
Tile:5_flip 11 4 0
Tile:8 8 4 1
Tile:7 11 3 0
Drop 5 0 1
Tile:9 10 3 0
Tile:7_flip 8 6 1
Tile:12 9 4 0
Drop 1 0 1
Tile:7 9 6 0
Tile:6_flip 10 2 1
Tile:4_flip 9 7 0
Tile:0 11 2 1
Tile:8 12 2 0
Tile:11 7 4 1
Tile:9_flip 13 2 0
Tile:6_flip 5 3 1
Tile:10 13 3 0
Map 12 5 1
Tile:10 13 4 0
Tile:6_flip 4 4 1
Tile:5_flip 13 5 0
Tile:6_flip 12 1 1
Destroy 13 5 0
Tile:13 7 3 1
Tile:9 13 5 0
Tile:7_flip 6 6 1
Tile:5_flip 13 6 0
Map 12 5 1
Map 12 3 0
Destroy 5 3 1
Tile:0 6 3 0
Tile:14_flip 12 6 1
Tile:1 9 2 0
Tile:15 5 6 1
Drop 1 0 0
Tile:10 5 7 1
Drop 2 0 0
Drop 1 0 1
Drop 1 0 0
Tile:0 3 4 1
Drop 0 0 0
Map 12 7 1
GAMEOVER DRAW
# Game ended: Tue Mar 24 00:23:18 EDT 2020
