# Server version 0.08 running on localhost:8123
# Game ID: 98
# Board class: Saboteur.SaboteurBoard
# Timeout: 20000
# First Move Timeout: 30000
# Date: Mon Mar 23 16:47:41 EDT 2020
# Player 1: Player-0, 'xxxxxxxxx', running on localhost
# Player 2: Player-1, 'RandomPlayer', running on localhost
START Player-0 xxxxxxxxx
START Player-1 RandomPlayer
BoardInit:Tile:12,Tile:0,Bonus,Tile:9,Bonus,Tile:0,Malus,Tile:8,Tile:13,Tile:9,Tile:7,Malus,Tile:7,Bonus,Tile:6,Tile:0,Tile:5,Tile:9,Tile:9,Tile:6,Tile:11,Tile:8,Tile:7,Map,Tile:7,Tile:5,Tile:10,Map,Tile:8,Tile:15,Tile:7,Tile:6,Map,Destroy,Tile:0,Tile:2,Tile:6,Tile:6,Tile:9-Tile:5,Bonus,Destroy,Destroy,Tile:14,Map,Tile:1-Tile:3,Tile:4,Tile:8,Tile:10,Tile:5,Tile:8,Tile:10-Tile:nugget,Tile:hidden1,Tile:hidden2
Tile:5 5 4 1
Tile:3 6 5 0
Tile:14 5 6 1
Tile:5_flip 6 4 0
Tile:12_flip 4 5 1
Tile:4_flip 6 6 0
Map 12 5 1
Tile:8 6 3 0
Drop 0 0 1
Tile:8 7 3 0
Destroy 6 3 1
Tile:0 8 3 0
Destroy 6 6 1
Tile:9_flip 9 3 0
Tile:7_flip 7 4 1
Tile:10 9 4 0
Malus 0 0 1
Malus 0 0 0
Drop 2 0 1
Bonus 0 0 0
Drop 2 0 1
Tile:10 9 5 0
Drop 3 0 1
Tile:8 9 6 0
Drop 5 0 1
Map 12 3 0
Drop 0 0 1
Tile:0 10 6 0
Drop 6 0 1
Map 12 3 0
Drop 1 0 1
Tile:9_flip 11 6 0
Drop 4 0 1
Tile:9 11 5 0
Drop 4 0 1
Destroy 11 5 0
Map 12 7 1
Tile:6_flip 11 5 0
Drop 0 0 1
Tile:8 11 7 0
Drop 2 0 1
Tile:0 10 7 0
Drop 1 0 1
Tile:5_flip 11 8 0
Drop 3 0 1
Tile:6_flip 10 8 0
Drop 0 0 1
Tile:2_flip 9 7 0
Drop 2 0 1
Tile:6_flip 9 8 0
Drop 0 0 1
Tile:15 9 2 0
Drop 0 0 1
GAMEOVER DRAW
# Game ended: Mon Mar 23 16:47:46 EDT 2020
