# Server version 0.08 running on localhost:8123
# Game ID: 86
# Board class: Saboteur.SaboteurBoard
# Timeout: 20000
# First Move Timeout: 30000
# Date: Mon Mar 23 16:22:46 EDT 2020
# Player 1: Player-0, 'xxxxxxxxx', running on localhost
# Player 2: Player-1, 'RandomPlayer', running on localhost
START Player-0 xxxxxxxxx
START Player-1 RandomPlayer
BoardInit:Tile:7,Destroy,Bonus,Tile:7,Tile:0,Malus,Map,Tile:5,Tile:14,Tile:5,Bonus,Map,Tile:5,Tile:9,Tile:8,Map,Tile:9,Tile:12,Tile:11,Tile:0,Tile:10,Tile:9,Tile:15,Destroy,Tile:1,Tile:10,Tile:7,Tile:0,Tile:13,Map,Tile:3,Bonus,Tile:6,Tile:8,Tile:6,Tile:0,Destroy,Tile:7,Malus-Tile:6,Tile:8,Tile:4,Tile:5,Tile:8,Tile:8,Tile:7-Bonus,Tile:9,Tile:9,Tile:6,Tile:6,Tile:10,Tile:2-Tile:nugget,Tile:hidden1,Tile:hidden2
Tile:4 5 4 1
Tile:6_flip 4 5 0
Tile:5 3 5 1
Destroy 5 4 0
Tile:8 6 5 1
Tile:6 3 6 0
Tile:7 6 4 1
Tile:2 5 4 0
Tile:0 4 4 1
Tile:7_flip 2 6 0
Tile:7_flip 6 6 1
Tile:5_flip 4 6 0
Drop 6 0 1
Tile:9_flip 7 5 0
Map 12 3 1
Tile:9_flip 2 5 0
Drop 1 0 1
Drop 4 0 0
Drop 1 0 1
Tile:12_flip 3 4 0
Tile:6 1 5 1
Tile:10 7 4 0
Tile:10 2 4 1
Tile:9_flip 7 6 0
Tile:14_flip 2 3 1
Destroy 7 4 0
Tile:11 7 4 1
Tile:9 0 5 0
Tile:5_flip 8 4 1
Drop 5 0 0
Tile:8 0 4 1
Drop 0 0 0
Tile:7 1 4 1
Drop 6 0 0
Tile:9_flip 7 7 1
Drop 3 0 0
Drop 6 0 1
Map 12 3 0
Destroy 0 4 1
Tile:0 6 7 0
Tile:3_flip 0 6 1
Tile:5 0 4 0
Tile:6_flip 8 3 1
Tile:8 9 3 0
Drop 0 0 1
Drop 3 0 0
Tile:13 7 3 1
Tile:0 6 3 0
Tile:1 3 3 1
Drop 0 0 0
Tile:15 5 6 1
Map 12 5 0
Drop 0 0 1
GAMEOVER DRAW
# Game ended: Mon Mar 23 16:22:46 EDT 2020
