# Server version 0.08 running on localhost:8123
# Game ID: 131
# Board class: Saboteur.SaboteurBoard
# Timeout: 20000
# First Move Timeout: 30000
# Date: Mon Mar 23 21:22:38 EDT 2020
# Player 1: Player-0, 'xxxxxxxxx', running on localhost
# Player 2: Player-1, 'RandomPlayer', running on localhost
START Player-0 xxxxxxxxx
START Player-1 RandomPlayer
BoardInit:Tile:6,Bonus,Map,Map,Tile:1,Tile:7,Tile:5,Tile:10,Tile:5,Tile:6,Tile:7,Tile:9,Tile:14,Tile:2,Tile:3,Tile:7,Bonus,Tile:0,Tile:5,Tile:11,Tile:6,Bonus,Map,Tile:0,Malus,Tile:8,Tile:7,Tile:6,Tile:10,Tile:10,Destroy,Bonus,Destroy,Tile:0,Tile:6,Tile:8,Tile:7,Tile:9,Tile:13-Tile:8,Tile:0,Tile:9,Tile:5,Tile:12,Tile:4,Tile:8-Malus,Tile:9,Map,Destroy,Tile:15,Tile:8,Tile:9-Tile:hidden2,Tile:nugget,Tile:hidden1
Tile:8 5 4 1
Map 12 3 0
Tile:9_flip 6 5 1
Destroy 6 5 0
Tile:12 6 5 1
Map 12 3 0
Drop 4 0 1
Tile:9 5 6 0
Tile:5_flip 6 4 1
Tile:7 6 6 0
Tile:5 4 4 1
Tile:15 6 3 0
Tile:7 6 2 1
Tile:8 6 7 0
Tile:14_flip 5 2 1
Tile:9_flip 7 7 0
Tile:4_flip 6 8 1
Tile:10 7 6 0
Tile:3_flip 7 8 1
Tile:6 8 8 0
Drop 4 0 1
Tile:9_flip 9 8 0
Tile:5_flip 9 9 1
Tile:2 9 7 0
Drop 0 0 1
Tile:7 10 7 0
Map 12 7 1
Tile:11 10 8 0
Tile:1 8 9 1
Tile:0 11 8 0
Tile:8 4 5 1
Tile:0 12 8 0
Tile:6 3 5 1
Tile:8 13 8 0
Destroy 6 4 1
Tile:6_flip 13 7 0
Tile:10 5 3 1
Tile:10 13 9 0
Destroy 9 8 1
Tile:9_flip 9 8 0
Map 12 5 1
Tile:8 13 10 0
Tile:7_flip 10 9 1
Tile:0 11 9 0
Drop 3 0 1
Malus 0 0 0
Drop 2 0 1
Drop 0 0 0
Drop 1 0 1
Drop 0 0 0
Bonus 0 0 1
Drop 0 0 0
Tile:13 13 11 1
GAMEOVER DRAW
# Game ended: Mon Mar 23 21:22:39 EDT 2020
