# Server version 0.08 running on 192.168.2.11:8123
# Game ID: 157
# Board class: Saboteur.SaboteurBoard
# Timeout: 20000
# First Move Timeout: 30000
# Date: Mon Mar 23 23:32:34 EDT 2020
# Player 1: Player-0, 'xxxxxxxxx', running on 192.168.2.11
# Player 2: Player-1, 'RandomPlayer', running on 192.168.2.11
START Player-0 xxxxxxxxx
START Player-1 RandomPlayer
BoardInit:Bonus,Destroy,Tile:5,Tile:8,Tile:14,Tile:6,Tile:0,Tile:6,Tile:10,Map,Tile:6,Tile:7,Tile:12,Tile:6,Map,Tile:9,Tile:5,Tile:7,Tile:11,Map,Destroy,Malus,Tile:0,Malus,Tile:6,Tile:7,Tile:7,Tile:9,Tile:3,Bonus,Tile:9,Tile:9,Tile:1,Bonus,Tile:5,Tile:15,Tile:2,Tile:10,Tile:4-Tile:7,Bonus,Tile:0,Tile:8,Tile:8,Tile:0,Tile:9-Destroy,Tile:8,Map,Tile:10,Tile:13,Tile:5,Tile:8-Tile:nugget,Tile:hidden2,Tile:hidden1
Tile:7 6 5 1
Map 12 3 0
Drop 1 0 1
Tile:8 6 6 0
Tile:8 4 5 1
Tile:13 7 6 0
Tile:5_flip 6 7 1
Tile:5_flip 8 6 0
Tile:9 7 5 1
Destroy 8 6 0
Tile:8 8 6 1
Map 12 3 0
Tile:10 7 4 1
Tile:8 9 6 0
Tile:6_flip 9 5 1
Tile:8 10 6 0
Tile:14 11 6 1
Destroy 11 6 0
Tile:5 5 7 1
Tile:6 11 6 0
Tile:0 12 6 1
Map 12 3 0
Destroy 5 7 1
Tile:6 13 6 0
Drop 2 0 1
Tile:10 11 5 0
Tile:11_flip 7 3 1
Tile:7 13 5 0
Tile:7_flip 5 7 1
Tile:6_flip 11 4 0
Tile:6_flip 3 5 1
Tile:9_flip 12 4 0
Tile:0 6 3 1
Tile:7 10 5 0
Tile:9_flip 8 7 1
Tile:7_flip 10 7 0
Tile:1 11 7 1
Tile:15 9 7 0
Tile:2_flip 4 6 1
Tile:9 9 8 0
Tile:5 2 5 1
Tile:9 9 9 0
Tile:3_flip 3 6 1
Tile:10 8 8 0
Drop 3 0 1
Malus 0 0 0
Drop 2 0 1
Malus 0 0 0
Drop 1 0 1
Drop 0 0 0
Bonus 0 0 1
Drop 0 0 0
Drop 0 0 1
GAMEOVER DRAW
# Game ended: Mon Mar 23 23:32:34 EDT 2020
