# Server version 0.08 running on localhost:8123
# Game ID: 127
# Board class: Saboteur.SaboteurBoard
# Timeout: 20000
# First Move Timeout: 30000
# Date: Mon Mar 23 21:16:10 EDT 2020
# Player 1: Player-0, 'xxxxxxxxx', running on localhost
# Player 2: Player-1, 'RandomPlayer', running on localhost
START Player-0 xxxxxxxxx
START Player-1 RandomPlayer
BoardInit:Malus,Bonus,Tile:0,Tile:13,Tile:6,Tile:15,Destroy,Map,Tile:6,Tile:8,Tile:4,Tile:9,Destroy,Bonus,Tile:6,Tile:5,Tile:14,Tile:9,Tile:10,Tile:5,Tile:6,Map,Tile:7,Tile:7,Tile:8,Tile:1,Tile:2,Malus,Tile:7,Tile:0,Destroy,Tile:9,Bonus,Tile:8,Tile:10,Tile:0,Tile:9,Tile:8,Tile:8-Tile:5,Tile:11,Tile:9,Map,Tile:12,Tile:7,Tile:6-Map,Tile:5,Tile:7,Tile:3,Tile:10,Tile:0,Bonus-Tile:nugget,Tile:hidden2,Tile:hidden1
Tile:6 6 5 1
Map 12 3 0
Map 12 3 1
Tile:5_flip 7 5 0
Tile:9 5 6 1
Tile:7 7 4 0
Tile:11 5 7 1
Tile:13 6 4 0
Destroy 7 4 1
Map 12 3 0
Tile:6 5 8 1
Tile:3 7 4 0
Tile:5_flip 6 7 1
Tile:10 6 3 0
Drop 5 0 1
Tile:0 6 8 0
Tile:6 4 8 1
Tile:8 7 8 0
Tile:14_flip 3 8 1
Tile:9_flip 8 8 0
Tile:6 7 9 1
Tile:15 8 7 0
Tile:10 8 6 1
Map 12 3 0
Destroy 5 6 1
Tile:5 8 5 0
Tile:12 9 5 1
Tile:9_flip 8 9 0
Tile:7 4 7 1
Tile:5 6 6 0
Tile:6_flip 6 9 1
Tile:7 7 6 0
Tile:2_flip 3 7 1
Tile:9 8 10 0
Tile:7_flip 6 10 1
Tile:1 9 10 0
Destroy 8 6 1
Tile:0 10 10 0
Tile:10 7 7 1
Tile:8 11 10 0
Tile:8 5 4 1
Tile:8 11 9 0
Tile:0 12 9 1
Tile:0 13 9 0
Tile:9 8 6 1
Malus 0 0 0
Drop 2 0 1
Drop 0 0 0
Malus 0 0 1
Bonus 0 0 0
Drop 0 0 1
Drop 0 0 0
Drop 0 0 1
GAMEOVER DRAW
# Game ended: Mon Mar 23 21:16:10 EDT 2020
