# Server version 0.08 running on localhost:8123
# Game ID: 27
# Board class: Saboteur.SaboteurBoard
# Timeout: 20000
# First Move Timeout: 30000
# Date: Sun Mar 22 01:22:02 EDT 2020
# Player 1: Player-0, 'RandomPlayer', running on localhost
# Player 2: Player-1, 'RandomPlayer', running on localhost
START Player-0 RandomPlayer
START Player-1 RandomPlayer
BoardInit:Tile:9,Tile:0,Tile:9,Bonus,Tile:2,Tile:8,Tile:5,Map,Tile:6,Tile:1,Tile:10,Tile:15,Tile:0,Tile:6,Tile:8,Destroy,Tile:11,Tile:0,Tile:7,Tile:8,Tile:5,Tile:3,Tile:7,Tile:6,Destroy,Tile:0,Tile:8,Tile:7,Tile:9,Tile:4,Bonus,Tile:6,Bonus,Tile:8,Tile:5,Tile:9,Map,Malus,Tile:5-Tile:6,Bonus,Tile:14,Tile:12,Tile:7,Destroy,Map-Tile:13,Malus,Map,Tile:10,Tile:9,Tile:7,Tile:10-Tile:hidden1,Tile:nugget,Tile:hidden2
Tile:6 4 5 1
Tile:10 5 4 0
Tile:7_flip 3 5 1
Tile:7 4 4 0
Tile:9_flip 6 5 1
Drop 4 0 0
Tile:2_flip 6 6 1
Drop 2 0 0
Tile:9 6 4 1
Tile:0 7 6 0
Map 12 7 1
Tile:9 3 4 0
Drop 4 0 1
Map 12 7 0
Tile:6_flip 6 3 1
Drop 2 0 0
Drop 1 0 1
Drop 5 0 0
Drop 1 0 1
Drop 1 0 0
Tile:10 3 3 1
Destroy 4 4 0
Tile:0 8 6 1
Tile:3 4 4 0
Destroy 8 6 1
Drop 2 0 0
Tile:5_flip 7 4 1
Tile:8 5 3 0
Destroy 4 5 1
Tile:15 5 2 0
Tile:11_flip 5 1 1
Tile:8 5 0 0
Tile:7 7 3 1
Tile:6 4 5 0
Drop 4 0 1
Tile:7_flip 5 6 0
Tile:7 3 2 1
Tile:6 4 0 0
Tile:8 8 6 1
Tile:9 3 0 0
Tile:5 4 1 1
Tile:0 6 0 0
Tile:8 8 7 1
Tile:8 9 7 0
Tile:5 2 2 1
Tile:13 9 6 0
Drop 3 0 1
Tile:4_flip 3 1 0
Drop 2 0 1
Tile:0 7 0 0
Drop 0 0 1
Malus 0 0 0
Drop 0 0 1
GAMEOVER DRAW
# Game ended: Sun Mar 22 01:22:02 EDT 2020
