# Server version 0.08 running on localhost:8123
# Game ID: 87
# Board class: Saboteur.SaboteurBoard
# Timeout: 20000
# First Move Timeout: 30000
# Date: Mon Mar 23 16:29:08 EDT 2020
# Player 1: Player-0, 'xxxxxxxxx', running on localhost
# Player 2: Player-1, 'RandomPlayer', running on localhost
START Player-0 xxxxxxxxx
START Player-1 RandomPlayer
BoardInit:Tile:7,Tile:0,Tile:6,Tile:0,Destroy,Tile:7,Tile:9,Tile:6,Map,Tile:8,Tile:4,Tile:2,Tile:7,Tile:6,Bonus,Destroy,Bonus,Tile:8,Tile:15,Tile:9,Tile:7,Map,Tile:9,Destroy,Tile:0,Tile:14,Tile:10,Map,Tile:5,Tile:9,Tile:6,Tile:5,Tile:9,Tile:5,Malus,Tile:11,Malus,Tile:0,Tile:10-Tile:12,Tile:3,Map,Bonus,Tile:10,Tile:8,Tile:1-Tile:6,Tile:8,Tile:13,Bonus,Tile:5,Tile:8,Tile:7-Tile:hidden2,Tile:hidden1,Tile:nugget
Tile:3_flip 5 6 1
Tile:6 6 5 0
Tile:12 6 6 1
Tile:8 7 5 0
Tile:8 7 4 1
Tile:13 8 5 0
Tile:6_flip 7 3 1
Tile:5_flip 9 5 0
Tile:7 5 4 1
Tile:8 9 4 0
Map 12 7 1
Tile:7 10 4 0
Map 12 5 1
Tile:7_flip 10 5 0
Tile:7 9 3 1
Tile:0 11 5 0
Tile:9 7 6 1
Destroy 11 5 0
Destroy 8 5 1
Tile:0 11 5 0
Tile:1 4 5 1
Tile:6 8 5 0
Tile:15 7 7 1
Tile:8 12 6 0
GAMEOVER WINNER 0
# Game ended: Mon Mar 23 16:29:08 EDT 2020
