# Server version 0.08 running on localhost:8123
# Game ID: 34
# Board class: Saboteur.SaboteurBoard
# Timeout: 20000
# First Move Timeout: 30000
# Date: Sun Mar 22 01:54:32 EDT 2020
# Player 1: Player-0, 'xxxxxxxxx', running on localhost
# Player 2: Player-1, 'RandomPlayer', running on localhost
START Player-0 xxxxxxxxx
START Player-1 RandomPlayer
BoardInit:Tile:6,Tile:10,Destroy,Map,Destroy,Tile:8,Tile:0,Tile:5,Tile:12,Tile:13,Tile:9,Tile:10,Tile:7,Tile:0,Tile:7,Tile:6,Tile:9,Tile:2,Tile:8,Tile:9,Tile:15,Tile:9,Tile:10,Bonus,Tile:5,Tile:6,Bonus,Destroy,Tile:1,Tile:0,Tile:5,Map,Map,Tile:7,Tile:3,Tile:0,Tile:7,Bonus,Tile:9-Bonus,Tile:6,Tile:8,Tile:4,Tile:6,Tile:8,Map-Tile:7,Tile:14,Malus,Malus,Tile:8,Tile:11,Tile:5-Tile:nugget,Tile:hidden2,Tile:hidden1
Tile:8 5 6 1
Tile:7_flip 5 7 0
Map 12 5 1
Tile:11 4 5 0
Tile:8 6 5 1
Tile:8 6 4 0
Tile:6 7 4 1
Tile:5_flip 6 7 0
Tile:6_flip 7 3 1
Tile:8 6 6 0
Drop 1 0 1
Malus 0 0 0
Destroy 5 6 1
Tile:13 5 6 0
Drop 3 0 1
Drop 3 0 0
Destroy 7 4 1
Tile:14_flip 5 4 0
Drop 3 0 1
Malus 0 0 0
Drop 2 0 1
Tile:2 6 3 0
Drop 3 0 1
Tile:0 5 3 0
Drop 5 0 1
Drop 2 0 0
Drop 0 0 1
Tile:6_flip 4 3 0
Drop 6 0 1
Tile:9_flip 7 4 0
Drop 0 0 1
Tile:6 7 5 0
Drop 6 0 1
Drop 1 0 0
Drop 3 0 1
Tile:0 8 3 0
Drop 2 0 1
Tile:7 7 6 0
Map 12 5 1
Tile:0 8 5 0
Drop 2 0 1
Tile:10 4 4 0
