# Server version 0.08 running on localhost:8123
# Game ID: 61
# Board class: Saboteur.SaboteurBoard
# Timeout: 20000
# First Move Timeout: 30000
# Date: Sun Mar 22 20:54:30 EDT 2020
# Player 1: Player-0, 'xxxxxxxxx', running on localhost
# Player 2: Player-1, 'RandomPlayer', running on localhost
START Player-0 xxxxxxxxx
START Player-1 RandomPlayer
BoardInit:Tile:6,Map,Malus,Tile:14,Tile:9,Tile:8,Tile:10,Bonus,Tile:0,Tile:5,Tile:9,Bonus,Tile:6,Destroy,Tile:9,Tile:7,Tile:7,Tile:6,Tile:9,Tile:13,Bonus,Tile:2,Destroy,Map,Tile:12,Tile:8,Bonus,Tile:8,Malus,Tile:7,Tile:7,Tile:3,Tile:7,Tile:11,Tile:10,Tile:5,Tile:0,Tile:6,Tile:0-Tile:4,Tile:1,Tile:8,Destroy,Map,Tile:10,Tile:0-Tile:5,Tile:8,Tile:6,Tile:5,Map,Tile:9,Tile:15-Tile:hidden2,Tile:nugget,Tile:hidden1
Map 12 3 1
Map 12 7 0
Tile:8 5 6 1
Map 12 7 0
Drop 4 0 1
Tile:5_flip 6 5 0
Tile:9_flip 6 4 1
Tile:6_flip 6 6 0
Tile:4_flip 5 7 1
Tile:8 7 6 0
Tile:6 8 6 1
Tile:5_flip 9 6 0
Tile:9 7 5 1
Tile:9 9 5 0
Tile:6_flip 5 4 1
Tile:14 10 5 0
Tile:0 4 4 1
Destroy 10 5 0
Tile:7_flip 7 7 1
Tile:8 10 5 0
Tile:10 10 4 1
Tile:5_flip 11 5 0
Tile:9 7 4 1
Tile:15 11 4 0
Destroy 11 5 1
Map 12 7 0
Tile:10 9 4 1
Tile:6 11 5 0
GAMEOVER WINNER 0
# Game ended: Sun Mar 22 20:54:33 EDT 2020
