# Server version 0.08 running on localhost:8123
# Game ID: 93
# Board class: Saboteur.SaboteurBoard
# Timeout: 20000
# First Move Timeout: 30000
# Date: Mon Mar 23 16:37:55 EDT 2020
# Player 1: Player-0, 'xxxxxxxxx', running on localhost
# Player 2: Player-1, 'RandomPlayer', running on localhost
START Player-0 xxxxxxxxx
START Player-1 RandomPlayer
BoardInit:Malus,Tile:3,Tile:6,Tile:0,Tile:10,Bonus,Tile:6,Tile:5,Tile:8,Tile:9,Map,Tile:8,Tile:5,Tile:0,Tile:9,Destroy,Tile:9,Tile:9,Tile:12,Tile:0,Map,Tile:9,Tile:7,Malus,Bonus,Tile:8,Bonus,Map,Tile:14,Destroy,Destroy,Tile:11,Map,Tile:7,Tile:10,Bonus,Tile:7,Tile:5,Tile:2-Tile:1,Tile:10,Tile:6,Tile:7,Tile:15,Tile:4,Tile:8-Tile:7,Tile:5,Tile:0,Tile:8,Tile:13,Tile:6,Tile:6-Tile:hidden2,Tile:nugget,Tile:hidden1
Tile:1 4 5 1
Tile:7 6 5 0
Tile:10 5 4 1
Tile:5_flip 6 6 0
Tile:8 3 5 1
Tile:8 5 6 0
Tile:15 3 6 1
Tile:13 5 3 0
Tile:6 5 7 1
Tile:0 6 3 0
Tile:6 4 7 1
Tile:6 7 3 0
Tile:7 8 3 1
Tile:6 8 4 0
Tile:6 3 7 1
Tile:3 9 4 0
Tile:8 5 2 1
Tile:5_flip 9 5 0
Tile:9 5 1 1
Destroy 9 5 0
Tile:12 6 1 1
Tile:9 9 5 0
Tile:9 4 3 1
Tile:0 10 5 0
Tile:10 9 6 1
Tile:8 11 5 0
Map 12 3 1
Tile:9 11 4 0
Tile:7 11 3 1
Map 12 3 0
Tile:14_flip 3 4 1
Tile:0 12 4 0
Drop 6 0 1
Destroy 4 5 0
Map 12 5 1
Tile:11_flip 7 2 0
Malus 0 0 1
Bonus 0 0 0
Tile:10 5 0 1
Tile:9 7 1 0
Tile:2 8 1 1
Tile:5_flip 4 4 0
Tile:5 7 0 1
Tile:0 7 4 0
Tile:7_flip 10 3 1
Drop 0 0 0
Tile:4_flip 9 7 1
Tile:8 2 5 0
Map 12 7 1
Tile:7 9 1 0
Drop 0 0 1
Drop 0 0 0
Drop 0 0 1
GAMEOVER DRAW
# Game ended: Mon Mar 23 16:37:55 EDT 2020
