# Server version 0.08 running on localhost:8123
# Game ID: 166
# Board class: Saboteur.SaboteurBoard
# Timeout: 20000
# First Move Timeout: 30000
# Date: Tue Mar 24 00:24:42 EDT 2020
# Player 1: Player-0, 'xxxxxxxxx', running on localhost
# Player 2: Player-1, 'RandomPlayer', running on localhost
START Player-0 xxxxxxxxx
START Player-1 RandomPlayer
BoardInit:Bonus,Bonus,Tile:0,Tile:6,Destroy,Tile:11,Tile:9,Tile:0,Tile:6,Tile:6,Tile:13,Tile:9,Tile:7,Tile:6,Tile:14,Tile:1,Tile:5,Bonus,Tile:5,Tile:2,Tile:5,Tile:8,Tile:9,Map,Tile:7,Tile:6,Tile:8,Tile:8,Tile:15,Map,Tile:0,Tile:9,Destroy,Malus,Tile:3,Destroy,Tile:12,Map,Map-Tile:0,Tile:9,Tile:5,Tile:4,Tile:10,Malus,Tile:7-Tile:8,Bonus,Tile:10,Tile:7,Tile:10,Tile:7,Tile:8-Tile:hidden2,Tile:hidden1,Tile:nugget
Drop 3 0 1
Tile:8 6 5 0
Tile:10 5 4 1
Tile:7 7 5 0
Tile:9 6 4 1
Tile:10 7 6 0
Drop 2 0 1
Tile:6 7 4 0
Destroy 6 4 1
Tile:7 8 4 0
Tile:9 7 3 1
Tile:10 8 5 0
Tile:6_flip 7 2 1
Tile:11 8 6 0
Tile:13 9 6 1
Tile:8 10 6 0
Tile:7_flip 10 7 1
Tile:0 11 6 0
Tile:14 12 6 1
Tile:6_flip 11 7 0
Tile:5 9 5 1
Tile:9_flip 10 5 0
Tile:5 6 4 1
Tile:6_flip 10 4 0
Tile:9_flip 6 6 1
Map 12 3 0
Drop 3 0 1
Tile:1 11 4 0
Tile:8 8 2 1
Tile:2 12 4 0
Tile:5 4 5 1
Map 12 3 0
Tile:7_flip 4 6 1
Tile:8 11 8 0
Destroy 11 6 1
Tile:6 11 6 0
Tile:0 13 4 1
Destroy 12 6 0
Tile:5_flip 9 7 1
Map 12 3 0
Tile:15 5 3 1
Tile:8 12 6 0
Tile:0 9 2 1
Tile:9_flip 13 6 0
Drop 3 0 1
Malus 0 0 0
Map 12 3 1
Drop 0 0 0
Bonus 0 0 1
Drop 0 0 0
Tile:0 6 2 1
Drop 0 0 0
Tile:3_flip 13 7 1
GAMEOVER DRAW
# Game ended: Tue Mar 24 00:24:43 EDT 2020
