# Server version 0.08 running on localhost:8123
# Game ID: 169
# Board class: Saboteur.SaboteurBoard
# Timeout: 20000
# First Move Timeout: 30000
# Date: Tue Mar 24 00:28:02 EDT 2020
# Player 1: Player-0, 'xxxxxxxxx', running on localhost
# Player 2: Player-1, 'RandomPlayer', running on localhost
START Player-0 xxxxxxxxx
START Player-1 RandomPlayer
BoardInit:Tile:7,Tile:5,Tile:5,Tile:7,Tile:6,Tile:9,Tile:1,Tile:6,Tile:9,Bonus,Tile:13,Bonus,Bonus,Tile:14,Tile:4,Tile:0,Destroy,Tile:6,Tile:10,Destroy,Tile:11,Map,Malus,Tile:15,Tile:6,Tile:0,Tile:2,Bonus,Tile:10,Tile:10,Map,Tile:7,Tile:8,Tile:9,Map,Tile:6,Destroy,Tile:8,Tile:8-Malus,Tile:0,Tile:0,Tile:8,Tile:9,Tile:9,Tile:5-Tile:7,Tile:5,Map,Tile:8,Tile:12,Tile:3,Tile:7-Tile:nugget,Tile:hidden1,Tile:hidden2
Tile:9_flip 5 6 1
Map 12 3 0
Tile:9_flip 5 7 1
Tile:7 6 5 0
Tile:8 4 7 1
Tile:3_flip 6 6 0
Tile:6 7 6 1
Tile:5_flip 8 6 0
Tile:5 7 5 1
Tile:8 8 5 0
Tile:9_flip 9 5 1
Tile:7_flip 9 6 0
Tile:13 4 5 1
Tile:12 10 6 0
Tile:1 3 7 1
Tile:5 9 4 0
Tile:7 5 4 1
Tile:7 10 4 0
Tile:5_flip 5 8 1
Tile:9_flip 8 4 0
Destroy 7 5 1
Destroy 10 6 0
Tile:11 4 6 1
Map 12 3 0
Drop 2 0 1
Tile:6 10 6 0
Drop 0 0 1
Tile:14 11 6 0
Tile:4 8 3 1
Tile:6_flip 11 5 0
Drop 2 0 1
Tile:0 7 4 0
Tile:0 2 7 1
Tile:7_flip 6 4 0
Tile:8 3 5 1
Tile:9 10 5 0
Tile:6_flip 1 7 1
Tile:15 6 3 0
Destroy 6 4 1
Tile:10 6 2 0
Tile:2_flip 4 8 1
Tile:6_flip 6 1 0
Tile:10 3 4 1
Tile:0 7 1 0
Map 12 3 1
Tile:8 8 1 0
Tile:8 2 5 1
Drop 0 0 0
Map 12 5 1
Drop 0 0 0
Malus 0 0 1
Bonus 0 0 0
Drop 0 0 1
GAMEOVER DRAW
# Game ended: Tue Mar 24 00:28:02 EDT 2020
