# Server version 0.08 running on localhost:8123
# Game ID: 189
# Board class: Saboteur.SaboteurBoard
# Timeout: 20000
# First Move Timeout: 30000
# Date: Tue Mar 24 00:44:49 EDT 2020
# Player 1: Player-0, 'xxxxxxxxx', running on localhost
# Player 2: Player-1, 'RandomPlayer', running on localhost
START Player-0 xxxxxxxxx
START Player-1 RandomPlayer
BoardInit:Tile:10,Map,Bonus,Tile:9,Bonus,Tile:6,Destroy,Tile:5,Tile:5,Tile:0,Tile:8,Map,Tile:1,Tile:2,Malus,Tile:3,Tile:7,Bonus,Tile:13,Tile:0,Tile:0,Tile:4,Tile:0,Tile:10,Tile:15,Destroy,Bonus,Tile:8,Map,Tile:11,Tile:9,Malus,Destroy,Tile:7,Tile:9,Tile:7,Tile:9,Tile:10,Tile:8-Tile:8,Tile:5,Tile:7,Tile:14,Tile:6,Tile:6,Map-Tile:12,Tile:5,Tile:6,Tile:7,Tile:9,Tile:8,Tile:6-Tile:hidden2,Tile:hidden1,Tile:nugget
Tile:6_flip 6 5 1
Tile:9_flip 7 5 0
Tile:8 7 4 1
Map 12 3 0
Tile:6 6 4 1
Tile:9_flip 8 4 0
Tile:7_flip 8 5 1
Tile:8 9 5 0
Tile:5 9 4 1
Tile:7 10 5 0
Tile:5_flip 10 6 1
Tile:6 10 4 0
Tile:8 6 6 1
Map 12 3 0
Tile:1 11 4 1
Tile:6 9 6 0
Map 12 7 1
Tile:6 7 6 0
Destroy 9 6 1
Tile:2_flip 9 6 0
Tile:13 4 5 1
Tile:5 10 3 0
Tile:14_flip 5 4 1
Tile:12 11 3 0
Tile:0 8 6 1
Tile:10 8 3 0
Tile:15 4 6 1
Destroy 10 6 0
Tile:7 7 3 1
Tile:8 10 6 0
Drop 3 0 1
Tile:5_flip 11 6 0
Tile:10 4 4 1
Tile:0 3 5 0
Destroy 8 5 1
Tile:3_flip 2 5 0
Tile:9 5 6 1
Tile:4 2 4 0
Tile:9_flip 4 3 1
Tile:10 8 2 0
Drop 2 0 1
Tile:0 3 3 0
Tile:9 6 3 1
Tile:11 4 2 0
Tile:8 4 1 1
Tile:7_flip 2 3 0
Drop 3 0 1
Tile:7_flip 3 1 0
Drop 2 0 1
Malus 0 0 0
Bonus 0 0 1
Drop 0 0 0
Drop 0 0 1
GAMEOVER DRAW
# Game ended: Tue Mar 24 00:44:50 EDT 2020
