# Server version 0.08 running on localhost:8123
# Game ID: 95
# Board class: Saboteur.SaboteurBoard
# Timeout: 20000
# First Move Timeout: 30000
# Date: Mon Mar 23 16:42:25 EDT 2020
# Player 1: Player-0, 'xxxxxxxxx', running on localhost
# Player 2: Player-1, 'RandomPlayer', running on localhost
START Player-0 xxxxxxxxx
START Player-1 RandomPlayer
BoardInit:Map,Tile:8,Tile:8,Tile:7,Malus,Tile:10,Tile:13,Tile:6,Tile:9,Tile:9,Destroy,Map,Tile:5,Bonus,Tile:9,Tile:1,Tile:7,Tile:8,Tile:2,Tile:6,Tile:8,Tile:3,Tile:10,Tile:0,Map,Tile:7,Tile:9,Tile:7,Tile:11,Tile:6,Tile:14,Tile:9,Tile:12,Map,Tile:5,Destroy,Tile:15,Bonus,Bonus-Tile:0,Tile:0,Tile:6,Tile:5,Bonus,Tile:10,Tile:6-Tile:4,Tile:7,Malus,Tile:5,Tile:8,Destroy,Tile:0-Tile:hidden2,Tile:hidden1,Tile:nugget
Tile:0 4 5 1
Tile:7_flip 5 6 0
Tile:5 3 5 1
Tile:8 3 6 0
Tile:10 3 7 1
Tile:7 6 5 0
Tile:8 2 6 1
Tile:10 5 4 0
Tile:13 6 6 1
Tile:6 1 6 0
Tile:6_flip 1 5 1
Tile:5_flip 6 7 0
Tile:9_flip 3 8 1
Tile:8 2 8 0
Destroy 6 5 1
Tile:9 0 6 0
Tile:9_flip 2 5 1
Drop 4 0 0
Tile:0 7 6 1
Tile:1 5 7 0
Tile:2 5 3 1
Destroy 3 5 0
Tile:5_flip 8 6 1
Tile:3_flip 3 9 0
Tile:7 6 5 1
Tile:8 1 8 0
Tile:6_flip 4 3 1
Tile:4 1 7 0
Tile:9 3 5 1
Tile:6_flip 6 3 0
Map 12 3 1
Tile:0 0 8 0
Tile:10 2 7 1
Tile:7 2 4 0
Tile:14 0 7 1
Drop 3 0 0
Tile:8 3 3 1
Destroy 1 7 0
Tile:12_flip 4 7 1
Tile:6 2 3 0
Tile:11_flip 2 9 1
Drop 3 0 0
Map 12 7 1
Drop 2 0 0
Tile:15 3 4 1
Drop 0 0 0
Tile:5 8 5 1
Map 12 7 0
Malus 0 0 1
Bonus 0 0 0
Drop 0 0 1
Drop 0 0 0
Drop 0 0 1
GAMEOVER DRAW
# Game ended: Mon Mar 23 16:42:26 EDT 2020
