# Server version 0.08 running on localhost:8123
# Game ID: 41
# Board class: Saboteur.SaboteurBoard
# Timeout: 20000
# First Move Timeout: 30000
# Date: Sun Mar 22 13:38:39 EDT 2020
# Player 1: Player-0, 'xxxxxxxxx', running on localhost
# Player 2: Player-1, 'RandomPlayer', running on localhost
START Player-0 xxxxxxxxx
START Player-1 RandomPlayer
BoardInit:Tile:10,Tile:10,Tile:0,Tile:6,Tile:10,Map,Tile:7,Tile:5,Tile:8,Bonus,Malus,Tile:7,Tile:7,Tile:3,Map,Tile:8,Tile:5,Tile:8,Tile:11,Tile:2,Destroy,Tile:0,Tile:7,Tile:4,Tile:12,Tile:6,Tile:5,Tile:9,Map,Tile:7,Bonus,Malus,Tile:8,Tile:14,Tile:5,Tile:9,Destroy,Tile:8,Tile:9-Bonus,Tile:9,Tile:6,Tile:15,Tile:0,Map,Bonus-Destroy,Tile:9,Tile:0,Tile:6,Tile:13,Tile:1,Tile:6-Tile:hidden2,Tile:hidden1,Tile:nugget
Tile:9 4 5 1
Tile:6_flip 6 5 0
Drop 1 0 1
Tile:9_flip 5 6 0
Tile:10 6 6 1
Drop 2 0 0
Tile:15 5 4 1
Tile:6_flip 7 5 0
Tile:7_flip 7 6 1
Tile:10 4 4 0
Drop 3 0 1
Destroy 4 4 0
Tile:0 8 5 1
Tile:6_flip 5 3 0
Drop 3 0 1
Tile:1 8 6 0
Tile:8 6 3 1
Tile:3_flip 6 4 0
Tile:0 7 4 1
Tile:0 7 3 0
Tile:11 4 6 1
Tile:2 9 5 0
Destroy 6 3 1
Tile:5_flip 10 5 0
Drop 4 0 1
Tile:8 8 3 0
Tile:7_flip 6 7 1
Tile:7_flip 4 7 0
Drop 6 0 1
Tile:9_flip 9 6 0
Tile:5_flip 9 3 1
Map 12 3 0
Map 12 7 1
Tile:7 4 4 0
Drop 4 0 1
Tile:14 5 7 0
Drop 6 0 1
Tile:4 10 4 0
Destroy 6 6 1
Tile:8 9 7 0
Tile:7 7 7 1
Drop 5 0 0
Tile:9_flip 9 8 1
Tile:6_flip 6 3 0
Drop 3 0 1
Drop 2 0 0
Tile:12_flip 4 3 1
Tile:0 8 8 0
Malus 0 0 1
Drop 1 0 0
Tile:8 3 4 1
Bonus 0 0 0
Drop 0 0 1
GAMEOVER DRAW
# Game ended: Sun Mar 22 13:38:39 EDT 2020
