# Server version 0.08 running on 192.168.2.11:8123
# Game ID: 153
# Board class: Saboteur.SaboteurBoard
# Timeout: 20000
# First Move Timeout: 30000
# Date: Mon Mar 23 23:31:20 EDT 2020
# Player 1: Player-0, 'xxxxxxxxx', running on 192.168.2.11
# Player 2: Player-1, 'xxxxxxxxx', running on 192.168.2.11
START Player-0 xxxxxxxxx
START Player-1 xxxxxxxxx
BoardInit:Tile:6,Malus,Tile:9,Tile:10,Tile:5,Tile:12,Bonus,Tile:8,Tile:9,Tile:9,Tile:14,Tile:8,Tile:7,Tile:9,Tile:13,Destroy,Map,Tile:8,Tile:7,Tile:5,Tile:0,Tile:7,Tile:6,Map,Tile:6,Malus,Tile:5,Tile:6,Tile:4,Map,Tile:15,Tile:0,Destroy,Tile:7,Destroy,Tile:10,Tile:7,Tile:6,Tile:10-Tile:11,Tile:8,Bonus,Tile:9,Bonus,Tile:0,Tile:8-Tile:0,Bonus,Tile:5,Map,Tile:2,Tile:1,Tile:3-Tile:hidden2,Tile:hidden1,Tile:nugget
Tile:11_flip 6 5 1
Map 12 3 0
Tile:8 6 4 1
Tile:0 7 4 0
Tile:9_flip 8 4 1
Tile:5 8 3 0
Tile:0 9 3 1
Tile:2 10 3 0
Tile:8 11 3 1
Tile:3 11 2 0
Tile:6 11 4 1
Tile:1 12 4 0
Tile:9_flip 13 4 1
Tile:10 13 3 0
Tile:5_flip 13 5 1
Tile:8 13 2 0
Tile:9 10 4 1
Tile:12_flip 12 2 0
Map 12 3 1
Destroy 11 3 0
Tile:13 11 3 1
Tile:9 13 1 0
Tile:7_flip 10 2 1
Tile:8 10 1 0
Tile:14 11 1 1
Map 12 3 0
Tile:7_flip 10 5 1
Tile:7 11 5 0
Tile:6 11 6 1
Tile:9_flip 12 6 0
Tile:6_flip 11 0 1
Map 12 3 0
Tile:0 12 0 1
Tile:8 13 0 0
Destroy 11 3 1
Tile:5 10 0 0
Destroy 12 2 1
Tile:7_flip 12 2 0
Tile:4 12 1 1
Tile:6 9 1 0
Tile:5 10 6 1
Tile:10 9 0 0
Tile:15 8 5 1
Tile:0 8 1 0
Tile:7_flip 10 7 1
Tile:6_flip 11 7 0
Tile:10 8 6 1
Malus 0 0 0
Bonus 0 0 1
Malus 0 0 0
Bonus 0 0 1
Drop 0 0 0
Drop 0 0 1
GAMEOVER DRAW
# Game ended: Mon Mar 23 23:31:20 EDT 2020
