# Server version 0.08 running on localhost:8123
# Game ID: 217
# Board class: Saboteur.SaboteurBoard
# Timeout: 20000
# First Move Timeout: 30000
# Date: Tue Mar 24 01:02:03 EDT 2020
# Player 1: Player-0, 'xxxxxxxxx', running on localhost
# Player 2: Player-1, 'xxxxxxxxx', running on localhost
START Player-0 xxxxxxxxx
START Player-1 xxxxxxxxx
BoardInit:Tile:13,Tile:8,Bonus,Tile:3,Tile:12,Tile:7,Tile:5,Destroy,Tile:8,Tile:9,Tile:9,Tile:10,Bonus,Tile:0,Tile:0,Tile:7,Tile:14,Tile:9,Map,Tile:8,Tile:1,Malus,Destroy,Tile:8,Destroy,Tile:6,Tile:4,Tile:8,Map,Tile:15,Tile:6,Tile:0,Tile:6,Tile:2,Tile:10,Tile:5,Tile:5,Tile:11,Tile:0-Tile:9,Tile:10,Tile:7,Tile:7,Tile:6,Malus,Tile:9-Bonus,Tile:7,Map,Bonus,Tile:5,Tile:6,Map-Tile:hidden1,Tile:hidden2,Tile:nugget
Malus 0 0 1
Map 12 3 0
Tile:10 5 4 1
Map 12 3 0
Tile:9_flip 6 5 1
Bonus 0 0 0
Tile:9_flip 6 6 1
Tile:8 5 3 0
Tile:7 6 3 1
Destroy 6 3 0
Tile:8 6 3 1
Tile:9_flip 7 3 0
Tile:9_flip 7 4 1
Tile:10 7 2 0
Tile:7 7 1 1
Tile:7 6 2 0
Tile:6 6 7 1
Tile:7 7 7 0
Tile:13 7 8 1
Tile:9 7 5 0
Map 12 3 1
Tile:8 8 5 0
Tile:12 9 5 1
Malus 0 0 0
Destroy 9 5 1
Tile:8 9 5 0
Destroy 9 5 1
Tile:7 9 5 0
Bonus 0 0 1
Tile:8 9 6 0
Map 12 3 1
Tile:6 10 6 0
Tile:6 11 6 1
Tile:6 12 6 0
Tile:6 13 6 1
Tile:5 12 4 0
Tile:10 10 5 1
Tile:3 13 4 0
Tile:5 11 5 1
Tile:15 10 4 0
Tile:14 9 7 1
Tile:11_flip 13 5 0
Tile:4 8 4 1
Tile:2_flip 8 6 0
Tile:0 5 7 1
Tile:0 6 1 0
Tile:1 4 7 1
Tile:5 10 3 0
Tile:5 4 5 1
Tile:0 11 3 0
Tile:0 4 3 1
Drop 0 0 0
Drop 0 0 1
GAMEOVER DRAW
# Game ended: Tue Mar 24 01:02:08 EDT 2020
