# Server version 0.08 running on localhost:8123
# Game ID: 149
# Board class: Saboteur.SaboteurBoard
# Timeout: 20000
# First Move Timeout: 30000
# Date: Mon Mar 23 23:27:42 EDT 2020
# Player 1: Player-0, 'xxxxxxxxx', running on localhost
# Player 2: Player-1, 'RandomPlayer', running on localhost
START Player-0 xxxxxxxxx
START Player-1 RandomPlayer
BoardInit:Tile:9,Malus,Tile:8,Destroy,Tile:6,Tile:0,Tile:9,Tile:9,Tile:6,Tile:0,Bonus,Map,Bonus,Tile:7,Tile:7,Tile:0,Tile:0,Bonus,Tile:15,Tile:5,Destroy,Map,Tile:4,Destroy,Tile:7,Map,Tile:5,Tile:7,Tile:6,Tile:8,Tile:5,Bonus,Tile:10,Tile:6,Tile:13,Tile:11,Tile:10,Tile:2,Tile:5-Tile:9,Tile:6,Tile:12,Tile:7,Malus,Tile:3,Tile:8-Tile:9,Tile:1,Map,Tile:14,Tile:10,Tile:8,Tile:8-Tile:hidden2,Tile:hidden1,Tile:nugget
Tile:3_flip 4 5 1
Map 12 3 0
Tile:8 4 4 1
Tile:9_flip 6 5 0
Tile:9_flip 5 4 1
Tile:14 6 6 0
Tile:9_flip 5 3 1
Destroy 6 6 0
Tile:9_flip 5 6 1
Tile:10 6 6 0
Tile:6 5 7 1
Tile:8 6 7 0
Tile:6_flip 3 4 1
Map 12 3 0
Tile:6_flip 2 4 1
Tile:1 7 7 0
Drop 0 0 1
Tile:8 8 7 0
Tile:7_flip 8 8 1
Tile:0 9 7 0
Tile:7_flip 1 4 1
Tile:9_flip 10 7 0
Tile:8 10 8 1
Map 12 3 0
Tile:4 10 6 1
Destroy 10 6 0
Destroy 5 7 1
Map 12 3 0
Tile:7 11 8 1
Tile:7 10 6 0
Tile:15 8 6 1
Tile:7_flip 9 6 0
Tile:5_flip 6 8 1
Tile:5_flip 11 9 0
Tile:10 3 5 1
Tile:8 9 5 0
Tile:6 10 9 1
Tile:0 10 5 0
Tile:13 5 7 1
Tile:0 11 5 0
Tile:5 4 7 1
Tile:6_flip 9 8 0
Tile:5_flip 4 8 1
Tile:11 9 4 0
Drop 3 0 1
Tile:2_flip 10 4 0
Tile:10 6 4 1
Malus 0 0 0
Bonus 0 0 1
Drop 0 0 0
Malus 0 0 1
Bonus 0 0 0
Drop 0 0 1
GAMEOVER DRAW
# Game ended: Mon Mar 23 23:27:42 EDT 2020
