# Server version 0.08 running on localhost:8123
# Game ID: 121
# Board class: Saboteur.SaboteurBoard
# Timeout: 20000
# First Move Timeout: 30000
# Date: Mon Mar 23 17:27:44 EDT 2020
# Player 1: Player-0, 'xxxxxxxxx', running on localhost
# Player 2: Player-1, 'RandomPlayer', running on localhost
START Player-0 xxxxxxxxx
START Player-1 RandomPlayer
BoardInit:Destroy,Tile:1,Tile:11,Tile:0,Tile:6,Map,Bonus,Tile:8,Tile:5,Tile:10,Tile:9,Tile:13,Tile:0,Tile:6,Tile:5,Tile:5,Tile:10,Malus,Destroy,Tile:4,Tile:9,Tile:9,Tile:7,Tile:8,Tile:6,Tile:7,Tile:8,Tile:8,Tile:7,Tile:14,Tile:7,Tile:6,Tile:0,Tile:15,Tile:8,Tile:9,Tile:6,Bonus,Bonus-Map,Tile:9,Map,Tile:2,Tile:10,Bonus,Tile:3-Tile:7,Map,Tile:5,Tile:12,Destroy,Tile:0,Malus-Tile:nugget,Tile:hidden1,Tile:hidden2
Tile:3 5 4 1
Map 12 3 0
Tile:10 5 6 1
Tile:7 6 5 0
Map 12 7 1
Destroy 6 5 0
Tile:6 5 7 1
Map 12 3 0
Tile:9 4 7 1
Tile:5_flip 6 5 0
Destroy 6 5 1
Tile:12 6 5 0
Tile:2_flip 4 4 1
Tile:0 6 7 0
Tile:11 3 4 1
Tile:1 7 7 0
Drop 1 0 1
Tile:0 8 7 0
Tile:9_flip 3 3 1
Tile:8 9 7 0
Map 12 3 1
Tile:13 10 7 0
Tile:5_flip 3 5 1
Tile:6 11 7 0
Destroy 7 7 1
Tile:10 11 6 0
Tile:10 9 6 1
Tile:5 11 5 0
Tile:6 10 8 1
Tile:4 10 6 0
Tile:9 9 8 1
Tile:7 11 8 0
Tile:5 4 5 1
Tile:9 9 5 0
Tile:7_flip 2 3 1
Tile:14 10 5 0
Drop 3 0 1
Tile:8 10 4 0
Tile:0 7 7 1
Tile:6 11 4 0
Tile:6 4 8 1
Tile:8 12 4 0
Tile:7 11 3 1
Tile:9_flip 13 4 0
Tile:8 2 5 1
Tile:15 13 5 0
Tile:8 11 9 1
Malus 0 0 0
Drop 1 0 1
Malus 0 0 0
Bonus 0 0 1
Drop 0 0 0
Drop 0 0 1
GAMEOVER DRAW
# Game ended: Mon Mar 23 17:27:48 EDT 2020
