# Server version 0.08 running on localhost:8123
# Game ID: 128
# Board class: Saboteur.SaboteurBoard
# Timeout: 20000
# First Move Timeout: 30000
# Date: Mon Mar 23 21:17:16 EDT 2020
# Player 1: Player-0, 'xxxxxxxxx', running on localhost
# Player 2: Player-1, 'RandomPlayer', running on localhost
START Player-0 xxxxxxxxx
START Player-1 RandomPlayer
BoardInit:Destroy,Tile:0,Tile:6,Tile:5,Tile:5,Tile:6,Malus,Tile:14,Destroy,Tile:8,Tile:9,Tile:11,Bonus,Tile:13,Tile:6,Tile:8,Tile:0,Map,Tile:5,Tile:3,Tile:7,Tile:7,Tile:0,Tile:12,Destroy,Bonus,Malus,Tile:10,Bonus,Tile:8,Tile:9,Tile:10,Tile:7,Map,Map,Tile:1,Tile:2,Tile:8,Tile:7-Tile:5,Tile:4,Tile:10,Tile:6,Map,Tile:9,Bonus-Tile:0,Tile:7,Tile:9,Tile:8,Tile:6,Tile:9,Tile:15-Tile:hidden1,Tile:nugget,Tile:hidden2
Tile:6 4 5 1
Tile:0 3 5 0
Tile:9 5 6 1
Tile:7_flip 2 5 0
Tile:10 4 4 1
Tile:9 2 4 0
Tile:4 5 4 1
Tile:8 2 3 0
Tile:6_flip 6 6 1
Tile:6 1 3 0
Tile:5 1 2 1
Tile:9 0 3 0
Tile:5_flip 3 3 1
Tile:15 0 2 0
Destroy 2 3 1
Tile:5 0 1 0
Tile:6 1 1 1
Tile:6_flip 1 0 0
Destroy 1 3 1
Tile:0 0 0 0
Tile:9_flip 3 2 1
Tile:14 0 4 0
Tile:0 7 6 1
Tile:8 1 3 0
Drop 4 0 1
Tile:11_flip 2 0 0
Map 12 3 1
Tile:13 2 1 0
Drop 5 0 1
Tile:8 2 2 0
Tile:0 6 5 1
Map 12 3 0
Tile:7 8 6 1
Tile:10 1 4 0
Tile:9_flip 3 1 1
Tile:10 1 5 0
Drop 2 0 1
Tile:3_flip 1 6 0
Tile:7 2 6 1
Tile:7_flip 2 7 0
Drop 6 0 1
Tile:8 2 3 0
Malus 0 0 1
Bonus 0 0 0
Drop 0 0 1
Tile:12 3 7 0
Tile:2_flip 5 7 1
Map 12 3 0
Map 12 5 1
Tile:8 6 7 0
Malus 0 0 1
Drop 0 0 0
Drop 0 0 1
GAMEOVER DRAW
# Game ended: Mon Mar 23 21:17:17 EDT 2020
