# Server version 0.08 running on 192.168.2.11:8123
# Game ID: 138
# Board class: Saboteur.SaboteurBoard
# Timeout: 20000
# First Move Timeout: 30000
# Date: Mon Mar 23 22:09:58 EDT 2020
# Player 1: Player-0, 'xxxxxxxxx', running on 192.168.2.11
# Player 2: Player-1, 'RandomPlayer', running on 192.168.2.11
START Player-0 xxxxxxxxx
START Player-1 RandomPlayer
BoardInit:Tile:0,Bonus,Tile:8,Tile:9,Tile:7,Tile:7,Tile:11,Tile:0,Tile:9,Tile:9,Bonus,Tile:13,Malus,Tile:4,Destroy,Tile:2,Tile:12,Tile:0,Tile:6,Tile:6,Tile:1,Tile:8,Tile:5,Malus,Tile:0,Tile:10,Destroy,Tile:14,Map,Tile:8,Map,Bonus,Map,Tile:15,Map,Tile:7,Tile:10,Tile:10,Tile:7-Destroy,Tile:9,Tile:3,Bonus,Tile:5,Tile:6,Tile:5-Tile:7,Tile:6,Tile:5,Tile:8,Tile:9,Tile:8,Tile:6-Tile:hidden1,Tile:hidden2,Tile:nugget
Tile:5 5 4 1
Drop 1 0 0
Tile:5 4 5 1
Tile:6_flip 6 4 0
Tile:8 5 6 1
Tile:8 4 6 0
Tile:3_flip 3 6 1
Tile:9 5 7 0
Drop 0 0 1
Tile:7_flip 5 8 0
Tile:9_flip 3 5 1
Tile:7_flip 2 5 0
Tile:7 3 4 1
Tile:8 2 4 0
Tile:0 6 8 1
Tile:13 7 4 0
Tile:9 7 5 1
Tile:2_flip 6 7 0
Destroy 4 6 1
Tile:0 1 4 0
Tile:6 4 6 1
Tile:6 7 8 0
Tile:6 0 4 1
Tile:5_flip 6 5 0
Drop 4 0 1
Tile:9_flip 8 8 0
Malus 0 0 1
Drop 3 0 0
Destroy 7 8 1
Drop 0 0 0
Drop 3 0 1
Malus 0 0 0
Map 12 3 1
Drop 4 0 0
Map 12 5 1
Drop 3 0 0
Map 12 3 1
Drop 2 0 0
Map 12 5 1
Drop 2 0 0
Drop 4 0 1
Drop 5 0 0
Drop 4 0 1
Drop 0 0 0
Drop 3 0 1
Bonus 0 0 0
Drop 2 0 1
Tile:7 6 6 0
Bonus 0 0 1
Tile:4 8 7 0
Tile:11 0 3 1
Tile:15 0 2 0
Tile:7 7 7 1
GAMEOVER DRAW
# Game ended: Mon Mar 23 22:09:58 EDT 2020
