# Server version 0.08 running on 192.168.2.11:8123
# Game ID: 31
# Board class: Saboteur.SaboteurBoard
# Timeout: 20000
# First Move Timeout: 30000
# Date: Sun Mar 22 01:41:13 EDT 2020
# Player 1: Player-0, 'RandomPlayer', running on 192.168.2.11
# Player 2: Player-1, 'xxxxxxxxx', running on 192.168.2.11
START Player-0 RandomPlayer
START Player-1 xxxxxxxxx
BoardInit:Tile:9,Tile:5,Tile:6,Tile:7,Tile:7,Tile:5,Tile:12,Tile:10,Tile:1,Tile:15,Destroy,Tile:8,Tile:8,Tile:13,Tile:0,Tile:8,Tile:3,Tile:6,Tile:6,Bonus,Tile:9,Tile:0,Tile:8,Tile:6,Tile:7,Bonus,Tile:7,Tile:4,Tile:7,Malus,Destroy,Tile:5,Destroy,Tile:2,Tile:5,Tile:0,Tile:11,Tile:0,Tile:10-Tile:9,Tile:8,Tile:6,Tile:9,Map,Tile:9,Map-Map,Malus,Tile:14,Bonus,Bonus,Map,Tile:10-Tile:nugget,Tile:hidden1,Tile:hidden2
Tile:9_flip 5 6 1
Map 12 5 0
Tile:6_flip 4 5 1
Drop 1 0 0
Tile:8 5 4 1
Map 12 5 0
Tile:9 4 6 1
Tile:10 4 7 0
Tile:12_flip 3 5 1
Tile:5_flip 6 4 0
Tile:6_flip 5 3 1
Drop 3 0 0
Tile:7_flip 4 3 1
Drop 6 0 0
Tile:9_flip 4 8 1
Tile:13 6 3 0
Tile:0 6 5 1
Tile:5 3 8 0
Map 12 5 1
Tile:10 4 2 0
Tile:6 7 5 1
Tile:8 6 2 0
Tile:9 5 7 1
Tile:15 7 4 0
Destroy 4 2 1
Tile:6_flip 6 7 0
Tile:3_flip 6 8 1
Tile:6 7 2 0
Tile:9_flip 7 8 1
Tile:0 8 5 0
Drop 3 0 1
Tile:4_flip 5 8 0
Tile:7 4 2 1
Tile:5_flip 9 5 0
Destroy 6 2 1
Tile:2_flip 8 2 0
Destroy 8 5 1
Drop 2 0 0
Tile:7 7 1 1
Drop 3 0 0
Drop 2 0 1
Tile:0 4 4 0
Tile:11_flip 9 2 1
Drop 4 0 0
Tile:5_flip 4 9 1
Drop 2 0 0
Map 12 7 1
Drop 0 0 0
Tile:7 7 3 1
Drop 1 0 0
Drop 0 0 1
Drop 0 0 0
Drop 0 0 1
GAMEOVER DRAW
# Game ended: Sun Mar 22 01:41:13 EDT 2020
