# Server version 0.08 running on localhost:8123
# Game ID: 159
# Board class: Saboteur.SaboteurBoard
# Timeout: 20000
# First Move Timeout: 30000
# Date: Mon Mar 23 23:33:40 EDT 2020
# Player 1: Player-0, 'xxxxxxxxx', running on localhost
# Player 2: Player-1, 'RandomPlayer', running on localhost
START Player-0 xxxxxxxxx
START Player-1 RandomPlayer
BoardInit:Tile:5,Tile:3,Tile:9,Tile:7,Tile:8,Tile:0,Tile:8,Map,Tile:10,Bonus,Destroy,Tile:0,Tile:12,Tile:6,Map,Map,Tile:6,Tile:5,Map,Tile:13,Tile:7,Tile:10,Tile:6,Bonus,Destroy,Tile:6,Tile:14,Tile:5,Bonus,Tile:4,Tile:0,Tile:7,Tile:8,Tile:8,Tile:9,Tile:2,Tile:9,Tile:6,Tile:8-Malus,Tile:9,Tile:7,Tile:15,Destroy,Malus,Bonus-Tile:9,Tile:7,Tile:0,Tile:11,Tile:10,Tile:1,Tile:5-Tile:nugget,Tile:hidden1,Tile:hidden2
Tile:7_flip 4 5 1
Tile:9_flip 6 5 0
Destroy 6 5 1
Tile:7 6 5 0
Tile:9 5 4 1
Tile:0 6 4 0
Tile:15 4 4 1
Tile:11_flip 7 4 0
Tile:9 7 5 1
Map 12 3 0
Tile:10 5 3 1
Tile:1 8 5 0
Tile:5_flip 6 6 1
Tile:5_flip 9 5 0
Destroy 9 5 1
Tile:3 9 5 0
Tile:8 5 6 1
Map 12 3 0
Drop 5 0 1
Tile:10 9 6 0
Tile:12_flip 4 6 1
Tile:7_flip 9 7 0
Tile:8 10 7 1
Tile:0 11 7 0
Tile:7 4 3 1
Tile:5 10 6 0
Tile:6 11 6 1
Tile:0 12 6 0
Destroy 6 4 1
Tile:6 13 6 0
Tile:14_flip 13 5 1
Tile:13 11 5 0
Map 12 3 1
Tile:10 11 4 0
Drop 2 0 1
Tile:7_flip 10 5 0
Tile:9 7 6 1
Tile:6 10 8 0
Tile:8 5 7 1
Tile:2 11 8 0
Tile:9_flip 11 9 1
Tile:5_flip 12 8 0
Malus 0 0 1
Bonus 0 0 0
Tile:6_flip 11 3 1
Tile:4 10 4 0
Tile:0 6 7 1
Tile:6 10 3 0
Tile:8 3 3 1
Tile:8 11 10 0
Malus 0 0 1
Bonus 0 0 0
Drop 0 0 1
GAMEOVER DRAW
# Game ended: Mon Mar 23 23:33:40 EDT 2020
