# Server version 0.08 running on localhost:8123
# Game ID: 204
# Board class: Saboteur.SaboteurBoard
# Timeout: 20000
# First Move Timeout: 30000
# Date: Tue Mar 24 00:48:24 EDT 2020
# Player 1: Player-0, 'xxxxxxxxx', running on localhost
# Player 2: Player-1, 'RandomPlayer', running on localhost
START Player-0 xxxxxxxxx
START Player-1 RandomPlayer
BoardInit:Tile:11,Bonus,Tile:8,Tile:1,Tile:4,Tile:12,Tile:9,Tile:10,Tile:8,Destroy,Tile:6,Tile:8,Tile:7,Tile:5,Map,Tile:5,Tile:15,Tile:5,Tile:7,Tile:13,Tile:10,Tile:10,Map,Map,Tile:5,Tile:9,Bonus,Tile:2,Tile:8,Tile:9,Tile:3,Tile:0,Tile:9,Bonus,Map,Tile:7,Tile:8,Tile:0,Tile:7-Tile:0,Tile:6,Tile:6,Tile:6,Malus,Destroy,Bonus-Tile:14,Tile:7,Tile:6,Tile:0,Destroy,Tile:9,Malus-Tile:nugget,Tile:hidden2,Tile:hidden1
Drop 3 0 1
Malus 0 0 0
Malus 0 0 1
Bonus 0 0 0
Drop 4 0 1
Tile:9_flip 6 5 0
Drop 3 0 1
Destroy 6 5 0
Drop 1 0 1
Tile:10 5 4 0
Drop 4 0 1
Destroy 5 4 0
Drop 0 0 1
Tile:8 6 5 0
Drop 0 0 1
Tile:7 7 5 0
Map 12 7 1
Tile:6 7 6 0
Drop 3 0 1
Tile:14 8 6 0
Drop 2 0 1
Tile:5 6 4 0
Drop 0 0 1
Tile:10 5 4 0
Drop 4 0 1
Map 12 3 0
Drop 3 0 1
Tile:9_flip 5 6 0
Drop 6 0 1
Tile:0 7 4 0
Map 12 3 1
Tile:9_flip 8 4 0
Drop 6 0 1
Tile:5 8 3 0
Drop 3 0 1
Tile:1 9 3 0
Drop 2 0 1
Tile:7 5 3 0
Map 12 5 1
Tile:5_flip 5 7 0
Drop 2 0 1
Tile:12_flip 4 6 0
Drop 1 0 1
Tile:2 4 7 0
Drop 3 0 1
Tile:0 4 5 0
Drop 0 0 1
Tile:13 4 3 0
Drop 2 0 1
Tile:0 10 3 0
Drop 0 0 1
Drop 0 0 0
Drop 0 0 1
GAMEOVER DRAW
# Game ended: Tue Mar 24 00:48:24 EDT 2020
