# Server version 0.08 running on localhost:8123
# Game ID: 6
# Board class: Saboteur.SaboteurBoard
# Timeout: 20000
# First Move Timeout: 30000
# Date: Fri Mar 20 23:47:09 EDT 2020
# Player 1: Player-0, 'RandomPlayer', running on localhost
# Player 2: Player-1, 'Human', running on localhost
START Player-0 RandomPlayer
START Player-1 Human
BoardInit:Map,Tile:6,Map,Tile:13,Destroy,Destroy,Tile:5,Tile:9,Tile:10,Tile:5,Tile:2,Malus,Tile:1,Map,Tile:5,Tile:9,Tile:0,Tile:6,Tile:7,Tile:7,Tile:15,Tile:3,Bonus,Tile:10,Bonus,Tile:0,Tile:8,Tile:0,Tile:9,Tile:8,Tile:6,Tile:5,Tile:4,Tile:6,Tile:9,Tile:7,Tile:11,Tile:8,Tile:0-Tile:10,Tile:8,Tile:14,Tile:8,Destroy,Map,Tile:7-Bonus,Bonus,Tile:9,Tile:7,Tile:12,Tile:6,Malus-Tile:nugget,Tile:hidden1,Tile:hidden2
Map 12 5 1
Tile:9 4 5 0
Tile:7 6 5 1
Tile:7_flip 6 6 0
Tile:8 7 6 1
Malus 0 0 0
Drop 2 0 1
Tile:13 7 7 0
Drop 1 0 1
Tile:9 5 4 0
Drop 5 0 1
Tile:6_flip 6 7 0
