# Server version 0.08 running on localhost:8123
# Game ID: 38
# Board class: Saboteur.SaboteurBoard
# Timeout: 20000
# First Move Timeout: 30000
# Date: Sun Mar 22 02:08:32 EDT 2020
# Player 1: Player-0, 'xxxxxxxxx', running on localhost
# Player 2: Player-1, 'RandomPlayer', running on localhost
START Player-0 xxxxxxxxx
START Player-1 RandomPlayer
BoardInit:Tile:1,Tile:9,Tile:10,Tile:5,Tile:8,Tile:0,Tile:7,Destroy,Tile:9,Tile:15,Destroy,Tile:8,Map,Tile:10,Tile:10,Tile:11,Destroy,Tile:6,Tile:6,Tile:6,Map,Tile:7,Map,Bonus,Bonus,Malus,Tile:5,Tile:0,Tile:6,Tile:7,Tile:8,Tile:5,Tile:4,Tile:0,Tile:12,Tile:13,Tile:9,Tile:8,Tile:8-Map,Tile:6,Tile:9,Tile:3,Tile:14,Tile:9,Tile:5-Tile:7,Tile:0,Bonus,Bonus,Malus,Tile:2,Tile:7-Tile:hidden1,Tile:nugget,Tile:hidden2
Tile:14 6 5 1
Tile:2 6 4 0
Tile:9 4 5 1
Tile:7_flip 4 6 0
Tile:5 4 4 1
Drop 1 0 0
Tile:6 7 4 1
Drop 5 0 0
Tile:8 5 6 1
Tile:0 6 6 0
Drop 1 0 1
Drop 1 0 0
Tile:7 7 6 1
Destroy 4 5 0
Tile:9 7 7 1
Tile:8 7 3 0
Map 12 5 1
Tile:9 7 2 0
Tile:1 8 2 1
Tile:6_flip 5 4 0
Drop 3 0 1
Tile:11_flip 7 8 0
Drop 5 0 1
Tile:6_flip 8 3 0
Destroy 8 3 1
Tile:7_flip 6 3 0
Destroy 5 4 1
Tile:7 8 7 0
Tile:10 8 8 1
Tile:15 7 1 0
Tile:9_flip 8 4 1
Drop 2 0 0
Tile:6 8 9 1
Tile:7 9 9 0
Map 12 3 1
Drop 3 0 0
Tile:8 9 2 1
Tile:13 4 5 0
Tile:9 7 0 1
Tile:8 7 9 0
Drop 2 0 1
Tile:0 3 5 0
Tile:8 10 2 1
Tile:0 6 9 0
Tile:5_flip 8 0 1
Drop 2 0 0
Tile:10 9 3 1
Tile:0 6 8 0
Map 12 3 1
Drop 0 0 0
Tile:4 6 2 1
Drop 0 0 0
Tile:12 11 2 1
GAMEOVER DRAW
# Game ended: Sun Mar 22 02:08:32 EDT 2020
