# Server version 0.08 running on localhost:8123
# Game ID: 78
# Board class: Saboteur.SaboteurBoard
# Timeout: 20000
# First Move Timeout: 30000
# Date: Sun Mar 22 22:34:18 EDT 2020
# Player 1: Player-0, 'xxxxxxxxx', running on localhost
# Player 2: Player-1, 'RandomPlayer', running on localhost
START Player-0 xxxxxxxxx
START Player-1 RandomPlayer
BoardInit:Tile:0,Map,Tile:7,Tile:9,Tile:10,Bonus,Tile:10,Tile:6,Tile:6,Tile:3,Map,Tile:14,Tile:7,Destroy,Tile:5,Tile:10,Tile:7,Tile:11,Bonus,Bonus,Tile:8,Tile:9,Destroy,Destroy,Tile:5,Tile:15,Tile:9,Tile:8,Tile:5,Tile:4,Tile:1,Tile:0,Tile:8,Tile:13,Tile:8,Tile:6,Tile:8,Tile:6,Tile:2-Tile:12,Tile:6,Tile:0,Tile:7,Tile:0,Tile:9,Malus-Map,Tile:5,Map,Malus,Tile:9,Bonus,Tile:7-Tile:nugget,Tile:hidden2,Tile:hidden1
Tile:7 5 4 1
Map 12 3 0
Tile:0 4 4 1
Map 12 3 0
Malus 0 0 1
Map 12 3 0
Drop 2 0 1
Malus 0 0 0
Drop 1 0 1
Bonus 0 0 0
Drop 4 0 1
Tile:5_flip 6 5 0
Drop 4 0 1
Tile:9 6 4 0
Map 12 7 1
Tile:7 7 4 0
Drop 5 0 1
Tile:9 7 5 0
Drop 3 0 1
Tile:6 8 5 0
Drop 2 0 1
Tile:3 9 5 0
Drop 3 0 1
Destroy 9 5 0
Destroy 5 4 1
Tile:14 9 5 0
Drop 0 0 1
Destroy 9 5 0
Drop 6 0 1
Tile:11_flip 9 5 0
Drop 1 0 1
Tile:10 9 4 0
Drop 4 0 1
Tile:9 9 6 0
Drop 0 0 1
Tile:8 10 6 0
Drop 4 0 1
Tile:0 11 6 0
Drop 0 0 1
Tile:13 12 6 0
Drop 4 0 1
Tile:6 9 7 0
Bonus 0 0 1
Tile:15 5 6 0
Tile:2_flip 10 7 1
Drop 2 0 0
Tile:8 9 3 1
Tile:6 8 3 0
Tile:8 5 7 1
Drop 0 0 0
Drop 0 0 1
Drop 0 0 0
Tile:8 4 7 1
GAMEOVER DRAW
# Game ended: Sun Mar 22 22:34:18 EDT 2020
