# Server version 0.08 running on localhost:8123
# Game ID: 57
# Board class: Saboteur.SaboteurBoard
# Timeout: 20000
# First Move Timeout: 30000
# Date: Sun Mar 22 18:24:19 EDT 2020
# Player 1: Player-0, 'xxxxxxxxx', running on localhost
# Player 2: Player-1, 'RandomPlayer', running on localhost
START Player-0 xxxxxxxxx
START Player-1 RandomPlayer
BoardInit:Tile:8,Tile:6,Tile:6,Tile:0,Map,Tile:8,Tile:6,Bonus,Map,Destroy,Tile:14,Tile:7,Tile:5,Tile:2,Tile:9,Tile:15,Malus,Bonus,Destroy,Tile:3,Tile:6,Tile:8,Destroy,Tile:0,Tile:9,Tile:8,Map,Map,Tile:12,Tile:9,Tile:7,Tile:5,Tile:0,Tile:9,Tile:9,Malus,Tile:7,Tile:10,Tile:6-Tile:13,Tile:10,Tile:10,Tile:0,Tile:5,Tile:7,Bonus-Tile:11,Bonus,Tile:4,Tile:7,Tile:5,Tile:8,Tile:1-Tile:hidden1,Tile:nugget,Tile:hidden2
Drop 2 0 1
Tile:11_flip 6 5 0
Tile:5 5 4 1
Tile:7 6 4 0
Tile:7_flip 4 5 1
Tile:4_flip 6 6 0
Map 12 5 1
Tile:5_flip 5 6 0
Drop 3 0 1
Drop 6 0 0
Tile:6_flip 4 6 1
Destroy 6 5 0
Tile:6 3 6 1
Tile:8 6 5 0
Map 12 3 1
Tile:1 7 5 0
Tile:9_flip 8 5 1
Tile:6 8 6 0
Tile:14_flip 7 6 1
Tile:0 9 6 0
Drop 4 0 1
Tile:8 10 6 0
Tile:10 10 5 1
Tile:7 11 6 0
Destroy 8 5 1
Tile:2_flip 11 7 0
Tile:13 10 7 1
Tile:15 10 4 0
Drop 0 0 1
Map 12 7 0
Destroy 5 4 1
Tile:3 10 3 0
Tile:6 10 8 1
Tile:0 11 8 0
Map 12 3 1
Tile:8 12 8 0
Tile:7_flip 7 7 1
Tile:8 13 8 0
Tile:7_flip 2 6 1
Tile:9 13 7 0
Tile:6 13 9 1
Tile:5 13 6 0
Malus 0 0 1
Drop 4 0 0
Drop 3 0 1
Drop 3 0 0
Tile:8 8 5 1
Drop 2 0 0
Tile:9 2 5 1
Drop 1 0 0
Drop 0 0 1
Bonus 0 0 0
Tile:9_flip 4 7 1
GAMEOVER DRAW
# Game ended: Sun Mar 22 18:24:19 EDT 2020
