# Server version 0.08 running on localhost:8123
# Game ID: 37
# Board class: Saboteur.SaboteurBoard
# Timeout: 20000
# First Move Timeout: 30000
# Date: Sun Mar 22 02:03:11 EDT 2020
# Player 1: Player-0, 'xxxxxxxxx', running on localhost
# Player 2: Player-1, 'RandomPlayer', running on localhost
START Player-0 xxxxxxxxx
START Player-1 RandomPlayer
BoardInit:Tile:12,Map,Tile:5,Map,Tile:14,Tile:6,Tile:8,Tile:9,Tile:8,Tile:3,Tile:10,Bonus,Bonus,Tile:8,Map,Malus,Tile:9,Tile:8,Tile:6,Destroy,Destroy,Tile:4,Tile:0,Tile:10,Tile:1,Tile:5,Tile:11,Tile:0,Tile:5,Tile:13,Bonus,Tile:0,Tile:9,Malus,Destroy,Tile:7,Tile:0,Tile:7,Tile:7-Tile:2,Tile:9,Tile:6,Tile:9,Tile:10,Tile:6,Bonus-Tile:8,Tile:6,Tile:7,Tile:5,Map,Tile:7,Tile:15-Tile:nugget,Tile:hidden2,Tile:hidden1
Tile:6 4 5 1
Tile:5_flip 5 6 0
Tile:6_flip 4 6 1
Tile:8 3 5 0
Tile:2_flip 4 7 1
Tile:6_flip 4 4 0
Tile:12_flip 2 5 1
Tile:7_flip 3 6 0
Drop 0 0 1
Map 12 3 0
Tile:9_flip 5 4 1
Tile:9_flip 6 5 0
Tile:5 5 3 1
Tile:15 6 4 0
Drop 5 0 1
Tile:3 5 7 0
Tile:8 6 3 1
Map 12 3 0
Drop 3 0 1
Tile:7_flip 6 6 0
Tile:10 5 8 1
Tile:8 6 2 0
Tile:9 3 4 1
Tile:6_flip 3 7 0
Destroy 3 7 1
Tile:8 7 2 0
Tile:14 5 9 1
Destroy 3 5 0
Tile:11_flip 6 1 1
Drop 5 0 0
Tile:5 7 1 1
Malus 0 0 0
Map 12 3 1
Tile:0 7 6 0
Drop 3 0 1
Tile:0 5 2 0
Destroy 5 7 1
Tile:10 3 3 0
Bonus 0 0 1
Tile:7 5 7 0
Tile:7 8 6 1
Tile:13 3 5 0
Tile:6_flip 3 7 1
Map 12 5 0
Tile:0 5 1 1
Tile:4_flip 8 7 0
Drop 2 0 1
Tile:7 8 2 0
Tile:9 8 3 1
Drop 1 0 0
Tile:1 2 7 1
Drop 0 0 0
Drop 0 0 1
GAMEOVER DRAW
# Game ended: Sun Mar 22 02:03:11 EDT 2020
