# Server version 0.08 running on localhost:8123
# Game ID: 60
# Board class: Saboteur.SaboteurBoard
# Timeout: 20000
# First Move Timeout: 30000
# Date: Sun Mar 22 20:53:03 EDT 2020
# Player 1: Player-0, 'xxxxxxxxx', running on localhost
# Player 2: Player-1, 'RandomPlayer', running on localhost
START Player-0 xxxxxxxxx
START Player-1 RandomPlayer
BoardInit:Map,Tile:7,Tile:11,Tile:9,Malus,Tile:8,Bonus,Tile:14,Tile:8,Tile:8,Bonus,Destroy,Tile:6,Tile:8,Tile:7,Tile:5,Tile:4,Tile:10,Tile:12,Destroy,Tile:0,Tile:10,Tile:2,Bonus,Tile:7,Tile:13,Map,Tile:1,Tile:3,Tile:9,Map,Tile:8,Tile:6,Malus,Tile:9,Tile:9,Tile:0,Tile:9,Tile:6-Map,Tile:10,Tile:6,Tile:15,Tile:5,Tile:0,Tile:7-Tile:7,Tile:6,Tile:5,Bonus,Destroy,Tile:5,Tile:0-Tile:hidden1,Tile:nugget,Tile:hidden2
Tile:6_flip 4 5 1
Tile:7 6 5 0
Tile:15 6 6 1
Destroy 6 5 0
Tile:5_flip 5 6 1
Tile:6_flip 6 5 0
Tile:11 5 4 1
Tile:5_flip 7 5 0
Tile:0 6 4 1
Tile:7 7 4 0
Drop 3 0 1
Tile:5_flip 6 7 0
Drop 4 0 1
Destroy 7 5 0
Tile:7_flip 4 6 1
Tile:9_flip 7 5 0
Tile:6_flip 5 7 1
Tile:8 5 3 0
Tile:7_flip 5 8 1
Tile:10 7 6 0
Map 12 7 1
Destroy 7 5 0
Drop 5 0 1
Tile:8 7 5 0
Drop 4 0 1
Tile:0 8 5 0
Tile:0 9 5 1
Tile:14 10 5 0
Drop 5 0 1
Tile:8 10 4 0
Tile:2 10 3 1
Tile:5_flip 11 4 0
Tile:3_flip 7 7 1
Tile:13 11 3 0
Tile:6 6 3 1
Tile:10 11 2 0
Tile:9 3 5 1
Tile:1 9 4 0
Tile:0 9 3 1
Tile:9 11 1 0
Drop 6 0 1
Tile:8 12 1 0
Map 12 7 1
Tile:9 12 2 0
Tile:10 3 4 1
Tile:9_flip 13 2 0
Tile:8 5 2 1
Drop 2 0 0
Map 12 5 1
Drop 1 0 0
Malus 0 0 1
Bonus 0 0 0
Drop 0 0 1
GAMEOVER DRAW
# Game ended: Sun Mar 22 20:53:07 EDT 2020
