# Server version 0.08 running on localhost:8123
# Game ID: 29
# Board class: Saboteur.SaboteurBoard
# Timeout: 20000
# First Move Timeout: 30000
# Date: Sun Mar 22 01:35:00 EDT 2020
# Player 1: Player-0, 'RandomPlayer', running on localhost
# Player 2: Player-1, 'xxxxxxxxx', running on localhost
START Player-0 RandomPlayer
START Player-1 xxxxxxxxx
BoardInit:Tile:9,Tile:3,Tile:13,Tile:5,Tile:9,Map,Tile:9,Tile:5,Tile:2,Tile:8,Destroy,Tile:6,Bonus,Tile:14,Tile:6,Tile:15,Bonus,Tile:7,Tile:7,Map,Destroy,Tile:10,Tile:0,Tile:5,Bonus,Tile:6,Malus,Tile:8,Tile:7,Tile:4,Map,Tile:10,Tile:8,Tile:11,Tile:6,Tile:1,Map,Malus,Tile:6-Tile:0,Tile:7,Tile:12,Destroy,Tile:10,Tile:8,Tile:0-Tile:7,Bonus,Tile:0,Tile:5,Tile:9,Tile:8,Tile:9-Tile:hidden1,Tile:hidden2,Tile:nugget
Tile:8 5 6 1
Tile:8 6 5 0
Tile:0 4 6 1
Tile:9_flip 6 6 0
Tile:7_flip 5 7 1
Tile:9_flip 6 7 0
Tile:0 7 5 1
Drop 4 0 0
Tile:9_flip 5 4 1
Tile:5 3 6 0
Destroy 6 5 1
Tile:0 4 5 0
Tile:2 8 5 1
Tile:8 6 5 0
Tile:12 9 5 1
Tile:6 3 7 0
Tile:6 3 5 1
Tile:5 6 4 0
Drop 1 0 1
Drop 1 0 0
Tile:10 3 4 1
Tile:7 3 3 0
Tile:7_flip 2 5 1
Tile:7_flip 4 4 0
Tile:9 2 3 1
Tile:15 2 2 0
Destroy 5 4 1
Tile:5 2 7 0
Drop 6 0 1
Tile:14 8 6 0
Tile:7 5 4 1
Drop 3 0 0
Destroy 6 4 1
Tile:4 6 4 0
Tile:9 2 1 1
Tile:6 6 8 0
Tile:6 3 1 1
Tile:8 4 1 0
Tile:0 5 8 1
Tile:1 7 8 0
Tile:6_flip 4 0 1
Drop 5 0 0
Tile:8 3 0 1
Tile:10 2 4 0
Drop 3 0 1
Map 12 3 0
Drop 3 0 1
Tile:11_flip 2 8 0
Drop 2 0 1
Drop 1 0 0
Drop 0 0 1
Map 12 5 0
Drop 0 0 1
GAMEOVER DRAW
# Game ended: Sun Mar 22 01:35:00 EDT 2020
