# Server version 0.08 running on localhost:8123
# Game ID: 115
# Board class: Saboteur.SaboteurBoard
# Timeout: 20000
# First Move Timeout: 30000
# Date: Mon Mar 23 17:09:35 EDT 2020
# Player 1: Player-0, 'xxxxxxxxx', running on localhost
# Player 2: Player-1, 'RandomPlayer', running on localhost
START Player-0 xxxxxxxxx
START Player-1 RandomPlayer
BoardInit:Tile:5,Map,Tile:7,Tile:8,Tile:3,Bonus,Tile:1,Tile:7,Tile:0,Tile:9,Map,Tile:6,Tile:6,Tile:8,Bonus,Tile:9,Tile:5,Tile:0,Tile:7,Destroy,Tile:12,Bonus,Tile:14,Tile:0,Tile:9,Tile:2,Tile:6,Tile:9,Map,Bonus,Tile:13,Tile:7,Tile:8,Tile:11,Tile:5,Tile:10,Map,Destroy,Tile:6-Tile:9,Malus,Tile:10,Tile:8,Tile:0,Tile:7,Destroy-Tile:4,Tile:10,Tile:6,Tile:5,Malus,Tile:8,Tile:15-Tile:hidden1,Tile:hidden2,Tile:nugget
Tile:9 4 5 1
Tile:6 6 5 0
Tile:7_flip 5 6 1
Map 12 3 0
Tile:7 6 4 1
Tile:5_flip 7 5 0
Drop 2 0 1
Tile:4 7 4 0
Tile:1 6 6 1
Tile:7 7 6 0
Tile:10 7 7 1
Tile:10 7 8 0
Tile:5_flip 4 6 1
Tile:8 7 9 0
Map 12 3 1
Tile:8 8 9 0
Destroy 4 5 1
Tile:9_flip 9 9 0
Tile:0 6 9 1
Tile:15 9 8 0
Tile:6 5 9 1
Tile:6_flip 9 7 0
Tile:7_flip 9 10 1
Tile:8 10 7 0
Tile:14_flip 4 5 1
Tile:9_flip 11 7 0
Tile:3_flip 8 7 1
Tile:2 11 6 0
Tile:9 8 6 1
Tile:0 12 6 0
Tile:5 8 5 1
Destroy 9 8 0
Tile:6 9 6 1
Tile:9_flip 11 8 0
Tile:8 10 10 1
Tile:11 5 8 0
Drop 3 0 1
Tile:10 11 9 0
Tile:5 5 7 1
Destroy 11 8 0
Tile:13 9 8 1
Drop 1 0 0
Map 12 3 1
Tile:0 13 6 0
Drop 3 0 1
Tile:7 9 5 0
Tile:6_flip 5 4 1
Malus 0 0 0
Drop 1 0 1
Drop 0 0 0
Bonus 0 0 1
Drop 0 0 0
Drop 0 0 1
GAMEOVER DRAW
# Game ended: Mon Mar 23 17:09:38 EDT 2020
