# Server version 0.08 running on localhost:8123
# Game ID: 46
# Board class: Saboteur.SaboteurBoard
# Timeout: 20000
# First Move Timeout: 30000
# Date: Sun Mar 22 15:22:01 EDT 2020
# Player 1: Player-0, 'xxxxxxxxx', running on localhost
# Player 2: Player-1, 'RandomPlayer', running on localhost
START Player-0 xxxxxxxxx
START Player-1 RandomPlayer
BoardInit:Malus,Tile:10,Tile:5,Tile:0,Tile:5,Tile:6,Tile:4,Tile:8,Malus,Tile:6,Tile:11,Tile:14,Tile:5,Tile:7,Bonus,Tile:8,Map,Tile:0,Destroy,Tile:10,Tile:6,Map,Tile:9,Tile:7,Tile:6,Tile:2,Tile:7,Tile:1,Tile:8,Tile:6,Tile:0,Map,Tile:8,Destroy,Tile:9,Tile:7,Destroy,Tile:9,Tile:7-Tile:15,Tile:8,Bonus,Tile:13,Tile:10,Bonus,Tile:5-Tile:9,Tile:0,Tile:9,Tile:12,Tile:3,Bonus,Map-Tile:hidden1,Tile:hidden2,Tile:nugget
Tile:10 5 6 1
Tile:9 4 5 0
Tile:5_flip 4 6 1
Tile:0 3 6 0
Tile:8 5 7 1
Tile:9 2 6 0
Drop 4 0 1
Tile:3_flip 2 7 0
Drop 2 0 1
Tile:10 2 5 0
Tile:15 5 8 1
Tile:6_flip 2 4 0
Tile:5 4 7 1
Tile:12_flip 1 4 0
Tile:5_flip 4 8 1
Tile:0 3 8 0
Tile:11_flip 5 9 1
Tile:6_flip 2 8 0
Tile:4 5 4 1
Tile:8 1 8 0
Malus 0 0 1
Bonus 0 0 0
Tile:6 3 4 1
Tile:14_flip 0 8 0
Tile:9_flip 0 9 1
Tile:7_flip 0 10 0
Destroy 3 6 1
Tile:8 1 10 0
Tile:7 4 4 1
Tile:10 1 11 0
Tile:6 3 6 1
Tile:7_flip 1 12 0
Tile:0 6 5 1
Tile:0 2 12 0
Drop 4 0 1
Destroy 1 12 0
Tile:8 7 5 1
Tile:2_flip 1 12 0
Destroy 3 6 1
Tile:1 0 12 0
Tile:5_flip 3 7 1
Tile:9 1 9 0
Tile:7_flip 5 10 1
Tile:6 3 12 0
Tile:9_flip 2 9 1
Tile:7 1 7 0
Tile:8 2 10 1
Map 12 3 0
Drop 2 0 1
Map 12 3 0
Drop 0 0 1
Map 12 3 0
Drop 0 0 1
GAMEOVER DRAW
# Game ended: Sun Mar 22 15:22:01 EDT 2020
