# Server version 0.08 running on localhost:8123
# Game ID: 198
# Board class: Saboteur.SaboteurBoard
# Timeout: 20000
# First Move Timeout: 30000
# Date: Tue Mar 24 00:46:21 EDT 2020
# Player 1: Player-0, 'xxxxxxxxx', running on localhost
# Player 2: Player-1, 'RandomPlayer', running on localhost
START Player-0 xxxxxxxxx
START Player-1 RandomPlayer
BoardInit:Tile:5,Tile:9,Tile:12,Tile:8,Tile:3,Tile:10,Tile:8,Tile:5,Tile:8,Tile:7,Tile:6,Tile:14,Tile:0,Tile:7,Destroy,Map,Tile:0,Tile:6,Tile:6,Tile:2,Tile:9,Tile:7,Tile:9,Tile:6,Malus,Tile:8,Tile:9,Tile:13,Tile:11,Bonus,Map,Destroy,Tile:0,Bonus,Tile:10,Tile:6,Tile:1,Tile:10,Bonus-Tile:5,Map,Tile:7,Tile:15,Destroy,Bonus,Malus-Tile:0,Tile:4,Tile:9,Tile:7,Tile:8,Tile:5,Map-Tile:hidden2,Tile:hidden1,Tile:nugget
Tile:7_flip 4 5 1
Map 12 3 0
Map 12 3 1
Tile:9_flip 6 5 0
Tile:5 6 4 1
Tile:9_flip 7 4 0
Tile:3 5 4 1
Tile:10 7 3 0
Tile:8 7 2 1
Tile:8 8 2 0
Tile:5 4 4 1
Tile:8 9 2 0
Tile:15 7 5 1
Tile:7 10 2 0
Tile:12_flip 6 2 1
Tile:7 9 1 0
Destroy 4 5 1
Map 12 3 0
Drop 1 0 1
Tile:7 7 1 0
Tile:8 4 5 1
Tile:6 10 3 0
Tile:6 3 5 1
Tile:7 11 3 0
Destroy 6 2 1
Tile:6 11 4 0
Tile:6 2 5 1
Tile:8 12 4 0
Tile:9 1 5 1
Tile:0 13 3 0
Tile:11_flip 12 6 1
Tile:4 12 2 0
Tile:0 6 2 1
Destroy 11 3 0
Tile:9_flip 1 6 1
Tile:2 11 3 0
Tile:9 0 6 1
Tile:6 9 3 0
Tile:10 0 5 1
Tile:10 6 6 0
Tile:0 11 6 1
Tile:5 8 1 0
Tile:1 13 4 1
Tile:5 5 2 0
Tile:0 13 5 1
Tile:14 5 3 0
Drop 2 0 1
Tile:13 6 7 0
Malus 0 0 1
Bonus 0 0 0
Drop 0 0 1
Drop 0 0 0
Drop 0 0 1
GAMEOVER DRAW
# Game ended: Tue Mar 24 00:46:21 EDT 2020
