# Server version 0.08 running on localhost:8123
# Game ID: 206
# Board class: Saboteur.SaboteurBoard
# Timeout: 20000
# First Move Timeout: 30000
# Date: Tue Mar 24 00:49:34 EDT 2020
# Player 1: Player-0, 'xxxxxxxxx', running on localhost
# Player 2: Player-1, 'RandomPlayer', running on localhost
START Player-0 xxxxxxxxx
START Player-1 RandomPlayer
BoardInit:Tile:1,Tile:6,Tile:6,Tile:7,Tile:9,Tile:9,Tile:7,Tile:8,Bonus,Tile:6,Tile:5,Tile:7,Map,Tile:4,Tile:0,Tile:5,Tile:9,Tile:12,Map,Bonus,Tile:13,Tile:8,Tile:9,Bonus,Tile:5,Destroy,Bonus,Tile:14,Malus,Tile:6,Map,Tile:8,Tile:10,Destroy,Tile:15,Tile:0,Tile:2,Map,Tile:3-Tile:9,Tile:5,Tile:8,Tile:7,Tile:0,Malus,Destroy-Tile:10,Tile:6,Tile:10,Tile:7,Tile:8,Tile:0,Tile:11-Tile:hidden2,Tile:hidden1,Tile:nugget
Drop 3 0 1
Tile:10 5 4 0
Tile:1 6 5 1
Tile:10 5 6 0
Tile:9 5 7 1
Tile:8 6 7 0
Tile:5_flip 5 8 1
Tile:9_flip 7 7 0
Tile:0 4 8 1
Tile:8 7 6 0
Tile:6_flip 7 5 1
Tile:7 8 5 0
Destroy 8 5 1
Tile:7 8 5 0
Tile:5_flip 7 8 1
Tile:7 5 3 0
Drop 0 0 1
Tile:6 8 6 0
Tile:9 3 8 1
Tile:6 9 6 0
Tile:0 10 6 1
Tile:6 11 6 0
Tile:9_flip 12 6 1
GAMEOVER WINNER 1
# Game ended: Tue Mar 24 00:49:34 EDT 2020
