# Server version 0.08 running on localhost:8123
# Game ID: 59
# Board class: Saboteur.SaboteurBoard
# Timeout: 20000
# First Move Timeout: 30000
# Date: Sun Mar 22 20:48:28 EDT 2020
# Player 1: Player-0, 'xxxxxxxxx', running on localhost
# Player 2: Player-1, 'RandomPlayer', running on localhost
START Player-0 xxxxxxxxx
START Player-1 RandomPlayer
BoardInit:Tile:4,Tile:5,Tile:0,Tile:10,Tile:9,Tile:2,Tile:0,Tile:1,Tile:5,Tile:8,Tile:15,Bonus,Tile:10,Map,Bonus,Destroy,Tile:0,Map,Map,Tile:6,Tile:8,Tile:0,Tile:7,Tile:9,Tile:6,Tile:7,Tile:10,Tile:8,Bonus,Tile:7,Tile:7,Tile:12,Tile:8,Tile:6,Tile:14,Tile:3,Destroy,Tile:8,Tile:9-Tile:5,Tile:9,Tile:7,Malus,Tile:13,Malus,Tile:6-Tile:9,Bonus,Destroy,Map,Tile:6,Tile:11,Tile:5-Tile:hidden1,Tile:hidden2,Tile:nugget
Malus 0 0 1
Map 12 7 0
Malus 0 0 1
Drop 6 0 0
Tile:4_flip 5 6 1
Destroy 5 6 0
Tile:9_flip 5 4 1
Drop 6 0 0
Tile:6_flip 5 3 1
Drop 6 0 0
Tile:9 4 4 1
Drop 6 0 0
Tile:0 6 3 1
Drop 6 0 0
Tile:13 5 6 1
Map 12 7 0
Tile:10 5 7 1
Destroy 6 3 0
Tile:0 6 6 1
Map 12 7 0
Tile:5 4 3 1
Drop 6 0 0
Tile:5_flip 6 5 1
Drop 6 0 0
Drop 4 0 1
Drop 6 0 0
Tile:8 5 8 1
Drop 6 0 0
Drop 6 0 1
Drop 6 0 0
Drop 3 0 1
Drop 6 0 0
Tile:7_flip 4 8 1
Drop 6 0 0
Tile:6_flip 7 6 1
Drop 6 0 0
Drop 3 0 1
Drop 6 0 0
Destroy 6 6 1
Drop 6 0 0
Tile:9_flip 4 7 1
Drop 5 0 0
Tile:8 4 6 1
Drop 4 0 0
Tile:14_flip 3 6 1
Drop 3 0 0
Tile:7_flip 3 7 1
Drop 2 0 0
Tile:7_flip 7 7 1
Drop 1 0 0
Tile:15 6 4 1
Drop 0 0 0
Drop 0 0 1
GAMEOVER DRAW
# Game ended: Sun Mar 22 20:48:28 EDT 2020
