# Server version 0.08 running on 192.168.2.11:8123
# Game ID: 151
# Board class: Saboteur.SaboteurBoard
# Timeout: 20000
# First Move Timeout: 30000
# Date: Mon Mar 23 23:31:04 EDT 2020
# Player 1: Player-0, 'xxxxxxxxx', running on 192.168.2.11
# Player 2: Player-1, 'xxxxxxxxx', running on 192.168.2.11
START Player-0 xxxxxxxxx
START Player-1 xxxxxxxxx
BoardInit:Tile:8,Bonus,Tile:10,Tile:9,Tile:0,Tile:11,Tile:9,Tile:8,Tile:7,Tile:8,Tile:6,Destroy,Malus,Destroy,Destroy,Tile:12,Tile:6,Tile:5,Map,Tile:8,Tile:9,Tile:9,Tile:5,Tile:7,Tile:3,Map,Tile:10,Tile:6,Bonus,Bonus,Tile:7,Map,Tile:0,Tile:8,Tile:0,Tile:6,Tile:4,Tile:10,Tile:15-Malus,Tile:0,Tile:13,Tile:5,Tile:9,Tile:7,Tile:6-Bonus,Tile:14,Tile:1,Tile:5,Tile:7,Map,Tile:2-Tile:nugget,Tile:hidden1,Tile:hidden2
Tile:0 6 5 1
Map 12 3 0
Tile:13 7 5 1
Tile:14 8 5 0
Tile:5 8 4 1
Tile:1 9 4 0
Tile:9_flip 10 4 1
Tile:5 10 3 0
Tile:7 11 3 1
Tile:7_flip 11 4 0
Tile:6 12 4 1
Tile:2 13 4 0
Tile:8 13 5 1
Destroy 11 3 0
Tile:10 13 6 1
Tile:9_flip 11 3 0
Destroy 12 4 1
Tile:8 12 4 0
Tile:9 13 7 1
Destroy 11 3 0
Map 12 3 1
Tile:11_flip 11 3 0
Tile:7_flip 13 8 1
Tile:8 11 2 0
Tile:6 10 5 1
Tile:12 12 2 0
Tile:0 11 5 1
Map 12 3 0
Tile:5 9 5 1
Tile:5 11 1 0
Tile:6 9 6 1
Tile:6 12 1 0
Tile:3 10 6 1
Map 12 3 0
Tile:9 10 7 1
Tile:8 13 1 0
Tile:7 11 7 1
Tile:9 13 2 0
Tile:10 11 8 1
Tile:7_flip 13 3 0
Tile:4_flip 10 8 1
Tile:6 10 2 0
Tile:15 11 9 1
Tile:10 10 1 0
Tile:0 8 6 1
Tile:8 12 0 0
Tile:0 9 2 1
Drop 0 0 0
Malus 0 0 1
Bonus 0 0 0
Malus 0 0 1
Bonus 0 0 0
Drop 0 0 1
GAMEOVER DRAW
# Game ended: Mon Mar 23 23:31:05 EDT 2020
