# Server version 0.08 running on localhost:8123
# Game ID: 134
# Board class: Saboteur.SaboteurBoard
# Timeout: 20000
# First Move Timeout: 30000
# Date: Mon Mar 23 21:44:08 EDT 2020
# Player 1: Player-0, 'xxxxxxxxx', running on localhost
# Player 2: Player-1, 'RandomPlayer', running on localhost
START Player-0 xxxxxxxxx
START Player-1 RandomPlayer
BoardInit:Tile:5,Tile:14,Tile:3,Tile:7,Map,Tile:6,Bonus,Malus,Tile:9,Destroy,Tile:6,Map,Tile:9,Tile:10,Tile:7,Tile:5,Tile:0,Tile:12,Tile:7,Tile:9,Bonus,Tile:8,Tile:0,Tile:10,Tile:13,Tile:7,Tile:5,Tile:4,Bonus,Destroy,Tile:15,Tile:8,Tile:7,Tile:0,Tile:0,Tile:6,Malus,Tile:9,Tile:10-Map,Tile:8,Destroy,Tile:11,Tile:6,Map,Tile:8-Tile:8,Bonus,Tile:5,Tile:9,Tile:6,Tile:1,Tile:2-Tile:hidden1,Tile:hidden2,Tile:nugget
Map 12 3 1
Tile:8 6 5 0
Tile:11 6 6 1
Tile:5_flip 7 5 0
Tile:8 4 5 1
Tile:9 7 4 0
Tile:6 4 6 1
Tile:6 8 4 0
Tile:8 3 5 1
Tile:1 9 4 0
Tile:3 7 3 1
Tile:2 10 4 0
Destroy 9 4 1
Map 12 3 0
Tile:6 11 4 1
Destroy 4 5 0
Drop 5 0 1
Tile:5 8 3 0
Tile:0 7 6 1
Drop 4 0 0
Tile:7 12 4 1
Tile:14 5 6 0
Tile:5_flip 8 6 1
Tile:6_flip 9 3 0
Tile:9 11 3 1
Tile:10 11 2 0
Map 12 3 1
Tile:10 6 4 0
Tile:7_flip 3 6 1
Drop 5 0 0
Tile:0 2 5 1
Tile:9 6 7 0
Tile:5 8 5 1
Tile:7 11 1 0
Drop 4 0 1
Tile:12 10 3 0
Tile:7 7 7 1
Tile:6 6 8 0
Tile:13 4 5 1
Tile:8 9 4 0
Tile:15 3 4 1
Tile:8 10 5 0
Tile:0 1 5 1
Tile:9 5 8 0
Drop 0 0 1
Destroy 7 6 0
Drop 2 0 1
Tile:0 7 6 0
Drop 1 0 1
Drop 0 0 0
Tile:10 3 3 1
Tile:4_flip 5 9 0
Drop 0 0 1
GAMEOVER DRAW
# Game ended: Mon Mar 23 21:44:09 EDT 2020
