# Server version 0.08 running on localhost:8123
# Game ID: 172
# Board class: Saboteur.SaboteurBoard
# Timeout: 20000
# First Move Timeout: 30000
# Date: Tue Mar 24 00:30:16 EDT 2020
# Player 1: Player-0, 'xxxxxxxxx', running on localhost
# Player 2: Player-1, 'RandomPlayer', running on localhost
START Player-0 xxxxxxxxx
START Player-1 RandomPlayer
BoardInit:Tile:6,Tile:5,Destroy,Destroy,Tile:11,Tile:7,Tile:5,Tile:10,Tile:9,Tile:0,Tile:9,Tile:7,Tile:3,Tile:14,Tile:10,Tile:5,Tile:6,Tile:8,Tile:6,Destroy,Tile:10,Bonus,Map,Tile:5,Tile:8,Tile:7,Tile:6,Tile:15,Tile:8,Map,Map,Tile:8,Malus,Tile:4,Tile:0,Bonus,Map,Tile:7,Bonus-Tile:2,Tile:0,Malus,Tile:9,Tile:7,Tile:12,Tile:9-Tile:6,Bonus,Tile:0,Tile:9,Tile:13,Tile:1,Tile:8-Tile:hidden1,Tile:hidden2,Tile:nugget
Tile:9 5 6 1
Tile:6 6 5 0
Tile:7 6 6 1
Tile:0 7 5 0
Tile:12 8 5 1
Destroy 8 5 0
Tile:6 4 5 1
Tile:9_flip 8 5 0
Tile:11_flip 8 4 1
Tile:13 8 6 0
Tile:9 8 3 1
Tile:1 9 6 0
Tile:0 9 3 1
Tile:8 10 6 0
Tile:9_flip 4 4 1
Tile:5_flip 11 6 0
Tile:10 5 4 1
Tile:7 11 5 0
Tile:6_flip 3 4 1
Tile:14_flip 10 5 0
Tile:3 5 3 1
Destroy 11 5 0
Tile:5_flip 5 7 1
Tile:7 11 5 0
Drop 4 0 1
Tile:10 10 7 0
Destroy 3 4 1
Tile:0 10 3 0
Tile:9_flip 8 7 1
Tile:5_flip 11 3 0
Drop 1 0 1
Map 12 3 0
Drop 4 0 1
Tile:8 10 8 0
Map 12 7 1
Tile:5_flip 11 8 0
Tile:8 11 2 1
Tile:4 11 7 0
Tile:8 9 8 1
Tile:7_flip 10 9 0
Tile:10 9 9 1
Tile:7 11 9 0
Tile:2_flip 9 10 1
Tile:8 12 2 0
Tile:0 10 10 1
Tile:15 12 1 0
Malus 0 0 1
Bonus 0 0 0
Drop 2 0 1
Drop 0 0 0
Map 12 3 1
Drop 0 0 0
Map 12 7 1
GAMEOVER DRAW
# Game ended: Tue Mar 24 00:30:16 EDT 2020
