# Server version 0.08 running on localhost:8123
# Game ID: 80
# Board class: Saboteur.SaboteurBoard
# Timeout: 20000
# First Move Timeout: 30000
# Date: Sun Mar 22 23:12:45 EDT 2020
# Player 1: Player-0, 'xxxxxxxxx', running on localhost
# Player 2: Player-1, 'RandomPlayer', running on localhost
START Player-0 xxxxxxxxx
START Player-1 RandomPlayer
BoardInit:Tile:5,Tile:12,Tile:6,Tile:0,Map,Tile:7,Tile:15,Destroy,Tile:7,Tile:0,Tile:13,Tile:14,Tile:6,Malus,Bonus,Bonus,Tile:11,Map,Tile:8,Tile:8,Tile:10,Tile:5,Tile:8,Tile:0,Tile:10,Tile:0,Tile:7,Tile:9,Malus,Tile:2,Bonus,Tile:6,Tile:9,Destroy,Bonus,Tile:6,Tile:9,Tile:6,Map-Tile:10,Tile:9,Tile:3,Tile:8,Tile:5,Tile:9,Tile:1-Tile:4,Tile:8,Tile:7,Destroy,Tile:7,Tile:5,Map-Tile:nugget,Tile:hidden2,Tile:hidden1
Tile:3_flip 5 6 1
Map 12 3 0
Tile:8 6 6 1
Tile:8 7 6 0
Drop 4 0 1
Tile:7 8 6 0
Tile:10 6 7 1
Destroy 8 6 0
Tile:9 7 5 1
Tile:7 8 5 0
Tile:5 5 4 1
Destroy 8 5 0
Tile:5_flip 8 5 1
Tile:4 8 4 0
Tile:9 7 7 1
Tile:12 8 6 0
Tile:7 6 5 1
Tile:0 8 7 0
Map 12 7 1
Map 12 3 0
Tile:6 6 8 1
Tile:5_flip 9 7 0
Tile:13 7 8 1
Tile:14_flip 9 6 0
Tile:15 7 4 1
Tile:7 10 6 0
Tile:8 7 9 1
Tile:0 8 8 0
Tile:6_flip 5 8 1
Tile:9 10 7 0
Tile:11 4 5 1
Tile:8 11 7 0
Tile:7 8 9 1
Tile:5 11 6 0
Tile:9 10 8 1
Tile:0 12 6 0
Tile:8 4 8 1
Destroy 8 7 0
Tile:9_flip 4 4 1
Tile:6_flip 4 3 0
Tile:10 4 6 1
Tile:0 13 6 0
Tile:10 4 7 1
Tile:2_flip 11 8 0
Drop 0 0 1
Tile:6 12 8 0
Map 12 3 1
Tile:6 4 9 0
Malus 0 0 1
Malus 0 0 0
Bonus 0 0 1
Bonus 0 0 0
Drop 0 0 1
GAMEOVER DRAW
# Game ended: Sun Mar 22 23:12:45 EDT 2020
