# Server version 0.08 running on localhost:8123
# Game ID: 28
# Board class: Saboteur.SaboteurBoard
# Timeout: 20000
# First Move Timeout: 30000
# Date: Sun Mar 22 01:27:44 EDT 2020
# Player 1: Player-0, 'RandomPlayer', running on localhost
# Player 2: Player-1, 'xxxxxxxxx', running on localhost
START Player-0 RandomPlayer
START Player-1 xxxxxxxxx
BoardInit:Bonus,Tile:0,Tile:8,Tile:0,Tile:13,Tile:9,Tile:6,Tile:5,Tile:6,Tile:0,Tile:7,Tile:7,Map,Tile:10,Tile:15,Tile:9,Tile:10,Malus,Bonus,Tile:8,Tile:8,Tile:0,Destroy,Tile:14,Tile:3,Tile:10,Destroy,Malus,Tile:5,Tile:5,Tile:8,Tile:9,Map,Tile:12,Bonus,Tile:9,Tile:7,Tile:7,Tile:1-Tile:7,Tile:6,Bonus,Map,Tile:5,Destroy,Tile:6-Tile:4,Tile:8,Map,Tile:11,Tile:6,Tile:2,Tile:9-Tile:hidden2,Tile:hidden1,Tile:nugget
Map 12 3 1
Tile:6_flip 4 5 0
Tile:6_flip 5 4 1
Tile:8 6 4 0
Tile:5_flip 6 5 1
Tile:11 3 5 0
Tile:6 4 4 1
Tile:9 3 6 0
Tile:13 3 4 1
Tile:5 6 3 0
Tile:6_flip 3 3 1
Tile:9_flip 4 3 0
Tile:7_flip 3 7 1
Tile:2 2 3 0
Destroy 3 4 1
Tile:0 4 7 0
Tile:8 4 2 1
Tile:7_flip 1 3 0
Tile:15 2 4 1
Tile:0 3 2 0
Tile:7_flip 2 2 1
Tile:9 3 4 0
Tile:6_flip 5 2 1
Tile:4_flip 5 3 0
Tile:10 5 6 1
Map 12 7 0
Destroy 5 2 1
Tile:14 5 7 0
Tile:8 2 1 1
Tile:0 1 1 0
Tile:3_flip 0 1 1
Tile:5_flip 4 6 0
Destroy 6 5 1
Tile:9 2 0 0
Drop 4 0 1
Tile:12 3 0 0
Drop 3 0 1
Tile:0 7 4 0
Drop 6 0 1
Tile:8 6 5 0
Drop 0 0 1
Tile:9_flip 5 2 0
Map 12 5 1
Tile:7_flip 6 6 0
Drop 3 0 1
Malus 0 0 0
Map 12 3 1
Tile:10 2 5 0
Bonus 0 0 1
Tile:10 0 0 0
Tile:1 8 4 1
Malus 0 0 0
Drop 0 0 1
GAMEOVER DRAW
# Game ended: Sun Mar 22 01:27:45 EDT 2020
