# Server version 0.08 running on localhost:8123
# Game ID: 89
# Board class: Saboteur.SaboteurBoard
# Timeout: 20000
# First Move Timeout: 30000
# Date: Mon Mar 23 16:29:44 EDT 2020
# Player 1: Player-0, 'xxxxxxxxx', running on localhost
# Player 2: Player-1, 'RandomPlayer', running on localhost
START Player-0 xxxxxxxxx
START Player-1 RandomPlayer
BoardInit:Tile:9,Malus,Tile:0,Bonus,Tile:0,Tile:5,Destroy,Map,Tile:9,Tile:3,Tile:8,Tile:5,Tile:6,Tile:9,Tile:8,Bonus,Tile:5,Tile:1,Bonus,Tile:7,Tile:6,Tile:7,Tile:11,Tile:6,Destroy,Tile:10,Tile:8,Tile:7,Tile:5,Tile:4,Destroy,Tile:9,Tile:9,Tile:15,Malus,Tile:13,Tile:10,Tile:6,Tile:12-Map,Tile:10,Tile:14,Tile:7,Map,Tile:7,Tile:8-Tile:0,Tile:6,Map,Tile:8,Tile:0,Bonus,Tile:2-Tile:hidden1,Tile:nugget,Tile:hidden2
Tile:8 5 4 1
Map 12 3 0
Tile:9 4 5 1
Tile:0 6 5 0
Tile:0 6 4 1
Tile:6 7 5 0
Tile:7_flip 5 6 1
Tile:8 8 5 0
Destroy 7 5 1
Map 12 3 0
Drop 3 0 1
Tile:0 9 5 0
Tile:14_flip 4 4 1
Tile:2 10 5 0
Tile:8 8 6 1
Tile:5_flip 11 5 0
Tile:9 7 6 1
Tile:3 11 4 0
Tile:5_flip 10 6 1
Tile:1 10 4 0
Tile:0 9 6 1
Tile:7_flip 9 4 0
Tile:8 7 7 1
Tile:5 9 3 0
Map 12 7 1
Tile:6 10 3 0
Tile:6 11 3 1
Tile:9 11 2 0
Tile:10 8 4 1
Tile:7 12 2 0
Destroy 11 3 1
Tile:10 10 2 0
Destroy 9 3 1
Tile:9 9 3 0
Drop 4 0 1
Tile:7 11 1 0
Tile:6 11 3 1
Tile:4 9 2 0
Tile:5_flip 7 4 1
Tile:13 10 1 0
Tile:10 4 6 1
Tile:15 8 3 0
Drop 4 0 1
Tile:6 8 7 0
Drop 3 0 1
Malus 0 0 0
Drop 1 0 1
Drop 0 0 0
Drop 2 0 1
Drop 0 0 0
Drop 0 0 1
Drop 0 0 0
Drop 0 0 1
GAMEOVER DRAW
# Game ended: Mon Mar 23 16:29:45 EDT 2020
