# Server version 0.08 running on 192.168.2.11:8123
# Game ID: 47
# Board class: Saboteur.SaboteurBoard
# Timeout: 20000
# First Move Timeout: 30000
# Date: Sun Mar 22 15:25:26 EDT 2020
# Player 1: Player-0, 'xxxxxxxxx', running on 192.168.2.11
# Player 2: Player-1, 'RandomPlayer', running on 192.168.2.11
START Player-0 xxxxxxxxx
START Player-1 RandomPlayer
BoardInit:Tile:6,Bonus,Tile:9,Destroy,Tile:6,Tile:7,Tile:9,Tile:5,Tile:8,Tile:0,Tile:11,Tile:7,Tile:8,Bonus,Tile:9,Tile:4,Tile:6,Bonus,Tile:10,Destroy,Tile:9,Tile:6,Tile:8,Tile:7,Map,Tile:5,Map,Tile:7,Tile:8,Tile:10,Map,Tile:5,Tile:6,Tile:0,Tile:0,Tile:14,Malus,Tile:0,Tile:1-Tile:10,Tile:9,Tile:13,Tile:5,Tile:7,Malus,Tile:2-Tile:15,Tile:3,Tile:12,Tile:8,Map,Bonus,Destroy-Tile:hidden1,Tile:nugget,Tile:hidden2
Tile:2 6 5 1
Map 12 5 0
Tile:6 6 6 1
Tile:3 7 5 0
Tile:9_flip 7 6 1
Destroy 7 5 0
Tile:7_flip 5 6 1
Tile:8 7 5 0
Tile:9_flip 8 5 1
Destroy 8 5 0
Drop 0 0 1
Tile:12 8 5 0
Tile:6_flip 5 4 1
Tile:15 7 4 0
Drop 2 0 1
Tile:7 7 3 0
Tile:8 4 5 1
Tile:5_flip 7 7 0
Drop 1 0 1
Tile:0 6 7 0
Tile:13 6 3 1
Destroy 8 5 0
Tile:6_flip 3 5 1
Tile:7 8 5 0
Tile:10 8 6 1
Tile:4_flip 8 7 0
Tile:9 3 6 1
Tile:5_flip 6 4 0
Map 12 3 1
Tile:6_flip 6 2 0
Tile:9_flip 3 7 1
Tile:7_flip 5 3 0
Map 12 7 1
Tile:5_flip 7 2 0
Tile:9 4 4 1
Tile:7 7 1 0
Tile:6 6 1 1
Tile:0 5 7 0
Tile:11_flip 4 6 1
Tile:14_flip 5 2 0
Tile:8 3 8 1
Tile:10 6 0 0
Tile:1 5 1 1
Tile:0 4 8 0
Tile:0 5 8 1
Drop 3 0 0
Tile:8 4 1 1
Drop 2 0 0
Tile:8 2 7 1
Drop 1 0 0
Map 12 3 1
Drop 0 0 0
Drop 0 0 1
GAMEOVER DRAW
# Game ended: Sun Mar 22 15:25:27 EDT 2020
