# Server version 0.08 running on localhost:8123
# Game ID: 73
# Board class: Saboteur.SaboteurBoard
# Timeout: 20000
# First Move Timeout: 30000
# Date: Sun Mar 22 21:31:30 EDT 2020
# Player 1: Player-0, 'xxxxxxxxx', running on localhost
# Player 2: Player-1, 'RandomPlayer', running on localhost
START Player-0 xxxxxxxxx
START Player-1 RandomPlayer
BoardInit:Tile:0,Tile:6,Map,Tile:1,Tile:14,Bonus,Tile:11,Tile:9,Tile:7,Tile:6,Tile:12,Malus,Tile:10,Tile:0,Bonus,Tile:9,Tile:0,Tile:5,Bonus,Tile:15,Tile:6,Map,Destroy,Tile:5,Destroy,Tile:9,Malus,Destroy,Tile:8,Tile:4,Tile:2,Tile:10,Tile:8,Tile:7,Tile:9,Tile:8,Tile:0,Tile:6,Map-Tile:13,Tile:8,Tile:5,Tile:7,Map,Tile:7,Tile:5-Tile:8,Tile:6,Tile:3,Tile:10,Tile:7,Tile:9,Bonus-Tile:nugget,Tile:hidden1,Tile:hidden2
Tile:7_flip 4 5 1
Tile:8 6 5 0
Tile:5 6 4 1
Tile:6 7 5 0
Tile:7 4 4 1
Tile:3 8 5 0
Drop 2 0 1
Tile:10 8 6 0
Tile:8 8 7 1
Tile:7 9 7 0
Drop 3 0 1
Tile:9 9 8 0
Tile:5_flip 8 8 1
Tile:6 10 8 0
Tile:10 5 4 1
Tile:9 10 7 0
Tile:7_flip 9 9 1
Tile:1 11 7 0
Tile:13 5 3 1
Tile:6_flip 10 6 0
Tile:0 6 3 1
Tile:0 11 6 0
Tile:0 12 6 1
Map 12 3 0
Destroy 8 6 1
Tile:9_flip 13 6 0
Tile:11 8 6 1
Tile:5 13 5 0
Tile:6_flip 10 9 1
Destroy 12 6 0
Destroy 6 3 1
Tile:15 13 7 0
Tile:12_flip 7 8 1
Tile:5_flip 13 8 0
Tile:8 12 8 1
Tile:9 12 9 0
Tile:2_flip 12 6 1
Tile:7 11 9 0
Tile:9_flip 12 10 1
Tile:6 9 6 0
Drop 2 0 1
Tile:4 9 5 0
Tile:8 5 2 1
Tile:8 11 10 0
Map 12 3 1
Tile:10 12 11 0
Tile:0 6 2 1
Malus 0 0 0
Drop 1 0 1
Drop 0 0 0
Malus 0 0 1
Bonus 0 0 0
Drop 0 0 1
GAMEOVER DRAW
# Game ended: Sun Mar 22 21:31:30 EDT 2020
