# Server version 0.08 running on localhost:8123
# Game ID: 94
# Board class: Saboteur.SaboteurBoard
# Timeout: 20000
# First Move Timeout: 30000
# Date: Mon Mar 23 16:40:47 EDT 2020
# Player 1: Player-0, 'xxxxxxxxx', running on localhost
# Player 2: Player-1, 'RandomPlayer', running on localhost
START Player-0 xxxxxxxxx
START Player-1 RandomPlayer
BoardInit:Tile:7,Tile:3,Tile:5,Tile:7,Tile:4,Map,Map,Tile:9,Destroy,Tile:10,Bonus,Tile:9,Tile:8,Bonus,Tile:9,Tile:10,Tile:0,Tile:5,Tile:9,Tile:7,Map,Tile:7,Bonus,Tile:0,Tile:6,Tile:2,Bonus,Tile:6,Tile:6,Tile:8,Tile:8,Tile:6,Tile:5,Tile:8,Tile:5,Malus,Tile:15,Destroy,Tile:8-Tile:6,Tile:7,Tile:0,Malus,Tile:12,Tile:1,Tile:0-Tile:14,Tile:9,Destroy,Tile:13,Tile:10,Tile:11,Map-Tile:hidden1,Tile:hidden2,Tile:nugget
Tile:6 4 5 1
Map 12 3 0
Tile:12 6 5 1
Destroy 6 5 0
Tile:1 3 5 1
Tile:14 6 5 0
Tile:5 6 4 1
Map 12 3 0
Tile:7 5 4 1
Tile:9_flip 7 4 0
Tile:7_flip 2 5 1
Tile:10 7 5 0
Map 12 5 1
Tile:13 7 6 0
Drop 3 0 1
Tile:11_flip 8 6 0
Tile:0 6 6 1
Tile:9 8 5 0
Malus 0 0 1
Bonus 0 0 0
Tile:9 5 6 1
Tile:3 9 5 0
Tile:9_flip 7 3 1
Tile:7_flip 9 6 0
Drop 4 0 1
Tile:9_flip 10 6 0
Destroy 5 6 1
Tile:10 10 5 0
Tile:8 5 6 1
Tile:10 10 4 0
Tile:0 4 6 1
Tile:5 10 3 0
Tile:6_flip 3 6 1
Tile:7 11 3 0
Tile:6 6 3 1
Tile:7_flip 11 4 0
Drop 6 0 1
Tile:0 12 4 0
Tile:15 7 2 1
Tile:6 7 7 0
Drop 6 0 1
Tile:8 4 4 0
Tile:5_flip 10 7 1
Destroy 8 6 0
Drop 3 0 1
Tile:6_flip 9 7 0
Tile:8 2 4 1
Tile:2_flip 8 7 0
Map 12 7 1
Tile:8 2 3 0
Drop 0 0 1
Malus 0 0 0
Drop 0 0 1
GAMEOVER DRAW
# Game ended: Mon Mar 23 16:40:47 EDT 2020
