# Server version 0.08 running on localhost:8123
# Game ID: 162
# Board class: Saboteur.SaboteurBoard
# Timeout: 20000
# First Move Timeout: 30000
# Date: Tue Mar 24 00:22:55 EDT 2020
# Player 1: Player-0, 'xxxxxxxxx', running on localhost
# Player 2: Player-1, 'RandomPlayer', running on localhost
START Player-0 xxxxxxxxx
START Player-1 RandomPlayer
BoardInit:Bonus,Tile:0,Tile:6,Map,Tile:8,Tile:10,Tile:8,Tile:9,Tile:10,Destroy,Tile:11,Tile:10,Map,Tile:5,Tile:2,Tile:0,Tile:14,Tile:5,Destroy,Tile:8,Tile:7,Map,Tile:12,Tile:7,Bonus,Tile:1,Tile:0,Tile:9,Tile:9,Map,Bonus,Malus,Tile:9,Tile:7,Tile:6,Tile:8,Tile:13,Tile:6,Tile:6-Tile:6,Tile:7,Tile:8,Malus,Tile:9,Tile:5,Tile:15-Destroy,Tile:7,Tile:0,Bonus,Tile:3,Tile:4,Tile:5-Tile:hidden2,Tile:nugget,Tile:hidden1
Tile:5 4 5 1
Tile:7 6 5 0
Tile:8 5 6 1
Destroy 6 5 0
Drop 2 0 1
Map 12 3 0
Tile:9 5 7 1
Tile:10 5 8 0
Tile:8 6 5 1
Drop 4 0 0
Drop 1 0 1
Drop 1 0 0
Tile:6_flip 5 4 1
Destroy 5 6 0
Tile:8 6 4 1
Tile:0 7 4 0
Tile:11_flip 5 6 1
Tile:0 4 4 0
Tile:14 5 9 1
Tile:5_flip 6 7 0
Tile:10 6 6 1
Tile:9 4 6 0
Destroy 6 4 1
Tile:0 3 4 0
Tile:6_flip 7 5 1
Tile:3_flip 2 4 0
Tile:7_flip 7 6 1
Tile:5_flip 4 7 0
Tile:2 8 6 1
Tile:9_flip 8 4 0
Tile:15 2 3 1
Tile:7 8 3 0
Tile:9_flip 2 2 1
Tile:4 2 1 0
Drop 3 0 1
Tile:7 9 6 0
Drop 3 0 1
Tile:8 9 7 0
Tile:13 6 4 1
Tile:6 7 3 0
Tile:6 8 5 1
Map 12 7 0
Tile:9 7 2 1
Tile:8 8 7 0
Tile:6 9 8 1
Map 12 3 0
Tile:12_flip 7 7 1
Tile:1 10 7 0
Map 12 7 1
Drop 1 0 0
Drop 0 0 1
Tile:10 7 1 0
Drop 0 0 1
GAMEOVER DRAW
# Game ended: Tue Mar 24 00:22:55 EDT 2020
