# Server version 0.08 running on localhost:8123
# Game ID: 70
# Board class: Saboteur.SaboteurBoard
# Timeout: 20000
# First Move Timeout: 30000
# Date: Sun Mar 22 21:27:09 EDT 2020
# Player 1: Player-0, 'xxxxxxxxx', running on localhost
# Player 2: Player-1, 'RandomPlayer', running on localhost
START Player-0 xxxxxxxxx
START Player-1 RandomPlayer
BoardInit:Tile:6,Tile:12,Tile:10,Destroy,Malus,Map,Tile:5,Map,Destroy,Bonus,Tile:8,Tile:5,Tile:8,Tile:10,Destroy,Tile:5,Tile:8,Map,Tile:8,Tile:6,Bonus,Tile:15,Tile:11,Tile:9,Tile:0,Tile:6,Tile:0,Bonus,Tile:4,Tile:6,Tile:1,Tile:9,Tile:9,Tile:7,Tile:14,Tile:7,Tile:13,Map,Tile:6-Tile:7,Tile:7,Malus,Bonus,Tile:5,Tile:7,Tile:9-Tile:10,Tile:8,Tile:3,Tile:0,Tile:0,Tile:9,Tile:2-Tile:hidden1,Tile:nugget,Tile:hidden2
Tile:5 4 5 1
Drop 4 0 0
Tile:7 6 5 1
Drop 4 0 0
Tile:10 4 6 1
Drop 4 0 0
Tile:7_flip 4 7 1
Map 12 7 0
Tile:6_flip 5 7 1
Map 12 7 0
Tile:7_flip 5 6 1
Drop 4 0 0
Tile:9 5 4 1
Drop 4 0 0
Destroy 5 6 1
Drop 4 0 0
Tile:5_flip 6 6 1
Drop 4 0 0
Tile:8 5 8 1
Map 12 7 0
Tile:8 5 3 1
Drop 4 0 0
Tile:8 5 9 1
Drop 4 0 0
Destroy 4 5 1
Drop 4 0 0
Tile:11 4 9 1
Drop 4 0 0
Tile:8 6 3 1
Drop 4 0 0
Malus 0 0 1
Drop 4 0 0
Tile:1 6 9 1
Drop 4 0 0
Drop 4 0 1
Drop 4 0 0
Drop 3 0 1
Drop 4 0 0
Tile:9 4 5 1
Map 12 7 0
Drop 2 0 1
Drop 4 0 0
Tile:6_flip 6 7 1
Drop 4 0 0
Tile:4 5 2 1
Drop 3 0 0
Tile:14 7 3 1
Drop 2 0 0
Drop 1 0 1
Drop 1 0 0
Tile:13 7 7 1
Drop 0 0 0
Drop 0 0 1
GAMEOVER DRAW
# Game ended: Sun Mar 22 21:27:09 EDT 2020
