# Server version 0.08 running on localhost:8123
# Game ID: 124
# Board class: Saboteur.SaboteurBoard
# Timeout: 20000
# First Move Timeout: 30000
# Date: Mon Mar 23 20:29:39 EDT 2020
# Player 1: Player-0, 'xxxxxxxxx', running on localhost
# Player 2: Player-1, 'RandomPlayer', running on localhost
START Player-0 xxxxxxxxx
START Player-1 RandomPlayer
BoardInit:Tile:9,Tile:7,Tile:6,Tile:4,Tile:0,Tile:14,Tile:9,Tile:8,Tile:7,Tile:2,Tile:0,Map,Map,Tile:9,Bonus,Tile:8,Map,Bonus,Tile:5,Tile:7,Tile:13,Tile:5,Tile:8,Tile:5,Destroy,Tile:0,Tile:6,Tile:10,Destroy,Tile:10,Tile:7,Tile:6,Tile:9,Tile:8,Tile:6,Tile:7,Bonus,Destroy,Tile:1-Tile:11,Tile:0,Tile:3,Tile:6,Tile:8,Tile:15,Tile:10-Tile:12,Malus,Tile:9,Map,Bonus,Malus,Tile:5-Tile:hidden1,Tile:nugget,Tile:hidden2
Tile:8 5 6 1
Map 12 3 0
Tile:0 4 6 1
Tile:12 6 5 0
Tile:6_flip 6 6 1
Tile:9_flip 7 6 0
Tile:9_flip 7 7 1
Tile:5 7 5 0
Tile:0 4 5 1
Tile:7 8 5 0
Tile:10 8 6 1
Tile:4_flip 8 7 0
Tile:9 5 7 1
Map 12 3 0
Tile:0 3 5 1
Tile:14 7 8 0
Tile:7 5 4 1
Tile:8 6 7 0
Tile:11 6 8 1
Tile:2_flip 6 9 0
Tile:6_flip 3 6 1
Tile:7 7 9 0
Drop 5 0 1
Tile:9 7 10 0
Map 12 5 1
Tile:8 8 10 0
Tile:13 8 11 1
Tile:5 8 9 0
Destroy 6 6 1
Tile:5_flip 9 9 0
Drop 3 0 1
Tile:10 9 8 0
Tile:7_flip 7 11 1
Tile:10 9 7 0
Destroy 6 7 1
Tile:0 9 10 0
Tile:8 3 7 1
Tile:6 10 10 0
Tile:6_flip 6 7 1
Destroy 9 7 0
Tile:1 2 6 1
Tile:8 11 10 0
Tile:15 9 7 1
Tile:7 11 9 0
Tile:6_flip 5 9 1
Malus 0 0 0
Drop 2 0 1
Malus 0 0 0
Drop 1 0 1
Drop 0 0 0
Bonus 0 0 1
Drop 0 0 0
Drop 0 0 1
GAMEOVER DRAW
# Game ended: Mon Mar 23 20:29:39 EDT 2020
