# Server version 0.08 running on localhost:8123
# Game ID: 147
# Board class: Saboteur.SaboteurBoard
# Timeout: 20000
# First Move Timeout: 30000
# Date: Mon Mar 23 23:26:29 EDT 2020
# Player 1: Player-0, 'xxxxxxxxx', running on localhost
# Player 2: Player-1, 'RandomPlayer', running on localhost
START Player-0 xxxxxxxxx
START Player-1 RandomPlayer
BoardInit:Tile:6,Tile:6,Tile:9,Tile:5,Tile:5,Tile:8,Bonus,Destroy,Tile:9,Malus,Tile:2,Map,Malus,Tile:9,Tile:8,Tile:5,Tile:10,Tile:7,Destroy,Tile:12,Tile:1,Tile:0,Map,Tile:8,Tile:13,Tile:8,Map,Tile:10,Tile:7,Tile:15,Tile:7,Tile:3,Tile:0,Bonus,Tile:14,Map,Tile:9,Bonus,Tile:6-Tile:8,Tile:6,Destroy,Tile:11,Tile:9,Bonus,Tile:0-Tile:0,Tile:7,Tile:5,Tile:7,Tile:10,Tile:6,Tile:4-Tile:hidden2,Tile:nugget,Tile:hidden1
Tile:9_flip 5 6 1
Tile:0 6 5 0
Tile:6_flip 4 5 1
Tile:7 7 5 0
Tile:6 4 6 1
Tile:5_flip 7 6 0
Drop 4 0 1
Tile:5 6 6 0
Destroy 7 6 1
Destroy 7 5 0
Drop 1 0 1
Tile:7 7 5 0
Tile:9 5 7 1
Map 12 3 0
Tile:9_flip 7 6 1
Tile:10 7 7 0
Drop 0 0 1
Tile:6 7 8 0
Drop 3 0 1
Tile:6 8 8 0
Destroy 4 5 1
Tile:8 9 8 0
Tile:8 9 9 1
Tile:9_flip 10 8 0
Drop 4 0 1
Tile:4 10 7 0
Malus 0 0 1
Malus 0 0 0
Map 12 7 1
Drop 0 0 0
Bonus 0 0 1
Drop 0 0 0
Tile:13 5 8 1
Drop 0 0 0
Tile:7_flip 5 9 1
Bonus 0 0 0
Drop 3 0 1
Map 12 3 0
Tile:9 4 8 1
Tile:10 9 7 0
Drop 2 0 1
Tile:8 9 6 0
Tile:14 10 9 1
Tile:0 10 6 0
Tile:7 9 5 1
Tile:8 11 6 0
Tile:6 3 6 1
Tile:3 12 6 0
Tile:5 3 5 1
Tile:15 11 7 0
Tile:0 6 8 1
Drop 0 0 0
Drop 0 0 1
GAMEOVER DRAW
# Game ended: Mon Mar 23 23:26:29 EDT 2020
