# Server version 0.08 running on localhost:8123
# Game ID: 108
# Board class: Saboteur.SaboteurBoard
# Timeout: 20000
# First Move Timeout: 30000
# Date: Mon Mar 23 17:01:59 EDT 2020
# Player 1: Player-0, 'xxxxxxxxx', running on localhost
# Player 2: Player-1, 'RandomPlayer', running on localhost
START Player-0 xxxxxxxxx
START Player-1 RandomPlayer
BoardInit:Malus,Bonus,Tile:14,Tile:0,Tile:7,Tile:15,Tile:5,Tile:5,Bonus,Tile:11,Map,Tile:12,Tile:0,Tile:9,Map,Tile:10,Tile:10,Destroy,Tile:6,Tile:9,Tile:5,Tile:8,Tile:2,Tile:13,Tile:8,Malus,Tile:8,Bonus,Tile:8,Map,Tile:6,Bonus,Map,Tile:9,Tile:9,Tile:6,Tile:8,Tile:0,Tile:4-Tile:3,Tile:6,Tile:1,Tile:0,Destroy,Tile:6,Tile:10-Destroy,Tile:9,Tile:7,Tile:7,Tile:5,Tile:7,Tile:7-Tile:hidden2,Tile:nugget,Tile:hidden1
Tile:3 6 5 1
Destroy 6 5 0
Tile:0 6 5 1
Tile:9_flip 7 5 0
Tile:14 7 6 1
Tile:7 7 4 0
Tile:6_flip 5 4 1
Tile:0 6 4 0
Tile:6 5 6 1
Tile:7_flip 4 5 0
Destroy 6 5 1
Tile:5 4 4 0
Drop 4 0 1
Tile:5 4 6 0
Drop 5 0 1
Tile:7_flip 4 7 0
Drop 6 0 1
Tile:7 5 7 0
Tile:0 6 5 1
Destroy 7 5 0
Tile:10 5 8 1
Tile:11_flip 7 5 0
Drop 5 0 1
Tile:15 5 9 0
Drop 0 0 1
Tile:9 5 10 0
Tile:2 6 10 1
Tile:12 7 10 0
Drop 2 0 1
Tile:10 6 11 0
Tile:5_flip 6 12 1
Map 12 3 0
Tile:7_flip 5 12 1
Tile:9_flip 5 11 0
Tile:6_flip 6 6 1
Tile:9 6 7 0
Drop 6 0 1
Tile:6_flip 7 7 0
Tile:8 7 8 1
Tile:8 8 7 0
Malus 0 0 1
Bonus 0 0 0
Tile:4_flip 7 9 1
Tile:13 9 7 0
Drop 3 0 1
Tile:0 10 7 0
Tile:8 8 8 1
Malus 0 0 0
Drop 2 0 1
Drop 0 0 0
Drop 0 0 1
Drop 0 0 0
Drop 0 0 1
GAMEOVER DRAW
# Game ended: Mon Mar 23 17:01:59 EDT 2020
