# Server version 0.08 running on localhost:8123
# Game ID: 63
# Board class: Saboteur.SaboteurBoard
# Timeout: 20000
# First Move Timeout: 30000
# Date: Sun Mar 22 21:12:36 EDT 2020
# Player 1: Player-0, 'xxxxxxxxx', running on localhost
# Player 2: Player-1, 'RandomPlayer', running on localhost
START Player-0 xxxxxxxxx
START Player-1 RandomPlayer
BoardInit:Tile:0,Map,Tile:9,Tile:8,Tile:6,Tile:5,Destroy,Tile:0,Tile:3,Tile:2,Destroy,Bonus,Tile:6,Tile:7,Tile:7,Tile:15,Map,Map,Tile:12,Malus,Bonus,Bonus,Tile:11,Tile:8,Tile:6,Tile:9,Malus,Bonus,Tile:8,Destroy,Tile:5,Tile:10,Tile:14,Tile:6,Tile:13,Map,Tile:8,Tile:9,Tile:1-Tile:0,Tile:6,Tile:9,Tile:5,Tile:4,Tile:8,Tile:5-Tile:0,Tile:10,Tile:7,Tile:10,Tile:7,Tile:9,Tile:7-Tile:hidden2,Tile:hidden1,Tile:nugget
Tile:9 4 5 1
Tile:0 6 5 0
Tile:8 5 4 1
Map 12 7 0
Tile:5_flip 4 6 1
Tile:7 7 5 0
Tile:6 6 4 1
Tile:10 7 6 0
Destroy 4 6 1
Tile:5_flip 7 4 0
Tile:9_flip 6 3 1
Tile:10 7 3 0
Tile:6_flip 5 3 1
Tile:7_flip 7 7 0
Tile:5_flip 5 6 1
Tile:9_flip 8 7 0
Tile:3 7 2 1
Tile:15 8 6 0
Destroy 8 6 1
Map 12 7 0
Tile:6_flip 6 2 1
Tile:7_flip 8 8 0
Tile:12_flip 5 2 1
Tile:8 9 8 0
Drop 0 0 1
Tile:0 10 8 0
Map 12 3 1
Tile:2 11 8 0
Tile:11 8 6 1
Tile:7 12 8 0
Drop 3 0 1
Destroy 12 8 0
Tile:5_flip 11 9 1
Tile:8 12 8 0
Tile:6_flip 10 9 1
Tile:9_flip 13 8 0
Tile:7_flip 4 6 1
Map 12 7 0
Tile:4 8 5 1
Tile:10 13 7 0
Tile:13 9 9 1
Tile:6_flip 13 6 0
Tile:1 12 6 1
Tile:9 11 6 0
Drop 3 0 1
Drop 3 0 0
Tile:8 13 9 1
Drop 2 0 0
Drop 0 0 1
Drop 1 0 0
Tile:8 10 10 1
Drop 0 0 0
Drop 0 0 1
GAMEOVER DRAW
# Game ended: Sun Mar 22 21:12:36 EDT 2020
