# Server version 0.08 running on localhost:8123
# Game ID: 185
# Board class: Saboteur.SaboteurBoard
# Timeout: 20000
# First Move Timeout: 30000
# Date: Tue Mar 24 00:41:11 EDT 2020
# Player 1: Player-0, 'xxxxxxxxx', running on localhost
# Player 2: Player-1, 'RandomPlayer', running on localhost
START Player-0 xxxxxxxxx
START Player-1 RandomPlayer
BoardInit:Tile:5,Tile:0,Tile:7,Tile:6,Tile:3,Tile:9,Tile:11,Map,Tile:9,Tile:7,Tile:0,Tile:6,Tile:0,Map,Tile:6,Tile:7,Tile:9,Tile:12,Destroy,Tile:5,Tile:14,Map,Bonus,Bonus,Destroy,Tile:15,Tile:10,Tile:8,Tile:5,Tile:1,Destroy,Tile:8,Malus,Tile:10,Tile:8,Tile:8,Tile:8,Tile:4,Bonus-Tile:7,Tile:13,Tile:9,Tile:6,Tile:7,Tile:5,Tile:6-Tile:9,Map,Tile:10,Tile:0,Bonus,Malus,Tile:2-Tile:hidden2,Tile:nugget,Tile:hidden1
Tile:13 5 4 1
Map 12 3 0
Tile:6_flip 6 5 1
Tile:9_flip 7 5 0
Tile:5_flip 6 6 1
Tile:10 7 6 0
Drop 5 0 1
Tile:2_flip 7 7 0
Drop 3 0 1
Malus 0 0 0
Drop 4 0 1
Tile:0 4 4 0
Drop 0 0 1
Tile:0 3 4 0
Drop 0 0 1
Tile:6 2 4 0
Drop 5 0 1
Tile:9 1 4 0
Drop 3 0 1
Map 12 3 0
Destroy 2 4 1
Tile:7 1 3 0
Drop 0 0 1
Tile:6 0 3 0
Drop 5 0 1
Map 12 3 0
Destroy 7 6 1
Tile:7 0 2 0
Drop 6 0 1
Tile:5_flip 1 5 0
Drop 1 0 1
Tile:12_flip 0 5 0
Drop 6 0 1
Map 12 3 0
Drop 4 0 1
Tile:8 2 4 0
Drop 4 0 1
Tile:15 2 3 0
Drop 0 0 1
Tile:8 2 2 0
Drop 4 0 1
Tile:10 2 1 0
Drop 4 0 1
Tile:8 2 0 0
Drop 3 0 1
Tile:1 1 0 0
Drop 1 0 1
Tile:4 7 4 0
Bonus 0 0 1
Drop 0 0 0
Drop 0 0 1
Drop 0 0 0
Drop 0 0 1
GAMEOVER DRAW
# Game ended: Tue Mar 24 00:41:11 EDT 2020
