# Server version 0.08 running on localhost:8123
# Game ID: 52
# Board class: Saboteur.SaboteurBoard
# Timeout: 20000
# First Move Timeout: 30000
# Date: Sun Mar 22 18:10:53 EDT 2020
# Player 1: Player-0, 'xxxxxxxxx', running on localhost
# Player 2: Player-1, 'RandomPlayer', running on localhost
START Player-0 xxxxxxxxx
START Player-1 RandomPlayer
BoardInit:Malus,Tile:7,Tile:11,Tile:8,Tile:0,Tile:5,Destroy,Tile:13,Tile:2,Tile:15,Tile:3,Tile:8,Destroy,Map,Destroy,Map,Tile:7,Tile:6,Tile:10,Tile:10,Tile:8,Tile:1,Tile:7,Tile:7,Tile:9,Malus,Bonus,Tile:5,Tile:5,Tile:14,Tile:6,Tile:0,Bonus,Map,Tile:9,Tile:4,Tile:9,Tile:7,Bonus-Tile:8,Tile:6,Map,Tile:9,Tile:6,Tile:12,Tile:6-Tile:5,Bonus,Tile:8,Tile:10,Tile:0,Tile:9,Tile:0-Tile:hidden1,Tile:nugget,Tile:hidden2
Tile:6 6 5 1
Tile:5_flip 7 5 0
Tile:6 4 5 1
Tile:8 7 4 0
Malus 0 0 1
Drop 6 0 0
Tile:8 7 3 1
Drop 6 0 0
Tile:11_flip 7 2 1
Drop 6 0 0
Destroy 6 5 1
Drop 6 0 0
Tile:12_flip 6 3 1
Drop 6 0 0
Tile:6_flip 4 4 1
Map 12 7 0
Destroy 4 4 1
Map 12 7 0
Tile:0 6 5 1
Drop 6 0 0
Tile:7 8 4 1
Drop 6 0 0
Tile:9_flip 7 1 1
Drop 6 0 0
Map 12 7 1
Drop 6 0 0
Tile:3_flip 5 6 1
Drop 6 0 0
Tile:9 8 5 1
Drop 6 0 0
Tile:2_flip 9 5 1
Drop 6 0 0
Tile:8 5 4 1
Drop 6 0 0
Destroy 9 5 1
Map 12 7 0
Tile:5 6 1 1
Drop 6 0 0
Tile:9 7 0 1
Drop 6 0 0
Drop 6 0 1
Drop 5 0 0
Tile:9_flip 8 6 1
Drop 4 0 0
Tile:10 8 7 1
Drop 3 0 0
Tile:6_flip 8 0 1
Drop 2 0 0
Tile:7 5 3 1
Drop 1 0 0
Drop 0 0 1
Bonus 0 0 0
Drop 0 0 1
GAMEOVER DRAW
# Game ended: Sun Mar 22 18:10:54 EDT 2020
