# Server version 0.08 running on localhost:8123
# Game ID: 143
# Board class: Saboteur.SaboteurBoard
# Timeout: 20000
# First Move Timeout: 30000
# Date: Mon Mar 23 23:23:53 EDT 2020
# Player 1: Player-0, 'xxxxxxxxx', running on localhost
# Player 2: Player-1, 'RandomPlayer', running on localhost
START Player-0 xxxxxxxxx
START Player-1 RandomPlayer
BoardInit:Bonus,Tile:2,Tile:6,Tile:12,Tile:4,Tile:6,Tile:13,Tile:7,Tile:5,Malus,Tile:8,Tile:9,Tile:15,Tile:0,Map,Tile:7,Tile:1,Tile:8,Tile:3,Tile:7,Tile:7,Tile:9,Tile:9,Tile:10,Tile:8,Tile:10,Map,Destroy,Bonus,Tile:6,Tile:10,Destroy,Tile:7,Bonus,Tile:5,Tile:0,Map,Tile:6,Destroy-Bonus,Tile:5,Map,Tile:11,Tile:6,Tile:0,Tile:8-Tile:14,Tile:5,Tile:9,Tile:8,Tile:9,Malus,Tile:0-Tile:hidden2,Tile:hidden1,Tile:nugget
Tile:0 6 5 1
Tile:14 7 5 0
Tile:5 5 4 1
Tile:5 7 4 0
Map 12 7 1
Tile:9_flip 8 4 0
Tile:6_flip 4 5 1
Tile:9 8 5 0
Tile:13 4 6 1
Tile:8 9 5 0
Drop 4 0 1
Tile:0 10 5 0
Tile:11 8 3 1
Tile:2 11 5 0
Tile:8 3 5 1
Tile:6 11 6 0
Tile:8 5 6 1
Tile:12 12 6 0
Tile:1 6 6 1
Tile:0 10 6 0
Tile:15 9 4 1
Tile:7_flip 9 6 0
Tile:3 8 2 1
Tile:9_flip 9 3 0
Tile:9_flip 4 7 1
Tile:9 9 2 0
Tile:7 3 4 1
Tile:7 10 2 0
Tile:4_flip 10 3 1
Destroy 12 6 0
Tile:5_flip 12 6 1
Tile:10 8 6 0
Tile:10 5 7 1
Destroy 12 6 0
Tile:7 12 6 1
Tile:8 8 7 0
Tile:8 2 5 1
Tile:7 9 7 0
Map 12 5 1
Tile:10 9 8 0
Tile:5 9 1 1
Tile:6 10 1 0
Destroy 7 5 1
Tile:0 11 1 0
Drop 3 0 1
Tile:6 12 1 0
Map 12 7 1
Malus 0 0 0
Bonus 0 0 1
Malus 0 0 0
Bonus 0 0 1
Drop 0 0 0
Map 12 7 1
GAMEOVER DRAW
# Game ended: Mon Mar 23 23:23:54 EDT 2020
