# Server version 0.08 running on localhost:8123
# Game ID: 10
# Board class: Saboteur.SaboteurBoard
# Timeout: 20000
# First Move Timeout: 30000
# Date: Sat Mar 21 18:49:50 EDT 2020
# Player 1: Player-0, 'RandomPlayer', running on localhost
# Player 2: Player-1, 'Human', running on localhost
START Player-0 RandomPlayer
START Player-1 Human
BoardInit:Tile:0,Bonus,Tile:0,Malus,Tile:4,Tile:9,Tile:9,Map,Tile:8,Tile:6,Tile:5,Tile:6,Tile:5,Destroy,Tile:6,Tile:9,Tile:7,Tile:6,Malus,Tile:7,Tile:0,Tile:7,Destroy,Tile:7,Tile:9,Map,Map,Tile:8,Bonus,Tile:8,Tile:1,Tile:2,Tile:15,Bonus,Destroy,Tile:13,Tile:10,Tile:12,Tile:3-Tile:5,Tile:5,Tile:0,Tile:7,Tile:6,Bonus,Tile:10-Tile:10,Tile:11,Tile:9,Map,Tile:8,Tile:14,Tile:8-Tile:hidden1,Tile:nugget,Tile:hidden2
Tile:10 5 6 1
Map 12 7 0
Tile:0 6 5 1
Tile:9 4 5 0
Drop 6 0 1
Tile:11_flip 5 7 0
Drop 4 0 1
Tile:8 7 5 0
Tile:0 8 5 1
Tile:9_flip 7 4 0
Tile:9 7 6 1
Tile:6 6 4 0
Tile:8 4 7 1
Tile:10 5 8 0
Tile:5 4 4 1
Destroy 4 4 0
Tile:6 7 7 1
Tile:9_flip 6 3 0
Tile:7 8 6 1
Tile:6 5 9 0
Malus 0 0 1
Drop 1 0 0
Tile:5_flip 8 7 1
Drop 5 0 0
Drop 6 0 1
Drop 0 0 0
