# Server version 0.08 running on localhost:8123
# Game ID: 24
# Board class: Saboteur.SaboteurBoard
# Timeout: 20000
# First Move Timeout: 30000
# Date: Sun Mar 22 00:48:57 EDT 2020
# Player 1: Player-0, 'RandomPlayer', running on localhost
# Player 2: Player-1, 'RandomPlayer', running on localhost
START Player-0 RandomPlayer
START Player-1 RandomPlayer
BoardInit:Tile:9,Tile:9,Tile:5,Tile:6,Tile:0,Tile:6,Tile:3,Tile:2,Malus,Tile:9,Map,Tile:7,Tile:7,Tile:7,Bonus,Tile:7,Map,Tile:8,Tile:10,Tile:12,Tile:8,Tile:10,Destroy,Tile:0,Tile:1,Tile:8,Tile:6,Tile:5,Tile:9,Bonus,Tile:5,Tile:0,Map,Tile:11,Tile:9,Destroy,Bonus,Map,Tile:4-Destroy,Tile:0,Bonus,Tile:5,Tile:10,Tile:14,Tile:6-Tile:7,Tile:15,Tile:13,Tile:8,Tile:8,Tile:6,Malus-Tile:hidden2,Tile:nugget,Tile:hidden1
Drop 2 0 1
Tile:6 6 5 0
Tile:6 7 5 1
Tile:7_flip 5 6 0
Drop 2 0 1
Tile:9 4 5 0
Tile:14 4 6 1
Tile:8 8 5 0
Tile:10 4 4 1
Tile:2 3 6 0
Tile:9_flip 7 4 1
Malus 0 0 0
Drop 4 0 1
Tile:9 3 7 0
Destroy 7 4 1
Tile:7 6 6 0
Drop 3 0 1
Tile:7 8 4 0
Drop 3 0 1
Tile:7_flip 6 7 0
Drop 6 0 1
Tile:8 7 4 0
Map 12 3 1
Tile:6_flip 9 5 0
Destroy 6 7 1
Tile:15 5 4 0
Drop 0 0 1
Tile:8 4 3 0
Drop 6 0 1
Tile:13 3 3 0
Drop 1 0 1
Tile:6 2 3 0
Drop 4 0 1
Tile:10 3 8 0
Drop 4 0 1
Tile:11 6 7 0
Map 12 7 1
Destroy 8 4 0
Bonus 0 0 1
Tile:5 2 6 0
Tile:5 7 3 1
Tile:0 7 7 0
Tile:7 3 2 1
Map 12 5 0
Tile:9 8 6 1
Tile:8 8 4 0
Tile:4 4 2 1
Tile:0 4 7 0
Tile:8 8 7 1
Drop 0 0 0
Tile:5_flip 9 4 1
Drop 0 0 0
Drop 0 0 1
GAMEOVER DRAW
# Game ended: Sun Mar 22 00:48:57 EDT 2020
