# Server version 0.08 running on localhost:8123
# Game ID: 53
# Board class: Saboteur.SaboteurBoard
# Timeout: 20000
# First Move Timeout: 30000
# Date: Sun Mar 22 18:12:18 EDT 2020
# Player 1: Player-0, 'xxxxxxxxx', running on localhost
# Player 2: Player-1, 'RandomPlayer', running on localhost
START Player-0 xxxxxxxxx
START Player-1 RandomPlayer
BoardInit:Bonus,Tile:6,Tile:7,Destroy,Map,Tile:7,Tile:6,Tile:0,Tile:5,Tile:1,Tile:10,Tile:6,Tile:11,Tile:7,Tile:13,Tile:14,Tile:2,Tile:9,Tile:0,Tile:15,Tile:7,Bonus,Destroy,Tile:9,Tile:8,Tile:6,Malus,Tile:6,Malus,Tile:5,Tile:10,Bonus,Tile:9,Tile:10,Tile:8,Tile:4,Tile:8,Map,Tile:3-Tile:5,Tile:8,Map,Tile:9,Map,Tile:0,Tile:0-Tile:7,Tile:8,Tile:12,Tile:9,Destroy,Bonus,Tile:5-Tile:nugget,Tile:hidden1,Tile:hidden2
Tile:0 6 5 1
Drop 3 0 0
Tile:5 4 5 1
Tile:6_flip 5 4 0
Drop 4 0 1
Drop 4 0 0
Tile:7_flip 4 6 1
Drop 2 0 0
Map 12 7 1
Tile:5_flip 6 4 0
Drop 1 0 1
Tile:8 5 6 0
Tile:6_flip 6 6 1
Tile:6 4 4 0
Tile:11 6 7 1
Destroy 6 5 0
Drop 1 0 1
Tile:14_flip 6 3 0
Tile:5_flip 6 8 1
Tile:9 5 8 0
Tile:10 5 7 1
Tile:7 7 3 0
Map 12 5 1
Tile:7 4 3 0
Tile:2 3 4 1
Tile:0 3 3 0
Destroy 5 7 1
Tile:9_flip 5 9 0
Tile:0 7 7 1
Tile:6 8 7 0
Tile:8 2 3 1
Destroy 5 4 0
Tile:8 5 4 1
Tile:7 2 2 0
Tile:10 5 7 1
Tile:5_flip 3 5 0
Tile:7_flip 4 9 1
Drop 6 0 0
Tile:8 9 7 1
Tile:6_flip 8 6 0
Tile:13 9 6 1
Tile:15 9 5 0
Tile:3_flip 9 8 1
Tile:1 6 5 0
Drop 3 0 1
Map 12 7 0
Tile:8 1 2 1
Tile:10 4 8 0
Drop 1 0 1
Drop 0 0 0
Malus 0 0 1
Bonus 0 0 0
Drop 0 0 1
GAMEOVER DRAW
# Game ended: Sun Mar 22 18:12:18 EDT 2020
