# Server version 0.08 running on localhost:8123
# Game ID: 216
# Board class: Saboteur.SaboteurBoard
# Timeout: 20000
# First Move Timeout: 30000
# Date: Tue Mar 24 01:01:33 EDT 2020
# Player 1: Player-0, 'xxxxxxxxx', running on localhost
# Player 2: Player-1, 'RandomPlayer', running on localhost
START Player-0 xxxxxxxxx
START Player-1 RandomPlayer
BoardInit:Tile:10,Tile:6,Tile:8,Tile:9,Tile:8,Tile:7,Map,Tile:5,Tile:5,Tile:0,Destroy,Map,Tile:1,Tile:11,Tile:13,Tile:10,Bonus,Tile:3,Tile:0,Tile:8,Destroy,Tile:2,Tile:0,Tile:14,Tile:6,Map,Map,Tile:9,Tile:6,Tile:9,Tile:12,Bonus,Tile:8,Tile:9,Tile:7,Tile:5,Tile:7,Malus,Destroy-Malus,Tile:15,Tile:7,Tile:10,Tile:0,Tile:9,Tile:6-Tile:5,Tile:4,Bonus,Tile:7,Tile:6,Tile:8,Bonus-Tile:hidden1,Tile:hidden2,Tile:nugget
Tile:0 4 5 1
Tile:8 6 5 0
Drop 5 0 1
Tile:7 7 5 0
Tile:7 6 4 1
Tile:9_flip 7 6 0
Tile:8 6 6 1
Tile:7_flip 7 7 0
Tile:10 6 7 1
Tile:6 8 7 0
Drop 0 0 1
Tile:6 9 7 0
Tile:8 5 4 1
Map 12 3 0
Map 12 3 1
Tile:5 9 6 0
Tile:1 3 5 1
Tile:10 8 6 0
Tile:13 2 5 1
Tile:5_flip 10 6 0
Destroy 6 5 1
Tile:8 6 5 0
Tile:9 2 4 1
Tile:4 10 5 0
Tile:5_flip 3 4 1
Tile:0 10 7 0
Tile:0 11 7 1
GAMEOVER WINNER 1
# Game ended: Tue Mar 24 01:01:34 EDT 2020
