# Server version 0.08 running on localhost:8123
# Game ID: 211
# Board class: Saboteur.SaboteurBoard
# Timeout: 20000
# First Move Timeout: 30000
# Date: Tue Mar 24 00:54:50 EDT 2020
# Player 1: Player-0, 'xxxxxxxxx', running on localhost
# Player 2: Player-1, 'RandomPlayer', running on localhost
START Player-0 xxxxxxxxx
START Player-1 RandomPlayer
BoardInit:Tile:0,Tile:6,Tile:9,Tile:7,Bonus,Destroy,Bonus,Tile:6,Tile:12,Tile:5,Tile:7,Tile:0,Tile:0,Tile:15,Bonus,Tile:10,Tile:6,Tile:9,Malus,Destroy,Tile:9,Tile:9,Map,Tile:13,Tile:7,Tile:10,Tile:8,Tile:2,Tile:7,Tile:5,Tile:6,Tile:8,Tile:8,Tile:8,Tile:7,Map,Tile:6,Tile:3,Tile:1-Map,Tile:10,Tile:8,Tile:0,Bonus,Tile:5,Tile:9-Malus,Tile:11,Tile:14,Destroy,Tile:4,Tile:5,Map-Tile:nugget,Tile:hidden1,Tile:hidden2
Drop 3 0 1
Map 12 3 0
Drop 1 0 1
Malus 0 0 0
Map 12 7 1
Tile:7 6 5 0
Drop 5 0 1
Destroy 6 5 0
Bonus 0 0 1
Tile:6 6 5 0
Tile:12_flip 4 5 1
Destroy 6 5 0
Drop 6 0 1
Tile:6 6 5 0
Tile:0 7 5 1
Tile:11_flip 8 5 0
Drop 6 0 1
Tile:10 6 4 0
Tile:9_flip 5 4 1
Tile:9_flip 6 3 0
Tile:0 4 4 1
Destroy 8 5 0
Drop 5 0 1
Tile:9_flip 8 5 0
Tile:5 3 4 1
Tile:14 8 6 0
Tile:9_flip 8 4 1
Tile:10 8 3 0
Tile:6_flip 8 2 1
Tile:5_flip 9 2 0
Tile:7_flip 5 6 1
Tile:4 9 1 0
Tile:6_flip 7 6 1
Tile:8 7 2 0
Drop 4 0 1
Tile:8 7 1 0
Tile:8 6 2 1
Map 12 3 0
Tile:8 5 2 1
Tile:3_flip 7 4 0
Tile:1 4 2 1
Tile:15 7 3 0
Tile:6_flip 6 1 1
Tile:0 6 6 0
Drop 3 0 1
Tile:5_flip 7 7 0
Tile:7_flip 3 2 1
Tile:2 6 7 0
Map 12 7 1
Tile:5_flip 8 1 0
Drop 0 0 1
Tile:13 8 0 0
Drop 0 0 1
GAMEOVER DRAW
# Game ended: Tue Mar 24 00:54:50 EDT 2020
