# Server version 0.08 running on localhost:8123
# Game ID: 55
# Board class: Saboteur.SaboteurBoard
# Timeout: 20000
# First Move Timeout: 30000
# Date: Sun Mar 22 18:19:09 EDT 2020
# Player 1: Player-0, 'xxxxxxxxx', running on localhost
# Player 2: Player-1, 'RandomPlayer', running on localhost
START Player-0 xxxxxxxxx
START Player-1 RandomPlayer
BoardInit:Tile:9,Tile:8,Tile:5,Bonus,Tile:7,Tile:8,Tile:5,Tile:8,Tile:9,Tile:8,Tile:8,Bonus,Malus,Tile:5,Tile:9,Tile:6,Tile:12,Tile:10,Tile:2,Bonus,Tile:7,Tile:10,Tile:5,Destroy,Tile:6,Tile:3,Tile:9,Tile:0,Tile:6,Tile:1,Tile:7,Tile:9,Map,Bonus,Tile:7,Tile:14,Destroy,Malus,Tile:6-Tile:7,Tile:10,Tile:0,Tile:4,Tile:0,Tile:6,Destroy-Tile:11,Tile:13,Map,Tile:0,Tile:15,Map,Map-Tile:hidden2,Tile:hidden1,Tile:nugget
Drop 2 0 1
Map 12 7 0
Tile:7 6 5 1
Map 12 7 0
Drop 4 0 1
Map 12 7 0
Drop 2 0 1
Tile:11 6 6 0
Tile:6_flip 5 4 1
Tile:13 7 6 0
Tile:5_flip 5 6 1
Tile:0 8 6 0
Tile:5_flip 7 7 1
Tile:8 9 6 0
Tile:10 7 5 1
Tile:8 10 6 0
Drop 4 0 1
Tile:8 11 6 0
Tile:7_flip 6 7 1
Tile:8 12 6 0
Tile:12 13 6 1
Tile:15 11 5 0
Tile:9_flip 9 5 1
Tile:5 11 4 0
Tile:2_flip 11 7 1
Tile:6 12 4 0
Tile:9_flip 9 7 1
Destroy 12 4 0
Tile:6_flip 12 4 1
Tile:3 13 4 0
Tile:4 7 4 1
Tile:10 10 5 0
Tile:7_flip 4 6 1
Tile:10 10 4 0
Tile:5_flip 13 5 1
Tile:9 10 7 0
Tile:9_flip 9 8 1
Tile:14_flip 10 3 0
Tile:6 4 4 1
Tile:0 11 3 0
Destroy 5 4 1
Tile:1 8 8 0
Tile:6_flip 7 8 1
Drop 4 0 0
Tile:9_flip 7 9 1
Drop 3 0 0
Tile:7 9 4 1
Drop 2 0 0
Map 12 5 1
Drop 1 0 0
Malus 0 0 1
Bonus 0 0 0
Tile:7 4 3 1
GAMEOVER DRAW
# Game ended: Sun Mar 22 18:19:10 EDT 2020
