# Server version 0.08 running on localhost:8123
# Game ID: 117
# Board class: Saboteur.SaboteurBoard
# Timeout: 20000
# First Move Timeout: 30000
# Date: Mon Mar 23 17:12:44 EDT 2020
# Player 1: Player-0, 'xxxxxxxxx', running on localhost
# Player 2: Player-1, 'RandomPlayer', running on localhost
START Player-0 xxxxxxxxx
START Player-1 RandomPlayer
BoardInit:Tile:9,Tile:8,Map,Malus,Tile:9,Tile:10,Tile:7,Map,Bonus,Tile:5,Tile:0,Tile:6,Map,Tile:6,Tile:15,Tile:8,Tile:12,Tile:5,Tile:14,Tile:6,Tile:4,Tile:0,Tile:9,Destroy,Bonus,Destroy,Bonus,Map,Tile:7,Bonus,Tile:0,Tile:5,Tile:10,Tile:3,Tile:7,Tile:6,Tile:13,Tile:11,Tile:7-Destroy,Tile:7,Tile:8,Tile:9,Tile:9,Tile:5,Tile:8-Tile:0,Tile:10,Tile:6,Tile:2,Tile:8,Malus,Tile:1-Tile:hidden2,Tile:hidden1,Tile:nugget
Tile:9 4 5 1
Tile:0 6 5 0
Tile:8 7 5 1
Tile:6 8 5 0
Tile:9_flip 4 4 1
Tile:2 9 5 0
Tile:9_flip 7 6 1
Tile:8 10 5 0
Tile:7_flip 3 4 1
Map 12 3 0
Drop 3 0 1
Tile:1 11 5 0
Destroy 4 5 1
Tile:10 10 4 0
Drop 5 0 1
Tile:8 10 6 0
Tile:15 10 7 1
Tile:6_flip 11 6 0
Tile:7 4 3 1
Tile:5_flip 12 6 0
Drop 6 0 1
Tile:10 11 7 0
Tile:9 7 7 1
Tile:6_flip 10 3 0
Tile:12 11 3 1
Destroy 12 6 0
Map 12 5 1
Tile:8 12 6 0
Tile:9 3 3 1
Map 12 3 0
Tile:8 9 6 1
Destroy 12 6 0
Tile:5_flip 12 6 1
Tile:5_flip 11 8 0
Tile:7_flip 7 8 1
Tile:6 10 8 0
Tile:0 8 8 1
Tile:0 9 3 0
Tile:7 8 4 1
Tile:5_flip 9 7 0
Tile:7_flip 4 5 1
Tile:6_flip 9 8 0
Tile:13 13 5 1
Tile:3 12 4 0
Drop 0 0 1
Tile:11 13 4 0
Tile:10 13 3 1
Malus 0 0 0
Drop 1 0 1
Malus 0 0 0
Bonus 0 0 1
Drop 0 0 0
Drop 0 0 1
GAMEOVER DRAW
# Game ended: Mon Mar 23 17:12:50 EDT 2020
