# Server version 0.08 running on localhost:8123
# Game ID: 182
# Board class: Saboteur.SaboteurBoard
# Timeout: 20000
# First Move Timeout: 30000
# Date: Tue Mar 24 00:40:33 EDT 2020
# Player 1: Player-0, 'xxxxxxxxx', running on localhost
# Player 2: Player-1, 'RandomPlayer', running on localhost
START Player-0 xxxxxxxxx
START Player-1 RandomPlayer
BoardInit:Malus,Tile:15,Tile:6,Tile:9,Tile:8,Map,Bonus,Tile:9,Tile:9,Tile:5,Map,Tile:0,Tile:7,Tile:11,Tile:1,Tile:0,Map,Tile:14,Tile:4,Destroy,Tile:5,Tile:5,Tile:3,Tile:8,Tile:8,Tile:0,Map,Tile:5,Tile:6,Tile:0,Bonus,Destroy,Tile:9,Tile:8,Tile:13,Tile:2,Tile:7,Tile:8,Tile:6-Destroy,Tile:7,Tile:10,Tile:12,Tile:10,Tile:10,Tile:9-Malus,Tile:7,Bonus,Bonus,Tile:7,Tile:6,Tile:6-Tile:nugget,Tile:hidden1,Tile:hidden2
Drop 2 0 1
Tile:7 6 5 0
Tile:9_flip 6 6 1
Tile:7_flip 6 7 0
Destroy 6 7 1
Tile:6 6 7 0
Drop 2 0 1
Map 12 3 0
Tile:7_flip 5 6 1
Tile:6 7 7 0
Drop 2 0 1
Tile:9_flip 8 7 0
Tile:6_flip 5 7 1
Tile:15 8 6 0
Tile:8 8 5 1
Malus 0 0 0
Drop 0 0 1
Tile:9 4 5 0
Drop 3 0 1
Tile:5 4 4 0
Drop 6 0 1
Destroy 4 4 0
Map 12 3 1
Tile:11 4 4 0
Drop 5 0 1
Tile:14_flip 4 3 0
Drop 0 0 1
Tile:0 4 7 0
Drop 6 0 1
Tile:0 3 7 0
Drop 1 0 1
Tile:5 2 7 0
Drop 6 0 1
Tile:8 2 8 0
Drop 0 0 1
Tile:0 1 8 0
Drop 3 0 1
Tile:5 0 8 0
Drop 6 0 1
Tile:8 0 9 0
Drop 2 0 1
Tile:2_flip 0 10 0
Drop 1 0 1
Destroy 0 10 0
Drop 3 0 1
Tile:8 0 10 0
Drop 0 0 1
Tile:0 1 10 0
Drop 2 0 1
Drop 0 0 0
Drop 0 0 1
Drop 0 0 0
Drop 0 0 1
GAMEOVER DRAW
# Game ended: Tue Mar 24 00:40:33 EDT 2020
