# Server version 0.08 running on localhost:8123
# Game ID: 179
# Board class: Saboteur.SaboteurBoard
# Timeout: 20000
# First Move Timeout: 30000
# Date: Tue Mar 24 00:39:00 EDT 2020
# Player 1: Player-0, 'xxxxxxxxx', running on localhost
# Player 2: Player-1, 'RandomPlayer', running on localhost
START Player-0 xxxxxxxxx
START Player-1 RandomPlayer
BoardInit:Tile:10,Tile:8,Tile:10,Tile:0,Tile:5,Map,Tile:7,Malus,Destroy,Tile:6,Tile:4,Tile:7,Bonus,Tile:5,Tile:5,Tile:0,Tile:13,Malus,Tile:8,Tile:6,Tile:5,Tile:0,Tile:7,Tile:9,Tile:9,Tile:1,Tile:11,Bonus,Tile:6,Destroy,Tile:9,Tile:9,Tile:3,Tile:7,Bonus,Tile:8,Tile:8,Tile:12,Tile:6-Tile:15,Destroy,Map,Tile:2,Tile:14,Map,Tile:6-Map,Bonus,Tile:7,Tile:9,Tile:10,Tile:8,Tile:0-Tile:nugget,Tile:hidden1,Tile:hidden2
Tile:6 4 5 1
Map 12 3 0
Tile:2 6 5 1
Tile:7_flip 3 5 0
Tile:10 6 6 1
Tile:9 3 4 0
Map 12 7 1
Tile:10 3 3 0
Tile:7 7 5 1
Tile:8 3 2 0
Map 12 7 1
Tile:0 2 2 0
Tile:14 5 6 1
Tile:8 1 2 0
Tile:10 7 6 1
Tile:0 0 2 0
Tile:5_flip 6 7 1
Map 12 3 0
Destroy 6 7 1
Malus 0 0 0
Destroy 6 5 1
Malus 0 0 0
Drop 3 0 1
Tile:6_flip 1 1 0
Drop 5 0 1
Tile:7_flip 0 1 0
Drop 0 0 1
Tile:5 0 0 0
Drop 6 0 1
Tile:0 1 0 0
Drop 1 0 1
Destroy 0 0 0
Drop 6 0 1
Tile:6_flip 0 0 0
Drop 3 0 1
Tile:0 2 0 0
Drop 4 0 1
Tile:9 1 3 0
Drop 0 0 1
Tile:9 1 4 0
Drop 4 0 1
Tile:1 2 1 0
Drop 1 0 1
Tile:7_flip 1 5 0
Drop 3 0 1
Tile:8 3 0 0
Drop 0 0 1
Tile:12 2 3 0
Drop 2 0 1
Drop 0 0 0
Drop 0 0 1
Drop 0 0 0
Drop 0 0 1
GAMEOVER DRAW
# Game ended: Tue Mar 24 00:39:01 EDT 2020
