# Server version 0.08 running on localhost:8123
# Game ID: 109
# Board class: Saboteur.SaboteurBoard
# Timeout: 20000
# First Move Timeout: 30000
# Date: Mon Mar 23 17:03:20 EDT 2020
# Player 1: Player-0, 'xxxxxxxxx', running on localhost
# Player 2: Player-1, 'RandomPlayer', running on localhost
START Player-0 xxxxxxxxx
START Player-1 RandomPlayer
BoardInit:Tile:7,Tile:14,Map,Tile:7,Tile:9,Tile:0,Tile:3,Tile:0,Destroy,Map,Tile:6,Tile:8,Tile:5,Map,Tile:13,Tile:12,Tile:7,Bonus,Tile:0,Tile:6,Tile:2,Tile:7,Map,Tile:10,Tile:8,Tile:5,Tile:0,Tile:11,Bonus,Tile:8,Tile:8,Tile:10,Tile:6,Tile:15,Tile:5,Tile:9,Malus,Tile:10,Tile:7-Bonus,Tile:9,Malus,Tile:9,Destroy,Tile:9,Tile:8-Tile:1,Destroy,Tile:6,Tile:5,Tile:4,Bonus,Tile:6-Tile:hidden2,Tile:nugget,Tile:hidden1
Tile:9_flip 5 4 1
Tile:1 6 5 0
Tile:8 4 4 1
Tile:6 7 5 0
Tile:9 4 5 1
Tile:5_flip 8 5 0
Tile:7 5 3 1
Destroy 8 5 0
Tile:9_flip 8 5 1
Tile:4 8 4 0
Tile:9 5 6 1
Map 12 3 0
Destroy 4 5 1
Tile:6 8 6 0
Tile:5 4 3 1
Map 12 3 0
Tile:13 4 5 1
Tile:14 9 6 0
Malus 0 0 1
Bonus 0 0 0
Destroy 8 4 1
Tile:7 8 4 0
Tile:7_flip 3 5 1
Tile:0 7 6 0
Tile:2 6 6 1
Tile:10 9 5 0
Tile:8 5 7 1
Tile:5 9 4 0
Tile:6_flip 7 4 1
Tile:0 10 4 0
Tile:3_flip 6 4 1
Tile:8 11 4 0
Tile:8 11 5 1
Tile:12 12 4 0
Tile:6_flip 11 3 1
Tile:6 11 6 0
Drop 3 0 1
Tile:7 12 6 0
Tile:0 10 3 1
Tile:11 10 6 0
Drop 4 0 1
Tile:8 10 7 0
Drop 5 0 1
Tile:10 10 8 0
Tile:0 11 7 1
Tile:15 10 9 0
Map 12 5 1
Tile:9 10 10 0
Malus 0 0 1
Bonus 0 0 0
Drop 0 0 1
Tile:10 10 11 0
Drop 0 0 1
GAMEOVER DRAW
# Game ended: Mon Mar 23 17:03:24 EDT 2020
