# Server version 0.08 running on 192.168.2.11:8123
# Game ID: 137
# Board class: Saboteur.SaboteurBoard
# Timeout: 20000
# First Move Timeout: 30000
# Date: Mon Mar 23 22:09:32 EDT 2020
# Player 1: Player-0, 'xxxxxxxxx', running on 192.168.2.11
# Player 2: Player-1, 'RandomPlayer', running on 192.168.2.11
START Player-0 xxxxxxxxx
START Player-1 RandomPlayer
BoardInit:Tile:8,Tile:5,Tile:6,Tile:12,Tile:7,Tile:6,Tile:5,Tile:0,Map,Tile:10,Tile:7,Malus,Tile:0,Map,Tile:0,Tile:10,Destroy,Tile:0,Bonus,Tile:8,Tile:6,Bonus,Tile:5,Destroy,Tile:5,Tile:9,Tile:9,Tile:6,Tile:9,Tile:7,Bonus,Tile:8,Tile:1,Tile:7,Tile:9,Destroy,Tile:14,Tile:9,Tile:4-Malus,Tile:6,Tile:13,Map,Bonus,Tile:3,Tile:8-Tile:2,Tile:10,Tile:8,Tile:11,Tile:7,Map,Tile:15-Tile:hidden1,Tile:hidden2,Tile:nugget
Tile:6 5 6 1
Tile:8 5 4 0
Tile:8 6 5 1
Tile:2 6 4 0
Tile:13 6 6 1
Tile:12_flip 4 6 0
Tile:8 6 7 1
Tile:6 4 5 0
Tile:3 7 6 1
Tile:10 5 3 0
Tile:6_flip 7 4 1
Tile:11_flip 7 7 0
Tile:7 8 4 1
Tile:5_flip 6 8 0
Tile:5 4 4 1
Tile:15 7 8 0
Drop 6 0 1
Map 12 7 0
Tile:7 5 2 1
Tile:0 5 7 0
Malus 0 0 1
Map 12 7 0
Tile:6 7 5 1
Drop 2 0 0
Destroy 5 2 1
Bonus 0 0 0
Tile:5 5 8 1
Destroy 7 4 0
Tile:5 4 7 1
Tile:8 7 9 0
Drop 3 0 1
Tile:0 8 9 0
Tile:9_flip 4 8 1
Drop 3 0 0
Drop 2 0 1
Tile:7_flip 3 8 0
Tile:1 3 5 1
Tile:8 2 5 0
Tile:9_flip 3 7 1
Tile:10 7 10 0
Tile:14_flip 5 2 1
Drop 3 0 0
Tile:4_flip 5 9 1
Tile:6 7 11 0
Drop 3 0 1
Drop 3 0 0
Tile:9_flip 8 5 1
Destroy 8 4 0
Map 12 7 1
Tile:10 4 9 0
Drop 0 0 1
Tile:7_flip 1 5 0
Drop 0 0 1
GAMEOVER DRAW
# Game ended: Mon Mar 23 22:09:32 EDT 2020
