# Server version 0.08 running on localhost:8123
# Game ID: 136
# Board class: Saboteur.SaboteurBoard
# Timeout: 20000
# First Move Timeout: 30000
# Date: Mon Mar 23 21:51:12 EDT 2020
# Player 1: Player-0, 'xxxxxxxxx', running on localhost
# Player 2: Player-1, 'RandomPlayer', running on localhost
START Player-0 xxxxxxxxx
START Player-1 RandomPlayer
BoardInit:Tile:7,Tile:0,Tile:2,Tile:8,Tile:6,Tile:7,Tile:10,Bonus,Tile:8,Tile:7,Tile:7,Tile:5,Malus,Tile:7,Tile:12,Tile:9,Tile:6,Tile:8,Tile:3,Map,Tile:15,Tile:6,Tile:9,Destroy,Bonus,Malus,Tile:9,Destroy,Tile:9,Tile:5,Tile:1,Tile:4,Tile:0,Bonus,Destroy,Tile:10,Map,Map,Tile:8-Tile:14,Tile:11,Tile:5,Tile:0,Tile:6,Tile:5,Tile:9-Tile:13,Bonus,Tile:6,Map,Tile:8,Tile:0,Tile:10-Tile:nugget,Tile:hidden2,Tile:hidden1
Tile:9 4 5 1
Map 12 3 0
Tile:14 5 6 1
Tile:13 6 5 0
Tile:5 6 4 1
Tile:6 7 5 0
Tile:2 7 4 1
Tile:8 8 5 0
Tile:6 8 6 1
Tile:0 9 5 0
Drop 5 0 1
Tile:0 10 5 0
Tile:0 9 6 1
Tile:8 11 5 0
Tile:7 5 4 1
Tile:10 11 4 0
Tile:6_flip 8 4 1
Tile:7_flip 11 6 0
Tile:12_flip 7 6 1
Tile:7 12 6 0
Tile:11 4 4 1
Map 12 3 0
Tile:15 4 3 1
Tile:5 11 3 0
Tile:5_flip 9 4 1
Destroy 12 6 0
Tile:7_flip 4 6 1
Tile:7 12 6 0
Tile:9_flip 4 2 1
Destroy 12 6 0
Tile:9 9 3 1
Tile:9_flip 12 6 0
Tile:9_flip 10 3 1
Tile:4_flip 10 4 0
Tile:3 4 1 1
Tile:8 10 2 0
Malus 0 0 1
Bonus 0 0 0
Destroy 6 5 1
Map 12 3 0
Drop 6 0 1
Tile:6 11 2 0
Tile:6 6 5 1
GAMEOVER WINNER 1
# Game ended: Mon Mar 23 21:51:12 EDT 2020
