# Server version 0.08 running on localhost:8123
# Game ID: 102
# Board class: Saboteur.SaboteurBoard
# Timeout: 20000
# First Move Timeout: 30000
# Date: Mon Mar 23 16:52:50 EDT 2020
# Player 1: Player-0, 'xxxxxxxxx', running on localhost
# Player 2: Player-1, 'RandomPlayer', running on localhost
START Player-0 xxxxxxxxx
START Player-1 RandomPlayer
BoardInit:Tile:6,Tile:1,Tile:9,Destroy,Tile:6,Tile:9,Destroy,Tile:8,Tile:5,Tile:10,Tile:9,Bonus,Tile:11,Tile:4,Tile:10,Tile:8,Tile:8,Tile:9,Map,Tile:0,Map,Tile:7,Tile:0,Tile:5,Map,Tile:6,Map,Tile:7,Tile:7,Bonus,Tile:6,Tile:5,Tile:0,Tile:9,Tile:0,Tile:10,Tile:13,Tile:8,Tile:3-Tile:7,Tile:8,Tile:12,Malus,Bonus,Tile:2,Destroy-Tile:7,Bonus,Tile:5,Tile:14,Tile:15,Malus,Tile:6-Tile:hidden2,Tile:hidden1,Tile:nugget
Tile:8 5 4 1
Tile:7 6 5 0
Tile:2 5 3 1
Tile:5_flip 6 4 0
Drop 1 0 1
Destroy 6 5 0
Tile:6 4 4 1
Tile:6_flip 6 5 0
Tile:9_flip 6 3 1
Tile:14 7 5 0
Destroy 6 3 1
Tile:15 7 4 0
Tile:6_flip 7 3 1
Tile:1 8 3 0
Tile:9 4 3 1
Tile:9_flip 9 3 0
Drop 5 0 1
Tile:8 9 4 0
Tile:8 5 6 1
Tile:8 10 4 0
Tile:7 4 2 1
Tile:9_flip 11 4 0
Tile:5 8 4 1
Tile:10 11 5 0
Drop 2 0 1
Tile:4_flip 11 6 0
Map 12 5 1
Tile:7 11 3 0
Map 12 3 1
Tile:5_flip 10 5 0
Map 12 3 1
Tile:6 9 5 0
Tile:10 5 7 1
Tile:5 10 3 0
Map 12 7 1
Tile:7_flip 8 5 0
Drop 3 0 1
Tile:9 9 2 0
Tile:0 3 4 1
Tile:0 10 2 0
Tile:6_flip 6 3 1
Tile:10 9 1 0
Tile:3_flip 4 6 1
Tile:8 9 0 0
Tile:13 10 0 1
Malus 0 0 0
Drop 2 0 1
Drop 0 0 0
Drop 1 0 1
Drop 0 0 0
Malus 0 0 1
Bonus 0 0 0
Drop 0 0 1
GAMEOVER DRAW
# Game ended: Mon Mar 23 16:52:50 EDT 2020
