# Server version 0.08 running on localhost:8123
# Game ID: 74
# Board class: Saboteur.SaboteurBoard
# Timeout: 20000
# First Move Timeout: 30000
# Date: Sun Mar 22 21:44:47 EDT 2020
# Player 1: Player-0, 'xxxxxxxxx', running on localhost
# Player 2: Player-1, 'RandomPlayer', running on localhost
START Player-0 xxxxxxxxx
START Player-1 RandomPlayer
BoardInit:Tile:4,Tile:0,Destroy,Tile:8,Tile:7,Tile:14,Map,Tile:7,Map,Tile:5,Tile:10,Tile:11,Tile:9,Tile:8,Tile:6,Tile:1,Tile:8,Tile:0,Map,Bonus,Malus,Bonus,Tile:9,Tile:9,Tile:6,Tile:6,Tile:5,Tile:0,Tile:8,Destroy,Tile:7,Tile:8,Tile:7,Tile:6,Tile:12,Tile:9,Bonus,Tile:5,Tile:3-Tile:6,Tile:5,Tile:0,Tile:2,Tile:15,Tile:13,Tile:10-Tile:7,Malus,Tile:9,Tile:10,Map,Bonus,Destroy-Tile:nugget,Tile:hidden2,Tile:hidden1
Tile:15 5 6 1
Map 12 3 0
Tile:5_flip 5 7 1
Tile:7 6 5 0
Drop 4 0 1
Destroy 6 5 0
Tile:7_flip 4 5 1
Tile:9_flip 6 5 0
Tile:13 4 4 1
Tile:10 6 4 0
Tile:4 4 3 1
Tile:7_flip 6 6 0
Tile:2 4 7 1
Tile:0 7 6 0
Drop 5 0 1
Tile:8 8 6 0
Tile:9 6 3 1
Tile:14 9 6 0
Drop 1 0 1
Tile:5 9 5 0
Tile:6 3 7 1
Tile:11_flip 10 5 0
Drop 1 0 1
Tile:8 10 4 0
Tile:6_flip 2 7 1
Tile:1 11 4 0
Destroy 10 4 1
Tile:0 12 4 0
Tile:9_flip 8 5 1
Tile:6 2 8 0
Tile:6_flip 3 8 1
Destroy 6 3 0
Tile:5 1 7 1
Tile:8 6 3 0
Tile:8 13 4 1
Tile:9 10 6 0
Tile:12_flip 7 5 1
Tile:9 5 3 0
Tile:7_flip 13 5 1
Tile:6 3 9 0
Tile:3 3 6 1
Tile:0 11 6 0
Tile:7_flip 10 7 1
Tile:5_flip 12 6 0
Map 12 5 1
Malus 0 0 0
Bonus 0 0 1
Drop 0 0 0
Map 12 3 1
Drop 0 0 0
Malus 0 0 1
Bonus 0 0 0
Tile:8 8 7 1
GAMEOVER DRAW
# Game ended: Sun Mar 22 21:44:47 EDT 2020
