# Server version 0.08 running on 192.168.2.11:8123
# Game ID: 152
# Board class: Saboteur.SaboteurBoard
# Timeout: 20000
# First Move Timeout: 30000
# Date: Mon Mar 23 23:31:11 EDT 2020
# Player 1: Player-0, 'xxxxxxxxx', running on 192.168.2.11
# Player 2: Player-1, 'xxxxxxxxx', running on 192.168.2.11
START Player-0 xxxxxxxxx
START Player-1 xxxxxxxxx
BoardInit:Map,Tile:15,Malus,Map,Bonus,Tile:4,Tile:6,Tile:14,Tile:12,Tile:9,Tile:6,Tile:8,Tile:9,Tile:0,Destroy,Tile:5,Tile:2,Tile:10,Map,Tile:0,Tile:6,Tile:10,Tile:13,Tile:8,Destroy,Tile:7,Tile:7,Tile:5,Tile:6,Map,Tile:0,Tile:3,Tile:0,Tile:9,Tile:9,Tile:7,Destroy,Tile:1,Tile:10-Bonus,Tile:7,Bonus,Bonus,Tile:8,Tile:7,Tile:11-Tile:9,Tile:8,Tile:5,Tile:5,Tile:8,Tile:6,Malus-Tile:hidden2,Tile:hidden1,Tile:nugget
Tile:7 6 5 1
Tile:9 6 6 0
Map 12 3 1
Tile:8 7 6 0
Tile:8 8 6 1
Map 12 3 0
Tile:7 9 6 1
Tile:5 8 5 0
Tile:11 9 7 1
Tile:5_flip 9 5 0
Tile:6 10 7 1
Tile:8 9 4 0
Tile:12 11 7 1
Tile:6 10 4 0
Tile:9 10 6 1
Tile:14 11 4 0
Tile:6 11 6 1
Tile:15 11 3 0
Tile:2 12 6 1
Tile:4 11 2 0
Map 12 3 1
Tile:9_flip 10 3 0
Destroy 12 6 1
Tile:5 11 5 0
Tile:6 12 6 1
Tile:10 10 2 0
Destroy 12 6 1
Tile:8 10 1 0
Tile:13 12 6 1
Tile:0 11 1 0
Tile:7 13 6 1
Map 12 3 0
Tile:6 13 7 1
Tile:0 12 1 0
Tile:0 8 4 1
Tile:8 13 1 0
Tile:9 9 8 1
Tile:10 13 2 0
Destroy 12 6 1
Tile:7_flip 13 3 0
Tile:0 12 6 1
Tile:5 9 3 0
Tile:10 8 7 1
Tile:3 13 0 0
Malus 0 0 1
Malus 0 0 0
Bonus 0 0 1
Drop 0 0 0
Drop 0 0 1
Drop 0 0 0
Drop 0 0 1
Drop 0 0 0
Drop 0 0 1
GAMEOVER DRAW
# Game ended: Mon Mar 23 23:31:12 EDT 2020
