# Server version 0.08 running on localhost:8123
# Game ID: 165
# Board class: Saboteur.SaboteurBoard
# Timeout: 20000
# First Move Timeout: 30000
# Date: Tue Mar 24 00:23:39 EDT 2020
# Player 1: Player-0, 'xxxxxxxxx', running on localhost
# Player 2: Player-1, 'RandomPlayer', running on localhost
START Player-0 xxxxxxxxx
START Player-1 RandomPlayer
BoardInit:Bonus,Tile:9,Tile:8,Destroy,Tile:10,Tile:9,Tile:7,Bonus,Tile:12,Tile:8,Tile:0,Destroy,Tile:2,Bonus,Tile:7,Tile:6,Map,Tile:5,Tile:5,Malus,Map,Tile:6,Tile:8,Tile:11,Map,Tile:0,Tile:10,Tile:9,Bonus,Tile:1,Tile:8,Tile:13,Tile:3,Tile:7,Tile:9,Tile:5,Tile:6,Destroy,Tile:0-Map,Tile:7,Tile:6,Tile:7,Tile:0,Tile:8,Tile:5-Tile:10,Tile:9,Tile:15,Tile:6,Malus,Tile:4,Tile:14-Tile:hidden2,Tile:hidden1,Tile:nugget
Tile:8 4 5 1
Tile:9_flip 6 5 0
Tile:6 4 6 1
Tile:10 6 4 0
Drop 2 0 1
Destroy 6 5 0
Drop 4 0 1
Tile:6 6 5 0
Tile:0 3 6 1
Tile:14 7 5 0
Tile:10 6 3 1
Tile:15 7 4 0
Drop 0 0 1
Destroy 7 5 0
Tile:0 2 6 1
Tile:9_flip 7 5 0
Tile:12_flip 3 5 1
Tile:4_flip 7 6 0
Tile:7 5 4 1
Tile:9 7 3 0
Tile:5_flip 5 6 1
Tile:8 8 3 0
Map 12 7 1
Tile:6 9 3 0
Tile:2 4 4 1
Tile:5_flip 10 3 0
Tile:7_flip 3 4 1
Tile:6_flip 10 2 0
Tile:5 9 2 1
Tile:11_flip 11 2 0
Tile:10 7 2 1
Tile:9 11 3 0
Map 12 3 1
Tile:13 11 4 0
Tile:8 7 1 1
Tile:0 12 4 0
Tile:7 11 1 1
Tile:7_flip 11 5 0
Tile:6_flip 10 4 1
Destroy 12 4 0
Tile:9_flip 3 3 1
Tile:1 12 4 0
Tile:0 10 1 1
Tile:5_flip 13 4 0
Tile:3 8 1 1
Malus 0 0 0
Map 12 5 1
Malus 0 0 0
Bonus 0 0 1
Drop 0 0 0
Drop 0 0 1
Drop 0 0 0
Drop 0 0 1
GAMEOVER DRAW
# Game ended: Tue Mar 24 00:23:39 EDT 2020
