# Server version 0.08 running on localhost:8123
# Game ID: 35
# Board class: Saboteur.SaboteurBoard
# Timeout: 20000
# First Move Timeout: 30000
# Date: Sun Mar 22 01:55:32 EDT 2020
# Player 1: Player-0, 'xxxxxxxxx', running on localhost
# Player 2: Player-1, 'RandomPlayer', running on localhost
START Player-0 xxxxxxxxx
START Player-1 RandomPlayer
BoardInit:Tile:5,Map,Tile:6,Tile:9,Tile:12,Bonus,Tile:10,Map,Tile:8,Tile:5,Tile:6,Malus,Malus,Bonus,Tile:6,Tile:0,Tile:5,Tile:9,Tile:10,Tile:14,Destroy,Tile:7,Tile:9,Tile:6,Tile:15,Tile:0,Tile:0,Destroy,Tile:8,Tile:8,Tile:7,Tile:1,Tile:6,Map,Tile:7,Tile:0,Tile:13,Tile:7,Destroy-Tile:5,Tile:3,Tile:10,Bonus,Tile:4,Tile:7,Map-Tile:2,Tile:9,Tile:11,Bonus,Tile:8,Tile:8,Tile:9-Tile:hidden2,Tile:nugget,Tile:hidden1
Tile:5_flip 5 6 1
Tile:9 4 6 0
Tile:4 5 4 1
Tile:11_flip 6 5 0
Tile:7_flip 4 7 1
Tile:8 4 5 0
Drop 2 0 1
Tile:9 6 4 0
Tile:5_flip 7 4 1
Tile:9 6 3 0
Map 12 5 1
Drop 3 0 0
Tile:3 7 3 1
Drop 4 0 0
Tile:10 4 4 1
Malus 0 0 0
Drop 1 0 1
Tile:2 6 2 0
Drop 3 0 1
Tile:0 7 2 0
Drop 2 0 1
Tile:14_flip 4 3 0
Destroy 7 2 1
Drop 1 0 0
Drop 5 0 1
Drop 0 0 0
Drop 0 0 1
Tile:9 6 6 0
Drop 6 0 1
Drop 2 0 0
Drop 1 0 1
Tile:6_flip 5 7 0
Drop 6 0 1
Destroy 4 7 0
Drop 3 0 1
Tile:5_flip 7 2 0
Drop 3 0 1
Tile:8 3 5 0
Drop 6 0 1
Tile:0 2 5 0
Destroy 4 4 1
Tile:1 5 2 0
Drop 1 0 1
Tile:7_flip 5 8 0
Drop 3 0 1
Drop 2 0 0
Drop 0 0 1
Tile:7_flip 1 5 0
Drop 2 0 1
Drop 0 0 0
Drop 0 0 1
Map 12 5 0
Drop 0 0 1
GAMEOVER DRAW
# Game ended: Sun Mar 22 01:55:32 EDT 2020
