# Server version 0.08 running on localhost:8123
# Game ID: 118
# Board class: Saboteur.SaboteurBoard
# Timeout: 20000
# First Move Timeout: 30000
# Date: Mon Mar 23 17:17:59 EDT 2020
# Player 1: Player-0, 'xxxxxxxxx', running on localhost
# Player 2: Player-1, 'RandomPlayer', running on localhost
START Player-0 xxxxxxxxx
START Player-1 RandomPlayer
BoardInit:Tile:7,Map,Tile:9,Tile:15,Tile:1,Tile:6,Tile:8,Destroy,Tile:0,Map,Tile:3,Tile:2,Malus,Destroy,Tile:5,Map,Tile:5,Tile:0,Tile:8,Bonus,Tile:7,Tile:8,Tile:8,Tile:6,Tile:7,Tile:7,Tile:9,Tile:6,Tile:9,Tile:10,Tile:0,Tile:10,Tile:4,Tile:0,Tile:9,Tile:14,Tile:7,Bonus,Tile:6-Tile:9,Tile:12,Destroy,Tile:10,Tile:8,Bonus,Malus-Map,Tile:5,Tile:5,Bonus,Tile:11,Tile:6,Tile:13-Tile:nugget,Tile:hidden1,Tile:hidden2
Tile:10 5 4 1
Map 12 3 0
Tile:9_flip 6 5 1
Map 12 3 0
Tile:7_flip 6 6 1
Tile:5_flip 7 6 0
Drop 3 0 1
Tile:5 7 5 0
Tile:9 6 4 1
Tile:11_flip 8 5 0
Destroy 5 4 1
Map 12 3 0
Tile:3 6 3 1
Destroy 8 5 0
Malus 0 0 1
Destroy 7 5 0
Tile:12_flip 5 3 1
Map 12 3 0
Tile:5 7 5 1
Bonus 0 0 0
Tile:1 4 5 1
Tile:6 8 5 0
Malus 0 0 1
Bonus 0 0 0
Drop 0 0 1
Tile:13 9 5 0
Tile:8 10 5 1
Tile:6 11 5 0
Tile:7_flip 10 6 1
Tile:15 11 4 0
Tile:0 3 5 1
Tile:2 11 6 0
Tile:7 12 6 1
Tile:8 11 3 0
Tile:5_flip 7 4 1
Tile:6 11 7 0
Tile:9 7 3 1
Tile:7 10 4 0
Tile:9 9 4 1
Tile:0 10 3 0
Tile:7 7 2 1
Tile:6_flip 10 7 0
Tile:8 10 8 1
Tile:10 11 2 0
Tile:9_flip 10 9 1
Tile:0 11 8 0
Tile:8 10 10 1
Tile:14 12 8 0
Tile:0 2 5 1
Tile:10 9 6 0
Tile:6 9 7 1
Drop 0 0 0
Tile:4 5 4 1
GAMEOVER DRAW
# Game ended: Mon Mar 23 17:18:03 EDT 2020
