# Server version 0.08 running on localhost:8123
# Game ID: 190
# Board class: Saboteur.SaboteurBoard
# Timeout: 20000
# First Move Timeout: 30000
# Date: Tue Mar 24 00:44:55 EDT 2020
# Player 1: Player-0, 'xxxxxxxxx', running on localhost
# Player 2: Player-1, 'RandomPlayer', running on localhost
START Player-0 xxxxxxxxx
START Player-1 RandomPlayer
BoardInit:Tile:2,Tile:10,Tile:7,Tile:9,Tile:8,Tile:7,Tile:0,Tile:1,Bonus,Tile:6,Tile:15,Tile:9,Destroy,Bonus,Bonus,Tile:6,Tile:6,Tile:0,Tile:5,Tile:9,Tile:5,Destroy,Destroy,Tile:8,Map,Map,Map,Map,Tile:5,Tile:8,Tile:7,Tile:9,Tile:6,Tile:10,Tile:7,Tile:9,Tile:8,Tile:11,Tile:4-Tile:0,Tile:12,Tile:6,Tile:10,Tile:13,Tile:8,Tile:14-Tile:5,Malus,Bonus,Tile:7,Tile:3,Tile:0,Malus-Tile:hidden1,Tile:hidden2,Tile:nugget
Tile:14 5 6 1
Tile:5 4 6 0
Tile:6 4 5 1
Tile:10 5 4 0
Tile:7 6 5 1
Tile:3_flip 4 7 0
Tile:2 5 7 1
Tile:0 6 7 0
Tile:0 7 7 1
Tile:1 8 7 0
Drop 4 0 1
Tile:6_flip 3 5 0
Tile:15 3 6 1
Tile:7_flip 5 8 0
Drop 2 0 1
Tile:7_flip 2 5 0
Tile:10 4 4 1
Tile:6_flip 6 8 0
Tile:0 9 7 1
Tile:0 7 8 0
Tile:6_flip 5 3 1
Tile:9 6 9 0
Destroy 2 5 1
Destroy 6 5 0
Tile:5_flip 6 5 1
Tile:8 6 10 0
Destroy 9 7 1
Tile:9 5 10 0
Tile:5_flip 7 10 1
Tile:9 5 11 0
Tile:8 9 7 1
Malus 0 0 0
Map 12 3 1
Malus 0 0 0
Bonus 0 0 1
Map 12 3 0
Map 12 7 1
Map 12 3 0
Drop 0 0 1
Tile:10 6 4 0
Drop 4 0 1
Tile:9_flip 6 3 0
Bonus 0 0 1
Tile:9_flip 6 2 0
Tile:6_flip 7 9 1
Tile:8 6 1 0
Tile:8 2 5 1
Tile:11_flip 7 1 0
Tile:7_flip 7 2 1
Drop 0 0 0
Tile:5 2 4 1
Drop 0 0 0
Tile:4 5 9 1
GAMEOVER DRAW
# Game ended: Tue Mar 24 00:44:55 EDT 2020
