# Server version 0.08 running on localhost:8123
# Game ID: 163
# Board class: Saboteur.SaboteurBoard
# Timeout: 20000
# First Move Timeout: 30000
# Date: Tue Mar 24 00:23:08 EDT 2020
# Player 1: Player-0, 'xxxxxxxxx', running on localhost
# Player 2: Player-1, 'RandomPlayer', running on localhost
START Player-0 xxxxxxxxx
START Player-1 RandomPlayer
BoardInit:Malus,Map,Tile:13,Tile:1,Tile:4,Tile:5,Tile:6,Tile:6,Tile:0,Tile:5,Map,Tile:5,Tile:8,Tile:15,Tile:2,Bonus,Tile:9,Map,Tile:0,Tile:8,Bonus,Bonus,Tile:7,Map,Tile:7,Tile:8,Tile:6,Tile:10,Destroy,Tile:12,Tile:9,Tile:8,Tile:9,Tile:11,Destroy,Tile:7,Tile:3,Tile:7,Tile:9-Tile:7,Tile:9,Bonus,Tile:6,Malus,Tile:0,Destroy-Tile:10,Tile:10,Tile:0,Tile:6,Tile:14,Tile:5,Tile:8-Tile:hidden2,Tile:hidden1,Tile:nugget
Tile:7_flip 5 6 1
Tile:0 6 5 0
Tile:6_flip 6 6 1
Map 12 3 0
Tile:9 6 7 1
Tile:6 7 6 0
Destroy 6 6 1
Tile:14 8 6 0
Tile:4 5 4 1
Tile:10 8 5 0
Malus 0 0 1
Drop 0 0 0
Tile:0 4 5 1
Drop 0 0 0
Tile:8 8 4 1
Drop 0 0 0
Drop 5 0 1
Bonus 0 0 0
Tile:2_flip 7 4 1
Map 12 3 0
Tile:9_flip 9 4 1
Tile:15 9 5 0
Drop 5 0 1
Tile:5 9 3 0
Tile:13 6 8 1
Map 12 3 0
Tile:7_flip 6 9 1
Tile:1 10 3 0
Tile:7 11 3 1
Tile:6 11 4 0
Tile:6 12 4 1
Tile:5_flip 13 4 0
Tile:6_flip 7 7 1
Tile:5 10 4 0
Destroy 11 3 1
Tile:10 10 5 0
Destroy 11 4 1
Tile:8 10 6 0
Tile:9_flip 10 7 1
Tile:8 11 6 0
Tile:3 7 5 1
Tile:12 12 6 0
Tile:9 11 5 1
Tile:11 11 7 0
Tile:0 5 8 1
Tile:8 11 4 0
Tile:9_flip 10 8 1
Tile:7_flip 11 8 0
Malus 0 0 1
Bonus 0 0 0
Drop 0 0 1
Tile:7 12 8 0
Drop 0 0 1
GAMEOVER DRAW
# Game ended: Tue Mar 24 00:23:09 EDT 2020
