# Server version 0.08 running on localhost:8123
# Game ID: 192
# Board class: Saboteur.SaboteurBoard
# Timeout: 20000
# First Move Timeout: 30000
# Date: Tue Mar 24 00:45:05 EDT 2020
# Player 1: Player-0, 'xxxxxxxxx', running on localhost
# Player 2: Player-1, 'RandomPlayer', running on localhost
START Player-0 xxxxxxxxx
START Player-1 RandomPlayer
BoardInit:Tile:9,Tile:9,Tile:3,Tile:5,Tile:5,Malus,Malus,Tile:9,Tile:7,Map,Tile:11,Tile:0,Bonus,Tile:8,Tile:6,Tile:0,Tile:8,Tile:15,Tile:2,Tile:6,Tile:10,Tile:6,Map,Tile:6,Map,Tile:1,Tile:13,Tile:6,Tile:0,Tile:7,Tile:7,Destroy,Tile:10,Map,Tile:5,Tile:7,Tile:0,Tile:14,Destroy-Tile:8,Destroy,Tile:5,Tile:9,Tile:10,Tile:4,Bonus-Tile:8,Tile:8,Tile:9,Bonus,Bonus,Tile:7,Tile:12-Tile:hidden2,Tile:nugget,Tile:hidden1
Drop 2 0 1
Tile:9_flip 6 5 0
Tile:4_flip 5 6 1
Tile:9_flip 6 4 0
Tile:3_flip 4 5 1
Tile:8 6 3 0
Tile:9 6 6 1
Tile:5 4 4 0
Drop 2 0 1
Tile:12_flip 5 3 0
Drop 1 0 1
Tile:7_flip 6 7 0
Tile:7 7 7 1
Tile:8 6 2 0
Tile:11_flip 7 8 1
Tile:9 7 9 0
Tile:9 6 1 1
Malus 0 0 0
Drop 3 0 1
Map 12 3 0
Drop 4 0 1
Tile:8 7 3 0
Drop 5 0 1
Tile:6 8 3 0
Drop 0 0 1
Tile:6 9 3 0
Bonus 0 0 1
Tile:6 10 3 0
Map 12 5 1
Tile:6 11 3 0
Drop 6 0 1
Tile:7 12 2 0
Tile:5 6 8 1
Destroy 11 3 0
Tile:13 10 2 1
Map 12 5 0
Tile:7_flip 5 2 1
Tile:7 8 2 0
Tile:5 9 2 1
Tile:0 11 3 0
Drop 1 0 1
Tile:0 13 3 0
Tile:0 11 2 1
Tile:15 12 4 0
Destroy 11 3 1
Tile:1 11 3 0
Drop 2 0 1
Tile:14 7 1 0
Tile:10 7 4 1
Drop 0 0 0
Tile:10 7 5 1
Drop 0 0 0
Drop 0 0 1
GAMEOVER DRAW
# Game ended: Tue Mar 24 00:45:05 EDT 2020
