# Server version 0.08 running on 192.168.2.11:8123
# Game ID: 40
# Board class: Saboteur.SaboteurBoard
# Timeout: 20000
# First Move Timeout: 30000
# Date: Sun Mar 22 02:18:08 EDT 2020
# Player 1: Player-0, 'xxxxxxxxx', running on 192.168.2.11
# Player 2: Player-1, 'RandomPlayer', running on 192.168.2.11
START Player-0 xxxxxxxxx
START Player-1 RandomPlayer
BoardInit:Destroy,Bonus,Tile:0,Tile:11,Tile:5,Bonus,Tile:0,Malus,Tile:8,Bonus,Tile:7,Tile:2,Tile:9,Malus,Tile:14,Tile:7,Tile:8,Tile:10,Tile:8,Tile:6,Map,Bonus,Tile:5,Tile:13,Tile:7,Tile:6,Tile:12,Tile:10,Tile:6,Tile:6,Tile:9,Tile:4,Tile:1,Tile:0,Tile:5,Tile:7,Tile:3,Destroy,Tile:10-Tile:5,Tile:9,Tile:8,Tile:9,Destroy,Tile:6,Map-Tile:8,Tile:9,Tile:0,Tile:7,Map,Tile:15,Map-Tile:nugget,Tile:hidden1,Tile:hidden2
Tile:9 4 5 1
Tile:9_flip 4 4 0
Tile:5 5 4 1
Map 12 7 0
Tile:6 6 4 1
Tile:7 6 5 0
Tile:9_flip 4 3 1
Tile:8 6 6 0
Tile:5 4 2 1
Drop 0 0 0
Tile:0 7 4 1
Drop 4 0 0
Destroy 5 4 1
Tile:2_flip 4 6 0
Drop 3 0 1
Drop 2 0 0
Tile:8 5 6 1
Drop 0 0 0
Tile:8 3 6 1
Tile:11 6 3 0
Tile:14_flip 2 6 1
Tile:6 7 3 0
Map 12 3 1
Tile:7 7 2 0
Destroy 7 4 1
Tile:13 8 3 0
Tile:8 6 2 1
Tile:6_flip 3 4 0
Drop 5 0 1
Tile:10 2 7 0
Tile:7 6 1 1
Tile:6_flip 5 1 0
Tile:8 5 2 1
Tile:4_flip 3 7 0
Tile:9_flip 6 7 1
Tile:10 3 5 0
Tile:6 8 4 1
Tile:0 7 4 0
Tile:12_flip 4 1 1
Destroy 8 4 0
Tile:5 5 4 1
Drop 5 0 0
Tile:10 8 2 1
Drop 2 0 0
Drop 3 0 1
Malus 0 0 0
Drop 3 0 1
Drop 2 0 0
Map 12 7 1
Map 12 7 0
Drop 0 0 1
Malus 0 0 0
Drop 0 0 1
GAMEOVER DRAW
# Game ended: Sun Mar 22 02:18:09 EDT 2020
