# Server version 0.08 running on localhost:8123
# Game ID: 184
# Board class: Saboteur.SaboteurBoard
# Timeout: 20000
# First Move Timeout: 30000
# Date: Tue Mar 24 00:40:41 EDT 2020
# Player 1: Player-0, 'xxxxxxxxx', running on localhost
# Player 2: Player-1, 'RandomPlayer', running on localhost
START Player-0 xxxxxxxxx
START Player-1 RandomPlayer
BoardInit:Tile:7,Tile:6,Map,Tile:7,Tile:7,Tile:6,Tile:8,Tile:0,Tile:9,Bonus,Tile:5,Tile:4,Tile:10,Tile:13,Tile:9,Tile:8,Map,Tile:5,Destroy,Tile:7,Tile:2,Tile:6,Tile:1,Tile:8,Bonus,Map,Tile:10,Malus,Tile:0,Bonus,Tile:0,Tile:6,Tile:8,Tile:8,Tile:11,Malus,Tile:6,Tile:9,Bonus-Destroy,Tile:10,Tile:5,Tile:7,Tile:5,Tile:14,Destroy-Tile:15,Tile:3,Tile:9,Tile:0,Tile:12,Map,Tile:9-Tile:nugget,Tile:hidden2,Tile:hidden1
Drop 2 0 1
Map 12 3 0
Tile:7_flip 4 5 1
Tile:3 6 5 0
Tile:10 6 6 1
Tile:15 4 4 0
Drop 2 0 1
Tile:9 4 3 0
Tile:5_flip 5 6 1
Tile:9 4 2 0
Tile:7 5 3 1
Tile:6_flip 4 1 0
Destroy 5 3 1
Tile:0 3 1 0
Tile:5_flip 5 1 1
Tile:12_flip 2 1 0
Destroy 4 4 1
Tile:7 5 0 0
Tile:9_flip 6 7 1
Tile:6 4 0 0
Tile:10 6 8 1
Tile:0 3 0 0
Destroy 6 5 1
Tile:13 6 5 0
Tile:1 4 6 1
Tile:7_flip 2 0 0
Tile:2_flip 7 5 1
Tile:8 3 6 0
Tile:9_flip 6 4 1
Tile:5 2 6 0
Tile:10 3 7 1
Tile:4_flip 2 7 0
Drop 1 0 1
Tile:6 3 8 0
Tile:0 2 8 1
Tile:8 1 8 0
Tile:11_flip 4 8 1
Map 12 3 0
Tile:8 6 3 1
Malus 0 0 0
Drop 1 0 1
Malus 0 0 0
Bonus 0 0 1
Tile:6 0 8 0
Drop 0 0 1
Tile:8 0 7 0
Drop 1 0 1
Tile:9 0 6 0
Bonus 0 0 1
Drop 0 0 0
Drop 0 0 1
Drop 0 0 0
Tile:6_flip 5 3 1
GAMEOVER DRAW
# Game ended: Tue Mar 24 00:40:41 EDT 2020
