# Server version 0.08 running on localhost:8123
# Game ID: 49
# Board class: Saboteur.SaboteurBoard
# Timeout: 20000
# First Move Timeout: 30000
# Date: Sun Mar 22 15:36:44 EDT 2020
# Player 1: Player-0, 'xxxxxxxxx', running on localhost
# Player 2: Player-1, 'RandomPlayer', running on localhost
START Player-0 xxxxxxxxx
START Player-1 RandomPlayer
BoardInit:Tile:5,Tile:10,Map,Tile:3,Bonus,Tile:6,Tile:2,Tile:5,Tile:4,Tile:5,Map,Tile:0,Tile:6,Bonus,Tile:8,Tile:9,Tile:12,Tile:9,Bonus,Bonus,Tile:7,Tile:9,Tile:1,Tile:0,Tile:0,Tile:9,Tile:0,Malus,Map,Tile:14,Destroy,Tile:15,Tile:8,Tile:6,Malus,Tile:13,Tile:10,Tile:7,Tile:8-Tile:7,Tile:8,Tile:9,Tile:11,Destroy,Tile:10,Map-Tile:7,Tile:6,Tile:8,Destroy,Tile:6,Tile:7,Tile:5-Tile:hidden1,Tile:hidden2,Tile:nugget
Tile:11_flip 6 5 1
Destroy 6 5 0
Tile:7 5 4 1
Tile:7 6 5 0
Drop 4 0 1
Tile:6 6 6 0
Tile:9 4 5 1
Tile:8 7 6 0
Tile:2 8 6 1
Tile:6 9 6 0
Tile:5_flip 8 7 1
Tile:7 10 6 0
Drop 2 0 1
Tile:5_flip 10 7 0
Tile:6 7 7 1
Tile:10 9 5 0
Destroy 10 7 1
Tile:3_flip 10 7 0
Map 12 5 1
Tile:6 11 7 0
Map 12 3 1
Tile:5 11 6 0
Tile:8 12 6 1
Tile:5_flip 13 6 0
Tile:8 5 6 1
Tile:9 13 5 0
Tile:4 7 5 1
Tile:9 13 4 0
Drop 5 0 1
Tile:9 13 3 0
Tile:12_flip 6 7 1
Tile:9 13 2 0
Destroy 11 6 1
Tile:14_flip 11 6 0
Drop 3 0 1
Tile:15 9 4 0
Drop 3 0 1
Tile:6_flip 9 3 0
Map 12 3 1
Tile:0 10 3 0
Tile:8 4 4 1
Tile:0 11 3 0
Tile:7_flip 3 4 1
Tile:13 13 1 0
Tile:10 5 7 1
Tile:7_flip 12 1 0
Tile:8 4 6 1
Drop 2 0 0
Malus 0 0 1
Drop 1 0 0
Drop 0 0 1
Bonus 0 0 0
Drop 0 0 1
GAMEOVER DRAW
# Game ended: Sun Mar 22 15:36:45 EDT 2020
