# Server version 0.08 running on localhost:8123
# Game ID: 187
# Board class: Saboteur.SaboteurBoard
# Timeout: 20000
# First Move Timeout: 30000
# Date: Tue Mar 24 00:43:17 EDT 2020
# Player 1: Player-0, 'xxxxxxxxx', running on localhost
# Player 2: Player-1, 'RandomPlayer', running on localhost
START Player-0 xxxxxxxxx
START Player-1 RandomPlayer
BoardInit:Tile:0,Tile:6,Tile:7,Tile:7,Tile:6,Tile:8,Tile:8,Bonus,Tile:9,Tile:10,Tile:8,Tile:5,Tile:14,Tile:10,Tile:5,Tile:7,Tile:6,Tile:8,Map,Tile:12,Tile:0,Bonus,Tile:7,Tile:5,Malus,Map,Destroy,Map,Tile:9,Tile:3,Tile:9,Destroy,Tile:10,Map,Tile:0,Tile:7,Tile:9,Tile:11,Tile:4-Malus,Tile:15,Tile:5,Tile:8,Bonus,Tile:6,Tile:9-Tile:6,Destroy,Tile:0,Tile:13,Tile:1,Tile:2,Bonus-Tile:hidden2,Tile:nugget,Tile:hidden1
Tile:8 4 5 1
Tile:6 6 5 0
Tile:15 4 4 1
Tile:0 7 5 0
Tile:7_flip 3 5 1
Tile:13 8 5 0
Drop 2 0 1
Tile:7 3 4 0
Tile:8 4 6 1
Tile:1 2 4 0
Drop 3 0 1
Tile:2 1 4 0
Drop 2 0 1
Tile:6 0 4 0
Tile:6 8 6 1
Tile:8 0 3 0
Drop 5 0 1
Tile:10 0 2 0
Tile:5 7 6 1
Tile:5 0 1 0
Tile:5 5 4 1
Destroy 0 1 0
Tile:6 5 6 1
Tile:10 0 1 0
Tile:9 4 3 1
Tile:7 0 0 0
Tile:8 7 7 1
Tile:12 1 3 0
Malus 0 0 1
Bonus 0 0 0
Tile:9_flip 6 4 1
Tile:8 1 5 0
Tile:9 7 8 1
Tile:5 0 5 0
Tile:7 6 3 1
Map 12 3 0
Tile:0 5 3 1
Map 12 3 0
Destroy 0 1 1
Destroy 0 0 0
Tile:0 8 8 1
Tile:3 0 1 0
Tile:0 9 8 1
Map 12 3 0
Map 12 7 1
Tile:7_flip 0 6 0
Tile:9_flip 4 7 1
Tile:11_flip 1 6 0
Tile:10 4 2 1
Drop 0 0 0
Tile:4_flip 1 7 1
Drop 0 0 0
Drop 0 0 1
GAMEOVER DRAW
# Game ended: Tue Mar 24 00:43:17 EDT 2020
