# Server version 0.08 running on localhost:8123
# Game ID: 116
# Board class: Saboteur.SaboteurBoard
# Timeout: 20000
# First Move Timeout: 30000
# Date: Mon Mar 23 17:11:06 EDT 2020
# Player 1: Player-0, 'xxxxxxxxx', running on localhost
# Player 2: Player-1, 'RandomPlayer', running on localhost
START Player-0 xxxxxxxxx
START Player-1 RandomPlayer
BoardInit:Tile:6,Tile:12,Tile:6,Tile:7,Bonus,Tile:0,Map,Tile:9,Tile:11,Tile:10,Tile:8,Destroy,Tile:5,Tile:8,Tile:2,Map,Tile:1,Bonus,Tile:3,Destroy,Tile:9,Tile:5,Malus,Tile:15,Bonus,Malus,Tile:5,Map,Tile:0,Tile:8,Tile:6,Destroy,Tile:9,Tile:9,Tile:7,Tile:8,Tile:13,Tile:5,Tile:4-Tile:10,Tile:7,Tile:10,Tile:7,Tile:8,Tile:6,Tile:0-Tile:9,Tile:6,Bonus,Tile:7,Tile:14,Map,Tile:0-Tile:hidden1,Tile:nugget,Tile:hidden2
Tile:6_flip 6 5 1
Map 12 3 0
Tile:10 6 6 1
Tile:9_flip 7 5 0
Drop 1 0 1
Tile:6_flip 7 4 0
Tile:6 6 4 1
Tile:7 8 4 0
Tile:7_flip 7 6 1
Tile:7_flip 8 5 0
Tile:11_flip 9 5 1
Tile:14 9 6 0
Tile:8 6 3 1
Destroy 9 5 0
Tile:7 6 2 1
Tile:9_flip 9 5 0
Tile:6_flip 5 2 1
Map 12 3 0
Tile:2_flip 7 3 1
Tile:10 9 4 0
Tile:0 8 3 1
Destroy 9 5 0
Tile:5_flip 6 7 1
Tile:8 9 5 0
Tile:1 8 6 1
Tile:0 10 5 0
Map 12 3 1
Tile:12 11 5 0
Tile:8 4 5 1
Map 12 3 0
Tile:3 4 4 1
Tile:8 9 3 0
Tile:9 7 2 1
Destroy 11 5 0
Tile:9_flip 11 5 1
Tile:5 11 4 0
Tile:7_flip 5 3 1
Tile:0 12 4 0
Tile:5 5 4 1
Tile:15 11 6 0
Tile:0 4 2 1
Tile:9_flip 13 4 0
Tile:6 11 7 1
Tile:8 13 5 0
GAMEOVER WINNER 0
# Game ended: Mon Mar 23 17:11:13 EDT 2020
