# Server version 0.08 running on localhost:8123
# Game ID: 171
# Board class: Saboteur.SaboteurBoard
# Timeout: 20000
# First Move Timeout: 30000
# Date: Tue Mar 24 00:30:05 EDT 2020
# Player 1: Player-0, 'xxxxxxxxx', running on localhost
# Player 2: Player-1, 'RandomPlayer', running on localhost
START Player-0 xxxxxxxxx
START Player-1 RandomPlayer
BoardInit:Tile:1,Bonus,Tile:13,Map,Tile:5,Tile:6,Tile:7,Tile:10,Tile:7,Tile:8,Tile:14,Tile:8,Bonus,Tile:5,Tile:5,Bonus,Map,Destroy,Tile:0,Malus,Tile:9,Tile:4,Destroy,Tile:8,Tile:10,Tile:11,Tile:6,Tile:7,Map,Tile:8,Tile:6,Bonus,Tile:7,Tile:12,Tile:6,Tile:9,Tile:3,Tile:9,Tile:8-Tile:0,Malus,Destroy,Tile:10,Tile:15,Tile:9,Map-Tile:2,Tile:0,Tile:5,Tile:7,Tile:0,Tile:6,Tile:9-Tile:nugget,Tile:hidden1,Tile:hidden2
Tile:9_flip 5 6 1
Tile:2 6 5 0
Tile:1 4 6 1
Tile:0 7 5 0
Drop 4 0 1
Map 12 3 0
Tile:0 3 6 1
Tile:5_flip 8 5 0
Tile:5 2 6 1
Tile:7 8 4 0
Tile:7_flip 5 7 1
Tile:0 7 4 0
Drop 4 0 1
Tile:9 6 6 0
Destroy 5 6 1
Tile:6_flip 7 6 0
Drop 0 0 1
Tile:6_flip 8 6 0
Map 12 7 1
Tile:8 9 6 0
Tile:0 6 4 1
Tile:8 10 6 0
Tile:7_flip 2 7 1
Tile:5_flip 11 6 0
Tile:10 11 5 1
Destroy 11 6 0
Tile:14_flip 11 4 1
Tile:8 11 6 0
Destroy 5 7 1
Tile:11_flip 12 6 0
Tile:9 11 7 1
Tile:7 12 4 0
Tile:10 8 7 1
Tile:10 11 8 0
Tile:6_flip 5 4 1
Tile:4 10 5 0
Tile:6 4 4 1
Tile:9_flip 10 7 0
Tile:3_flip 6 7 1
Tile:9_flip 10 8 0
Tile:7 3 7 1
Tile:8 11 9 0
Tile:6 12 9 1
Tile:12 13 9 0
Tile:8 9 8 1
Malus 0 0 0
Map 12 7 1
Drop 0 0 0
Map 12 5 1
Drop 0 0 0
Bonus 0 0 1
Drop 0 0 0
Tile:5 4 3 1
GAMEOVER DRAW
# Game ended: Tue Mar 24 00:30:06 EDT 2020
